{"/Users/carson/Downloads/SpendSync-ios-backend-oreo/src/index.js": {"path":"/Users/carson/Downloads/SpendSync-ios-backend-oreo/src/index.js","statementMap":{"0":{"start":{"line":8,"column":16},"end":{"line":8,"column":34}},"1":{"start":{"line":9,"column":35},"end":{"line":9,"column":62}},"2":{"start":{"line":10,"column":25},"end":{"line":10,"column":62}},"3":{"start":{"line":11,"column":43},"end":{"line":11,"column":73}},"4":{"start":{"line":14,"column":12},"end":{"line":14,"column":21}},"5":{"start":{"line":15,"column":13},"end":{"line":15,"column":37}},"6":{"start":{"line":18,"column":0},"end":{"line":18,"column":24}},"7":{"start":{"line":19,"column":0},"end":{"line":19,"column":48}},"8":{"start":{"line":22,"column":0},"end":{"line":22,"column":30}},"9":{"start":{"line":25,"column":0},"end":{"line":28,"column":3}},"10":{"start":{"line":26,"column":2},"end":{"line":26,"column":48}},"11":{"start":{"line":27,"column":2},"end":{"line":27,"column":36}},"12":{"start":{"line":31,"column":0},"end":{"line":35,"column":4}},"13":{"start":{"line":38,"column":0},"end":{"line":38,"column":67}},"14":{"start":{"line":41,"column":0},"end":{"line":47,"column":3}},"15":{"start":{"line":42,"column":2},"end":{"line":46,"column":5}},"16":{"start":{"line":50,"column":0},"end":{"line":50,"column":22}},"17":{"start":{"line":53,"column":0},"end":{"line":59,"column":1}},"18":{"start":{"line":54,"column":2},"end":{"line":58,"column":5}},"19":{"start":{"line":55,"column":4},"end":{"line":55,"column":62}},"20":{"start":{"line":56,"column":4},"end":{"line":56,"column":84}},"21":{"start":{"line":57,"column":4},"end":{"line":57,"column":73}},"22":{"start":{"line":61,"column":0},"end":{"line":61,"column":21}}},"fnMap":{"0":{"name":"(anonymous_0)","decl":{"start":{"line":25,"column":20},"end":{"line":25,"column":21}},"loc":{"start":{"line":25,"column":40},"end":{"line":28,"column":1}},"line":25},"1":{"name":"(anonymous_1)","decl":{"start":{"line":41,"column":19},"end":{"line":41,"column":20}},"loc":{"start":{"line":41,"column":33},"end":{"line":47,"column":1}},"line":41},"2":{"name":"(anonymous_2)","decl":{"start":{"line":54,"column":19},"end":{"line":54,"column":20}},"loc":{"start":{"line":54,"column":25},"end":{"line":58,"column":3}},"line":54}},"branchMap":{"0":{"loc":{"start":{"line":15,"column":13},"end":{"line":15,"column":37}},"type":"binary-expr","locations":[{"start":{"line":15,"column":13},"end":{"line":15,"column":29}},{"start":{"line":15,"column":33},"end":{"line":15,"column":37}}],"line":15},"1":{"loc":{"start":{"line":53,"column":0},"end":{"line":59,"column":1}},"type":"if","locations":[{"start":{"line":53,"column":0},"end":{"line":59,"column":1}},{"start":{},"end":{}}],"line":53}},"s":{"0":0,"1":0,"2":0,"3":0,"4":0,"5":0,"6":0,"7":0,"8":0,"9":0,"10":0,"11":0,"12":0,"13":0,"14":0,"15":0,"16":0,"17":0,"18":0,"19":0,"20":0,"21":0,"22":0},"f":{"0":0,"1":0,"2":0},"b":{"0":[0,0],"1":[0,0]}}
,"/Users/carson/Downloads/SpendSync-ios-backend-oreo/src/api-gateway/config.js": {"path":"/Users/carson/Downloads/SpendSync-ios-backend-oreo/src/api-gateway/config.js","statementMap":{"0":{"start":{"line":7,"column":12},"end":{"line":7,"column":49}},"1":{"start":{"line":10,"column":20},"end":{"line":29,"column":1}},"2":{"start":{"line":32,"column":15},"end":{"line":51,"column":1}},"3":{"start":{"line":53,"column":0},"end":{"line":53,"column":24}}},"fnMap":{},"branchMap":{"0":{"loc":{"start":{"line":7,"column":12},"end":{"line":7,"column":49}},"type":"binary-expr","locations":[{"start":{"line":7,"column":12},"end":{"line":7,"column":32}},{"start":{"line":7,"column":36},"end":{"line":7,"column":49}}],"line":7},"1":{"loc":{"start":{"line":12,"column":17},"end":{"line":12,"column":72}},"type":"binary-expr","locations":[{"start":{"line":12,"column":17},"end":{"line":12,"column":45}},{"start":{"line":12,"column":49},"end":{"line":12,"column":72}}],"line":12},"2":{"loc":{"start":{"line":13,"column":20},"end":{"line":13,"column":78}},"type":"binary-expr","locations":[{"start":{"line":13,"column":20},"end":{"line":13,"column":51}},{"start":{"line":13,"column":55},"end":{"line":13,"column":78}}],"line":13},"3":{"loc":{"start":{"line":14,"column":23},"end":{"line":14,"column":84}},"type":"binary-expr","locations":[{"start":{"line":14,"column":23},"end":{"line":14,"column":57}},{"start":{"line":14,"column":61},"end":{"line":14,"column":84}}],"line":14},"4":{"loc":{"start":{"line":15,"column":25},"end":{"line":15,"column":88}},"type":"binary-expr","locations":[{"start":{"line":15,"column":25},"end":{"line":15,"column":61}},{"start":{"line":15,"column":65},"end":{"line":15,"column":88}}],"line":15},"5":{"loc":{"start":{"line":18,"column":17},"end":{"line":18,"column":72}},"type":"binary-expr","locations":[{"start":{"line":18,"column":17},"end":{"line":18,"column":45}},{"start":{"line":18,"column":49},"end":{"line":18,"column":72}}],"line":18},"6":{"loc":{"start":{"line":19,"column":20},"end":{"line":19,"column":78}},"type":"binary-expr","locations":[{"start":{"line":19,"column":20},"end":{"line":19,"column":51}},{"start":{"line":19,"column":55},"end":{"line":19,"column":78}}],"line":19},"7":{"loc":{"start":{"line":20,"column":23},"end":{"line":20,"column":84}},"type":"binary-expr","locations":[{"start":{"line":20,"column":23},"end":{"line":20,"column":57}},{"start":{"line":20,"column":61},"end":{"line":20,"column":84}}],"line":20},"8":{"loc":{"start":{"line":21,"column":25},"end":{"line":21,"column":88}},"type":"binary-expr","locations":[{"start":{"line":21,"column":25},"end":{"line":21,"column":61}},{"start":{"line":21,"column":65},"end":{"line":21,"column":88}}],"line":21},"9":{"loc":{"start":{"line":33,"column":8},"end":{"line":33,"column":32}},"type":"binary-expr","locations":[{"start":{"line":33,"column":8},"end":{"line":33,"column":24}},{"start":{"line":33,"column":28},"end":{"line":33,"column":32}}],"line":33},"10":{"loc":{"start":{"line":34,"column":13},"end":{"line":34,"column":65}},"type":"binary-expr","locations":[{"start":{"line":34,"column":13},"end":{"line":34,"column":35}},{"start":{"line":34,"column":39},"end":{"line":34,"column":65}}],"line":34},"11":{"loc":{"start":{"line":43,"column":12},"end":{"line":43,"column":42}},"type":"binary-expr","locations":[{"start":{"line":43,"column":12},"end":{"line":43,"column":35}},{"start":{"line":43,"column":39},"end":{"line":43,"column":42}}],"line":43},"12":{"loc":{"start":{"line":49,"column":11},"end":{"line":49,"column":50}},"type":"cond-expr","locations":[{"start":{"line":49,"column":34},"end":{"line":49,"column":40}},{"start":{"line":49,"column":43},"end":{"line":49,"column":50}}],"line":49}},"s":{"0":3,"1":3,"2":3,"3":3},"f":{},"b":{"0":[3,0],"1":[3,3],"2":[3,3],"3":[3,3],"4":[3,3],"5":[3,3],"6":[3,3],"7":[3,3],"8":[3,3],"9":[3,3],"10":[3,3],"11":[3,3],"12":[0,3]},"_coverageSchema":"1a1c01bbd47fc00a2c39e90264f33305004495a9","hash":"72ef7632208be3ee39ec7c5044c1d5abf4edbd5c"}
,"/Users/carson/Downloads/SpendSync-ios-backend-oreo/src/api-gateway/index.js": {"path":"/Users/carson/Downloads/SpendSync-ios-backend-oreo/src/api-gateway/index.js","statementMap":{"0":{"start":{"line":7,"column":16},"end":{"line":7,"column":34}},"1":{"start":{"line":8,"column":15},"end":{"line":8,"column":32}},"2":{"start":{"line":9,"column":15},"end":{"line":9,"column":32}},"3":{"start":{"line":10,"column":13},"end":{"line":10,"column":28}},"4":{"start":{"line":11,"column":18},"end":{"line":11,"column":47}},"5":{"start":{"line":12,"column":18},"end":{"line":12,"column":47}},"6":{"start":{"line":13,"column":24},"end":{"line":13,"column":49}},"7":{"start":{"line":14,"column":15},"end":{"line":14,"column":34}},"8":{"start":{"line":15,"column":25},"end":{"line":15,"column":64}},"9":{"start":{"line":16,"column":15},"end":{"line":16,"column":34}},"10":{"start":{"line":19,"column":12},"end":{"line":19,"column":21}},"11":{"start":{"line":22,"column":0},"end":{"line":31,"column":4}},"12":{"start":{"line":34,"column":0},"end":{"line":34,"column":27}},"13":{"start":{"line":37,"column":0},"end":{"line":37,"column":71}},"14":{"start":{"line":40,"column":0},"end":{"line":40,"column":37}},"15":{"start":{"line":43,"column":0},"end":{"line":43,"column":24}},"16":{"start":{"line":44,"column":0},"end":{"line":44,"column":48}},"17":{"start":{"line":47,"column":0},"end":{"line":53,"column":3}},"18":{"start":{"line":48,"column":2},"end":{"line":52,"column":5}},"19":{"start":{"line":56,"column":0},"end":{"line":110,"column":3}},"20":{"start":{"line":57,"column":2},"end":{"line":109,"column":5}},"21":{"start":{"line":113,"column":0},"end":{"line":168,"column":3}},"22":{"start":{"line":114,"column":2},"end":{"line":167,"column":5}},"23":{"start":{"line":170,"column":0},"end":{"line":231,"column":3}},"24":{"start":{"line":171,"column":2},"end":{"line":230,"column":5}},"25":{"start":{"line":233,"column":0},"end":{"line":314,"column":3}},"26":{"start":{"line":234,"column":2},"end":{"line":313,"column":5}},"27":{"start":{"line":316,"column":0},"end":{"line":378,"column":3}},"28":{"start":{"line":317,"column":2},"end":{"line":377,"column":5}},"29":{"start":{"line":381,"column":0},"end":{"line":384,"column":4}},"30":{"start":{"line":387,"column":0},"end":{"line":387,"column":22}},"31":{"start":{"line":390,"column":0},"end":{"line":390,"column":27}},"32":{"start":{"line":393,"column":0},"end":{"line":403,"column":3}},"33":{"start":{"line":394,"column":2},"end":{"line":394,"column":21}},"34":{"start":{"line":395,"column":21},"end":{"line":395,"column":42}},"35":{"start":{"line":396,"column":24},"end":{"line":401,"column":3}},"36":{"start":{"line":402,"column":2},"end":{"line":402,"column":45}},"37":{"start":{"line":406,"column":0},"end":{"line":413,"column":3}},"38":{"start":{"line":407,"column":2},"end":{"line":412,"column":5}},"39":{"start":{"line":416,"column":0},"end":{"line":428,"column":1}},"40":{"start":{"line":417,"column":17},"end":{"line":419,"column":4}},"41":{"start":{"line":418,"column":4},"end":{"line":418,"column":64}},"42":{"start":{"line":422,"column":2},"end":{"line":427,"column":5}},"43":{"start":{"line":423,"column":4},"end":{"line":423,"column":64}},"44":{"start":{"line":424,"column":4},"end":{"line":426,"column":7}},"45":{"start":{"line":425,"column":6},"end":{"line":425,"column":40}},"46":{"start":{"line":430,"column":0},"end":{"line":430,"column":21}}},"fnMap":{"0":{"name":"(anonymous_0)","decl":{"start":{"line":47,"column":19},"end":{"line":47,"column":20}},"loc":{"start":{"line":47,"column":33},"end":{"line":53,"column":1}},"line":47},"1":{"name":"(anonymous_1)","decl":{"start":{"line":56,"column":13},"end":{"line":56,"column":14}},"loc":{"start":{"line":56,"column":27},"end":{"line":110,"column":1}},"line":56},"2":{"name":"(anonymous_2)","decl":{"start":{"line":113,"column":21},"end":{"line":113,"column":22}},"loc":{"start":{"line":113,"column":35},"end":{"line":168,"column":1}},"line":113},"3":{"name":"(anonymous_3)","decl":{"start":{"line":170,"column":24},"end":{"line":170,"column":25}},"loc":{"start":{"line":170,"column":38},"end":{"line":231,"column":1}},"line":170},"4":{"name":"(anonymous_4)","decl":{"start":{"line":233,"column":27},"end":{"line":233,"column":28}},"loc":{"start":{"line":233,"column":41},"end":{"line":314,"column":1}},"line":233},"5":{"name":"(anonymous_5)","decl":{"start":{"line":316,"column":29},"end":{"line":316,"column":30}},"loc":{"start":{"line":316,"column":43},"end":{"line":378,"column":1}},"line":316},"6":{"name":"(anonymous_6)","decl":{"start":{"line":393,"column":8},"end":{"line":393,"column":9}},"loc":{"start":{"line":393,"column":33},"end":{"line":403,"column":1}},"line":393},"7":{"name":"(anonymous_7)","decl":{"start":{"line":406,"column":8},"end":{"line":406,"column":9}},"loc":{"start":{"line":406,"column":22},"end":{"line":413,"column":1}},"line":406},"8":{"name":"(anonymous_8)","decl":{"start":{"line":417,"column":41},"end":{"line":417,"column":42}},"loc":{"start":{"line":417,"column":47},"end":{"line":419,"column":3}},"line":417},"9":{"name":"(anonymous_9)","decl":{"start":{"line":422,"column":24},"end":{"line":422,"column":25}},"loc":{"start":{"line":422,"column":30},"end":{"line":427,"column":3}},"line":422},"10":{"name":"(anonymous_10)","decl":{"start":{"line":424,"column":17},"end":{"line":424,"column":18}},"loc":{"start":{"line":424,"column":23},"end":{"line":426,"column":5}},"line":424}},"branchMap":{"0":{"loc":{"start":{"line":37,"column":15},"end":{"line":37,"column":68}},"type":"cond-expr","locations":[{"start":{"line":37,"column":50},"end":{"line":37,"column":55}},{"start":{"line":37,"column":58},"end":{"line":37,"column":68}}],"line":37},"1":{"loc":{"start":{"line":51,"column":13},"end":{"line":51,"column":57}},"type":"binary-expr","locations":[{"start":{"line":51,"column":13},"end":{"line":51,"column":44}},{"start":{"line":51,"column":48},"end":{"line":51,"column":57}}],"line":51},"2":{"loc":{"start":{"line":395,"column":21},"end":{"line":395,"column":42}},"type":"binary-expr","locations":[{"start":{"line":395,"column":21},"end":{"line":395,"column":35}},{"start":{"line":395,"column":39},"end":{"line":395,"column":42}}],"line":395},"3":{"loc":{"start":{"line":396,"column":24},"end":{"line":401,"column":3}},"type":"cond-expr","locations":[{"start":{"line":396,"column":37},"end":{"line":396,"column":49}},{"start":{"line":396,"column":52},"end":{"line":401,"column":3}}],"line":396},"4":{"loc":{"start":{"line":416,"column":0},"end":{"line":428,"column":1}},"type":"if","locations":[{"start":{"line":416,"column":0},"end":{"line":428,"column":1}},{"start":{},"end":{}}],"line":416}},"s":{"0":2,"1":2,"2":2,"3":2,"4":2,"5":2,"6":2,"7":2,"8":2,"9":2,"10":2,"11":2,"12":2,"13":2,"14":2,"15":2,"16":2,"17":2,"18":1,"19":2,"20":1,"21":2,"22":1,"23":2,"24":0,"25":2,"26":1,"27":2,"28":0,"29":2,"30":2,"31":2,"32":2,"33":0,"34":0,"35":0,"36":0,"37":2,"38":1,"39":2,"40":0,"41":0,"42":0,"43":0,"44":0,"45":0,"46":2},"f":{"0":1,"1":1,"2":1,"3":0,"4":1,"5":0,"6":0,"7":1,"8":0,"9":0,"10":0},"b":{"0":[2,0],"1":[1,0],"2":[0,0],"3":[0,0],"4":[0,2]},"_coverageSchema":"1a1c01bbd47fc00a2c39e90264f33305004495a9","hash":"8ae8923a87631c4013ee014d381ad96258f08411"}
,"/Users/carson/Downloads/SpendSync-ios-backend-oreo/src/api-gateway/controllers/auth.controller.js": {"path":"/Users/carson/Downloads/SpendSync-ios-backend-oreo/src/api-gateway/controllers/auth.controller.js","statementMap":{"0":{"start":{"line":7,"column":24},"end":{"line":7,"column":64}},"1":{"start":{"line":14,"column":17},"end":{"line":25,"column":1}},"2":{"start":{"line":16,"column":2},"end":{"line":24,"column":5}},"3":{"start":{"line":32,"column":14},"end":{"line":45,"column":1}},"4":{"start":{"line":33,"column":33},"end":{"line":33,"column":41}},"5":{"start":{"line":36,"column":21},"end":{"line":36,"column":89}},"6":{"start":{"line":38,"column":2},"end":{"line":44,"column":5}},"7":{"start":{"line":52,"column":21},"end":{"line":67,"column":1}},"8":{"start":{"line":54,"column":19},"end":{"line":59,"column":3}},"9":{"start":{"line":61,"column":22},"end":{"line":61,"column":57}},"10":{"start":{"line":63,"column":2},"end":{"line":66,"column":5}},"11":{"start":{"line":74,"column":15},"end":{"line":79,"column":1}},"12":{"start":{"line":75,"column":2},"end":{"line":78,"column":5}},"13":{"start":{"line":86,"column":23},"end":{"line":92,"column":1}},"14":{"start":{"line":88,"column":2},"end":{"line":91,"column":5}},"15":{"start":{"line":94,"column":0},"end":{"line":100,"column":2}}},"fnMap":{"0":{"name":"(anonymous_0)","decl":{"start":{"line":14,"column":17},"end":{"line":14,"column":18}},"loc":{"start":{"line":14,"column":37},"end":{"line":25,"column":1}},"line":14},"1":{"name":"(anonymous_1)","decl":{"start":{"line":32,"column":14},"end":{"line":32,"column":15}},"loc":{"start":{"line":32,"column":34},"end":{"line":45,"column":1}},"line":32},"2":{"name":"(anonymous_2)","decl":{"start":{"line":52,"column":21},"end":{"line":52,"column":22}},"loc":{"start":{"line":52,"column":41},"end":{"line":67,"column":1}},"line":52},"3":{"name":"(anonymous_3)","decl":{"start":{"line":74,"column":15},"end":{"line":74,"column":16}},"loc":{"start":{"line":74,"column":35},"end":{"line":79,"column":1}},"line":74},"4":{"name":"(anonymous_4)","decl":{"start":{"line":86,"column":23},"end":{"line":86,"column":24}},"loc":{"start":{"line":86,"column":43},"end":{"line":92,"column":1}},"line":86}},"branchMap":{"0":{"loc":{"start":{"line":21,"column":16},"end":{"line":21,"column":48}},"type":"binary-expr","locations":[{"start":{"line":21,"column":16},"end":{"line":21,"column":33}},{"start":{"line":21,"column":37},"end":{"line":21,"column":48}}],"line":21},"1":{"loc":{"start":{"line":22,"column":13},"end":{"line":22,"column":49}},"type":"binary-expr","locations":[{"start":{"line":22,"column":13},"end":{"line":22,"column":27}},{"start":{"line":22,"column":31},"end":{"line":22,"column":49}}],"line":22},"2":{"loc":{"start":{"line":36,"column":46},"end":{"line":36,"column":64}},"type":"binary-expr","locations":[{"start":{"line":36,"column":46},"end":{"line":36,"column":54}},{"start":{"line":36,"column":58},"end":{"line":36,"column":64}}],"line":36},"3":{"loc":{"start":{"line":36,"column":66},"end":{"line":36,"column":88}},"type":"binary-expr","locations":[{"start":{"line":36,"column":66},"end":{"line":36,"column":74}},{"start":{"line":36,"column":78},"end":{"line":36,"column":88}}],"line":36}},"s":{"0":2,"1":2,"2":0,"3":2,"4":0,"5":0,"6":0,"7":2,"8":0,"9":0,"10":0,"11":2,"12":0,"13":2,"14":0,"15":2},"f":{"0":0,"1":0,"2":0,"3":0,"4":0},"b":{"0":[0,0],"1":[0,0],"2":[0,0],"3":[0,0]},"_coverageSchema":"1a1c01bbd47fc00a2c39e90264f33305004495a9","hash":"bfe0beb72f33c00dc510dd27c61bb862432b99d5"}
,"/Users/carson/Downloads/SpendSync-ios-backend-oreo/src/api-gateway/middleware/auth.middleware.js": {"path":"/Users/carson/Downloads/SpendSync-ios-backend-oreo/src/api-gateway/middleware/auth.middleware.js","statementMap":{"0":{"start":{"line":7,"column":12},"end":{"line":7,"column":35}},"1":{"start":{"line":8,"column":15},"end":{"line":8,"column":35}},"2":{"start":{"line":9,"column":30},"end":{"line":9,"column":60}},"3":{"start":{"line":10,"column":20},"end":{"line":10,"column":65}},"4":{"start":{"line":13,"column":20},"end":{"line":17,"column":2}},"5":{"start":{"line":22,"column":21},"end":{"line":31,"column":1}},"6":{"start":{"line":40,"column":2},"end":{"line":52,"column":5}},"7":{"start":{"line":42,"column":4},"end":{"line":44,"column":5}},"8":{"start":{"line":43,"column":6},"end":{"line":43,"column":18}},"9":{"start":{"line":47,"column":4},"end":{"line":49,"column":5}},"10":{"start":{"line":48,"column":6},"end":{"line":48,"column":18}},"11":{"start":{"line":51,"column":4},"end":{"line":51,"column":17}},"12":{"start":{"line":63,"column":2},"end":{"line":68,"column":4}},"13":{"start":{"line":71,"column":2},"end":{"line":71,"column":41}},"14":{"start":{"line":72,"column":2},"end":{"line":72,"column":63}},"15":{"start":{"line":74,"column":2},"end":{"line":74,"column":9}},"16":{"start":{"line":77,"column":0},"end":{"line":81,"column":2}}},"fnMap":{"0":{"name":"isPublicRoute","decl":{"start":{"line":39,"column":9},"end":{"line":39,"column":22}},"loc":{"start":{"line":39,"column":37},"end":{"line":53,"column":1}},"line":39},"1":{"name":"(anonymous_1)","decl":{"start":{"line":40,"column":27},"end":{"line":40,"column":28}},"loc":{"start":{"line":40,"column":36},"end":{"line":52,"column":3}},"line":40},"2":{"name":"authenticate","decl":{"start":{"line":61,"column":9},"end":{"line":61,"column":21}},"loc":{"start":{"line":61,"column":38},"end":{"line":75,"column":1}},"line":61}},"branchMap":{"0":{"loc":{"start":{"line":42,"column":4},"end":{"line":44,"column":5}},"type":"if","locations":[{"start":{"line":42,"column":4},"end":{"line":44,"column":5}},{"start":{},"end":{}}],"line":42},"1":{"loc":{"start":{"line":42,"column":8},"end":{"line":42,"column":73}},"type":"binary-expr","locations":[{"start":{"line":42,"column":8},"end":{"line":42,"column":27}},{"start":{"line":42,"column":32},"end":{"line":42,"column":55}},{"start":{"line":42,"column":59},"end":{"line":42,"column":72}}],"line":42},"2":{"loc":{"start":{"line":47,"column":4},"end":{"line":49,"column":5}},"type":"if","locations":[{"start":{"line":47,"column":4},"end":{"line":49,"column":5}},{"start":{},"end":{}}],"line":47},"3":{"loc":{"start":{"line":47,"column":8},"end":{"line":47,"column":66}},"type":"binary-expr","locations":[{"start":{"line":47,"column":8},"end":{"line":47,"column":34}},{"start":{"line":47,"column":38},"end":{"line":47,"column":66}}],"line":47}},"s":{"0":0,"1":0,"2":0,"3":0,"4":0,"5":0,"6":0,"7":0,"8":0,"9":0,"10":0,"11":0,"12":0,"13":0,"14":0,"15":0,"16":0},"f":{"0":0,"1":0,"2":0},"b":{"0":[0,0],"1":[0,0,0],"2":[0,0],"3":[0,0]}}
,"/Users/carson/Downloads/SpendSync-ios-backend-oreo/src/api-gateway/middleware/index.js": {"path":"/Users/carson/Downloads/SpendSync-ios-backend-oreo/src/api-gateway/middleware/index.js","statementMap":{"0":{"start":{"line":7,"column":53},"end":{"line":7,"column":81}},"1":{"start":{"line":8,"column":57},"end":{"line":8,"column":85}},"2":{"start":{"line":10,"column":0},"end":{"line":20,"column":2}}},"fnMap":{},"branchMap":{},"s":{"0":0,"1":0,"2":0},"f":{},"b":{}}
,"/Users/carson/Downloads/SpendSync-ios-backend-oreo/src/api-gateway/middleware/rbac.middleware.js": {"path":"/Users/carson/Downloads/SpendSync-ios-backend-oreo/src/api-gateway/middleware/rbac.middleware.js","statementMap":{"0":{"start":{"line":7,"column":27},"end":{"line":7,"column":57}},"1":{"start":{"line":13,"column":24},"end":{"line":25,"column":1}},"2":{"start":{"line":35,"column":2},"end":{"line":55,"column":3}},"3":{"start":{"line":37,"column":25},"end":{"line":37,"column":78}},"4":{"start":{"line":39,"column":4},"end":{"line":54,"column":5}},"5":{"start":{"line":41,"column":30},"end":{"line":41,"column":80}},"6":{"start":{"line":41,"column":55},"end":{"line":41,"column":79}},"7":{"start":{"line":43,"column":6},"end":{"line":45,"column":7}},"8":{"start":{"line":44,"column":8},"end":{"line":44,"column":36}},"9":{"start":{"line":48,"column":6},"end":{"line":50,"column":7}},"10":{"start":{"line":49,"column":8},"end":{"line":49,"column":60}},"11":{"start":{"line":53,"column":6},"end":{"line":53,"column":59}},"12":{"start":{"line":58,"column":2},"end":{"line":58,"column":55}},"13":{"start":{"line":66,"column":2},"end":{"line":85,"column":4}},"14":{"start":{"line":68,"column":4},"end":{"line":70,"column":5}},"15":{"start":{"line":69,"column":6},"end":{"line":69,"column":20}},"16":{"start":{"line":72,"column":22},"end":{"line":72,"column":48}},"17":{"start":{"line":73,"column":45},"end":{"line":73,"column":94}},"18":{"start":{"line":75,"column":4},"end":{"line":77,"column":5}},"19":{"start":{"line":76,"column":6},"end":{"line":76,"column":66}},"20":{"start":{"line":80,"column":4},"end":{"line":82,"column":5}},"21":{"start":{"line":81,"column":6},"end":{"line":81,"column":35}},"22":{"start":{"line":84,"column":4},"end":{"line":84,"column":11}},"23":{"start":{"line":95,"column":16},"end":{"line":95,"column":61}},"24":{"start":{"line":96,"column":16},"end":{"line":96,"column":33}},"25":{"start":{"line":98,"column":2},"end":{"line":98,"column":33}},"26":{"start":{"line":106,"column":2},"end":{"line":141,"column":4}},"27":{"start":{"line":108,"column":4},"end":{"line":110,"column":5}},"28":{"start":{"line":109,"column":6},"end":{"line":109,"column":20}},"29":{"start":{"line":113,"column":4},"end":{"line":115,"column":5}},"30":{"start":{"line":114,"column":6},"end":{"line":114,"column":20}},"31":{"start":{"line":118,"column":21},"end":{"line":118,"column":25}},"32":{"start":{"line":121,"column":4},"end":{"line":137,"column":5}},"33":{"start":{"line":122,"column":6},"end":{"line":122,"column":56}},"34":{"start":{"line":124,"column":6},"end":{"line":126,"column":7}},"35":{"start":{"line":125,"column":8},"end":{"line":125,"column":22}},"36":{"start":{"line":127,"column":11},"end":{"line":137,"column":5}},"37":{"start":{"line":131,"column":6},"end":{"line":131,"column":20}},"38":{"start":{"line":132,"column":11},"end":{"line":137,"column":5}},"39":{"start":{"line":136,"column":6},"end":{"line":136,"column":20}},"40":{"start":{"line":140,"column":4},"end":{"line":140,"column":83}},"41":{"start":{"line":144,"column":0},"end":{"line":148,"column":2}}},"fnMap":{"0":{"name":"checkRouteAccess","decl":{"start":{"line":34,"column":9},"end":{"line":34,"column":25}},"loc":{"start":{"line":34,"column":56},"end":{"line":59,"column":1}},"line":34},"1":{"name":"(anonymous_1)","decl":{"start":{"line":41,"column":47},"end":{"line":41,"column":48}},"loc":{"start":{"line":41,"column":55},"end":{"line":41,"column":79}},"line":41},"2":{"name":"checkRoles","decl":{"start":{"line":65,"column":9},"end":{"line":65,"column":19}},"loc":{"start":{"line":65,"column":22},"end":{"line":86,"column":1}},"line":65},"3":{"name":"(anonymous_3)","decl":{"start":{"line":66,"column":9},"end":{"line":66,"column":10}},"loc":{"start":{"line":66,"column":29},"end":{"line":85,"column":3}},"line":66},"4":{"name":"extractResourceId","decl":{"start":{"line":94,"column":9},"end":{"line":94,"column":26}},"loc":{"start":{"line":94,"column":47},"end":{"line":99,"column":1}},"line":94},"5":{"name":"checkOwnership","decl":{"start":{"line":105,"column":9},"end":{"line":105,"column":23}},"loc":{"start":{"line":105,"column":26},"end":{"line":142,"column":1}},"line":105},"6":{"name":"(anonymous_6)","decl":{"start":{"line":106,"column":9},"end":{"line":106,"column":10}},"loc":{"start":{"line":106,"column":29},"end":{"line":141,"column":3}},"line":106}},"branchMap":{"0":{"loc":{"start":{"line":34,"column":40},"end":{"line":34,"column":54}},"type":"default-arg","locations":[{"start":{"line":34,"column":52},"end":{"line":34,"column":54}}],"line":34},"1":{"loc":{"start":{"line":39,"column":4},"end":{"line":54,"column":5}},"type":"if","locations":[{"start":{"line":39,"column":4},"end":{"line":54,"column":5}},{"start":{},"end":{}}],"line":39},"2":{"loc":{"start":{"line":39,"column":8},"end":{"line":39,"column":84}},"type":"binary-expr","locations":[{"start":{"line":39,"column":8},"end":{"line":39,"column":31}},{"start":{"line":39,"column":36},"end":{"line":39,"column":59}},{"start":{"line":39,"column":63},"end":{"line":39,"column":83}}],"line":39},"3":{"loc":{"start":{"line":43,"column":6},"end":{"line":45,"column":7}},"type":"if","locations":[{"start":{"line":43,"column":6},"end":{"line":45,"column":7}},{"start":{},"end":{}}],"line":43},"4":{"loc":{"start":{"line":48,"column":6},"end":{"line":50,"column":7}},"type":"if","locations":[{"start":{"line":48,"column":6},"end":{"line":50,"column":7}},{"start":{},"end":{}}],"line":48},"5":{"loc":{"start":{"line":48,"column":10},"end":{"line":48,"column":65}},"type":"binary-expr","locations":[{"start":{"line":48,"column":10},"end":{"line":48,"column":33}},{"start":{"line":48,"column":37},"end":{"line":48,"column":65}}],"line":48},"6":{"loc":{"start":{"line":68,"column":4},"end":{"line":70,"column":5}},"type":"if","locations":[{"start":{"line":68,"column":4},"end":{"line":70,"column":5}},{"start":{},"end":{}}],"line":68},"7":{"loc":{"start":{"line":72,"column":22},"end":{"line":72,"column":48}},"type":"binary-expr","locations":[{"start":{"line":72,"column":22},"end":{"line":72,"column":36}},{"start":{"line":72,"column":40},"end":{"line":72,"column":48}}],"line":72},"8":{"loc":{"start":{"line":75,"column":4},"end":{"line":77,"column":5}},"type":"if","locations":[{"start":{"line":75,"column":4},"end":{"line":77,"column":5}},{"start":{},"end":{}}],"line":75},"9":{"loc":{"start":{"line":80,"column":4},"end":{"line":82,"column":5}},"type":"if","locations":[{"start":{"line":80,"column":4},"end":{"line":82,"column":5}},{"start":{},"end":{}}],"line":80},"10":{"loc":{"start":{"line":98,"column":9},"end":{"line":98,"column":32}},"type":"cond-expr","locations":[{"start":{"line":98,"column":17},"end":{"line":98,"column":25}},{"start":{"line":98,"column":28},"end":{"line":98,"column":32}}],"line":98},"11":{"loc":{"start":{"line":108,"column":4},"end":{"line":110,"column":5}},"type":"if","locations":[{"start":{"line":108,"column":4},"end":{"line":110,"column":5}},{"start":{},"end":{}}],"line":108},"12":{"loc":{"start":{"line":113,"column":4},"end":{"line":115,"column":5}},"type":"if","locations":[{"start":{"line":113,"column":4},"end":{"line":115,"column":5}},{"start":{},"end":{}}],"line":113},"13":{"loc":{"start":{"line":113,"column":8},"end":{"line":113,"column":58}},"type":"binary-expr","locations":[{"start":{"line":113,"column":8},"end":{"line":113,"column":22}},{"start":{"line":113,"column":26},"end":{"line":113,"column":58}}],"line":113},"14":{"loc":{"start":{"line":121,"column":4},"end":{"line":137,"column":5}},"type":"if","locations":[{"start":{"line":121,"column":4},"end":{"line":137,"column":5}},{"start":{"line":127,"column":11},"end":{"line":137,"column":5}}],"line":121},"15":{"loc":{"start":{"line":124,"column":6},"end":{"line":126,"column":7}},"type":"if","locations":[{"start":{"line":124,"column":6},"end":{"line":126,"column":7}},{"start":{},"end":{}}],"line":124},"16":{"loc":{"start":{"line":127,"column":11},"end":{"line":137,"column":5}},"type":"if","locations":[{"start":{"line":127,"column":11},"end":{"line":137,"column":5}},{"start":{"line":132,"column":11},"end":{"line":137,"column":5}}],"line":127},"17":{"loc":{"start":{"line":132,"column":11},"end":{"line":137,"column":5}},"type":"if","locations":[{"start":{"line":132,"column":11},"end":{"line":137,"column":5}},{"start":{},"end":{}}],"line":132}},"s":{"0":0,"1":0,"2":0,"3":0,"4":0,"5":0,"6":0,"7":0,"8":0,"9":0,"10":0,"11":0,"12":0,"13":0,"14":0,"15":0,"16":0,"17":0,"18":0,"19":0,"20":0,"21":0,"22":0,"23":0,"24":0,"25":0,"26":0,"27":0,"28":0,"29":0,"30":0,"31":0,"32":0,"33":0,"34":0,"35":0,"36":0,"37":0,"38":0,"39":0,"40":0,"41":0},"f":{"0":0,"1":0,"2":0,"3":0,"4":0,"5":0,"6":0},"b":{"0":[0],"1":[0,0],"2":[0,0,0],"3":[0,0],"4":[0,0],"5":[0,0],"6":[0,0],"7":[0,0],"8":[0,0],"9":[0,0],"10":[0,0],"11":[0,0],"12":[0,0],"13":[0,0],"14":[0,0],"15":[0,0],"16":[0,0],"17":[0,0]}}
,"/Users/carson/Downloads/SpendSync-ios-backend-oreo/src/api-gateway/routes/auth.routes.js": {"path":"/Users/carson/Downloads/SpendSync-ios-backend-oreo/src/api-gateway/routes/auth.routes.js","statementMap":{"0":{"start":{"line":8,"column":16},"end":{"line":8,"column":34}},"1":{"start":{"line":9,"column":25},"end":{"line":9,"column":59}},"2":{"start":{"line":10,"column":23},"end":{"line":10,"column":64}},"3":{"start":{"line":12,"column":15},"end":{"line":12,"column":31}},"4":{"start":{"line":19,"column":0},"end":{"line":19,"column":64}},"5":{"start":{"line":26,"column":0},"end":{"line":26,"column":58}},"6":{"start":{"line":33,"column":0},"end":{"line":33,"column":73}},"7":{"start":{"line":40,"column":0},"end":{"line":40,"column":60}},"8":{"start":{"line":47,"column":0},"end":{"line":47,"column":63}},"9":{"start":{"line":49,"column":0},"end":{"line":49,"column":24}}},"fnMap":{},"branchMap":{},"s":{"0":2,"1":2,"2":2,"3":2,"4":2,"5":2,"6":2,"7":2,"8":2,"9":2},"f":{},"b":{},"_coverageSchema":"1a1c01bbd47fc00a2c39e90264f33305004495a9","hash":"ab81f1d687a23b4c038d629bdf4ba5b4be154a99"}
,"/Users/carson/Downloads/SpendSync-ios-backend-oreo/src/api-gateway/routes/index.js": {"path":"/Users/carson/Downloads/SpendSync-ios-backend-oreo/src/api-gateway/routes/index.js","statementMap":{"0":{"start":{"line":7,"column":16},"end":{"line":7,"column":34}},"1":{"start":{"line":8,"column":19},"end":{"line":8,"column":43}},"2":{"start":{"line":9,"column":27},"end":{"line":9,"column":60}},"3":{"start":{"line":10,"column":25},"end":{"line":10,"column":59}},"4":{"start":{"line":12,"column":15},"end":{"line":12,"column":31}},"5":{"start":{"line":15,"column":0},"end":{"line":15,"column":32}},"6":{"start":{"line":18,"column":0},"end":{"line":20,"column":4}},"7":{"start":{"line":19,"column":2},"end":{"line":19,"column":48}},"8":{"start":{"line":23,"column":0},"end":{"line":25,"column":4}},"9":{"start":{"line":24,"column":2},"end":{"line":24,"column":51}},"10":{"start":{"line":28,"column":0},"end":{"line":30,"column":4}},"11":{"start":{"line":29,"column":2},"end":{"line":29,"column":54}},"12":{"start":{"line":33,"column":0},"end":{"line":35,"column":4}},"13":{"start":{"line":34,"column":2},"end":{"line":34,"column":48}},"14":{"start":{"line":38,"column":0},"end":{"line":40,"column":4}},"15":{"start":{"line":39,"column":2},"end":{"line":39,"column":56}},"16":{"start":{"line":42,"column":0},"end":{"line":42,"column":24}}},"fnMap":{"0":{"name":"(anonymous_0)","decl":{"start":{"line":18,"column":34},"end":{"line":18,"column":35}},"loc":{"start":{"line":18,"column":60},"end":{"line":20,"column":1}},"line":18},"1":{"name":"(anonymous_1)","decl":{"start":{"line":23,"column":37},"end":{"line":23,"column":38}},"loc":{"start":{"line":23,"column":63},"end":{"line":25,"column":1}},"line":23},"2":{"name":"(anonymous_2)","decl":{"start":{"line":28,"column":40},"end":{"line":28,"column":41}},"loc":{"start":{"line":28,"column":66},"end":{"line":30,"column":1}},"line":28},"3":{"name":"(anonymous_3)","decl":{"start":{"line":33,"column":35},"end":{"line":33,"column":36}},"loc":{"start":{"line":33,"column":61},"end":{"line":35,"column":1}},"line":33},"4":{"name":"(anonymous_4)","decl":{"start":{"line":38,"column":42},"end":{"line":38,"column":43}},"loc":{"start":{"line":38,"column":68},"end":{"line":40,"column":1}},"line":38}},"branchMap":{},"s":{"0":2,"1":2,"2":2,"3":2,"4":2,"5":2,"6":2,"7":2,"8":2,"9":2,"10":2,"11":5,"12":2,"13":1,"14":2,"15":2,"16":2},"f":{"0":2,"1":2,"2":5,"3":1,"4":2},"b":{},"_coverageSchema":"1a1c01bbd47fc00a2c39e90264f33305004495a9","hash":"0356204a3952b3c2cc748c488a322e5ad3f686c6"}
,"/Users/carson/Downloads/SpendSync-ios-backend-oreo/src/api-gateway/utils/service-proxy.js": {"path":"/Users/carson/Downloads/SpendSync-ios-backend-oreo/src/api-gateway/utils/service-proxy.js","statementMap":{"0":{"start":{"line":7,"column":14},"end":{"line":7,"column":30}},"1":{"start":{"line":8,"column":15},"end":{"line":8,"column":35}},"2":{"start":{"line":9,"column":36},"end":{"line":9,"column":66}},"3":{"start":{"line":12,"column":22},"end":{"line":17,"column":2}},"4":{"start":{"line":25,"column":14},"end":{"line":25,"column":45}},"5":{"start":{"line":27,"column":2},"end":{"line":30,"column":3}},"6":{"start":{"line":28,"column":4},"end":{"line":28,"column":53}},"7":{"start":{"line":29,"column":4},"end":{"line":29,"column":55}},"8":{"start":{"line":32,"column":2},"end":{"line":32,"column":13}},"9":{"start":{"line":46,"column":2},"end":{"line":85,"column":3}},"10":{"start":{"line":47,"column":20},"end":{"line":47,"column":70}},"11":{"start":{"line":48,"column":4},"end":{"line":50,"column":5}},"12":{"start":{"line":49,"column":6},"end":{"line":49,"column":81}},"13":{"start":{"line":52,"column":21},"end":{"line":60,"column":6}},"14":{"start":{"line":63,"column":4},"end":{"line":69,"column":6}},"15":{"start":{"line":71,"column":4},"end":{"line":83,"column":5}},"16":{"start":{"line":73,"column":6},"end":{"line":82,"column":8}},"17":{"start":{"line":84,"column":4},"end":{"line":84,"column":76}},"18":{"start":{"line":96,"column":16},"end":{"line":96,"column":57}},"19":{"start":{"line":97,"column":16},"end":{"line":97,"column":40}},"20":{"start":{"line":99,"column":2},"end":{"line":101,"column":3}},"21":{"start":{"line":100,"column":4},"end":{"line":100,"column":26}},"22":{"start":{"line":103,"column":2},"end":{"line":103,"column":12}},"23":{"start":{"line":114,"column":2},"end":{"line":177,"column":3}},"24":{"start":{"line":116,"column":24},"end":{"line":116,"column":66}},"25":{"start":{"line":119,"column":23},"end":{"line":119,"column":54}},"26":{"start":{"line":120,"column":4},"end":{"line":122,"column":5}},"27":{"start":{"line":121,"column":6},"end":{"line":121,"column":75}},"28":{"start":{"line":125,"column":16},"end":{"line":125,"column":45}},"29":{"start":{"line":128,"column":20},"end":{"line":128,"column":38}},"30":{"start":{"line":129,"column":4},"end":{"line":129,"column":24}},"31":{"start":{"line":132,"column":4},"end":{"line":137,"column":5}},"32":{"start":{"line":133,"column":6},"end":{"line":133,"column":41}},"33":{"start":{"line":134,"column":6},"end":{"line":136,"column":7}},"34":{"start":{"line":135,"column":8},"end":{"line":135,"column":65}},"35":{"start":{"line":139,"column":4},"end":{"line":166,"column":5}},"36":{"start":{"line":141,"column":23},"end":{"line":147,"column":8}},"37":{"start":{"line":150,"column":6},"end":{"line":150,"column":61}},"38":{"start":{"line":152,"column":6},"end":{"line":152,"column":64}},"39":{"start":{"line":154,"column":6},"end":{"line":157,"column":7}},"40":{"start":{"line":156,"column":8},"end":{"line":156,"column":75}},"41":{"start":{"line":160,"column":6},"end":{"line":165,"column":9}},"42":{"start":{"line":168,"column":4},"end":{"line":168,"column":55}},"43":{"start":{"line":171,"column":4},"end":{"line":176,"column":7}},"44":{"start":{"line":180,"column":0},"end":{"line":183,"column":2}}},"fnMap":{"0":{"name":"getServiceUrl","decl":{"start":{"line":24,"column":9},"end":{"line":24,"column":22}},"loc":{"start":{"line":24,"column":36},"end":{"line":33,"column":1}},"line":24},"1":{"name":"makeServiceRequest","decl":{"start":{"line":45,"column":15},"end":{"line":45,"column":33}},"loc":{"start":{"line":45,"column":112},"end":{"line":86,"column":1}},"line":45},"2":{"name":"extractResourcePath","decl":{"start":{"line":94,"column":9},"end":{"line":94,"column":28}},"loc":{"start":{"line":94,"column":56},"end":{"line":104,"column":1}},"line":94},"3":{"name":"forwardRequest","decl":{"start":{"line":113,"column":15},"end":{"line":113,"column":29}},"loc":{"start":{"line":113,"column":66},"end":{"line":178,"column":1}},"line":113}},"branchMap":{"0":{"loc":{"start":{"line":13,"column":11},"end":{"line":13,"column":34}},"type":"binary-expr","locations":[{"start":{"line":13,"column":11},"end":{"line":13,"column":25}},{"start":{"line":13,"column":29},"end":{"line":13,"column":34}}],"line":13},"1":{"loc":{"start":{"line":27,"column":2},"end":{"line":30,"column":3}},"type":"if","locations":[{"start":{"line":27,"column":2},"end":{"line":30,"column":3}},{"start":{},"end":{}}],"line":27},"2":{"loc":{"start":{"line":45,"column":61},"end":{"line":45,"column":72}},"type":"default-arg","locations":[{"start":{"line":45,"column":68},"end":{"line":45,"column":72}}],"line":45},"3":{"loc":{"start":{"line":45,"column":74},"end":{"line":45,"column":86}},"type":"default-arg","locations":[{"start":{"line":45,"column":84},"end":{"line":45,"column":86}}],"line":45},"4":{"loc":{"start":{"line":45,"column":88},"end":{"line":45,"column":110}},"type":"default-arg","locations":[{"start":{"line":45,"column":106},"end":{"line":45,"column":110}}],"line":45},"5":{"loc":{"start":{"line":47,"column":20},"end":{"line":47,"column":70}},"type":"binary-expr","locations":[{"start":{"line":47,"column":20},"end":{"line":47,"column":35}},{"start":{"line":47,"column":39},"end":{"line":47,"column":70}}],"line":47},"6":{"loc":{"start":{"line":48,"column":4},"end":{"line":50,"column":5}},"type":"if","locations":[{"start":{"line":48,"column":4},"end":{"line":50,"column":5}},{"start":{},"end":{}}],"line":48},"7":{"loc":{"start":{"line":71,"column":4},"end":{"line":83,"column":5}},"type":"if","locations":[{"start":{"line":71,"column":4},"end":{"line":83,"column":5}},{"start":{},"end":{}}],"line":71},"8":{"loc":{"start":{"line":99,"column":2},"end":{"line":101,"column":3}},"type":"if","locations":[{"start":{"line":99,"column":2},"end":{"line":101,"column":3}},{"start":{},"end":{}}],"line":99},"9":{"loc":{"start":{"line":100,"column":11},"end":{"line":100,"column":25}},"type":"binary-expr","locations":[{"start":{"line":100,"column":11},"end":{"line":100,"column":19}},{"start":{"line":100,"column":23},"end":{"line":100,"column":25}}],"line":100},"10":{"loc":{"start":{"line":113,"column":53},"end":{"line":113,"column":64}},"type":"default-arg","locations":[{"start":{"line":113,"column":60},"end":{"line":113,"column":64}}],"line":113},"11":{"loc":{"start":{"line":116,"column":24},"end":{"line":116,"column":66}},"type":"binary-expr","locations":[{"start":{"line":116,"column":24},"end":{"line":116,"column":28}},{"start":{"line":116,"column":32},"end":{"line":116,"column":66}}],"line":116},"12":{"loc":{"start":{"line":120,"column":4},"end":{"line":122,"column":5}},"type":"if","locations":[{"start":{"line":120,"column":4},"end":{"line":122,"column":5}},{"start":{},"end":{}}],"line":120},"13":{"loc":{"start":{"line":132,"column":4},"end":{"line":137,"column":5}},"type":"if","locations":[{"start":{"line":132,"column":4},"end":{"line":137,"column":5}},{"start":{},"end":{}}],"line":132},"14":{"loc":{"start":{"line":134,"column":6},"end":{"line":136,"column":7}},"type":"if","locations":[{"start":{"line":134,"column":6},"end":{"line":136,"column":7}},{"start":{},"end":{}}],"line":134},"15":{"loc":{"start":{"line":150,"column":17},"end":{"line":150,"column":39}},"type":"binary-expr","locations":[{"start":{"line":150,"column":17},"end":{"line":150,"column":32}},{"start":{"line":150,"column":36},"end":{"line":150,"column":39}}],"line":150},"16":{"loc":{"start":{"line":154,"column":6},"end":{"line":157,"column":7}},"type":"if","locations":[{"start":{"line":154,"column":6},"end":{"line":157,"column":7}},{"start":{},"end":{}}],"line":154}},"s":{"0":3,"1":3,"2":3,"3":3,"4":0,"5":0,"6":0,"7":0,"8":0,"9":2,"10":2,"11":2,"12":0,"13":2,"14":1,"15":1,"16":0,"17":1,"18":0,"19":0,"20":0,"21":0,"22":0,"23":5,"24":5,"25":5,"26":5,"27":0,"28":5,"29":5,"30":5,"31":5,"32":5,"33":5,"34":5,"35":5,"36":5,"37":5,"38":0,"39":0,"40":0,"41":0,"42":0,"43":0,"44":3},"f":{"0":0,"1":2,"2":0,"3":5},"b":{"0":[3,1],"1":[0,0],"2":[0],"3":[0],"4":[0],"5":[2,0],"6":[0,2],"7":[0,1],"8":[0,0],"9":[0,0],"10":[5],"11":[5,5],"12":[0,5],"13":[5,0],"14":[5,0],"15":[5,0],"16":[0,0]},"_coverageSchema":"1a1c01bbd47fc00a2c39e90264f33305004495a9","hash":"dda1694f327e3a488f10163409b37525485ffabf"}
,"/Users/carson/Downloads/SpendSync-ios-backend-oreo/src/config/monitoring.js": {"path":"/Users/carson/Downloads/SpendSync-ios-backend-oreo/src/config/monitoring.js","statementMap":{"0":{"start":{"line":7,"column":19},"end":{"line":7,"column":41}},"1":{"start":{"line":8,"column":23},"end":{"line":8,"column":63}},"2":{"start":{"line":11,"column":17},"end":{"line":11,"column":42}},"3":{"start":{"line":14,"column":0},"end":{"line":18,"column":3}},"4":{"start":{"line":21,"column":33},"end":{"line":25,"column":2}},"5":{"start":{"line":27,"column":39},"end":{"line":31,"column":2}},"6":{"start":{"line":33,"column":36},"end":{"line":38,"column":2}},"7":{"start":{"line":40,"column":29},"end":{"line":45,"column":2}},"8":{"start":{"line":48,"column":0},"end":{"line":48,"column":50}},"9":{"start":{"line":49,"column":0},"end":{"line":49,"column":56}},"10":{"start":{"line":50,"column":0},"end":{"line":50,"column":53}},"11":{"start":{"line":51,"column":0},"end":{"line":51,"column":46}},"12":{"start":{"line":54,"column":29},"end":{"line":63,"column":2}},"13":{"start":{"line":62,"column":30},"end":{"line":62,"column":104}},"14":{"start":{"line":66,"column":22},"end":{"line":68,"column":1}},"15":{"start":{"line":67,"column":2},"end":{"line":67,"column":68}},"16":{"start":{"line":71,"column":29},"end":{"line":73,"column":1}},"17":{"start":{"line":72,"column":2},"end":{"line":72,"column":63}},"18":{"start":{"line":75,"column":0},"end":{"line":88,"column":2}}},"fnMap":{"0":{"name":"(anonymous_0)","decl":{"start":{"line":62,"column":23},"end":{"line":62,"column":24}},"loc":{"start":{"line":62,"column":30},"end":{"line":62,"column":104}},"line":62},"1":{"name":"(anonymous_1)","decl":{"start":{"line":66,"column":22},"end":{"line":66,"column":23}},"loc":{"start":{"line":66,"column":49},"end":{"line":68,"column":1}},"line":66},"2":{"name":"(anonymous_2)","decl":{"start":{"line":71,"column":29},"end":{"line":71,"column":30}},"loc":{"start":{"line":71,"column":44},"end":{"line":73,"column":1}},"line":71}},"branchMap":{"0":{"loc":{"start":{"line":61,"column":16},"end":{"line":61,"column":68}},"type":"cond-expr","locations":[{"start":{"line":61,"column":56},"end":{"line":61,"column":60}},{"start":{"line":61,"column":63},"end":{"line":61,"column":68}}],"line":61}},"s":{"0":0,"1":0,"2":0,"3":0,"4":0,"5":0,"6":0,"7":0,"8":0,"9":0,"10":0,"11":0,"12":0,"13":0,"14":0,"15":0,"16":0,"17":0,"18":0},"f":{"0":0,"1":0,"2":0},"b":{"0":[0,0]}}
,"/Users/carson/Downloads/SpendSync-ios-backend-oreo/src/controllers/settlement.controller.js": {"path":"/Users/carson/Downloads/SpendSync-ios-backend-oreo/src/controllers/settlement.controller.js","statementMap":{"0":{"start":{"line":8,"column":43},"end":{"line":8,"column":79}},"1":{"start":{"line":9,"column":26},"end":{"line":9,"column":67}},"2":{"start":{"line":10,"column":28},"end":{"line":10,"column":71}},"3":{"start":{"line":11,"column":29},"end":{"line":11,"column":73}},"4":{"start":{"line":12,"column":28},"end":{"line":12,"column":59}},"5":{"start":{"line":21,"column":2},"end":{"line":100,"column":3}},"6":{"start":{"line":22,"column":24},"end":{"line":22,"column":34}},"7":{"start":{"line":23,"column":72},"end":{"line":23,"column":81}},"8":{"start":{"line":26,"column":27},"end":{"line":26,"column":65}},"9":{"start":{"line":29,"column":20},"end":{"line":29,"column":62}},"10":{"start":{"line":30,"column":22},"end":{"line":30,"column":72}},"11":{"start":{"line":31,"column":4},"end":{"line":31,"column":14}},"12":{"start":{"line":34,"column":23},"end":{"line":34,"column":79}},"13":{"start":{"line":34,"column":63},"end":{"line":34,"column":76}},"14":{"start":{"line":35,"column":24},"end":{"line":35,"column":26}},"15":{"start":{"line":36,"column":4},"end":{"line":38,"column":5}},"16":{"start":{"line":37,"column":6},"end":{"line":37,"column":75}},"17":{"start":{"line":41,"column":22},"end":{"line":41,"column":26}},"18":{"start":{"line":42,"column":4},"end":{"line":46,"column":5}},"19":{"start":{"line":43,"column":30},"end":{"line":43,"column":74}},"20":{"start":{"line":44,"column":6},"end":{"line":44,"column":76}},"21":{"start":{"line":45,"column":6},"end":{"line":45,"column":24}},"22":{"start":{"line":50,"column":4},"end":{"line":68,"column":5}},"23":{"start":{"line":52,"column":8},"end":{"line":52,"column":95}},"24":{"start":{"line":53,"column":8},"end":{"line":53,"column":14}},"25":{"start":{"line":55,"column":8},"end":{"line":57,"column":9}},"26":{"start":{"line":56,"column":10},"end":{"line":56,"column":80}},"27":{"start":{"line":58,"column":8},"end":{"line":62,"column":10}},"28":{"start":{"line":63,"column":8},"end":{"line":63,"column":14}},"29":{"start":{"line":66,"column":8},"end":{"line":66,"column":100}},"30":{"start":{"line":67,"column":8},"end":{"line":67,"column":14}},"31":{"start":{"line":71,"column":4},"end":{"line":71,"column":21}},"32":{"start":{"line":74,"column":26},"end":{"line":77,"column":5}},"33":{"start":{"line":80,"column":22},"end":{"line":80,"column":26}},"34":{"start":{"line":81,"column":4},"end":{"line":87,"column":5}},"35":{"start":{"line":82,"column":6},"end":{"line":86,"column":8}},"36":{"start":{"line":89,"column":4},"end":{"line":97,"column":7}},"37":{"start":{"line":99,"column":4},"end":{"line":99,"column":16}},"38":{"start":{"line":110,"column":2},"end":{"line":152,"column":3}},"39":{"start":{"line":111,"column":70},"end":{"line":111,"column":78}},"40":{"start":{"line":112,"column":22},"end":{"line":112,"column":33}},"41":{"start":{"line":115,"column":4},"end":{"line":117,"column":5}},"42":{"start":{"line":116,"column":6},"end":{"line":116,"column":59}},"43":{"start":{"line":120,"column":27},"end":{"line":129,"column":5}},"44":{"start":{"line":132,"column":20},"end":{"line":132,"column":65}},"45":{"start":{"line":135,"column":23},"end":{"line":135,"column":79}},"46":{"start":{"line":138,"column":4},"end":{"line":138,"column":14}},"47":{"start":{"line":141,"column":4},"end":{"line":144,"column":7}},"48":{"start":{"line":146,"column":4},"end":{"line":149,"column":7}},"49":{"start":{"line":151,"column":4},"end":{"line":151,"column":16}},"50":{"start":{"line":162,"column":2},"end":{"line":187,"column":3}},"51":{"start":{"line":163,"column":24},"end":{"line":163,"column":34}},"52":{"start":{"line":164,"column":89},"end":{"line":164,"column":98}},"53":{"start":{"line":167,"column":20},"end":{"line":167,"column":63}},"54":{"start":{"line":169,"column":24},"end":{"line":176,"column":5}},"55":{"start":{"line":179,"column":4},"end":{"line":179,"column":14}},"56":{"start":{"line":181,"column":4},"end":{"line":184,"column":7}},"57":{"start":{"line":186,"column":4},"end":{"line":186,"column":16}},"58":{"start":{"line":197,"column":2},"end":{"line":218,"column":3}},"59":{"start":{"line":198,"column":29},"end":{"line":198,"column":39}},"60":{"start":{"line":201,"column":20},"end":{"line":201,"column":66}},"61":{"start":{"line":203,"column":23},"end":{"line":203,"column":78}},"62":{"start":{"line":206,"column":4},"end":{"line":206,"column":14}},"63":{"start":{"line":208,"column":4},"end":{"line":210,"column":5}},"64":{"start":{"line":209,"column":6},"end":{"line":209,"column":78}},"65":{"start":{"line":212,"column":4},"end":{"line":215,"column":7}},"66":{"start":{"line":217,"column":4},"end":{"line":217,"column":16}},"67":{"start":{"line":228,"column":2},"end":{"line":286,"column":3}},"68":{"start":{"line":229,"column":29},"end":{"line":229,"column":39}},"69":{"start":{"line":230,"column":23},"end":{"line":230,"column":31}},"70":{"start":{"line":231,"column":19},"end":{"line":231,"column":30}},"71":{"start":{"line":234,"column":4},"end":{"line":236,"column":5}},"72":{"start":{"line":235,"column":6},"end":{"line":235,"column":50}},"73":{"start":{"line":239,"column":24},"end":{"line":239,"column":70}},"74":{"start":{"line":240,"column":23},"end":{"line":240,"column":78}},"75":{"start":{"line":241,"column":4},"end":{"line":241,"column":18}},"76":{"start":{"line":243,"column":4},"end":{"line":245,"column":5}},"77":{"start":{"line":244,"column":6},"end":{"line":244,"column":78}},"78":{"start":{"line":248,"column":4},"end":{"line":250,"column":5}},"79":{"start":{"line":249,"column":6},"end":{"line":249,"column":88}},"80":{"start":{"line":253,"column":4},"end":{"line":263,"column":5}},"81":{"start":{"line":255,"column":6},"end":{"line":257,"column":7}},"82":{"start":{"line":256,"column":8},"end":{"line":256,"column":90}},"83":{"start":{"line":258,"column":11},"end":{"line":263,"column":5}},"84":{"start":{"line":260,"column":6},"end":{"line":262,"column":7}},"85":{"start":{"line":261,"column":8},"end":{"line":261,"column":74}},"86":{"start":{"line":266,"column":4},"end":{"line":269,"column":7}},"87":{"start":{"line":272,"column":26},"end":{"line":272,"column":71}},"88":{"start":{"line":273,"column":30},"end":{"line":277,"column":5}},"89":{"start":{"line":278,"column":4},"end":{"line":278,"column":20}},"90":{"start":{"line":280,"column":4},"end":{"line":283,"column":7}},"91":{"start":{"line":285,"column":4},"end":{"line":285,"column":16}}},"fnMap":{"0":{"name":"getSettlementSuggestions","decl":{"start":{"line":20,"column":15},"end":{"line":20,"column":39}},"loc":{"start":{"line":20,"column":56},"end":{"line":101,"column":1}},"line":20},"1":{"name":"(anonymous_1)","decl":{"start":{"line":34,"column":55},"end":{"line":34,"column":56}},"loc":{"start":{"line":34,"column":63},"end":{"line":34,"column":76}},"line":34},"2":{"name":"createSettlement","decl":{"start":{"line":109,"column":15},"end":{"line":109,"column":31}},"loc":{"start":{"line":109,"column":48},"end":{"line":153,"column":1}},"line":109},"3":{"name":"getGroupSettlements","decl":{"start":{"line":161,"column":15},"end":{"line":161,"column":34}},"loc":{"start":{"line":161,"column":51},"end":{"line":188,"column":1}},"line":161},"4":{"name":"getSettlementById","decl":{"start":{"line":196,"column":15},"end":{"line":196,"column":32}},"loc":{"start":{"line":196,"column":49},"end":{"line":219,"column":1}},"line":196},"5":{"name":"updateSettlementStatus","decl":{"start":{"line":227,"column":15},"end":{"line":227,"column":37}},"loc":{"start":{"line":227,"column":54},"end":{"line":287,"column":1}},"line":227}},"branchMap":{"0":{"loc":{"start":{"line":23,"column":12},"end":{"line":23,"column":37}},"type":"default-arg","locations":[{"start":{"line":23,"column":24},"end":{"line":23,"column":37}}],"line":23},"1":{"loc":{"start":{"line":23,"column":39},"end":{"line":23,"column":67}},"type":"default-arg","locations":[{"start":{"line":23,"column":60},"end":{"line":23,"column":67}}],"line":23},"2":{"loc":{"start":{"line":36,"column":4},"end":{"line":38,"column":5}},"type":"if","locations":[{"start":{"line":36,"column":4},"end":{"line":38,"column":5}},{"start":{},"end":{}}],"line":36},"3":{"loc":{"start":{"line":42,"column":4},"end":{"line":46,"column":5}},"type":"if","locations":[{"start":{"line":42,"column":4},"end":{"line":46,"column":5}},{"start":{},"end":{}}],"line":42},"4":{"loc":{"start":{"line":50,"column":4},"end":{"line":68,"column":5}},"type":"switch","locations":[{"start":{"line":51,"column":6},"end":{"line":53,"column":14}},{"start":{"line":54,"column":6},"end":{"line":63,"column":14}},{"start":{"line":64,"column":6},"end":{"line":64,"column":25}},{"start":{"line":65,"column":6},"end":{"line":67,"column":14}}],"line":50},"5":{"loc":{"start":{"line":55,"column":8},"end":{"line":57,"column":9}},"type":"if","locations":[{"start":{"line":55,"column":8},"end":{"line":57,"column":9}},{"start":{},"end":{}}],"line":55},"6":{"loc":{"start":{"line":81,"column":4},"end":{"line":87,"column":5}},"type":"if","locations":[{"start":{"line":81,"column":4},"end":{"line":87,"column":5}},{"start":{},"end":{}}],"line":81},"7":{"loc":{"start":{"line":115,"column":4},"end":{"line":117,"column":5}},"type":"if","locations":[{"start":{"line":115,"column":4},"end":{"line":117,"column":5}},{"start":{},"end":{}}],"line":115},"8":{"loc":{"start":{"line":115,"column":8},"end":{"line":115,"column":54}},"type":"binary-expr","locations":[{"start":{"line":115,"column":8},"end":{"line":115,"column":16}},{"start":{"line":115,"column":20},"end":{"line":115,"column":31}},{"start":{"line":115,"column":35},"end":{"line":115,"column":42}},{"start":{"line":115,"column":46},"end":{"line":115,"column":54}}],"line":115},"9":{"loc":{"start":{"line":124,"column":16},"end":{"line":124,"column":33}},"type":"binary-expr","locations":[{"start":{"line":124,"column":16},"end":{"line":124,"column":24}},{"start":{"line":124,"column":28},"end":{"line":124,"column":33}}],"line":124},"10":{"loc":{"start":{"line":164,"column":20},"end":{"line":164,"column":30}},"type":"default-arg","locations":[{"start":{"line":164,"column":28},"end":{"line":164,"column":30}}],"line":164},"11":{"loc":{"start":{"line":164,"column":32},"end":{"line":164,"column":42}},"type":"default-arg","locations":[{"start":{"line":164,"column":41},"end":{"line":164,"column":42}}],"line":164},"12":{"loc":{"start":{"line":164,"column":44},"end":{"line":164,"column":64}},"type":"default-arg","locations":[{"start":{"line":164,"column":53},"end":{"line":164,"column":64}}],"line":164},"13":{"loc":{"start":{"line":164,"column":66},"end":{"line":164,"column":84}},"type":"default-arg","locations":[{"start":{"line":164,"column":78},"end":{"line":164,"column":84}}],"line":164},"14":{"loc":{"start":{"line":208,"column":4},"end":{"line":210,"column":5}},"type":"if","locations":[{"start":{"line":208,"column":4},"end":{"line":210,"column":5}},{"start":{},"end":{}}],"line":208},"15":{"loc":{"start":{"line":234,"column":4},"end":{"line":236,"column":5}},"type":"if","locations":[{"start":{"line":234,"column":4},"end":{"line":236,"column":5}},{"start":{},"end":{}}],"line":234},"16":{"loc":{"start":{"line":234,"column":8},"end":{"line":234,"column":74}},"type":"binary-expr","locations":[{"start":{"line":234,"column":8},"end":{"line":234,"column":15}},{"start":{"line":234,"column":19},"end":{"line":234,"column":74}}],"line":234},"17":{"loc":{"start":{"line":243,"column":4},"end":{"line":245,"column":5}},"type":"if","locations":[{"start":{"line":243,"column":4},"end":{"line":245,"column":5}},{"start":{},"end":{}}],"line":243},"18":{"loc":{"start":{"line":248,"column":4},"end":{"line":250,"column":5}},"type":"if","locations":[{"start":{"line":248,"column":4},"end":{"line":250,"column":5}},{"start":{},"end":{}}],"line":248},"19":{"loc":{"start":{"line":248,"column":8},"end":{"line":248,"column":73}},"type":"binary-expr","locations":[{"start":{"line":248,"column":8},"end":{"line":248,"column":37}},{"start":{"line":248,"column":41},"end":{"line":248,"column":73}}],"line":248},"20":{"loc":{"start":{"line":253,"column":4},"end":{"line":263,"column":5}},"type":"if","locations":[{"start":{"line":253,"column":4},"end":{"line":263,"column":5}},{"start":{"line":258,"column":11},"end":{"line":263,"column":5}}],"line":253},"21":{"loc":{"start":{"line":255,"column":6},"end":{"line":257,"column":7}},"type":"if","locations":[{"start":{"line":255,"column":6},"end":{"line":257,"column":7}},{"start":{},"end":{}}],"line":255},"22":{"loc":{"start":{"line":258,"column":11},"end":{"line":263,"column":5}},"type":"if","locations":[{"start":{"line":258,"column":11},"end":{"line":263,"column":5}},{"start":{},"end":{}}],"line":258},"23":{"loc":{"start":{"line":260,"column":6},"end":{"line":262,"column":7}},"type":"if","locations":[{"start":{"line":260,"column":6},"end":{"line":262,"column":7}},{"start":{},"end":{}}],"line":260},"24":{"loc":{"start":{"line":276,"column":6},"end":{"line":276,"column":48}},"type":"cond-expr","locations":[{"start":{"line":276,"column":31},"end":{"line":276,"column":41}},{"start":{"line":276,"column":44},"end":{"line":276,"column":48}}],"line":276}},"s":{"0":0,"1":0,"2":0,"3":0,"4":0,"5":0,"6":0,"7":0,"8":0,"9":0,"10":0,"11":0,"12":0,"13":0,"14":0,"15":0,"16":0,"17":0,"18":0,"19":0,"20":0,"21":0,"22":0,"23":0,"24":0,"25":0,"26":0,"27":0,"28":0,"29":0,"30":0,"31":0,"32":0,"33":0,"34":0,"35":0,"36":0,"37":0,"38":0,"39":0,"40":0,"41":0,"42":0,"43":0,"44":0,"45":0,"46":0,"47":0,"48":0,"49":0,"50":0,"51":0,"52":0,"53":0,"54":0,"55":0,"56":0,"57":0,"58":0,"59":0,"60":0,"61":0,"62":0,"63":0,"64":0,"65":0,"66":0,"67":0,"68":0,"69":0,"70":0,"71":0,"72":0,"73":0,"74":0,"75":0,"76":0,"77":0,"78":0,"79":0,"80":0,"81":0,"82":0,"83":0,"84":0,"85":0,"86":0,"87":0,"88":0,"89":0,"90":0,"91":0},"f":{"0":0,"1":0,"2":0,"3":0,"4":0,"5":0},"b":{"0":[0],"1":[0],"2":[0,0],"3":[0,0],"4":[0,0,0,0],"5":[0,0],"6":[0,0],"7":[0,0],"8":[0,0,0,0],"9":[0,0],"10":[0],"11":[0],"12":[0],"13":[0],"14":[0,0],"15":[0,0],"16":[0,0],"17":[0,0],"18":[0,0],"19":[0,0],"20":[0,0],"21":[0,0],"22":[0,0],"23":[0,0],"24":[0,0]}}
,"/Users/carson/Downloads/SpendSync-ios-backend-oreo/src/database/schemas/expense-splits.schema.js": {"path":"/Users/carson/Downloads/SpendSync-ios-backend-oreo/src/database/schemas/expense-splits.schema.js","statementMap":{"0":{"start":{"line":9,"column":22},"end":{"line":9,"column":42}},"1":{"start":{"line":16,"column":0},"end":{"line":194,"column":2}},"2":{"start":{"line":17,"column":23},"end":{"line":141,"column":3}},"3":{"start":{"line":147,"column":2},"end":{"line":165,"column":4}},"4":{"start":{"line":149,"column":4},"end":{"line":152,"column":7}},"5":{"start":{"line":155,"column":4},"end":{"line":158,"column":7}},"6":{"start":{"line":161,"column":4},"end":{"line":164,"column":7}},"7":{"start":{"line":171,"column":2},"end":{"line":191,"column":5}},"8":{"start":{"line":176,"column":4},"end":{"line":190,"column":5}},"9":{"start":{"line":177,"column":6},"end":{"line":177,"column":30}},"10":{"start":{"line":178,"column":6},"end":{"line":178,"column":26}},"11":{"start":{"line":180,"column":11},"end":{"line":190,"column":5}},"12":{"start":{"line":181,"column":6},"end":{"line":181,"column":26}},"13":{"start":{"line":183,"column":11},"end":{"line":190,"column":5}},"14":{"start":{"line":184,"column":6},"end":{"line":184,"column":30}},"15":{"start":{"line":186,"column":11},"end":{"line":190,"column":5}},"16":{"start":{"line":187,"column":6},"end":{"line":187,"column":30}},"17":{"start":{"line":188,"column":6},"end":{"line":188,"column":26}},"18":{"start":{"line":193,"column":2},"end":{"line":193,"column":22}}},"fnMap":{"0":{"name":"(anonymous_0)","decl":{"start":{"line":16,"column":17},"end":{"line":16,"column":18}},"loc":{"start":{"line":16,"column":32},"end":{"line":194,"column":1}},"line":16},"1":{"name":"(anonymous_1)","decl":{"start":{"line":147,"column":27},"end":{"line":147,"column":28}},"loc":{"start":{"line":147,"column":39},"end":{"line":165,"column":3}},"line":147},"2":{"name":"(anonymous_2)","decl":{"start":{"line":171,"column":30},"end":{"line":171,"column":31}},"loc":{"start":{"line":171,"column":50},"end":{"line":191,"column":3}},"line":171}},"branchMap":{"0":{"loc":{"start":{"line":176,"column":4},"end":{"line":190,"column":5}},"type":"if","locations":[{"start":{"line":176,"column":4},"end":{"line":190,"column":5}},{"start":{"line":180,"column":11},"end":{"line":190,"column":5}}],"line":176},"1":{"loc":{"start":{"line":180,"column":11},"end":{"line":190,"column":5}},"type":"if","locations":[{"start":{"line":180,"column":11},"end":{"line":190,"column":5}},{"start":{"line":183,"column":11},"end":{"line":190,"column":5}}],"line":180},"2":{"loc":{"start":{"line":183,"column":11},"end":{"line":190,"column":5}},"type":"if","locations":[{"start":{"line":183,"column":11},"end":{"line":190,"column":5}},{"start":{"line":186,"column":11},"end":{"line":190,"column":5}}],"line":183},"3":{"loc":{"start":{"line":186,"column":11},"end":{"line":190,"column":5}},"type":"if","locations":[{"start":{"line":186,"column":11},"end":{"line":190,"column":5}},{"start":{},"end":{}}],"line":186}},"s":{"0":0,"1":0,"2":0,"3":0,"4":0,"5":0,"6":0,"7":0,"8":0,"9":0,"10":0,"11":0,"12":0,"13":0,"14":0,"15":0,"16":0,"17":0,"18":0},"f":{"0":0,"1":0,"2":0},"b":{"0":[0,0],"1":[0,0],"2":[0,0],"3":[0,0]}}
,"/Users/carson/Downloads/SpendSync-ios-backend-oreo/src/models/settlement.model.js": {"path":"/Users/carson/Downloads/SpendSync-ios-backend-oreo/src/models/settlement.model.js","statementMap":{"0":{"start":{"line":62,"column":17},"end":{"line":62,"column":36}},"1":{"start":{"line":64,"column":25},"end":{"line":104,"column":2}},"2":{"start":{"line":107,"column":0},"end":{"line":107,"column":39}},"3":{"start":{"line":108,"column":0},"end":{"line":108,"column":42}},"4":{"start":{"line":109,"column":0},"end":{"line":109,"column":39}},"5":{"start":{"line":110,"column":0},"end":{"line":110,"column":38}},"6":{"start":{"line":111,"column":0},"end":{"line":111,"column":42}},"7":{"start":{"line":114,"column":0},"end":{"line":123,"column":2}},"8":{"start":{"line":115,"column":21},"end":{"line":115,"column":36}},"9":{"start":{"line":118,"column":2},"end":{"line":118,"column":44}},"10":{"start":{"line":119,"column":2},"end":{"line":119,"column":24}},"11":{"start":{"line":120,"column":2},"end":{"line":120,"column":24}},"12":{"start":{"line":122,"column":2},"end":{"line":122,"column":20}},"13":{"start":{"line":125,"column":19},"end":{"line":125,"column":65}},"14":{"start":{"line":127,"column":0},"end":{"line":127,"column":28}}},"fnMap":{"0":{"name":"(anonymous_0)","decl":{"start":{"line":114,"column":34},"end":{"line":114,"column":35}},"loc":{"start":{"line":114,"column":45},"end":{"line":123,"column":1}},"line":114}},"branchMap":{},"s":{"0":0,"1":0,"2":0,"3":0,"4":0,"5":0,"6":0,"7":0,"8":0,"9":0,"10":0,"11":0,"12":0,"13":0,"14":0},"f":{"0":0},"b":{}}
,"/Users/carson/Downloads/SpendSync-ios-backend-oreo/src/services/analytics-service/__tests__/setup.js": {"path":"/Users/carson/Downloads/SpendSync-ios-backend-oreo/src/services/analytics-service/__tests__/setup.js","statementMap":{"0":{"start":{"line":1,"column":17},"end":{"line":1,"column":36}},"1":{"start":{"line":2,"column":30},"end":{"line":2,"column":62}},"2":{"start":{"line":6,"column":0},"end":{"line":17,"column":3}},"3":{"start":{"line":7,"column":2},"end":{"line":7,"column":49}},"4":{"start":{"line":8,"column":19},"end":{"line":8,"column":39}},"5":{"start":{"line":10,"column":2},"end":{"line":16,"column":5}},"6":{"start":{"line":19,"column":0},"end":{"line":26,"column":3}},"7":{"start":{"line":20,"column":22},"end":{"line":20,"column":53}},"8":{"start":{"line":22,"column":2},"end":{"line":25,"column":3}},"9":{"start":{"line":23,"column":23},"end":{"line":23,"column":39}},"10":{"start":{"line":24,"column":4},"end":{"line":24,"column":36}},"11":{"start":{"line":28,"column":0},"end":{"line":35,"column":3}},"12":{"start":{"line":29,"column":2},"end":{"line":31,"column":3}},"13":{"start":{"line":30,"column":4},"end":{"line":30,"column":32}},"14":{"start":{"line":32,"column":2},"end":{"line":34,"column":3}},"15":{"start":{"line":33,"column":4},"end":{"line":33,"column":29}},"16":{"start":{"line":38,"column":0},"end":{"line":40,"column":3}},"17":{"start":{"line":39,"column":2},"end":{"line":39,"column":22}},"18":{"start":{"line":42,"column":0},"end":{"line":44,"column":3}},"19":{"start":{"line":43,"column":2},"end":{"line":43,"column":25}}},"fnMap":{"0":{"name":"(anonymous_0)","decl":{"start":{"line":6,"column":10},"end":{"line":6,"column":11}},"loc":{"start":{"line":6,"column":22},"end":{"line":17,"column":1}},"line":6},"1":{"name":"(anonymous_1)","decl":{"start":{"line":19,"column":11},"end":{"line":19,"column":12}},"loc":{"start":{"line":19,"column":23},"end":{"line":26,"column":1}},"line":19},"2":{"name":"(anonymous_2)","decl":{"start":{"line":28,"column":9},"end":{"line":28,"column":10}},"loc":{"start":{"line":28,"column":21},"end":{"line":35,"column":1}},"line":28},"3":{"name":"(anonymous_3)","decl":{"start":{"line":38,"column":10},"end":{"line":38,"column":11}},"loc":{"start":{"line":38,"column":22},"end":{"line":40,"column":1}},"line":38},"4":{"name":"(anonymous_4)","decl":{"start":{"line":42,"column":9},"end":{"line":42,"column":10}},"loc":{"start":{"line":42,"column":21},"end":{"line":44,"column":1}},"line":42}},"branchMap":{"0":{"loc":{"start":{"line":29,"column":2},"end":{"line":31,"column":3}},"type":"if","locations":[{"start":{"line":29,"column":2},"end":{"line":31,"column":3}},{"start":{},"end":{}}],"line":29},"1":{"loc":{"start":{"line":32,"column":2},"end":{"line":34,"column":3}},"type":"if","locations":[{"start":{"line":32,"column":2},"end":{"line":34,"column":3}},{"start":{},"end":{}}],"line":32}},"s":{"0":0,"1":0,"2":0,"3":0,"4":0,"5":0,"6":0,"7":0,"8":0,"9":0,"10":0,"11":0,"12":0,"13":0,"14":0,"15":0,"16":0,"17":0,"18":0,"19":0},"f":{"0":0,"1":0,"2":0,"3":0,"4":0},"b":{"0":[0,0],"1":[0,0]}}
,"/Users/carson/Downloads/SpendSync-ios-backend-oreo/src/services/analytics-service/src/index.js": {"path":"/Users/carson/Downloads/SpendSync-ios-backend-oreo/src/services/analytics-service/src/index.js","statementMap":{"0":{"start":{"line":10,"column":12},"end":{"line":10,"column":21}},"1":{"start":{"line":11,"column":13},"end":{"line":11,"column":37}},"2":{"start":{"line":14,"column":15},"end":{"line":23,"column":2}},"3":{"start":{"line":26,"column":0},"end":{"line":26,"column":18}},"4":{"start":{"line":27,"column":0},"end":{"line":27,"column":16}},"5":{"start":{"line":28,"column":0},"end":{"line":28,"column":23}},"6":{"start":{"line":29,"column":0},"end":{"line":29,"column":24}},"7":{"start":{"line":32,"column":0},"end":{"line":38,"column":4}},"8":{"start":{"line":41,"column":20},"end":{"line":41,"column":115}},"9":{"start":{"line":42,"column":0},"end":{"line":44,"column":64}},"10":{"start":{"line":43,"column":14},"end":{"line":43,"column":49}},"11":{"start":{"line":44,"column":16},"end":{"line":44,"column":62}},"12":{"start":{"line":47,"column":0},"end":{"line":70,"column":3}},"13":{"start":{"line":48,"column":2},"end":{"line":69,"column":5}},"14":{"start":{"line":73,"column":0},"end":{"line":79,"column":3}},"15":{"start":{"line":74,"column":2},"end":{"line":78,"column":5}},"16":{"start":{"line":87,"column":0},"end":{"line":87,"column":47}},"17":{"start":{"line":88,"column":0},"end":{"line":88,"column":47}},"18":{"start":{"line":89,"column":0},"end":{"line":89,"column":53}},"19":{"start":{"line":90,"column":0},"end":{"line":90,"column":44}},"20":{"start":{"line":93,"column":0},"end":{"line":99,"column":3}},"21":{"start":{"line":94,"column":2},"end":{"line":94,"column":30}},"22":{"start":{"line":95,"column":2},"end":{"line":98,"column":5}},"23":{"start":{"line":102,"column":0},"end":{"line":108,"column":1}},"24":{"start":{"line":103,"column":2},"end":{"line":107,"column":5}},"25":{"start":{"line":104,"column":4},"end":{"line":104,"column":61}},"26":{"start":{"line":105,"column":4},"end":{"line":105,"column":77}},"27":{"start":{"line":106,"column":4},"end":{"line":106,"column":73}}},"fnMap":{"0":{"name":"(anonymous_0)","decl":{"start":{"line":43,"column":8},"end":{"line":43,"column":9}},"loc":{"start":{"line":43,"column":14},"end":{"line":43,"column":49}},"line":43},"1":{"name":"(anonymous_1)","decl":{"start":{"line":44,"column":9},"end":{"line":44,"column":10}},"loc":{"start":{"line":44,"column":16},"end":{"line":44,"column":62}},"line":44},"2":{"name":"(anonymous_2)","decl":{"start":{"line":47,"column":13},"end":{"line":47,"column":14}},"loc":{"start":{"line":47,"column":27},"end":{"line":70,"column":1}},"line":47},"3":{"name":"(anonymous_3)","decl":{"start":{"line":73,"column":19},"end":{"line":73,"column":20}},"loc":{"start":{"line":73,"column":33},"end":{"line":79,"column":1}},"line":73},"4":{"name":"(anonymous_4)","decl":{"start":{"line":93,"column":8},"end":{"line":93,"column":9}},"loc":{"start":{"line":93,"column":33},"end":{"line":99,"column":1}},"line":93},"5":{"name":"(anonymous_5)","decl":{"start":{"line":103,"column":19},"end":{"line":103,"column":20}},"loc":{"start":{"line":103,"column":25},"end":{"line":107,"column":3}},"line":103}},"branchMap":{"0":{"loc":{"start":{"line":11,"column":13},"end":{"line":11,"column":37}},"type":"binary-expr","locations":[{"start":{"line":11,"column":13},"end":{"line":11,"column":29}},{"start":{"line":11,"column":33},"end":{"line":11,"column":37}}],"line":11},"1":{"loc":{"start":{"line":41,"column":20},"end":{"line":41,"column":115}},"type":"binary-expr","locations":[{"start":{"line":41,"column":20},"end":{"line":41,"column":43}},{"start":{"line":41,"column":47},"end":{"line":41,"column":115}}],"line":41},"2":{"loc":{"start":{"line":97,"column":13},"end":{"line":97,"column":77}},"type":"cond-expr","locations":[{"start":{"line":97,"column":54},"end":{"line":97,"column":65}},{"start":{"line":97,"column":68},"end":{"line":97,"column":77}}],"line":97},"3":{"loc":{"start":{"line":102,"column":0},"end":{"line":108,"column":1}},"type":"if","locations":[{"start":{"line":102,"column":0},"end":{"line":108,"column":1}},{"start":{},"end":{}}],"line":102}},"s":{"0":3,"1":3,"2":3,"3":3,"4":3,"5":3,"6":3,"7":3,"8":3,"9":3,"10":0,"11":3,"12":3,"13":0,"14":3,"15":0,"16":3,"17":3,"18":3,"19":3,"20":3,"21":0,"22":0,"23":3,"24":0,"25":0,"26":0,"27":0},"f":{"0":0,"1":3,"2":0,"3":0,"4":0,"5":0},"b":{"0":[3,3],"1":[3,3],"2":[0,0],"3":[0,3]},"_coverageSchema":"1a1c01bbd47fc00a2c39e90264f33305004495a9","hash":"21ea999b227cc574e07abf30df6ecd7b67b7bff0"}
,"/Users/carson/Downloads/SpendSync-ios-backend-oreo/src/services/analytics-service/src/models/AnalyticsEvent.js": {"path":"/Users/carson/Downloads/SpendSync-ios-backend-oreo/src/services/analytics-service/src/models/AnalyticsEvent.js","statementMap":{"0":{"start":{"line":3,"column":29},"end":{"line":43,"column":2}},"1":{"start":{"line":46,"column":0},"end":{"line":46,"column":71}},"2":{"start":{"line":47,"column":0},"end":{"line":47,"column":72}},"3":{"start":{"line":48,"column":0},"end":{"line":48,"column":59}},"4":{"start":{"line":51,"column":0},"end":{"line":71,"column":2}},"5":{"start":{"line":52,"column":2},"end":{"line":70,"column":5}},"6":{"start":{"line":74,"column":0},"end":{"line":101,"column":2}},"7":{"start":{"line":75,"column":20},"end":{"line":75,"column":30}},"8":{"start":{"line":76,"column":2},"end":{"line":76,"column":52}},"9":{"start":{"line":78,"column":2},"end":{"line":100,"column":5}},"10":{"start":{"line":104,"column":0},"end":{"line":142,"column":2}},"11":{"start":{"line":105,"column":20},"end":{"line":105,"column":30}},"12":{"start":{"line":106,"column":2},"end":{"line":106,"column":48}},"13":{"start":{"line":108,"column":25},"end":{"line":129,"column":4}},"14":{"start":{"line":132,"column":17},"end":{"line":132,"column":55}},"15":{"start":{"line":132,"column":41},"end":{"line":132,"column":54}},"16":{"start":{"line":133,"column":14},"end":{"line":133,"column":63}},"17":{"start":{"line":133,"column":38},"end":{"line":133,"column":43}},"18":{"start":{"line":134,"column":16},"end":{"line":136,"column":5}},"19":{"start":{"line":138,"column":2},"end":{"line":141,"column":6}},"20":{"start":{"line":138,"column":46},"end":{"line":141,"column":3}},"21":{"start":{"line":144,"column":23},"end":{"line":144,"column":77}}},"fnMap":{"0":{"name":"(anonymous_0)","decl":{"start":{"line":51,"column":53},"end":{"line":51,"column":54}},"loc":{"start":{"line":51,"column":96},"end":{"line":71,"column":1}},"line":51},"1":{"name":"(anonymous_1)","decl":{"start":{"line":74,"column":49},"end":{"line":74,"column":50}},"loc":{"start":{"line":74,"column":104},"end":{"line":101,"column":1}},"line":74},"2":{"name":"(anonymous_2)","decl":{"start":{"line":104,"column":53},"end":{"line":104,"column":54}},"loc":{"start":{"line":104,"column":98},"end":{"line":142,"column":1}},"line":104},"3":{"name":"(anonymous_3)","decl":{"start":{"line":132,"column":36},"end":{"line":132,"column":37}},"loc":{"start":{"line":132,"column":41},"end":{"line":132,"column":54}},"line":132},"4":{"name":"(anonymous_4)","decl":{"start":{"line":133,"column":28},"end":{"line":133,"column":29}},"loc":{"start":{"line":133,"column":38},"end":{"line":133,"column":43}},"line":133},"5":{"name":"(anonymous_5)","decl":{"start":{"line":138,"column":35},"end":{"line":138,"column":36}},"loc":{"start":{"line":138,"column":46},"end":{"line":141,"column":3}},"line":138}},"branchMap":{"0":{"loc":{"start":{"line":74,"column":72},"end":{"line":74,"column":90}},"type":"default-arg","locations":[{"start":{"line":74,"column":83},"end":{"line":74,"column":90}}],"line":74},"1":{"loc":{"start":{"line":74,"column":92},"end":{"line":74,"column":102}},"type":"default-arg","locations":[{"start":{"line":74,"column":101},"end":{"line":74,"column":102}}],"line":74},"2":{"loc":{"start":{"line":91,"column":14},"end":{"line":91,"column":70}},"type":"binary-expr","locations":[{"start":{"line":91,"column":14},"end":{"line":91,"column":33}},{"start":{"line":91,"column":37},"end":{"line":91,"column":70}}],"line":91},"3":{"loc":{"start":{"line":98,"column":50},"end":{"line":98,"column":90}},"type":"binary-expr","locations":[{"start":{"line":98,"column":50},"end":{"line":98,"column":69}},{"start":{"line":98,"column":73},"end":{"line":98,"column":90}}],"line":98},"4":{"loc":{"start":{"line":104,"column":86},"end":{"line":104,"column":96}},"type":"default-arg","locations":[{"start":{"line":104,"column":95},"end":{"line":104,"column":96}}],"line":104},"5":{"loc":{"start":{"line":134,"column":16},"end":{"line":136,"column":5}},"type":"cond-expr","locations":[{"start":{"line":135,"column":4},"end":{"line":135,"column":59}},{"start":{"line":136,"column":4},"end":{"line":136,"column":5}}],"line":134}},"s":{"0":3,"1":3,"2":3,"3":3,"4":3,"5":0,"6":3,"7":0,"8":0,"9":0,"10":3,"11":0,"12":0,"13":0,"14":0,"15":0,"16":0,"17":0,"18":0,"19":0,"20":0,"21":3},"f":{"0":0,"1":0,"2":0,"3":0,"4":0,"5":0},"b":{"0":[0],"1":[0],"2":[0,0],"3":[0,0],"4":[0],"5":[0,0]},"_coverageSchema":"1a1c01bbd47fc00a2c39e90264f33305004495a9","hash":"2013c343b14da1efe85163dc0060e936bae7f82a"}
,"/Users/carson/Downloads/SpendSync-ios-backend-oreo/src/services/analytics-service/src/models/SpendingReport.js": {"path":"/Users/carson/Downloads/SpendSync-ios-backend-oreo/src/services/analytics-service/src/models/SpendingReport.js","statementMap":{"0":{"start":{"line":3,"column":29},"end":{"line":72,"column":2}},"1":{"start":{"line":75,"column":0},"end":{"line":75,"column":72}},"2":{"start":{"line":76,"column":0},"end":{"line":76,"column":59}},"3":{"start":{"line":79,"column":0},"end":{"line":84,"column":2}},"4":{"start":{"line":80,"column":2},"end":{"line":83,"column":31}},"5":{"start":{"line":87,"column":0},"end":{"line":134,"column":2}},"6":{"start":{"line":88,"column":19},"end":{"line":88,"column":21}},"7":{"start":{"line":91,"column":2},"end":{"line":99,"column":3}},"8":{"start":{"line":92,"column":4},"end":{"line":98,"column":7}},"9":{"start":{"line":102,"column":2},"end":{"line":115,"column":5}},"10":{"start":{"line":103,"column":4},"end":{"line":114,"column":5}},"11":{"start":{"line":104,"column":6},"end":{"line":113,"column":9}},"12":{"start":{"line":118,"column":32},"end":{"line":123,"column":7}},"13":{"start":{"line":119,"column":19},"end":{"line":119,"column":38}},"14":{"start":{"line":120,"column":17},"end":{"line":123,"column":5}},"15":{"start":{"line":125,"column":2},"end":{"line":131,"column":3}},"16":{"start":{"line":126,"column":4},"end":{"line":130,"column":7}},"17":{"start":{"line":133,"column":2},"end":{"line":133,"column":18}},"18":{"start":{"line":136,"column":23},"end":{"line":136,"column":77}}},"fnMap":{"0":{"name":"(anonymous_0)","decl":{"start":{"line":79,"column":47},"end":{"line":79,"column":48}},"loc":{"start":{"line":79,"column":82},"end":{"line":84,"column":1}},"line":79},"1":{"name":"(anonymous_1)","decl":{"start":{"line":87,"column":48},"end":{"line":87,"column":49}},"loc":{"start":{"line":87,"column":59},"end":{"line":134,"column":1}},"line":87},"2":{"name":"(anonymous_2)","decl":{"start":{"line":102,"column":31},"end":{"line":102,"column":32}},"loc":{"start":{"line":102,"column":39},"end":{"line":115,"column":3}},"line":102},"3":{"name":"(anonymous_3)","decl":{"start":{"line":119,"column":12},"end":{"line":119,"column":13}},"loc":{"start":{"line":119,"column":19},"end":{"line":119,"column":38}},"line":119},"4":{"name":"(anonymous_4)","decl":{"start":{"line":120,"column":9},"end":{"line":120,"column":10}},"loc":{"start":{"line":120,"column":17},"end":{"line":123,"column":5}},"line":120}},"branchMap":{"0":{"loc":{"start":{"line":91,"column":2},"end":{"line":99,"column":3}},"type":"if","locations":[{"start":{"line":91,"column":2},"end":{"line":99,"column":3}},{"start":{},"end":{}}],"line":91},"1":{"loc":{"start":{"line":94,"column":15},"end":{"line":96,"column":102}},"type":"cond-expr","locations":[{"start":{"line":95,"column":10},"end":{"line":95,"column":92}},{"start":{"line":96,"column":10},"end":{"line":96,"column":102}}],"line":94},"2":{"loc":{"start":{"line":97,"column":16},"end":{"line":97,"column":77}},"type":"cond-expr","locations":[{"start":{"line":97,"column":60},"end":{"line":97,"column":66}},{"start":{"line":97,"column":69},"end":{"line":97,"column":77}}],"line":97},"3":{"loc":{"start":{"line":103,"column":4},"end":{"line":114,"column":5}},"type":"if","locations":[{"start":{"line":103,"column":4},"end":{"line":114,"column":5}},{"start":{},"end":{}}],"line":103},"4":{"loc":{"start":{"line":107,"column":18},"end":{"line":107,"column":56}},"type":"cond-expr","locations":[{"start":{"line":107,"column":39},"end":{"line":107,"column":45}},{"start":{"line":107,"column":48},"end":{"line":107,"column":56}}],"line":107},"5":{"loc":{"start":{"line":125,"column":2},"end":{"line":131,"column":3}},"type":"if","locations":[{"start":{"line":125,"column":2},"end":{"line":131,"column":3}},{"start":{},"end":{}}],"line":125}},"s":{"0":3,"1":3,"2":3,"3":3,"4":0,"5":3,"6":0,"7":0,"8":0,"9":0,"10":0,"11":0,"12":0,"13":0,"14":0,"15":0,"16":0,"17":0,"18":3},"f":{"0":0,"1":0,"2":0,"3":0,"4":0},"b":{"0":[0,0],"1":[0,0],"2":[0,0],"3":[0,0],"4":[0,0],"5":[0,0]},"_coverageSchema":"1a1c01bbd47fc00a2c39e90264f33305004495a9","hash":"d8f5af6646512eec2d277e9c7e7c071eceeecd8e"}
[...]
":0},"end":{"line":96,"column":2}}},"fnMap":{"0":{"name":"(anonymous_0)","decl":{"start":{"line":13,"column":28},"end":{"line":13,"column":29}},"loc":{"start":{"line":13,"column":53},"end":{"line":37,"column":1}},"line":13},"1":{"name":"(anonymous_1)","decl":{"start":{"line":48,"column":30},"end":{"line":48,"column":31}},"loc":{"start":{"line":48,"column":54},"end":{"line":65,"column":1}},"line":48},"2":{"name":"(anonymous_2)","decl":{"start":{"line":73,"column":22},"end":{"line":73,"column":23}},"loc":{"start":{"line":73,"column":41},"end":{"line":76,"column":1}},"line":73},"3":{"name":"(anonymous_3)","decl":{"start":{"line":84,"column":32},"end":{"line":84,"column":33}},"loc":{"start":{"line":84,"column":52},"end":{"line":89,"column":1}},"line":84}},"branchMap":{"0":{"loc":{"start":{"line":13,"column":36},"end":{"line":13,"column":48}},"type":"default-arg","locations":[{"start":{"line":13,"column":46},"end":{"line":13,"column":48}}],"line":13},"1":{"loc":{"start":{"line":15,"column":4},"end":{"line":15,"column":21}},"type":"default-arg","locations":[{"start":{"line":15,"column":19},"end":{"line":15,"column":21}}],"line":15},"2":{"loc":{"start":{"line":16,"column":4},"end":{"line":16,"column":18}},"type":"default-arg","locations":[{"start":{"line":16,"column":15},"end":{"line":16,"column":18}}],"line":16},"3":{"loc":{"start":{"line":17,"column":4},"end":{"line":17,"column":19}},"type":"default-arg","locations":[{"start":{"line":17,"column":18},"end":{"line":17,"column":19}}],"line":17},"4":{"loc":{"start":{"line":20,"column":14},"end":{"line":20,"column":51}},"type":"binary-expr","locations":[{"start":{"line":20,"column":14},"end":{"line":20,"column":35}},{"start":{"line":20,"column":39},"end":{"line":20,"column":51}}],"line":20},"5":{"loc":{"start":{"line":21,"column":13},"end":{"line":21,"column":48}},"type":"binary-expr","locations":[{"start":{"line":21,"column":13},"end":{"line":21,"column":33}},{"start":{"line":21,"column":37},"end":{"line":21,"column":48}}],"line":21},"6":{"loc":{"start":{"line":62,"column":14},"end":{"line":62,"column":43}},"type":"cond-expr","locations":[{"start":{"line":62,"column":28},"end":{"line":62,"column":36}},{"start":{"line":62,"column":39},"end":{"line":62,"column":43}}],"line":62},"7":{"loc":{"start":{"line":63,"column":14},"end":{"line":63,"column":43}},"type":"cond-expr","locations":[{"start":{"line":63,"column":28},"end":{"line":63,"column":36}},{"start":{"line":63,"column":39},"end":{"line":63,"column":43}}],"line":63}},"s":{"0":0,"1":0,"2":0,"3":0,"4":0,"5":0,"6":0,"7":0,"8":0,"9":0,"10":0,"11":0,"12":0,"13":0,"14":0,"15":0,"16":0,"17":0,"18":0,"19":0},"f":{"0":0,"1":0,"2":0,"3":0},"b":{"0":[0],"1":[0],"2":[0],"3":[0],"4":[0,0],"5":[0,0],"6":[0,0],"7":[0,0]}}
,"/Users/carson/Downloads/SpendSync-ios-backend-oreo/src/shared/utils/response.utils.js": {"path":"/Users/carson/Downloads/SpendSync-ios-backend-oreo/src/shared/utils/response.utils.js","statementMap":{"0":{"start":{"line":14,"column":20},"end":{"line":28,"column":1}},"1":{"start":{"line":15,"column":19},"end":{"line":17,"column":3}},"2":{"start":{"line":19,"column":2},"end":{"line":21,"column":3}},"3":{"start":{"line":20,"column":4},"end":{"line":20,"column":31}},"4":{"start":{"line":23,"column":2},"end":{"line":25,"column":3}},"5":{"start":{"line":24,"column":4},"end":{"line":24,"column":25}},"6":{"start":{"line":27,"column":2},"end":{"line":27,"column":47}},"7":{"start":{"line":36,"column":20},"end":{"line":38,"column":1}},"8":{"start":{"line":37,"column":2},"end":{"line":37,"column":46}},"9":{"start":{"line":44,"column":22},"end":{"line":46,"column":1}},"10":{"start":{"line":45,"column":2},"end":{"line":45,"column":31}},"11":{"start":{"line":54,"column":28},"end":{"line":59,"column":1}},"12":{"start":{"line":55,"column":2},"end":{"line":58,"column":4}},"13":{"start":{"line":61,"column":0},"end":{"line":66,"column":2}}},"fnMap":{"0":{"name":"(anonymous_0)","decl":{"start":{"line":14,"column":20},"end":{"line":14,"column":21}},"loc":{"start":{"line":14,"column":76},"end":{"line":28,"column":1}},"line":14},"1":{"name":"(anonymous_1)","decl":{"start":{"line":36,"column":20},"end":{"line":36,"column":21}},"loc":{"start":{"line":36,"column":85},"end":{"line":38,"column":1}},"line":36},"2":{"name":"(anonymous_2)","decl":{"start":{"line":44,"column":22},"end":{"line":44,"column":23}},"loc":{"start":{"line":44,"column":31},"end":{"line":46,"column":1}},"line":44},"3":{"name":"(anonymous_3)","decl":{"start":{"line":54,"column":28},"end":{"line":54,"column":29}},"loc":{"start":{"line":54,"column":50},"end":{"line":59,"column":1}},"line":54}},"branchMap":{"0":{"loc":{"start":{"line":14,"column":26},"end":{"line":14,"column":37}},"type":"default-arg","locations":[{"start":{"line":14,"column":33},"end":{"line":14,"column":37}}],"line":14},"1":{"loc":{"start":{"line":14,"column":39},"end":{"line":14,"column":53}},"type":"default-arg","locations":[{"start":{"line":14,"column":49},"end":{"line":14,"column":53}}],"line":14},"2":{"loc":{"start":{"line":14,"column":55},"end":{"line":14,"column":71}},"type":"default-arg","locations":[{"start":{"line":14,"column":68},"end":{"line":14,"column":71}}],"line":14},"3":{"loc":{"start":{"line":19,"column":2},"end":{"line":21,"column":3}},"type":"if","locations":[{"start":{"line":19,"column":2},"end":{"line":21,"column":3}},{"start":{},"end":{}}],"line":19},"4":{"loc":{"start":{"line":23,"column":2},"end":{"line":25,"column":3}},"type":"if","locations":[{"start":{"line":23,"column":2},"end":{"line":25,"column":3}},{"start":{},"end":{}}],"line":23},"5":{"loc":{"start":{"line":36,"column":26},"end":{"line":36,"column":37}},"type":"default-arg","locations":[{"start":{"line":36,"column":33},"end":{"line":36,"column":37}}],"line":36},"6":{"loc":{"start":{"line":36,"column":39},"end":{"line":36,"column":80}},"type":"default-arg","locations":[{"start":{"line":36,"column":49},"end":{"line":36,"column":80}}],"line":36}},"s":{"0":0,"1":0,"2":0,"3":0,"4":0,"5":0,"6":0,"7":0,"8":0,"9":0,"10":0,"11":0,"12":0,"13":0},"f":{"0":0,"1":0,"2":0,"3":0},"b":{"0":[0],"1":[0],"2":[0],"3":[0,0],"4":[0,0],"5":[0],"6":[0]}}
,"/Users/carson/Downloads/SpendSync-ios-backend-oreo/src/utils/check-test-types.js": {"path":"/Users/carson/Downloads/SpendSync-ios-backend-oreo/src/utils/check-test-types.js","statementMap":{"0":{"start":{"line":16,"column":21},"end":{"line":16,"column":45}},"1":{"start":{"line":17,"column":13},"end":{"line":17,"column":28}},"2":{"start":{"line":19,"column":0},"end":{"line":19,"column":33}},"3":{"start":{"line":20,"column":0},"end":{"line":20,"column":32}},"4":{"start":{"line":22,"column":0},"end":{"line":47,"column":1}},"5":{"start":{"line":24,"column":20},"end":{"line":27,"column":10}},"6":{"start":{"line":29,"column":2},"end":{"line":32,"column":3}},"7":{"start":{"line":30,"column":4},"end":{"line":30,"column":72}},"8":{"start":{"line":31,"column":4},"end":{"line":31,"column":20}},"9":{"start":{"line":35,"column":23},"end":{"line":35,"column":44}},"10":{"start":{"line":36,"column":2},"end":{"line":36,"column":68}},"11":{"start":{"line":38,"column":2},"end":{"line":38,"column":49}},"12":{"start":{"line":39,"column":2},"end":{"line":39,"column":35}},"13":{"start":{"line":41,"column":2},"end":{"line":44,"column":3}},"14":{"start":{"line":42,"column":4},"end":{"line":42,"column":72}},"15":{"start":{"line":43,"column":4},"end":{"line":43,"column":20}},"16":{"start":{"line":45,"column":2},"end":{"line":45,"column":56}},"17":{"start":{"line":46,"column":2},"end":{"line":46,"column":18}}},"fnMap":{},"branchMap":{"0":{"loc":{"start":{"line":29,"column":2},"end":{"line":32,"column":3}},"type":"if","locations":[{"start":{"line":29,"column":2},"end":{"line":32,"column":3}},{"start":{},"end":{}}],"line":29},"1":{"loc":{"start":{"line":41,"column":2},"end":{"line":44,"column":3}},"type":"if","locations":[{"start":{"line":41,"column":2},"end":{"line":44,"column":3}},{"start":{},"end":{}}],"line":41},"2":{"loc":{"start":{"line":41,"column":6},"end":{"line":41,"column":41}},"type":"binary-expr","locations":[{"start":{"line":41,"column":6},"end":{"line":41,"column":24}},{"start":{"line":41,"column":28},"end":{"line":41,"column":41}}],"line":41}},"s":{"0":0,"1":0,"2":0,"3":0,"4":0,"5":0,"6":0,"7":0,"8":0,"9":0,"10":0,"11":0,"12":0,"13":0,"14":0,"15":0,"16":0,"17":0},"f":{},"b":{"0":[0,0],"1":[0,0],"2":[0,0]}}
,"/Users/carson/Downloads/SpendSync-ios-backend-oreo/src/utils/generate-declaration-files.js": {"path":"/Users/carson/Downloads/SpendSync-ios-backend-oreo/src/utils/generate-declaration-files.js","statementMap":{"0":{"start":{"line":17,"column":11},"end":{"line":17,"column":24}},"1":{"start":{"line":18,"column":13},"end":{"line":18,"column":28}},"2":{"start":{"line":19,"column":21},"end":{"line":19,"column":45}},"3":{"start":{"line":22,"column":15},"end":{"line":38,"column":1}},"4":{"start":{"line":44,"column":2},"end":{"line":51,"column":3}},"5":{"start":{"line":45,"column":16},"end":{"line":45,"column":103}},"6":{"start":{"line":46,"column":19},"end":{"line":46,"column":54}},"7":{"start":{"line":47,"column":4},"end":{"line":47,"column":46}},"8":{"start":{"line":49,"column":4},"end":{"line":49,"column":69}},"9":{"start":{"line":50,"column":4},"end":{"line":50,"column":14}},"10":{"start":{"line":58,"column":26},"end":{"line":58,"column":28}},"11":{"start":{"line":60,"column":2},"end":{"line":76,"column":3}},"12":{"start":{"line":61,"column":4},"end":{"line":75,"column":5}},"13":{"start":{"line":62,"column":22},"end":{"line":62,"column":51}},"14":{"start":{"line":63,"column":25},"end":{"line":63,"column":51}},"15":{"start":{"line":64,"column":20},"end":{"line":64,"column":47}},"16":{"start":{"line":66,"column":6},"end":{"line":72,"column":7}},"17":{"start":{"line":67,"column":8},"end":{"line":71,"column":11}},"18":{"start":{"line":74,"column":6},"end":{"line":74,"column":69}},"19":{"start":{"line":78,"column":2},"end":{"line":78,"column":25}},"20":{"start":{"line":85,"column":25},"end":{"line":85,"column":103}},"21":{"start":{"line":86,"column":18},"end":{"line":86,"column":55}},"22":{"start":{"line":88,"column":2},"end":{"line":91,"column":6}},"23":{"start":{"line":88,"column":31},"end":{"line":91,"column":3}},"24":{"start":{"line":98,"column":20},"end":{"line":98,"column":71}},"25":{"start":{"line":99,"column":18},"end":{"line":99,"column":50}},"26":{"start":{"line":101,"column":2},"end":{"line":104,"column":6}},"27":{"start":{"line":101,"column":31},"end":{"line":104,"column":3}},"28":{"start":{"line":112,"column":21},"end":{"line":112,"column":30}},"29":{"start":{"line":114,"column":2},"end":{"line":128,"column":3}},"30":{"start":{"line":116,"column":22},"end":{"line":116,"column":41}},"31":{"start":{"line":117,"column":23},"end":{"line":117,"column":52}},"32":{"start":{"line":119,"column":4},"end":{"line":127,"column":5}},"33":{"start":{"line":120,"column":26},"end":{"line":120,"column":51}},"34":{"start":{"line":122,"column":6},"end":{"line":124,"column":7}},"35":{"start":{"line":123,"column":8},"end":{"line":123,"column":40}},"36":{"start":{"line":126,"column":6},"end":{"line":126,"column":44}},"37":{"start":{"line":131,"column":2},"end":{"line":155,"column":3}},"38":{"start":{"line":132,"column":28},"end":{"line":139,"column":5}},"39":{"start":{"line":142,"column":4},"end":{"line":144,"column":5}},"40":{"start":{"line":143,"column":6},"end":{"line":143,"column":57}},"41":{"start":{"line":147,"column":21},"end":{"line":147,"column":68}},"42":{"start":{"line":148,"column":4},"end":{"line":148,"column":73}},"43":{"start":{"line":151,"column":26},"end":{"line":151,"column":72}},"44":{"start":{"line":152,"column":4},"end":{"line":152,"column":106}},"45":{"start":{"line":154,"column":4},"end":{"line":154,"column":74}},"46":{"start":{"line":162,"column":18},"end":{"line":172,"column":3}},"47":{"start":{"line":174,"column":21},"end":{"line":174,"column":23}},"48":{"start":{"line":175,"column":16},"end":{"line":175,"column":18}},"49":{"start":{"line":178,"column":2},"end":{"line":181,"column":3}},"50":{"start":{"line":179,"column":4},"end":{"line":179,"column":59}},"51":{"start":{"line":179,"column":47},"end":{"line":179,"column":56}},"52":{"start":{"line":180,"column":4},"end":{"line":180,"column":49}},"53":{"start":{"line":180,"column":37},"end":{"line":180,"column":46}},"54":{"start":{"line":183,"column":2},"end":{"line":189,"column":15}},"55":{"start":{"line":196,"column":2},"end":{"line":256,"column":3}},"56":{"start":{"line":263,"column":17},"end":{"line":269,"column":3}},"57":{"start":{"line":271,"column":21},"end":{"line":271,"column":23}},"58":{"start":{"line":272,"column":16},"end":{"line":272,"column":18}},"59":{"start":{"line":275,"column":2},"end":{"line":278,"column":3}},"60":{"start":{"line":276,"column":4},"end":{"line":276,"column":59}},"61":{"start":{"line":276,"column":47},"end":{"line":276,"column":56}},"62":{"start":{"line":277,"column":4},"end":{"line":277,"column":49}},"63":{"start":{"line":277,"column":37},"end":{"line":277,"column":46}},"64":{"start":{"line":280,"column":18},"end":{"line":286,"column":14}},"65":{"start":{"line":288,"column":2},"end":{"line":288,"column":38}},"66":{"start":{"line":289,"column":2},"end":{"line":289,"column":57}},"67":{"start":{"line":296,"column":2},"end":{"line":296,"column":58}},"68":{"start":{"line":303,"column":15},"end":{"line":303,"column":36}},"69":{"start":{"line":304,"column":19},"end":{"line":304,"column":42}},"70":{"start":{"line":306,"column":2},"end":{"line":306,"column":55}},"71":{"start":{"line":307,"column":2},"end":{"line":307,"column":54}},"72":{"start":{"line":310,"column":2},"end":{"line":312,"column":3}},"73":{"start":{"line":311,"column":4},"end":{"line":311,"column":55}},"74":{"start":{"line":315,"column":2},"end":{"line":315,"column":50}},"75":{"start":{"line":316,"column":16},"end":{"line":316,"column":37}},"76":{"start":{"line":317,"column":2},"end":{"line":317,"column":56}},"77":{"start":{"line":320,"column":2},"end":{"line":320,"column":48}},"78":{"start":{"line":321,"column":26},"end":{"line":321,"column":55}},"79":{"start":{"line":322,"column":2},"end":{"line":322,"column":77}},"80":{"start":{"line":325,"column":2},"end":{"line":330,"column":3}},"81":{"start":{"line":326,"column":4},"end":{"line":326,"column":59}},"82":{"start":{"line":327,"column":4},"end":{"line":327,"column":53}},"83":{"start":{"line":329,"column":4},"end":{"line":329,"column":25}},"84":{"start":{"line":334,"column":0},"end":{"line":334,"column":7}}},"fnMap":{"0":{"name":"scanTypeScriptFiles","decl":{"start":{"line":43,"column":9},"end":{"line":43,"column":28}},"loc":{"start":{"line":43,"column":31},"end":{"line":52,"column":1}},"line":43},"1":{"name":"extractTypeDefinitions","decl":{"start":{"line":57,"column":9},"end":{"line":57,"column":31}},"loc":{"start":{"line":57,"column":39},"end":{"line":79,"column":1}},"line":57},"2":{"name":"extractInterfaces","decl":{"start":{"line":84,"column":9},"end":{"line":84,"column":26}},"loc":{"start":{"line":84,"column":36},"end":{"line":92,"column":1}},"line":84},"3":{"name":"(anonymous_3)","decl":{"start":{"line":88,"column":21},"end":{"line":88,"column":22}},"loc":{"start":{"line":88,"column":31},"end":{"line":91,"column":3}},"line":88},"4":{"name":"extractTypeAliases","decl":{"start":{"line":97,"column":9},"end":{"line":97,"column":27}},"loc":{"start":{"line":97,"column":37},"end":{"line":105,"column":1}},"line":97},"5":{"name":"(anonymous_5)","decl":{"start":{"line":101,"column":21},"end":{"line":101,"column":22}},"loc":{"start":{"line":101,"column":31},"end":{"line":104,"column":3}},"line":101},"6":{"name":"generateServiceDeclarationFiles","decl":{"start":{"line":110,"column":9},"end":{"line":110,"column":40}},"loc":{"start":{"line":110,"column":58},"end":{"line":156,"column":1}},"line":110},"7":{"name":"generateIndexDeclarationFile","decl":{"start":{"line":161,"column":9},"end":{"line":161,"column":37}},"loc":{"start":{"line":161,"column":57},"end":{"line":190,"column":1}},"line":161},"8":{"name":"(anonymous_8)","decl":{"start":{"line":179,"column":42},"end":{"line":179,"column":43}},"loc":{"start":{"line":179,"column":47},"end":{"line":179,"column":56}},"line":179},"9":{"name":"(anonymous_9)","decl":{"start":{"line":180,"column":32},"end":{"line":180,"column":33}},"loc":{"start":{"line":180,"column":37},"end":{"line":180,"column":46}},"line":180},"10":{"name":"generateMiddlewareDeclarationFile","decl":{"start":{"line":195,"column":9},"end":{"line":195,"column":42}},"loc":{"start":{"line":195,"column":56},"end":{"line":257,"column":1}},"line":195},"11":{"name":"generateDeclarationFile","decl":{"start":{"line":262,"column":9},"end":{"line":262,"column":32}},"loc":{"start":{"line":262,"column":60},"end":{"line":290,"column":1}},"line":262},"12":{"name":"(anonymous_12)","decl":{"start":{"line":276,"column":42},"end":{"line":276,"column":43}},"loc":{"start":{"line":276,"column":47},"end":{"line":276,"column":56}},"line":276},"13":{"name":"(anonymous_13)","decl":{"start":{"line":277,"column":32},"end":{"line":277,"column":33}},"loc":{"start":{"line":277,"column":37},"end":{"line":277,"column":46}},"line":277},"14":{"name":"capitalizeFirstLetter","decl":{"start":{"line":295,"column":9},"end":{"line":295,"column":30}},"loc":{"start":{"line":295,"column":39},"end":{"line":297,"column":1}},"line":295},"15":{"name":"main","decl":{"start":{"line":302,"column":9},"end":{"line":302,"column":13}},"loc":{"start":{"line":302,"column":16},"end":{"line":331,"column":1}},"line":302}},"branchMap":{"0":{"loc":{"start":{"line":66,"column":6},"end":{"line":72,"column":7}},"type":"if","locations":[{"start":{"line":66,"column":6},"end":{"line":72,"column":7}},{"start":{},"end":{}}],"line":66},"1":{"loc":{"start":{"line":66,"column":10},"end":{"line":66,"column":51}},"type":"binary-expr","locations":[{"start":{"line":66,"column":10},"end":{"line":66,"column":31}},{"start":{"line":66,"column":35},"end":{"line":66,"column":51}}],"line":66},"2":{"loc":{"start":{"line":119,"column":4},"end":{"line":127,"column":5}},"type":"if","locations":[{"start":{"line":119,"column":4},"end":{"line":127,"column":5}},{"start":{},"end":{}}],"line":119},"3":{"loc":{"start":{"line":119,"column":8},"end":{"line":119,"column":62}},"type":"binary-expr","locations":[{"start":{"line":119,"column":8},"end":{"line":119,"column":25}},{"start":{"line":119,"column":29},"end":{"line":119,"column":62}}],"line":119},"4":{"loc":{"start":{"line":122,"column":6},"end":{"line":124,"column":7}},"type":"if","locations":[{"start":{"line":122,"column":6},"end":{"line":124,"column":7}},{"start":{},"end":{}}],"line":122},"5":{"loc":{"start":{"line":142,"column":4},"end":{"line":144,"column":5}},"type":"if","locations":[{"start":{"line":142,"column":4},"end":{"line":144,"column":5}},{"start":{},"end":{}}],"line":142},"6":{"loc":{"start":{"line":310,"column":2},"end":{"line":312,"column":3}},"type":"if","locations":[{"start":{"line":310,"column":2},"end":{"line":312,"column":3}},{"start":{},"end":{}}],"line":310},"7":{"loc":{"start":{"line":325,"column":2},"end":{"line":330,"column":3}},"type":"if","locations":[{"start":{"line":325,"column":2},"end":{"line":330,"column":3}},{"start":{},"end":{}}],"line":325}},"s":{"0":0,"1":0,"2":0,"3":0,"4":0,"5":0,"6":0,"7":0,"8":0,"9":0,"10":0,"11":0,"12":0,"13":0,"14":0,"15":0,"16":0,"17":0,"18":0,"19":0,"20":0,"21":0,"22":0,"23":0,"24":0,"25":0,"26":0,"27":0,"28":0,"29":0,"30":0,"31":0,"32":0,"33":0,"34":0,"35":0,"36":0,"37":0,"38":0,"39":0,"40":0,"41":0,"42":0,"43":0,"44":0,"45":0,"46":0,"47":0,"48":0,"49":0,"50":0,"51":0,"52":0,"53":0,"54":0,"55":0,"56":0,"57":0,"58":0,"59":0,"60":0,"61":0,"62":0,"63":0,"64":0,"65":0,"66":0,"67":0,"68":0,"69":0,"70":0,"71":0,"72":0,"73":0,"74":0,"75":0,"76":0,"77":0,"78":0,"79":0,"80":0,"81":0,"82":0,"83":0,"84":0},"f":{"0":0,"1":0,"2":0,"3":0,"4":0,"5":0,"6":0,"7":0,"8":0,"9":0,"10":0,"11":0,"12":0,"13":0,"14":0,"15":0},"b":{"0":[0,0],"1":[0,0],"2":[0,0],"3":[0,0],"4":[0,0],"5":[0,0],"6":[0,0],"7":[0,0]}}
}
