TN:
SF:src/index.js
FN:25,(anonymous_0)
FN:41,(anonymous_1)
FN:54,(anonymous_2)
FNF:3
FNH:0
FNDA:0,(anonymous_0)
FNDA:0,(anonymous_1)
FNDA:0,(anonymous_2)
DA:8,0
DA:9,0
DA:10,0
DA:11,0
DA:14,0
DA:15,0
DA:18,0
DA:19,0
DA:22,0
DA:25,0
DA:26,0
DA:27,0
DA:31,0
DA:38,0
DA:41,0
DA:42,0
DA:50,0
DA:53,0
DA:54,0
DA:55,0
DA:56,0
DA:57,0
DA:61,0
LF:23
LH:0
BRDA:15,0,0,0
BRDA:15,0,1,0
BRDA:53,1,0,0
BRDA:53,1,1,0
BRF:4
BRH:0
end_of_record
TN:
SF:src/api-gateway/config.js
FNF:0
FNH:0
DA:7,3
DA:10,3
DA:32,3
DA:53,3
LF:4
LH:4
BRDA:7,0,0,3
BRDA:7,0,1,0
BRDA:12,1,0,3
BRDA:12,1,1,3
BRDA:13,2,0,3
BRDA:13,2,1,3
BRDA:14,3,0,3
BRDA:14,3,1,3
BRDA:15,4,0,3
BRDA:15,4,1,3
BRDA:18,5,0,3
BRDA:18,5,1,3
BRDA:19,6,0,3
BRDA:19,6,1,3
BRDA:20,7,0,3
BRDA:20,7,1,3
BRDA:21,8,0,3
BRDA:21,8,1,3
BRDA:33,9,0,3
BRDA:33,9,1,3
BRDA:34,10,0,3
BRDA:34,10,1,3
BRDA:43,11,0,3
BRDA:43,11,1,3
BRDA:49,12,0,0
BRDA:49,12,1,3
BRF:26
BRH:24
end_of_record
TN:
SF:src/api-gateway/index.js
FN:47,(anonymous_0)
FN:56,(anonymous_1)
FN:113,(anonymous_2)
FN:170,(anonymous_3)
FN:233,(anonymous_4)
FN:316,(anonymous_5)
FN:393,(anonymous_6)
FN:406,(anonymous_7)
FN:417,(anonymous_8)
FN:422,(anonymous_9)
FN:424,(anonymous_10)
FNF:11
FNH:5
FNDA:1,(anonymous_0)
FNDA:1,(anonymous_1)
FNDA:1,(anonymous_2)
FNDA:0,(anonymous_3)
FNDA:1,(anonymous_4)
FNDA:0,(anonymous_5)
FNDA:0,(anonymous_6)
FNDA:1,(anonymous_7)
FNDA:0,(anonymous_8)
FNDA:0,(anonymous_9)
FNDA:0,(anonymous_10)
DA:7,2
DA:8,2
DA:9,2
DA:10,2
DA:11,2
DA:12,2
DA:13,2
DA:14,2
DA:15,2
DA:16,2
DA:19,2
DA:22,2
DA:34,2
DA:37,2
DA:40,2
DA:43,2
DA:44,2
DA:47,2
DA:48,1
DA:56,2
DA:57,1
DA:113,2
DA:114,1
DA:170,2
DA:171,0
DA:233,2
DA:234,1
DA:316,2
DA:317,0
DA:381,2
DA:387,2
DA:390,2
DA:393,2
DA:394,0
DA:395,0
DA:396,0
DA:402,0
DA:406,2
DA:407,1
DA:416,2
DA:417,0
DA:418,0
DA:422,0
DA:423,0
DA:424,0
DA:425,0
DA:430,2
LF:47
LH:35
BRDA:37,0,0,2
BRDA:37,0,1,0
BRDA:51,1,0,1
BRDA:51,1,1,0
BRDA:395,2,0,0
BRDA:395,2,1,0
BRDA:396,3,0,0
BRDA:396,3,1,0
BRDA:416,4,0,0
BRDA:416,4,1,2
BRF:10
BRH:3
end_of_record
TN:
SF:src/api-gateway/controllers/auth.controller.js
FN:14,(anonymous_0)
FN:32,(anonymous_1)
FN:52,(anonymous_2)
FN:74,(anonymous_3)
FN:86,(anonymous_4)
FNF:5
FNH:0
FNDA:0,(anonymous_0)
FNDA:0,(anonymous_1)
FNDA:0,(anonymous_2)
FNDA:0,(anonymous_3)
FNDA:0,(anonymous_4)
DA:7,2
DA:14,2
DA:16,0
DA:32,2
DA:33,0
DA:36,0
DA:38,0
DA:52,2
DA:54,0
DA:61,0
DA:63,0
DA:74,2
DA:75,0
DA:86,2
DA:88,0
DA:94,2
LF:16
LH:7
BRDA:21,0,0,0
BRDA:21,0,1,0
BRDA:22,1,0,0
BRDA:22,1,1,0
BRDA:36,2,0,0
BRDA:36,2,1,0
BRDA:36,3,0,0
BRDA:36,3,1,0
BRF:8
BRH:0
end_of_record
TN:
SF:src/api-gateway/middleware/auth.middleware.js
FN:39,isPublicRoute
FN:40,(anonymous_1)
FN:61,authenticate
FNF:3
FNH:0
FNDA:0,isPublicRoute
FNDA:0,(anonymous_1)
FNDA:0,authenticate
DA:7,0
DA:8,0
DA:9,0
DA:10,0
DA:13,0
DA:22,0
DA:40,0
DA:42,0
DA:43,0
DA:47,0
DA:48,0
DA:51,0
DA:63,0
DA:71,0
DA:72,0
DA:74,0
DA:77,0
LF:17
LH:0
BRDA:42,0,0,0
BRDA:42,0,1,0
BRDA:42,1,0,0
BRDA:42,1,1,0
BRDA:42,1,2,0
BRDA:47,2,0,0
BRDA:47,2,1,0
BRDA:47,3,0,0
BRDA:47,3,1,0
BRF:9
BRH:0
end_of_record
TN:
SF:src/api-gateway/middleware/index.js
FNF:0
FNH:0
DA:7,0
DA:8,0
DA:10,0
LF:3
LH:0
BRF:0
BRH:0
end_of_record
TN:
SF:src/api-gateway/middleware/rbac.middleware.js
FN:34,checkRouteAccess
FN:41,(anonymous_1)
FN:65,checkRoles
FN:66,(anonymous_3)
FN:94,extractResourceId
FN:105,checkOwnership
FN:106,(anonymous_6)
FNF:7
FNH:0
FNDA:0,checkRouteAccess
FNDA:0,(anonymous_1)
FNDA:0,checkRoles
FNDA:0,(anonymous_3)
FNDA:0,extractResourceId
FNDA:0,checkOwnership
FNDA:0,(anonymous_6)
DA:7,0
DA:13,0
DA:35,0
DA:37,0
DA:39,0
DA:41,0
DA:43,0
DA:44,0
DA:48,0
DA:49,0
DA:53,0
DA:58,0
DA:66,0
DA:68,0
DA:69,0
DA:72,0
DA:73,0
DA:75,0
DA:76,0
DA:80,0
DA:81,0
DA:84,0
DA:95,0
DA:96,0
DA:98,0
DA:106,0
DA:108,0
DA:109,0
DA:113,0
DA:114,0
DA:118,0
DA:121,0
DA:122,0
DA:124,0
DA:125,0
DA:127,0
DA:131,0
DA:132,0
DA:136,0
DA:140,0
DA:144,0
LF:41
LH:0
BRDA:34,0,0,0
BRDA:39,1,0,0
BRDA:39,1,1,0
BRDA:39,2,0,0
BRDA:39,2,1,0
BRDA:39,2,2,0
BRDA:43,3,0,0
BRDA:43,3,1,0
BRDA:48,4,0,0
BRDA:48,4,1,0
BRDA:48,5,0,0
BRDA:48,5,1,0
BRDA:68,6,0,0
BRDA:68,6,1,0
BRDA:72,7,0,0
BRDA:72,7,1,0
BRDA:75,8,0,0
BRDA:75,8,1,0
BRDA:80,9,0,0
BRDA:80,9,1,0
BRDA:98,10,0,0
BRDA:98,10,1,0
BRDA:108,11,0,0
BRDA:108,11,1,0
BRDA:113,12,0,0
BRDA:113,12,1,0
BRDA:113,13,0,0
BRDA:113,13,1,0
BRDA:121,14,0,0
BRDA:121,14,1,0
BRDA:124,15,0,0
BRDA:124,15,1,0
BRDA:127,16,0,0
BRDA:127,16,1,0
BRDA:132,17,0,0
BRDA:132,17,1,0
BRF:36
BRH:0
end_of_record
TN:
SF:src/api-gateway/routes/auth.routes.js
FNF:0
FNH:0
DA:8,2
DA:9,2
DA:10,2
DA:12,2
DA:19,2
DA:26,2
DA:33,2
DA:40,2
DA:47,2
DA:49,2
LF:10
LH:10
BRF:0
BRH:0
end_of_record
TN:
SF:src/api-gateway/routes/index.js
FN:18,(anonymous_0)
FN:23,(anonymous_1)
FN:28,(anonymous_2)
FN:33,(anonymous_3)
FN:38,(anonymous_4)
FNF:5
FNH:5
FNDA:2,(anonymous_0)
FNDA:2,(anonymous_1)
FNDA:5,(anonymous_2)
FNDA:1,(anonymous_3)
FNDA:2,(anonymous_4)
DA:7,2
DA:8,2
DA:9,2
DA:10,2
DA:12,2
DA:15,2
DA:18,2
DA:19,2
DA:23,2
DA:24,2
DA:28,2
DA:29,5
DA:33,2
DA:34,1
DA:38,2
DA:39,2
DA:42,2
LF:17
LH:17
BRF:0
BRH:0
end_of_record
TN:
SF:src/api-gateway/utils/service-proxy.js
FN:24,getServiceUrl
FN:45,makeServiceRequest
FN:94,extractResourcePath
FN:113,forwardRequest
FNF:4
FNH:2
FNDA:0,getServiceUrl
FNDA:2,makeServiceRequest
FNDA:0,extractResourcePath
FNDA:5,forwardRequest
DA:7,3
DA:8,3
DA:9,3
DA:12,3
DA:25,0
DA:27,0
DA:28,0
DA:29,0
DA:32,0
DA:46,2
DA:47,2
DA:48,2
DA:49,0
DA:52,2
DA:63,1
DA:71,1
DA:73,0
DA:84,1
DA:96,0
DA:97,0
DA:99,0
DA:100,0
DA:103,0
DA:114,5
DA:116,5
DA:119,5
DA:120,5
DA:121,0
DA:125,5
DA:128,5
DA:129,5
DA:132,5
DA:133,5
DA:134,5
DA:135,5
DA:139,5
DA:141,5
DA:150,5
DA:152,0
DA:154,0
DA:156,0
DA:160,0
DA:168,0
DA:171,0
DA:180,3
LF:45
LH:26
BRDA:13,0,0,3
BRDA:13,0,1,1
BRDA:27,1,0,0
BRDA:27,1,1,0
BRDA:45,2,0,0
BRDA:45,3,0,0
BRDA:45,4,0,0
BRDA:47,5,0,2
BRDA:47,5,1,0
BRDA:48,6,0,0
BRDA:48,6,1,2
BRDA:71,7,0,0
BRDA:71,7,1,1
BRDA:99,8,0,0
BRDA:99,8,1,0
BRDA:100,9,0,0
BRDA:100,9,1,0
BRDA:113,10,0,5
BRDA:116,11,0,5
BRDA:116,11,1,5
BRDA:120,12,0,0
BRDA:120,12,1,5
BRDA:132,13,0,5
BRDA:132,13,1,0
BRDA:134,14,0,5
BRDA:134,14,1,0
BRDA:150,15,0,5
BRDA:150,15,1,0
BRDA:154,16,0,0
BRDA:154,16,1,0
BRF:30
BRH:12
end_of_record
TN:
SF:src/config/monitoring.js
FN:62,(anonymous_0)
FN:66,(anonymous_1)
FN:71,(anonymous_2)
FNF:3
FNH:0
FNDA:0,(anonymous_0)
FNDA:0,(anonymous_1)
FNDA:0,(anonymous_2)
DA:7,0
DA:8,0
DA:11,0
DA:14,0
DA:21,0
DA:27,0
DA:33,0
DA:40,0
DA:48,0
DA:49,0
DA:50,0
DA:51,0
DA:54,0
DA:62,0
DA:66,0
DA:67,0
DA:71,0
DA:72,0
DA:75,0
LF:19
LH:0
BRDA:61,0,0,0
BRDA:61,0,1,0
BRF:2
BRH:0
end_of_record
TN:
SF:src/controllers/settlement.controller.js
FN:20,getSettlementSuggestions
FN:34,(anonymous_1)
FN:109,createSettlement
FN:161,getGroupSettlements
FN:196,getSettlementById
FN:227,updateSettlementStatus
FNF:6
FNH:0
FNDA:0,getSettlementSuggestions
FNDA:0,(anonymous_1)
FNDA:0,createSettlement
FNDA:0,getGroupSettlements
FNDA:0,getSettlementById
FNDA:0,updateSettlementStatus
DA:8,0
DA:9,0
DA:10,0
DA:11,0
DA:12,0
DA:21,0
DA:22,0
DA:23,0
DA:26,0
DA:29,0
DA:30,0
DA:31,0
DA:34,0
DA:35,0
DA:36,0
DA:37,0
DA:41,0
DA:42,0
DA:43,0
DA:44,0
DA:45,0
DA:50,0
DA:52,0
DA:53,0
DA:55,0
DA:56,0
DA:58,0
DA:63,0
DA:66,0
DA:67,0
DA:71,0
DA:74,0
DA:80,0
DA:81,0
DA:82,0
DA:89,0
DA:99,0
DA:110,0
DA:111,0
DA:112,0
DA:115,0
DA:116,0
DA:120,0
DA:132,0
DA:135,0
DA:138,0
DA:141,0
DA:146,0
DA:151,0
DA:162,0
DA:163,0
DA:164,0
DA:167,0
DA:169,0
DA:179,0
DA:181,0
DA:186,0
DA:197,0
DA:198,0
DA:201,0
DA:203,0
DA:206,0
DA:208,0
DA:209,0
DA:212,0
DA:217,0
DA:228,0
DA:229,0
DA:230,0
DA:231,0
DA:234,0
DA:235,0
DA:239,0
DA:240,0
DA:241,0
DA:243,0
DA:244,0
DA:248,0
DA:249,0
DA:253,0
DA:255,0
DA:256,0
DA:258,0
DA:260,0
DA:261,0
DA:266,0
DA:272,0
DA:273,0
DA:278,0
DA:280,0
DA:285,0
LF:91
LH:0
BRDA:23,0,0,0
BRDA:23,1,0,0
BRDA:36,2,0,0
BRDA:36,2,1,0
BRDA:42,3,0,0
BRDA:42,3,1,0
BRDA:50,4,0,0
BRDA:50,4,1,0
BRDA:50,4,2,0
BRDA:50,4,3,0
BRDA:55,5,0,0
BRDA:55,5,1,0
BRDA:81,6,0,0
BRDA:81,6,1,0
BRDA:115,7,0,0
BRDA:115,7,1,0
BRDA:115,8,0,0
BRDA:115,8,1,0
BRDA:115,8,2,0
BRDA:115,8,3,0
BRDA:124,9,0,0
BRDA:124,9,1,0
BRDA:164,10,0,0
BRDA:164,11,0,0
BRDA:164,12,0,0
BRDA:164,13,0,0
BRDA:208,14,0,0
BRDA:208,14,1,0
BRDA:234,15,0,0
BRDA:234,15,1,0
BRDA:234,16,0,0
BRDA:234,16,1,0
BRDA:243,17,0,0
BRDA:243,17,1,0
BRDA:248,18,0,0
BRDA:248,18,1,0
BRDA:248,19,0,0
BRDA:248,19,1,0
BRDA:253,20,0,0
BRDA:253,20,1,0
BRDA:255,21,0,0
BRDA:255,21,1,0
BRDA:258,22,0,0
BRDA:258,22,1,0
BRDA:260,23,0,0
BRDA:260,23,1,0
BRDA:276,24,0,0
BRDA:276,24,1,0
BRF:48
BRH:0
end_of_record
TN:
SF:src/database/schemas/expense-splits.schema.js
FN:16,(anonymous_0)
FN:147,(anonymous_1)
FN:171,(anonymous_2)
FNF:3
FNH:0
FNDA:0,(anonymous_0)
FNDA:0,(anonymous_1)
FNDA:0,(anonymous_2)
DA:9,0
DA:16,0
DA:17,0
DA:147,0
DA:149,0
DA:155,0
DA:161,0
DA:171,0
DA:176,0
DA:177,0
DA:178,0
DA:180,0
DA:181,0
DA:183,0
DA:184,0
DA:186,0
DA:187,0
DA:188,0
DA:193,0
LF:19
LH:0
BRDA:176,0,0,0
BRDA:176,0,1,0
BRDA:180,1,0,0
BRDA:180,1,1,0
BRDA:183,2,0,0
BRDA:183,2,1,0
BRDA:186,3,0,0
BRDA:186,3,1,0
BRF:8
BRH:0
end_of_record
TN:
SF:src/models/settlement.model.js
FN:114,(anonymous_0)
FNF:1
FNH:0
FNDA:0,(anonymous_0)
DA:62,0
DA:64,0
DA:107,0
DA:108,0
DA:109,0
DA:110,0
DA:111,0
DA:114,0
DA:115,0
DA:118,0
DA:119,0
DA:120,0
DA:122,0
DA:125,0
DA:127,0
LF:15
LH:0
BRF:0
BRH:0
end_of_record
TN:
SF:src/services/analytics-service/__tests__/setup.js
FN:6,(anonymous_0)
FN:19,(anonymous_1)
FN:28,(anonymous_2)
FN:38,(anonymous_3)
FN:42,(anonymous_4)
FNF:5
FNH:0
FNDA:0,(anonymous_0)
FNDA:0,(anonymous_1)
FNDA:0,(anonymous_2)
FNDA:0,(anonymous_3)
FNDA:0,(anonymous_4)
DA:1,0
DA:2,0
DA:6,0
DA:7,0
DA:8,0
DA:10,0
DA:19,0
DA:20,0
DA:22,0
DA:23,0
DA:24,0
DA:28,0
DA:29,0
DA:30,0
DA:32,0
DA:33,0
DA:38,0
DA:39,0
DA:42,0
DA:43,0
LF:20
LH:0
BRDA:29,0,0,0
BRDA:29,0,1,0
BRDA:32,1,0,0
BRDA:32,1,1,0
BRF:4
BRH:0
end_of_record
TN:
SF:src/services/analytics-service/src/index.js
FN:43,(anonymous_0)
FN:44,(anonymous_1)
FN:47,(anonymous_2)
FN:73,(anonymous_3)
FN:93,(anonymous_4)
FN:103,(anonymous_5)
FNF:6
FNH:1
FNDA:0,(anonymous_0)
FNDA:3,(anonymous_1)
FNDA:0,(anonymous_2)
FNDA:0,(anonymous_3)
FNDA:0,(anonymous_4)
FNDA:0,(anonymous_5)
DA:10,3
DA:11,3
DA:14,3
DA:26,3
DA:27,3
DA:28,3
DA:29,3
DA:32,3
DA:41,3
DA:42,3
DA:43,0
DA:44,3
DA:47,3
DA:48,0
DA:73,3
DA:74,0
DA:87,3
DA:88,3
DA:89,3
DA:90,3
DA:93,3
DA:94,0
DA:95,0
DA:102,3
DA:103,0
DA:104,0
DA:105,0
DA:106,0
LF:28
LH:19
BRDA:11,0,0,3
BRDA:11,0,1,3
BRDA:41,1,0,3
BRDA:41,1,1,3
BRDA:97,2,0,0
BRDA:97,2,1,0
BRDA:102,3,0,0
BRDA:102,3,1,3
BRF:8
BRH:5
end_of_record
TN:
SF:src/services/analytics-service/src/models/AnalyticsEvent.js
FN:51,(anonymous_0)
FN:74,(anonymous_1)
FN:104,(anonymous_2)
FN:132,(anonymous_3)
FN:133,(anonymous_4)
FN:138,(anonymous_5)
FNF:6
FNH:0
FNDA:0,(anonymous_0)
FNDA:0,(anonymous_1)
FNDA:0,(anonymous_2)
FNDA:0,(anonymous_3)
FNDA:0,(anonymous_4)
FNDA:0,(anonymous_5)
DA:3,3
DA:46,3
DA:47,3
DA:48,3
DA:51,3
DA:52,0
DA:74,3
DA:75,0
DA:76,0
DA:78,0
DA:104,3
DA:105,0
DA:106,0
DA:108,0
DA:132,0
DA:133,0
DA:134,0
DA:138,0
DA:144,3
LF:19
LH:8
BRDA:74,0,0,0
BRDA:74,1,0,0
BRDA:91,2,0,0
BRDA:91,2,1,0
BRDA:98,3,0,0
BRDA:98,3,1,0
BRDA:104,4,0,0
BRDA:134,5,0,0
BRDA:134,5,1,0
BRF:9
BRH:0
end_of_record
TN:
SF:src/services/analytics-service/src/models/SpendingReport.js
FN:79,(anonymous_0)
FN:87,(anonymous_1)
FN:102,(anonymous_2)
FN:119,(anonymous_3)
FN:120,(anonymous_4)
FNF:5
FNH:0
FNDA:0,(anonymous_0)
FNDA:0,(anonymous_1)
FNDA:0,(anonymous_2)
FNDA:0,(anonymous_3)
FNDA:0,(anonymous_4)
DA:3,3
DA:75,3
DA:76,3
DA:79,3
DA:80,0
DA:87,3
DA:88,0
DA:91,0
DA:92,0
DA:102,0
DA:103,0
DA:104,0
DA:118,0
DA:119,0
DA:120,0
DA:125,0
DA:126,0
DA:133,0
DA:136,3
LF:19
LH:6
BRDA:91,0,0,0
BRDA:91,0,1,0
BRDA:94,1,0,0
BRDA:94,1,1,0
BRDA:97,2,0,0
BRDA:97,2,1,0
BRDA:103,3,0,0
BRDA:103,3,1,0
BRDA:107,4,0,0
BRDA:107,4,1,0
BRDA:125,5,0,0
BRDA:125,5,1,0
BRF:12
BRH:0
end_of_record
TN:
SF:src/services/analytics-service/src/routes/budget.js
FN:22,(anonymous_0)
FN:32,(anonymous_1)
FN:89,(anonymous_2)
FN:109,(anonymous_3)
FN:110,(anonymous_4)
FN:133,(anonymous_5)
FN:177,(anonymous_6)
FN:208,generateBudgetRecommendations
FN:211,(anonymous_8)
FNF:9
FNH:0
FNDA:0,(anonymous_0)
FNDA:0,(anonymous_1)
FNDA:0,(anonymous_2)
FNDA:0,(anonymous_3)
FNDA:0,(anonymous_4)
FNDA:0,(anonymous_5)
FNDA:0,(anonymous_6)
FNDA:0,generateBudgetRecommendations
FNDA:0,(anonymous_8)
DA:6,3
DA:9,3
DA:23,0
DA:24,0
DA:25,0
DA:27,0
DA:32,3
DA:33,0
DA:34,0
DA:35,0
DA:36,0
DA:39,0
DA:43,0
DA:45,0
DA:46,0
DA:47,0
DA:49,0
DA:50,0
DA:51,0
DA:53,0
DA:54,0
DA:55,0
DA:57,0
DA:58,0
DA:62,0
DA:81,0
DA:89,0
DA:90,0
DA:91,0
DA:92,0
DA:93,0
DA:95,0
DA:109,0
DA:110,0
DA:112,0
DA:128,0
DA:133,3
DA:134,0
DA:135,0
DA:136,0
DA:137,0
DA:141,0
DA:142,0
DA:144,0
DA:168,0
DA:176,0
DA:177,0
DA:178,0
DA:179,0
DA:180,0
DA:186,0
DA:187,0
DA:195,0
DA:203,0
DA:209,0
DA:211,0
DA:212,0
DA:214,0
DA:215,0
DA:222,0
DA:223,0
DA:230,0
DA:231,0
DA:241,0
LF:64
LH:4
BRDA:24,0,0,0
BRDA:24,0,1,0
BRDA:35,1,0,0
BRDA:35,1,1,0
BRDA:39,2,0,0
BRDA:39,2,1,0
BRDA:43,3,0,0
BRDA:43,3,1,0
BRDA:43,3,2,0
BRDA:43,3,3,0
BRDA:90,4,0,0
BRDA:90,4,1,0
BRDA:93,5,0,0
BRDA:93,5,1,0
BRDA:101,6,0,0
BRDA:101,6,1,0
BRDA:102,7,0,0
BRDA:102,7,1,0
BRDA:136,8,0,0
BRDA:136,8,1,0
BRDA:179,9,0,0
BRDA:179,9,1,0
BRDA:186,10,0,0
BRDA:186,10,1,0
BRDA:191,11,0,0
BRDA:191,11,1,0
BRDA:214,12,0,0
BRDA:214,12,1,0
BRDA:222,13,0,0
BRDA:222,13,1,0
BRDA:230,14,0,0
BRDA:230,14,1,0
BRDA:230,15,0,0
BRDA:230,15,1,0
BRF:34
BRH:0
end_of_record
TN:
SF:src/services/analytics-service/src/routes/insights.js
FN:11,(anonymous_0)
FN:29,(anonymous_1)
FN:30,(anonymous_2)
FN:52,(anonymous_3)
FN:53,(anonymous_4)
FN:56,(anonymous_5)
FN:71,(anonymous_6)
FN:83,(anonymous_7)
FN:94,(anonymous_8)
FN:99,(anonymous_9)
FN:112,(anonymous_10)
FN:145,(anonymous_11)
FN:161,(anonymous_12)
FN:163,(anonymous_13)
FN:193,(anonymous_14)
FNF:15
FNH:0
FNDA:0,(anonymous_0)
FNDA:0,(anonymous_1)
FNDA:0,(anonymous_2)
FNDA:0,(anonymous_3)
FNDA:0,(anonymous_4)
FNDA:0,(anonymous_5)
FNDA:0,(anonymous_6)
FNDA:0,(anonymous_7)
FNDA:0,(anonymous_8)
FNDA:0,(anonymous_9)
FNDA:0,(anonymous_10)
FNDA:0,(anonymous_11)
FNDA:0,(anonymous_12)
FNDA:0,(anonymous_13)
FNDA:0,(anonymous_14)
DA:8,3
DA:11,3
DA:12,0
DA:13,0
DA:14,0
DA:15,0
DA:19,0
DA:20,0
DA:23,0
DA:26,0
DA:29,0
DA:30,0
DA:31,0
DA:32,0
DA:36,0
DA:39,0
DA:40,0
DA:41,0
DA:51,0
DA:52,0
DA:53,0
DA:56,0
DA:57,0
DA:70,0
DA:71,0
DA:74,0
DA:76,0
DA:83,0
DA:89,0
DA:94,0
DA:99,0
DA:107,0
DA:112,3
DA:113,0
DA:114,0
DA:115,0
DA:116,0
DA:120,0
DA:121,0
DA:123,0
DA:144,0
DA:145,0
DA:146,0
DA:147,0
DA:153,0
DA:154,0
DA:155,0
DA:158,0
DA:161,0
DA:162,0
DA:163,0
DA:166,0
DA:167,0
DA:177,0
DA:178,0
DA:188,0
DA:194,0
DA:198,0
LF:58
LH:3
BRDA:14,0,0,0
BRDA:14,0,1,0
BRDA:31,1,0,0
BRDA:31,1,1,0
BRDA:40,2,0,0
BRDA:40,2,1,0
BRDA:43,3,0,0
BRDA:43,3,1,0
BRDA:46,4,0,0
BRDA:46,4,1,0
BRDA:115,5,0,0
BRDA:115,5,1,0
BRDA:146,6,0,0
BRDA:146,6,1,0
BRDA:166,7,0,0
BRDA:166,7,1,0
BRDA:166,8,0,0
BRDA:166,8,1,0
BRDA:177,9,0,0
BRDA:177,9,1,0
BRDA:177,10,0,0
BRDA:177,10,1,0
BRDA:194,11,0,0
BRDA:194,11,1,0
BRF:24
BRH:0
end_of_record
TN:
SF:src/services/analytics-service/src/routes/predictions.js
FN:20,(anonymous_0)
FN:30,(anonymous_1)
FN:67,(anonymous_2)
FN:68,(anonymous_3)
FN:76,(anonymous_4)
FN:77,(anonymous_5)
FN:87,(anonymous_6)
FN:122,(anonymous_7)
FN:167,(anonymous_8)
FN:169,(anonymous_9)
FN:171,(anonymous_10)
FN:172,(anonymous_11)
FN:175,(anonymous_12)
FN:209,(anonymous_13)
FN:247,(anonymous_14)
FN:254,(anonymous_15)
FN:260,(anonymous_16)
FN:263,(anonymous_17)
FN:271,(anonymous_18)
FN:272,(anonymous_19)
FN:274,(anonymous_20)
FN:275,(anonymous_21)
FNF:22
FNH:0
FNDA:0,(anonymous_0)
FNDA:0,(anonymous_1)
FNDA:0,(anonymous_2)
FNDA:0,(anonymous_3)
FNDA:0,(anonymous_4)
FNDA:0,(anonymous_5)
FNDA:0,(anonymous_6)
FNDA:0,(anonymous_7)
FNDA:0,(anonymous_8)
FNDA:0,(anonymous_9)
FNDA:0,(anonymous_10)
FNDA:0,(anonymous_11)
FNDA:0,(anonymous_12)
FNDA:0,(anonymous_13)
FNDA:0,(anonymous_14)
FNDA:0,(anonymous_15)
FNDA:0,(anonymous_16)
FNDA:0,(anonymous_17)
FNDA:0,(anonymous_18)
FNDA:0,(anonymous_19)
FNDA:0,(anonymous_20)
FNDA:0,(anonymous_21)
DA:8,3
DA:11,3
DA:21,0
DA:22,0
DA:23,0
DA:25,0
DA:30,3
DA:31,0
DA:32,0
DA:33,0
DA:34,0
DA:37,0
DA:40,0
DA:41,0
DA:43,0
DA:67,0
DA:68,0
DA:71,0
DA:74,0
DA:75,0
DA:76,0
DA:77,0
DA:80,0
DA:81,0
DA:82,0
DA:83,0
DA:86,0
DA:87,0
DA:88,0
DA:90,0
DA:92,0
DA:105,0
DA:117,0
DA:122,3
DA:123,0
DA:124,0
DA:125,0
DA:126,0
DA:129,0
DA:130,0
DA:133,0
DA:134,0
DA:136,0
DA:141,0
DA:142,0
DA:145,0
DA:166,0
DA:167,0
DA:169,0
DA:170,0
DA:171,0
DA:172,0
DA:174,0
DA:175,0
DA:176,0
DA:178,0
DA:179,0
DA:180,0
DA:181,0
DA:187,0
DA:195,0
DA:204,0
DA:209,3
DA:210,0
DA:211,0
DA:212,0
DA:213,0
DA:217,0
DA:218,0
DA:220,0
DA:244,0
DA:245,0
DA:247,0
DA:248,0
DA:249,0
DA:250,0
DA:254,0
DA:260,0
DA:263,0
DA:268,0
DA:271,0
DA:272,0
DA:274,0
DA:275,0
DA:282,0
LF:85
LH:5
BRDA:22,0,0,0
BRDA:22,0,1,0
BRDA:33,1,0,0
BRDA:33,1,1,0
BRDA:37,2,0,0
BRDA:37,2,1,0
BRDA:100,3,0,0
BRDA:100,3,1,0
BRDA:125,4,0,0
BRDA:125,4,1,0
BRDA:129,5,0,0
BRDA:129,5,1,0
BRDA:141,6,0,0
BRDA:141,6,1,0
BRDA:174,7,0,0
BRDA:174,7,1,0
BRDA:190,8,0,0
BRDA:190,8,1,0
BRDA:212,9,0,0
BRDA:212,9,1,0
BRDA:256,10,0,0
BRDA:256,10,1,0
BRF:22
BRH:0
end_of_record
TN:
SF:src/services/analytics-service/src/routes/spending.js
FN:19,(anonymous_0)
FN:29,(anonymous_1)
FN:42,(anonymous_2)
FN:43,(anonymous_3)
FN:64,(anonymous_4)
FN:77,(anonymous_5)
FN:96,(anonymous_6)
FN:123,(anonymous_7)
FN:155,(anonymous_8)
FN:168,(anonymous_9)
FN:169,(anonymous_10)
FN:171,(anonymous_11)
FN:174,(anonymous_12)
FN:192,(anonymous_13)
FNF:14
FNH:0
FNDA:0,(anonymous_0)
FNDA:0,(anonymous_1)
FNDA:0,(anonymous_2)
FNDA:0,(anonymous_3)
FNDA:0,(anonymous_4)
FNDA:0,(anonymous_5)
FNDA:0,(anonymous_6)
FNDA:0,(anonymous_7)
FNDA:0,(anonymous_8)
FNDA:0,(anonymous_9)
FNDA:0,(anonymous_10)
FNDA:0,(anonymous_11)
FNDA:0,(anonymous_12)
FNDA:0,(anonymous_13)
DA:7,3
DA:10,3
DA:20,0
DA:21,0
DA:22,0
DA:24,0
DA:29,3
DA:30,0
DA:31,0
DA:32,0
DA:33,0
DA:36,0
DA:37,0
DA:39,0
DA:42,0
DA:43,0
DA:50,0
DA:59,0
DA:64,3
DA:65,0
DA:66,0
DA:67,0
DA:68,0
DA:71,0
DA:72,0
DA:74,0
DA:77,0
DA:85,0
DA:91,0
DA:96,3
DA:97,0
DA:98,0
DA:99,0
DA:100,0
DA:103,0
DA:104,0
DA:106,0
DA:107,0
DA:111,0
DA:113,0
DA:118,0
DA:123,3
DA:124,0
DA:125,0
DA:126,0
DA:127,0
DA:130,0
DA:131,0
DA:134,0
DA:154,0
DA:155,0
DA:156,0
DA:157,0
DA:162,0
DA:163,0
DA:167,0
DA:168,0
DA:169,0
DA:170,0
DA:171,0
DA:174,0
DA:175,0
DA:176,0
DA:177,0
DA:187,0
DA:192,0
DA:195,0
LF:67
LH:6
BRDA:21,0,0,0
BRDA:21,0,1,0
BRDA:32,1,0,0
BRDA:32,1,1,0
BRDA:36,2,0,0
BRDA:36,2,1,0
BRDA:37,3,0,0
BRDA:37,3,1,0
BRDA:67,4,0,0
BRDA:67,4,1,0
BRDA:71,5,0,0
BRDA:71,5,1,0
BRDA:72,6,0,0
BRDA:72,6,1,0
BRDA:78,7,0,0
BRDA:78,7,1,0
BRDA:99,8,0,0
BRDA:99,8,1,0
BRDA:103,9,0,0
BRDA:103,9,1,0
BRDA:106,10,0,0
BRDA:106,10,1,0
BRDA:126,11,0,0
BRDA:126,11,1,0
BRDA:130,12,0,0
BRDA:130,12,1,0
BRDA:131,13,0,0
BRDA:131,13,1,0
BRDA:156,14,0,0
BRDA:156,14,1,0
BRDA:176,15,0,0
BRDA:176,15,1,0
BRF:32
BRH:0
end_of_record
TN:
SF:src/services/expense-service/src/index.js
FN:23,(anonymous_0)
FN:47,(anonymous_1)
FN:56,(anonymous_2)
FN:83,(anonymous_3)
FN:99,(anonymous_4)
FN:129,(anonymous_5)
FNF:6
FNH:0
FNDA:0,(anonymous_0)
FNDA:0,(anonymous_1)
FNDA:0,(anonymous_2)
FNDA:0,(anonymous_3)
FNDA:0,(anonymous_4)
FNDA:0,(anonymous_5)
DA:7,0
DA:8,0
DA:9,0
DA:10,0
DA:13,0
DA:14,0
DA:17,0
DA:18,0
DA:19,0
DA:20,0
DA:23,0
DA:24,0
DA:47,0
DA:48,0
DA:56,0
DA:57,0
DA:83,0
DA:84,0
DA:85,0
DA:99,0
DA:100,0
DA:101,0
DA:128,0
DA:129,0
DA:130,0
DA:131,0
DA:135,0
LF:27
LH:0
BRDA:14,0,0,0
BRDA:14,0,1,0
BRDA:128,1,0,0
BRDA:128,1,1,0
BRF:4
BRH:0
end_of_record
TN:
SF:src/services/expense-service/src/controllers/expense.controller.js
FN:19,createExpense
FN:74,getGroupExpenses
FN:102,getExpenseById
FN:138,updateExpense
FN:199,deleteExpense
FN:233,getGroupBalances
FN:274,getUserGroupBalance
FN:306,getUserBalanceSummary
FNF:8
FNH:0
FNDA:0,createExpense
FNDA:0,getGroupExpenses
FNDA:0,getExpenseById
FNDA:0,updateExpense
FNDA:0,deleteExpense
FNDA:0,getGroupBalances
FNDA:0,getUserGroupBalance
FNDA:0,getUserBalanceSummary
DA:8,0
DA:9,0
DA:10,0
DA:11,0
DA:20,0
DA:21,0
DA:22,0
DA:25,0
DA:26,0
DA:30,0
DA:42,0
DA:48,0
DA:51,0
DA:56,0
DA:64,0
DA:75,0
DA:76,0
DA:77,0
DA:79,0
DA:87,0
DA:92,0
DA:103,0
DA:104,0
DA:105,0
DA:107,0
DA:108,0
DA:112,0
DA:113,0
DA:114,0
DA:120,0
DA:128,0
DA:139,0
DA:140,0
DA:141,0
DA:142,0
DA:145,0
DA:146,0
DA:147,0
DA:151,0
DA:152,0
DA:156,0
DA:157,0
DA:158,0
DA:159,0
DA:166,0
DA:173,0
DA:181,0
DA:189,0
DA:200,0
DA:201,0
DA:202,0
DA:205,0
DA:206,0
DA:207,0
DA:211,0
DA:212,0
DA:216,0
DA:218,0
DA:223,0
DA:234,0
DA:235,0
DA:238,0
DA:239,0
DA:240,0
DA:243,0
DA:251,0
DA:252,0
DA:253,0
DA:256,0
DA:264,0
DA:275,0
DA:276,0
DA:277,0
DA:280,0
DA:281,0
DA:284,0
DA:291,0
DA:296,0
DA:307,0
DA:308,0
DA:311,0
DA:314,0
DA:315,0
DA:316,0
DA:317,0
DA:319,0
DA:327,0
DA:328,0
DA:332,0
DA:334,0
DA:339,0
DA:343,0
LF:92
LH:0
BRDA:25,0,0,0
BRDA:25,0,1,0
BRDA:25,1,0,0
BRDA:25,1,1,0
BRDA:25,1,2,0
BRDA:25,1,3,0
BRDA:34,2,0,0
BRDA:34,2,1,0
BRDA:35,3,0,0
BRDA:35,3,1,0
BRDA:77,4,0,0
BRDA:77,5,0,0
BRDA:77,6,0,0
BRDA:77,7,0,0
BRDA:107,8,0,0
BRDA:107,8,1,0
BRDA:113,9,0,0
BRDA:113,9,1,0
BRDA:146,10,0,0
BRDA:146,10,1,0
BRDA:151,11,0,0
BRDA:151,11,1,0
BRDA:151,12,0,0
BRDA:151,12,1,0
BRDA:157,13,0,0
BRDA:157,13,1,0
BRDA:158,14,0,0
BRDA:158,14,1,0
BRDA:206,15,0,0
BRDA:206,15,1,0
BRDA:211,16,0,0
BRDA:211,16,1,0
BRDA:211,17,0,0
BRDA:211,17,1,0
BRDA:252,18,0,0
BRDA:252,18,1,0
BRF:36
BRH:0
end_of_record
TN:
SF:src/services/expense-service/src/models/expense.model.js
FNF:0
FNH:0
LF:0
LH:0
BRF:0
BRH:0
end_of_record
TN:
SF:src/services/expense-service/src/repositories/expense.repository.js
FN:12,(anonymous_0)
FN:22,(anonymous_1)
FN:27,(anonymous_2)
FN:35,(anonymous_3)
FN:67,(anonymous_4)
FN:99,(anonymous_5)
FN:113,(anonymous_6)
FN:126,(anonymous_7)
FN:135,(anonymous_8)
FN:151,(anonymous_9)
FN:165,(anonymous_10)
FN:180,(anonymous_11)
FN:219,(anonymous_12)
FNF:13
FNH:0
FNDA:0,(anonymous_0)
FNDA:0,(anonymous_1)
FNDA:0,(anonymous_2)
FNDA:0,(anonymous_3)
FNDA:0,(anonymous_4)
FNDA:0,(anonymous_5)
FNDA:0,(anonymous_6)
FNDA:0,(anonymous_7)
FNDA:0,(anonymous_8)
FNDA:0,(anonymous_9)
FNDA:0,(anonymous_10)
FNDA:0,(anonymous_11)
FNDA:0,(anonymous_12)
DA:6,0
DA:7,0
DA:8,0
DA:9,0
DA:13,0
DA:23,0
DA:24,0
DA:27,0
DA:28,0
DA:35,0
DA:37,0
DA:38,0
DA:39,0
DA:43,0
DA:44,0
DA:45,0
DA:47,0
DA:48,0
DA:52,0
DA:58,0
DA:68,0
DA:69,0
DA:71,0
DA:72,0
DA:76,0
DA:77,0
DA:81,0
DA:86,0
DA:100,0
DA:101,0
DA:106,0
DA:110,0
DA:113,0
DA:115,0
DA:116,0
DA:120,0
DA:121,0
DA:126,0
DA:127,0
DA:128,0
DA:130,0
DA:131,0
DA:135,0
DA:140,0
DA:152,0
DA:153,0
DA:155,0
DA:156,0
DA:160,0
DA:165,0
DA:167,0
DA:170,0
DA:171,0
DA:174,0
DA:180,0
DA:181,0
DA:188,0
DA:189,0
DA:192,0
DA:199,0
DA:204,0
DA:210,0
DA:220,0
DA:221,0
DA:223,0
DA:224,0
DA:228,0
DA:233,0
DA:235,0
DA:241,0
DA:242,0
LF:71
LH:0
BRDA:38,0,0,0
BRDA:38,0,1,0
BRDA:43,1,0,0
BRDA:43,1,1,0
BRDA:47,2,0,0
BRDA:47,2,1,0
BRDA:71,3,0,0
BRDA:71,3,1,0
BRDA:99,4,0,0
BRDA:99,5,0,0
BRDA:99,6,0,0
BRDA:99,7,0,0
BRDA:107,8,0,0
BRDA:107,8,1,0
BRDA:115,9,0,0
BRDA:115,9,1,0
BRDA:127,10,0,0
BRDA:127,10,1,0
BRDA:137,11,0,0
BRDA:137,11,1,0
BRDA:155,12,0,0
BRDA:155,12,1,0
BRDA:170,13,0,0
BRDA:170,13,1,0
BRDA:188,14,0,0
BRDA:188,14,1,0
BRDA:223,15,0,0
BRDA:223,15,1,0
BRF:28
BRH:0
end_of_record
TN:
SF:src/services/expense-service/src/services/balance.service.js
FN:19,(anonymous_0)
FN:22,(anonymous_1)
FN:82,(anonymous_2)
FN:118,(anonymous_3)
FN:138,(anonymous_4)
FN:242,(anonymous_5)
FN:256,(anonymous_6)
FN:273,(anonymous_7)
FN:289,(anonymous_8)
FN:311,(anonymous_9)
FN:333,(anonymous_10)
FN:360,(anonymous_11)
FN:385,(anonymous_12)
FN:424,(anonymous_13)
FNF:14
FNH:0
FNDA:0,(anonymous_0)
FNDA:0,(anonymous_1)
FNDA:0,(anonymous_2)
FNDA:0,(anonymous_3)
FNDA:0,(anonymous_4)
FNDA:0,(anonymous_5)
FNDA:0,(anonymous_6)
FNDA:0,(anonymous_7)
FNDA:0,(anonymous_8)
FNDA:0,(anonymous_9)
FNDA:0,(anonymous_10)
FNDA:0,(anonymous_11)
FNDA:0,(anonymous_12)
FNDA:0,(anonymous_13)
DA:8,0
DA:21,0
DA:22,0
DA:23,0
DA:35,0
DA:37,0
DA:40,0
DA:43,0
DA:44,0
DA:45,0
DA:48,0
DA:51,0
DA:56,0
DA:58,0
DA:60,0
DA:61,0
DA:62,0
DA:65,0
DA:69,0
DA:70,0
DA:71,0
DA:74,0
DA:84,0
DA:85,0
DA:91,0
DA:92,0
DA:95,0
DA:96,0
DA:98,0
DA:107,0
DA:119,0
DA:131,0
DA:133,0
DA:135,0
DA:138,0
DA:140,0
DA:142,0
DA:143,0
DA:145,0
DA:147,0
DA:151,0
DA:165,0
DA:166,0
DA:168,0
DA:169,0
DA:171,0
DA:173,0
DA:175,0
DA:178,0
DA:192,0
DA:197,0
DA:199,0
DA:201,0
DA:202,0
DA:203,0
DA:205,0
DA:207,0
DA:219,0
DA:220,0
DA:222,0
DA:234,0
DA:239,0
DA:242,0
DA:244,0
DA:258,0
DA:261,0
DA:275,0
DA:278,0
DA:290,0
DA:291,0
DA:297,0
DA:300,0
DA:312,0
DA:313,0
DA:319,0
DA:322,0
DA:334,0
DA:335,0
DA:338,0
DA:339,0
DA:341,0
DA:343,0
DA:344,0
DA:347,0
DA:348,0
DA:361,0
DA:362,0
DA:365,0
DA:366,0
DA:368,0
DA:370,0
DA:371,0
DA:374,0
DA:375,0
DA:386,0
DA:396,0
DA:397,0
DA:398,0
DA:400,0
DA:409,0
DA:413,0
DA:415,0
DA:426,0
DA:427,0
DA:429,0
DA:430,0
DA:440,0
DA:441,0
DA:447,0
DA:448,0
DA:450,0
DA:451,0
DA:461,0
DA:462,0
DA:469,0
LF:115
LH:0
BRDA:37,0,0,0
BRDA:37,0,1,0
BRDA:48,1,0,0
BRDA:48,1,1,0
BRDA:58,2,0,0
BRDA:58,2,1,0
BRDA:133,3,0,0
BRDA:133,3,1,0
BRDA:140,4,0,0
BRDA:140,4,1,0
BRDA:145,5,0,0
BRDA:145,5,1,0
BRDA:159,6,0,0
BRDA:159,6,1,0
BRDA:166,7,0,0
BRDA:166,7,1,0
BRDA:173,8,0,0
BRDA:173,8,1,0
BRDA:199,9,0,0
BRDA:199,9,1,0
BRDA:205,10,0,0
BRDA:205,10,1,0
BRDA:210,11,0,0
BRDA:210,11,1,0
BRDA:211,12,0,0
BRDA:211,12,1,0
BRDA:220,13,0,0
BRDA:220,13,1,0
BRDA:225,14,0,0
BRDA:225,14,1,0
BRDA:226,15,0,0
BRDA:226,15,1,0
BRDA:290,16,0,0
BRDA:290,16,1,0
BRDA:312,17,0,0
BRDA:312,17,1,0
BRDA:334,18,0,0
BRDA:334,18,1,0
BRDA:347,19,0,0
BRDA:347,19,1,0
BRDA:361,20,0,0
BRDA:361,20,1,0
BRDA:374,21,0,0
BRDA:374,21,1,0
BRDA:402,22,0,0
BRDA:402,22,1,0
BRDA:429,23,0,0
BRDA:429,23,1,0
BRDA:432,24,0,0
BRDA:432,24,1,0
BRDA:450,25,0,0
BRDA:450,25,1,0
BRDA:453,26,0,0
BRDA:453,26,1,0
BRF:54
BRH:0
end_of_record
TN:
SF:src/services/expense-service/src/services/expense.service.js
FN:9,createExpense
FN:22,getExpense
FN:41,updateExpense
FN:59,deleteExpense
FN:77,getExpensesByGroup
FNF:5
FNH:5
FNDA:2,createExpense
FNDA:2,getExpense
FNDA:2,updateExpense
FNDA:2,deleteExpense
FNDA:2,getExpensesByGroup
DA:1,1
DA:2,1
DA:10,2
DA:11,1
DA:14,1
DA:23,2
DA:24,0
DA:27,2
DA:28,2
DA:29,1
DA:32,1
DA:42,2
DA:43,0
DA:46,2
DA:47,2
DA:48,1
DA:51,1
DA:60,2
DA:61,0
DA:64,2
DA:65,2
DA:66,1
DA:69,1
DA:78,2
DA:79,1
DA:82,1
DA:85,1
LF:27
LH:24
BRDA:10,0,0,1
BRDA:10,0,1,1
BRDA:10,1,0,2
BRDA:10,1,1,2
BRDA:10,1,2,1
BRDA:23,2,0,0
BRDA:23,2,1,2
BRDA:28,3,0,1
BRDA:28,3,1,1
BRDA:42,4,0,0
BRDA:42,4,1,2
BRDA:42,5,0,2
BRDA:42,5,1,2
BRDA:47,6,0,1
BRDA:47,6,1,1
BRDA:60,7,0,0
BRDA:60,7,1,2
BRDA:65,8,0,1
BRDA:65,8,1,1
BRDA:78,9,0,1
BRDA:78,9,1,1
BRF:21
BRH:18
end_of_record
TN:
SF:src/services/expense-service/src/services/split.service.js
FN:18,(anonymous_0)
FN:35,(anonymous_1)
FN:53,(anonymous_2)
FN:71,(anonymous_3)
FN:85,(anonymous_4)
FN:104,(anonymous_5)
FN:114,(anonymous_6)
FN:127,(anonymous_7)
FN:130,(anonymous_8)
FN:148,(anonymous_9)
FN:149,(anonymous_10)
FN:169,(anonymous_11)
FN:171,(anonymous_12)
FN:177,(anonymous_13)
FN:199,(anonymous_14)
FN:200,(anonymous_15)
FN:206,(anonymous_16)
FN:220,(anonymous_17)
FN:226,(anonymous_18)
FN:231,(anonymous_19)
FN:250,(anonymous_20)
FN:254,(anonymous_21)
FN:260,(anonymous_22)
FN:278,(anonymous_23)
FN:279,(anonymous_24)
FN:289,(anonymous_25)
FN:299,(anonymous_26)
FNF:27
FNH:0
FNDA:0,(anonymous_0)
FNDA:0,(anonymous_1)
FNDA:0,(anonymous_2)
FNDA:0,(anonymous_3)
FNDA:0,(anonymous_4)
FNDA:0,(anonymous_5)
FNDA:0,(anonymous_6)
FNDA:0,(anonymous_7)
FNDA:0,(anonymous_8)
FNDA:0,(anonymous_9)
FNDA:0,(anonymous_10)
FNDA:0,(anonymous_11)
FNDA:0,(anonymous_12)
FNDA:0,(anonymous_13)
FNDA:0,(anonymous_14)
FNDA:0,(anonymous_15)
FNDA:0,(anonymous_16)
FNDA:0,(anonymous_17)
FNDA:0,(anonymous_18)
FNDA:0,(anonymous_19)
FNDA:0,(anonymous_20)
FNDA:0,(anonymous_21)
FNDA:0,(anonymous_22)
FNDA:0,(anonymous_23)
FNDA:0,(anonymous_24)
FNDA:0,(anonymous_25)
FNDA:0,(anonymous_26)
DA:8,0
DA:9,0
DA:20,0
DA:23,0
DA:26,0
DA:27,0
DA:30,0
DA:31,0
DA:32,0
DA:35,0
DA:36,0
DA:38,0
DA:39,0
DA:44,0
DA:45,0
DA:50,0
DA:53,0
DA:54,0
DA:56,0
DA:57,0
DA:62,0
DA:63,0
DA:68,0
DA:71,0
DA:72,0
DA:76,0
DA:77,0
DA:82,0
DA:85,0
DA:86,0
DA:90,0
DA:91,0
DA:95,0
DA:105,0
DA:106,0
DA:109,0
DA:110,0
DA:114,0
DA:115,0
DA:116,0
DA:117,0
DA:128,0
DA:130,0
DA:131,0
DA:132,0
DA:135,0
DA:138,0
DA:149,0
DA:150,0
DA:151,0
DA:154,0
DA:171,0
DA:173,0
DA:174,0
DA:177,0
DA:178,0
DA:179,0
DA:182,0
DA:184,0
DA:200,0
DA:202,0
DA:203,0
DA:206,0
DA:207,0
DA:208,0
DA:211,0
DA:213,0
DA:220,0
DA:221,0
DA:223,0
DA:225,0
DA:226,0
DA:230,0
DA:231,0
DA:234,0
DA:239,0
DA:251,0
DA:252,0
DA:254,0
DA:260,0
DA:261,0
DA:263,0
DA:264,0
DA:269,0
DA:279,0
DA:280,0
DA:291,0
DA:299,0
DA:300,0
DA:301,0
DA:308,0
DA:309,0
DA:310,0
DA:318,0
DA:325,0
DA:329,0
LF:96
LH:0
BRDA:30,0,0,0
BRDA:30,0,1,0
BRDA:30,1,0,0
BRDA:30,1,1,0
BRDA:38,2,0,0
BRDA:38,2,1,0
BRDA:44,3,0,0
BRDA:44,3,1,0
BRDA:44,4,0,0
BRDA:44,4,1,0
BRDA:56,5,0,0
BRDA:56,5,1,0
BRDA:62,6,0,0
BRDA:62,6,1,0
BRDA:62,7,0,0
BRDA:62,7,1,0
BRDA:76,8,0,0
BRDA:76,8,1,0
BRDA:76,9,0,0
BRDA:76,9,1,0
BRDA:90,10,0,0
BRDA:90,10,1,0
BRDA:90,11,0,0
BRDA:90,11,1,0
BRDA:105,12,0,0
BRDA:105,12,1,0
BRDA:105,13,0,0
BRDA:105,13,1,0
BRDA:105,13,2,0
BRDA:109,14,0,0
BRDA:109,14,1,0
BRDA:109,15,0,0
BRDA:109,15,1,0
BRDA:109,15,2,0
BRDA:116,16,0,0
BRDA:116,16,1,0
BRDA:131,17,0,0
BRDA:131,17,1,0
BRDA:150,18,0,0
BRDA:150,18,1,0
BRDA:150,19,0,0
BRDA:150,19,1,0
BRDA:171,20,0,0
BRDA:171,20,1,0
BRDA:173,21,0,0
BRDA:173,21,1,0
BRDA:178,22,0,0
BRDA:178,22,1,0
BRDA:178,23,0,0
BRDA:178,23,1,0
BRDA:200,24,0,0
BRDA:200,24,1,0
BRDA:202,25,0,0
BRDA:202,25,1,0
BRDA:207,26,0,0
BRDA:207,26,1,0
BRDA:207,27,0,0
BRDA:207,27,1,0
BRDA:223,28,0,0
BRDA:223,28,1,0
BRDA:226,29,0,0
BRDA:226,29,1,0
BRDA:263,30,0,0
BRDA:263,30,1,0
BRDA:300,31,0,0
BRDA:300,31,1,0
BRF:66
BRH:0
end_of_record
TN:
SF:src/services/expense-service/src/utils/math.utils.js
FN:14,roundToDecimalPlaces
FN:28,roundToTwoDecimals
FN:39,formatCurrency
FN:51,sum
FN:56,(anonymous_4)
FN:69,average
FN:85,distributeRemainder
FN:113,(anonymous_7)
FN:114,(anonymous_8)
FN:115,(anonymous_9)
FN:133,isApproximatelyEqual
FNF:11
FNH:0
FNDA:0,roundToDecimalPlaces
FNDA:0,roundToTwoDecimals
FNDA:0,formatCurrency
FNDA:0,sum
FNDA:0,(anonymous_4)
FNDA:0,average
FNDA:0,distributeRemainder
FNDA:0,(anonymous_7)
FNDA:0,(anonymous_8)
FNDA:0,(anonymous_9)
FNDA:0,isApproximatelyEqual
DA:15,0
DA:16,0
DA:19,0
DA:20,0
DA:29,0
DA:40,0
DA:52,0
DA:53,0
DA:56,0
DA:57,0
DA:58,0
DA:60,0
DA:70,0
DA:71,0
DA:74,0
DA:86,0
DA:87,0
DA:90,0
DA:91,0
DA:95,0
DA:98,0
DA:99,0
DA:103,0
DA:106,0
DA:109,0
DA:112,0
DA:113,0
DA:114,0
DA:115,0
DA:118,0
DA:119,0
DA:120,0
DA:123,0
DA:134,0
DA:137,0
LF:35
LH:0
BRDA:14,0,0,0
BRDA:15,1,0,0
BRDA:15,1,1,0
BRDA:15,2,0,0
BRDA:15,2,1,0
BRDA:39,3,0,0
BRDA:52,4,0,0
BRDA:52,4,1,0
BRDA:57,5,0,0
BRDA:57,5,1,0
BRDA:57,6,0,0
BRDA:57,6,1,0
BRDA:70,7,0,0
BRDA:70,7,1,0
BRDA:85,8,0,0
BRDA:86,9,0,0
BRDA:86,9,1,0
BRDA:86,10,0,0
BRDA:86,10,1,0
BRDA:90,11,0,0
BRDA:90,11,1,0
BRDA:90,12,0,0
BRDA:90,12,1,0
BRDA:98,13,0,0
BRDA:98,13,1,0
BRDA:114,14,0,0
BRDA:114,14,1,0
BRDA:118,15,0,0
BRDA:118,15,1,0
BRDA:133,16,0,0
BRF:30
BRH:0
end_of_record
TN:
SF:src/services/notification-service/src/index.js
FN:23,(anonymous_0)
FN:48,(anonymous_1)
FN:57,(anonymous_2)
FN:82,(anonymous_3)
FN:95,(anonymous_4)
FN:122,(anonymous_5)
FN:144,(anonymous_6)
FNF:7
FNH:0
FNDA:0,(anonymous_0)
FNDA:0,(anonymous_1)
FNDA:0,(anonymous_2)
FNDA:0,(anonymous_3)
FNDA:0,(anonymous_4)
FNDA:0,(anonymous_5)
FNDA:0,(anonymous_6)
DA:7,0
DA:8,0
DA:9,0
DA:10,0
DA:13,0
DA:14,0
DA:17,0
DA:18,0
DA:19,0
DA:20,0
DA:23,0
DA:24,0
DA:48,0
DA:49,0
DA:57,0
DA:58,0
DA:82,0
DA:83,0
DA:84,0
DA:95,0
DA:96,0
DA:97,0
DA:122,0
DA:123,0
DA:125,0
DA:126,0
DA:131,0
DA:143,0
DA:144,0
DA:145,0
DA:146,0
DA:150,0
LF:32
LH:0
BRDA:14,0,0,0
BRDA:14,0,1,0
BRDA:125,1,0,0
BRDA:125,1,1,0
BRDA:125,2,0,0
BRDA:125,2,1,0
BRDA:125,2,2,0
BRDA:136,3,0,0
BRDA:136,3,1,0
BRDA:143,4,0,0
BRDA:143,4,1,0
BRF:11
BRH:0
end_of_record
TN:
SF:src/services/notification-service/src/controllers/notification.controller.js
FN:15,getUserNotifications
FN:42,markAsRead
FN:73,markAllAsRead
FN:94,getNotificationPreferences
FN:115,updateNotificationPreferences
FNF:5
FNH:0
FNDA:0,getUserNotifications
FNDA:0,markAsRead
FNDA:0,markAllAsRead
FNDA:0,getNotificationPreferences
FNDA:0,updateNotificationPreferences
DA:6,0
DA:7,0
DA:16,0
DA:17,0
DA:18,0
DA:19,0
DA:20,0
DA:22,0
DA:27,0
DA:32,0
DA:43,0
DA:44,0
DA:45,0
DA:47,0
DA:48,0
DA:51,0
DA:53,0
DA:54,0
DA:57,0
DA:63,0
DA:74,0
DA:75,0
DA:77,0
DA:79,0
DA:84,0
DA:95,0
DA:96,0
DA:98,0
DA:100,0
DA:105,0
DA:116,0
DA:117,0
DA:118,0
DA:120,0
DA:121,0
DA:124,0
DA:129,0
DA:135,0
DA:139,0
LF:39
LH:0
BRDA:18,0,0,0
BRDA:18,0,1,0
BRDA:19,1,0,0
BRDA:19,1,1,0
BRDA:47,2,0,0
BRDA:47,2,1,0
BRDA:53,3,0,0
BRDA:53,3,1,0
BRDA:120,4,0,0
BRDA:120,4,1,0
BRDA:120,5,0,0
BRDA:120,5,1,0
BRF:12
BRH:0
end_of_record
TN:
SF:src/services/notification-service/src/models/notification-preference.model.js
FN:13,(anonymous_0)
FN:35,(anonymous_1)
FN:59,(anonymous_2)
FNF:3
FNH:0
FNDA:0,(anonymous_0)
FNDA:0,(anonymous_1)
FNDA:0,(anonymous_2)
DA:6,0
DA:14,0
DA:36,0
DA:37,0
DA:39,0
DA:60,0
DA:62,0
DA:73,0
LF:8
LH:0
BRDA:40,0,0,0
BRDA:40,0,1,0
BRDA:42,1,0,0
BRDA:42,1,1,0
BRDA:43,2,0,0
BRDA:43,2,1,0
BRDA:44,3,0,0
BRDA:44,3,1,0
BRDA:47,4,0,0
BRDA:47,4,1,0
BRDA:49,5,0,0
BRDA:49,5,1,0
BRDA:50,6,0,0
BRDA:50,6,1,0
BRDA:60,7,0,0
BRDA:60,7,1,0
BRF:16
BRH:0
end_of_record
TN:
SF:src/services/notification-service/src/models/notification.model.js
FN:14,(anonymous_0)
FN:37,(anonymous_1)
FNF:2
FNH:0
FNDA:0,(anonymous_0)
FNDA:0,(anonymous_1)
DA:6,0
DA:15,0
DA:17,0
DA:38,0
DA:40,0
DA:56,0
LF:6
LH:0
BRDA:18,0,0,0
BRDA:18,0,1,0
BRDA:23,1,0,0
BRDA:23,1,1,0
BRDA:24,2,0,0
BRDA:24,2,1,0
BRDA:25,3,0,0
BRDA:25,3,1,0
BRDA:27,4,0,0
BRDA:27,4,1,0
BRDA:28,5,0,0
BRDA:28,5,1,0
BRDA:38,6,0,0
BRDA:38,6,1,0
BRF:14
BRH:0
end_of_record
TN:
SF:src/services/notification-service/src/repositories/notification-preference.repository.js
FN:11,(anonymous_0)
FN:20,(anonymous_1)
FN:41,(anonymous_2)
FN:59,(anonymous_3)
FN:81,(anonymous_4)
FN:86,(anonymous_5)
FNF:6
FNH:0
FNDA:0,(anonymous_0)
FNDA:0,(anonymous_1)
FNDA:0,(anonymous_2)
FNDA:0,(anonymous_3)
FNDA:0,(anonymous_4)
FNDA:0,(anonymous_5)
DA:6,0
DA:7,0
DA:8,0
DA:12,0
DA:21,0
DA:22,0
DA:23,0
DA:25,0
DA:26,0
DA:30,0
DA:32,0
DA:42,0
DA:43,0
DA:45,0
DA:47,0
DA:49,0
DA:60,0
DA:62,0
DA:65,0
DA:70,0
DA:72,0
DA:76,0
DA:78,0
DA:81,0
DA:82,0
DA:83,0
DA:86,0
DA:87,0
DA:92,0
DA:94,0
DA:101,0
DA:104,0
DA:107,0
DA:108,0
DA:112,0
DA:117,0
DA:119,0
DA:121,0
DA:127,0
LF:39
LH:0
BRDA:25,0,0,0
BRDA:25,0,1,0
BRDA:70,1,0,0
BRDA:70,1,1,0
BRDA:76,2,0,0
BRDA:76,2,1,0
BRDA:82,3,0,0
BRDA:82,3,1,0
BRF:8
BRH:0
end_of_record
TN:
SF:src/services/notification-service/src/repositories/notification.repository.js
FN:13,(anonymous_0)
FN:23,(anonymous_1)
FN:49,(anonymous_2)
FN:67,(anonymous_3)
FN:94,(anonymous_4)
FN:100,(anonymous_5)
FN:121,(anonymous_6)
FN:135,(anonymous_7)
FN:162,(anonymous_8)
FNF:9
FNH:0
FNDA:0,(anonymous_0)
FNDA:0,(anonymous_1)
FNDA:0,(anonymous_2)
FNDA:0,(anonymous_3)
FNDA:0,(anonymous_4)
FNDA:0,(anonymous_5)
FNDA:0,(anonymous_6)
FNDA:0,(anonymous_7)
FNDA:0,(anonymous_8)
DA:6,0
DA:7,0
DA:8,0
DA:9,0
DA:10,0
DA:14,0
DA:24,0
DA:25,0
DA:28,0
DA:30,0
DA:31,0
DA:35,0
DA:38,0
DA:41,0
DA:48,0
DA:50,0
DA:58,0
DA:68,0
DA:70,0
DA:71,0
DA:72,0
DA:73,0
DA:78,0
DA:81,0
DA:83,0
DA:85,0
DA:95,0
DA:96,0
DA:97,0
DA:100,0
DA:102,0
DA:103,0
DA:104,0
DA:105,0
DA:110,0
DA:114,0
DA:116,0
DA:117,0
DA:121,0
DA:122,0
DA:125,0
DA:136,0
DA:137,0
DA:142,0
DA:149,0
DA:151,0
DA:153,0
DA:163,0
DA:164,0
DA:169,0
DA:176,0
DA:178,0
DA:180,0
DA:185,0
LF:54
LH:0
BRDA:23,0,0,0
BRDA:25,1,0,0
BRDA:25,2,0,0
BRDA:25,3,0,0
BRDA:30,4,0,0
BRDA:30,4,1,0
BRDA:72,5,0,0
BRDA:72,5,1,0
BRDA:96,6,0,0
BRDA:96,6,1,0
BRDA:96,7,0,0
BRDA:96,7,1,0
BRDA:104,8,0,0
BRDA:104,8,1,0
BRDA:116,9,0,0
BRDA:116,9,1,0
BRF:16
BRH:0
end_of_record
TN:
SF:src/services/notification-service/src/services/notification.service.js
FN:69,(anonymous_0)
FN:76,(anonymous_1)
FN:83,(anonymous_2)
FN:97,getUserNotifications
FN:103,(anonymous_4)
FN:109,(anonymous_5)
FN:115,(anonymous_6)
FN:141,createNotification
FN:157,createBatchNotifications
FN:201,markAsRead
FN:219,markAllNotificationsAsRead
FN:224,(anonymous_11)
FN:242,getUserPreferences
FN:267,updateUserPreferences
FN:290,deliverNotification
FN:308,(anonymous_15)
FN:319,(anonymous_16)
FN:330,(anonymous_17)
FN:342,(anonymous_18)
FN:363,getNotifications
FNF:20
FNH:4
FNDA:0,(anonymous_0)
FNDA:0,(anonymous_1)
FNDA:0,(anonymous_2)
FNDA:0,getUserNotifications
FNDA:0,(anonymous_4)
FNDA:0,(anonymous_5)
FNDA:0,(anonymous_6)
FNDA:2,createNotification
FNDA:0,createBatchNotifications
FNDA:2,markAsRead
FNDA:0,markAllNotificationsAsRead
FNDA:0,(anonymous_11)
FNDA:2,getUserPreferences
FNDA:0,updateUserPreferences
FNDA:0,deliverNotification
FNDA:0,(anonymous_15)
FNDA:0,(anonymous_16)
FNDA:0,(anonymous_17)
FNDA:0,(anonymous_18)
FNDA:2,getNotifications
DA:6,1
DA:7,1
DA:8,1
DA:9,1
DA:10,1
DA:17,1
DA:42,1
DA:67,1
DA:71,0
DA:72,0
DA:78,0
DA:79,0
DA:85,0
DA:86,0
DA:98,0
DA:99,0
DA:103,0
DA:104,0
DA:108,0
DA:109,0
DA:110,0
DA:115,0
DA:116,0
DA:120,0
DA:121,0
DA:122,0
DA:124,0
DA:132,0
DA:142,2
DA:143,1
DA:146,1
DA:158,0
DA:159,0
DA:160,0
DA:162,0
DA:164,0
DA:165,0
DA:166,0
DA:167,0
DA:172,0
DA:180,0
DA:181,0
DA:184,0
DA:188,0
DA:190,0
DA:192,0
DA:202,2
DA:203,0
DA:206,2
DA:207,2
DA:208,1
DA:211,1
DA:220,0
DA:221,0
DA:224,0
DA:225,0
DA:226,0
DA:227,0
DA:231,0
DA:233,0
DA:243,2
DA:244,0
DA:247,2
DA:248,2
DA:250,1
DA:258,2
DA:268,0
DA:269,0
DA:272,0
DA:273,0
DA:274,0
DA:279,0
DA:282,0
DA:291,0
DA:293,0
DA:296,0
DA:302,0
DA:305,0
DA:306,0
DA:308,0
DA:316,0
DA:317,0
DA:319,0
DA:327,0
DA:328,0
DA:330,0
DA:339,0
DA:342,0
DA:343,0
DA:344,0
DA:347,0
DA:349,0
DA:351,0
DA:364,2
DA:365,1
DA:368,1
DA:371,1
LF:97
LH:25
BRDA:97,0,0,0
BRDA:99,1,0,0
BRDA:99,2,0,0
BRDA:99,3,0,0
BRDA:108,4,0,0
BRDA:108,4,1,0
BRDA:142,5,0,1
BRDA:142,5,1,1
BRDA:142,6,0,2
BRDA:142,6,1,2
BRDA:142,6,2,1
BRDA:166,7,0,0
BRDA:166,7,1,0
BRDA:202,8,0,0
BRDA:202,8,1,2
BRDA:207,9,0,1
BRDA:207,9,1,1
BRDA:225,10,0,0
BRDA:225,10,1,0
BRDA:225,11,0,0
BRDA:225,11,1,0
BRDA:243,12,0,0
BRDA:243,12,1,2
BRDA:248,13,0,1
BRDA:248,13,1,1
BRDA:268,14,0,0
BRDA:268,14,1,0
BRDA:268,15,0,0
BRDA:268,15,1,0
BRDA:273,16,0,0
BRDA:273,16,1,0
BRDA:296,17,0,0
BRDA:296,17,1,0
BRDA:305,18,0,0
BRDA:305,18,1,0
BRDA:316,19,0,0
BRDA:316,19,1,0
BRDA:327,20,0,0
BRDA:327,20,1,0
BRDA:343,21,0,0
BRDA:343,21,1,0
BRDA:353,22,0,0
BRDA:353,22,1,0
BRDA:364,23,0,1
BRDA:364,23,1,1
BRF:45
BRH:13
end_of_record
TN:
SF:src/services/notification-service/src/utils/notification.generator.js
FN:47,(anonymous_0)
FN:68,(anonymous_1)
FN:107,(anonymous_2)
FN:146,(anonymous_3)
FN:188,(anonymous_4)
FN:221,(anonymous_5)
FNF:6
FNH:0
FNDA:0,(anonymous_0)
FNDA:0,(anonymous_1)
FNDA:0,(anonymous_2)
FNDA:0,(anonymous_3)
FNDA:0,(anonymous_4)
FNDA:0,(anonymous_5)
DA:12,1
DA:47,1
DA:48,0
DA:68,1
DA:71,0
DA:73,0
DA:74,0
DA:75,0
DA:76,0
DA:78,0
DA:79,0
DA:80,0
DA:81,0
DA:83,0
DA:84,0
DA:85,0
DA:86,0
DA:88,0
DA:91,0
DA:107,1
DA:110,0
DA:112,0
DA:113,0
DA:114,0
DA:115,0
DA:117,0
DA:118,0
DA:119,0
DA:120,0
DA:122,0
DA:123,0
DA:124,0
DA:125,0
DA:127,0
DA:130,0
DA:146,1
DA:149,0
DA:151,0
DA:152,0
DA:153,0
DA:154,0
DA:156,0
DA:157,0
DA:158,0
DA:159,0
DA:161,0
DA:162,0
DA:163,0
DA:164,0
DA:166,0
DA:167,0
DA:168,0
DA:169,0
DA:171,0
DA:174,0
DA:188,1
DA:191,0
DA:193,0
DA:194,0
DA:195,0
DA:196,0
DA:198,0
DA:199,0
DA:200,0
DA:201,0
DA:203,0
DA:206,0
DA:221,1
DA:222,0
DA:227,1
LF:70
LH:8
BRDA:47,0,0,0
BRDA:71,1,0,0
BRDA:71,1,1,0
BRDA:71,1,2,0
BRDA:71,1,3,0
BRDA:110,2,0,0
BRDA:110,2,1,0
BRDA:110,2,2,0
BRDA:110,2,3,0
BRDA:149,3,0,0
BRDA:149,3,1,0
BRDA:149,3,2,0
BRDA:149,3,3,0
BRDA:149,3,4,0
BRDA:191,4,0,0
BRDA:191,4,1,0
BRDA:191,4,2,0
BRDA:221,5,0,0
BRF:18
BRH:0
end_of_record
TN:
SF:src/services/payment-service/src/integrations/PlaidService.js
FN:5,(anonymous_0)
FN:11,(anonymous_1)
FN:24,(anonymous_2)
FN:44,(anonymous_3)
FN:61,(anonymous_4)
FN:81,(anonymous_5)
FN:101,(anonymous_6)
FN:106,(anonymous_7)
FN:115,(anonymous_8)
FN:144,(anonymous_9)
FN:161,(anonymous_10)
FN:170,(anonymous_11)
FN:186,(anonymous_12)
FNF:13
FNH:0
FNDA:0,(anonymous_0)
FNDA:0,(anonymous_1)
FNDA:0,(anonymous_2)
FNDA:0,(anonymous_3)
FNDA:0,(anonymous_4)
FNDA:0,(anonymous_5)
FNDA:0,(anonymous_6)
FNDA:0,(anonymous_7)
FNDA:0,(anonymous_8)
FNDA:0,(anonymous_9)
FNDA:0,(anonymous_10)
FNDA:0,(anonymous_11)
FNDA:0,(anonymous_12)
DA:6,0
DA:9,0
DA:10,0
DA:13,0
DA:18,0
DA:19,0
DA:20,0
DA:21,0
DA:25,0
DA:26,0
DA:36,0
DA:37,0
DA:39,0
DA:40,0
DA:45,0
DA:46,0
DA:50,0
DA:51,0
DA:54,0
DA:56,0
DA:57,0
DA:62,0
DA:63,0
DA:73,0
DA:74,0
DA:76,0
DA:77,0
DA:82,0
DA:83,0
DA:90,0
DA:91,0
DA:94,0
DA:96,0
DA:97,0
DA:102,0
DA:103,0
DA:106,0
DA:108,0
DA:110,0
DA:111,0
DA:116,0
DA:117,0
DA:120,0
DA:122,0
DA:123,0
DA:126,0
DA:128,0
DA:130,0
DA:132,0
DA:134,0
DA:135,0
DA:138,0
DA:139,0
DA:146,0
DA:149,0
DA:152,0
DA:155,0
DA:157,0
DA:163,0
DA:164,0
DA:165,0
DA:167,0
DA:172,0
DA:175,0
DA:176,0
DA:177,0
DA:180,0
DA:182,0
DA:187,0
DA:188,0
DA:189,0
DA:190,0
DA:191,0
DA:193,0
DA:194,0
DA:197,0
LF:76
LH:0
BRDA:9,0,0,0
BRDA:9,0,1,0
BRDA:10,1,0,0
BRDA:10,1,1,0
BRDA:24,2,0,0
BRDA:50,3,0,0
BRDA:50,3,1,0
BRDA:50,4,0,0
BRDA:50,4,1,0
BRDA:61,5,0,0
BRDA:68,6,0,0
BRDA:68,6,1,0
BRDA:69,7,0,0
BRDA:69,7,1,0
BRDA:90,8,0,0
BRDA:90,8,1,0
BRDA:90,9,0,0
BRDA:90,9,1,0
BRDA:90,9,2,0
BRDA:122,10,0,0
BRDA:122,10,1,0
BRDA:122,11,0,0
BRDA:122,11,1,0
BRDA:126,12,0,0
BRDA:126,12,1,0
BRDA:126,12,2,0
BRDA:126,12,3,0
BRDA:146,13,0,0
BRDA:146,13,1,0
BRDA:146,13,2,0
BRDA:146,13,3,0
BRDA:163,14,0,0
BRDA:163,14,1,0
BRDA:172,15,0,0
BRDA:172,15,1,0
BRDA:172,15,2,0
BRDA:187,16,0,0
BRDA:187,16,1,0
BRDA:188,17,0,0
BRDA:188,17,1,0
BRDA:190,18,0,0
BRDA:190,18,1,0
BRDA:193,19,0,0
BRDA:193,19,1,0
BRF:44
BRH:0
end_of_record
TN:
SF:src/services/payment-service/src/integrations/StripeService.js
FN:5,(anonymous_0)
FN:18,(anonymous_1)
FN:33,(anonymous_2)
FN:53,(anonymous_3)
FN:72,(anonymous_4)
FN:82,(anonymous_5)
FN:98,(anonymous_6)
FN:118,(anonymous_7)
FN:136,(anonymous_8)
FN:152,(anonymous_9)
FN:165,(anonymous_10)
FN:179,(anonymous_11)
FN:210,(anonymous_12)
FN:215,(anonymous_13)
FN:220,(anonymous_14)
FN:225,(anonymous_15)
FN:230,(anonymous_16)
FNF:17
FNH:0
FNDA:0,(anonymous_0)
FNDA:0,(anonymous_1)
FNDA:0,(anonymous_2)
FNDA:0,(anonymous_3)
FNDA:0,(anonymous_4)
FNDA:0,(anonymous_5)
FNDA:0,(anonymous_6)
FNDA:0,(anonymous_7)
FNDA:0,(anonymous_8)
FNDA:0,(anonymous_9)
FNDA:0,(anonymous_10)
FNDA:0,(anonymous_11)
FNDA:0,(anonymous_12)
FNDA:0,(anonymous_13)
FNDA:0,(anonymous_14)
FNDA:0,(anonymous_15)
FNDA:0,(anonymous_16)
DA:6,0
DA:11,0
DA:12,0
DA:13,0
DA:14,0
DA:15,0
DA:19,0
DA:20,0
DA:26,0
DA:28,0
DA:29,0
DA:34,0
DA:35,0
DA:40,0
DA:46,0
DA:48,0
DA:49,0
DA:54,0
DA:55,0
DA:65,0
DA:67,0
DA:68,0
DA:73,0
DA:74,0
DA:75,0
DA:77,0
DA:78,0
DA:83,0
DA:84,0
DA:91,0
DA:93,0
DA:94,0
DA:99,0
DA:100,0
DA:111,0
DA:113,0
DA:114,0
DA:119,0
DA:120,0
DA:124,0
DA:125,0
DA:128,0
DA:129,0
DA:131,0
DA:132,0
DA:137,0
DA:138,0
DA:145,0
DA:147,0
DA:148,0
DA:153,0
DA:154,0
DA:158,0
DA:160,0
DA:161,0
DA:166,0
DA:167,0
DA:172,0
DA:174,0
DA:175,0
DA:180,0
DA:181,0
DA:187,0
DA:189,0
DA:190,0
DA:192,0
DA:193,0
DA:195,0
DA:196,0
DA:198,0
DA:199,0
DA:202,0
DA:204,0
DA:205,0
DA:231,0
LF:75
LH:0
BRDA:18,0,0,0
BRDA:98,1,0,0
BRDA:118,2,0,0
BRDA:124,3,0,0
BRDA:124,3,1,0
BRDA:152,4,0,0
BRDA:154,5,0,0
BRDA:154,5,1,0
BRDA:165,6,0,0
BRDA:187,7,0,0
BRDA:187,7,1,0
BRDA:187,7,2,0
BRDA:187,7,3,0
BRF:13
BRH:0
end_of_record
TN:
SF:src/services/payment-service/src/models/BankAccount.js
FN:22,(anonymous_0)
FN:28,(anonymous_1)
FN:43,(anonymous_2)
FN:49,(anonymous_3)
FN:108,(anonymous_4)
FN:120,(anonymous_5)
FN:140,(anonymous_6)
FN:153,(anonymous_7)
FN:168,(anonymous_8)
FN:173,(anonymous_9)
FN:177,(anonymous_10)
FNF:11
FNH:8
FNDA:25,(anonymous_0)
FNDA:2,(anonymous_1)
FNDA:25,(anonymous_2)
FNDA:0,(anonymous_3)
FNDA:1,(anonymous_4)
FNDA:1,(anonymous_5)
FNDA:0,(anonymous_6)
FNDA:2,(anonymous_7)
FNDA:0,(anonymous_8)
FNDA:1,(anonymous_9)
FNDA:1,(anonymous_10)
DA:4,2
DA:23,25
DA:24,1
DA:26,24
DA:29,2
DA:30,1
DA:32,1
DA:33,1
DA:34,1
DA:36,0
DA:44,25
DA:45,1
DA:47,24
DA:50,0
DA:51,0
DA:53,0
DA:54,0
DA:55,0
DA:57,0
DA:109,1
DA:110,1
DA:111,1
DA:117,2
DA:120,2
DA:122,1
DA:123,1
DA:124,1
DA:125,1
DA:128,0
DA:129,0
DA:131,0
DA:132,0
DA:133,0
DA:136,1
DA:137,1
DA:140,2
DA:141,0
DA:142,0
DA:144,0
DA:145,0
DA:148,0
DA:149,0
DA:153,2
DA:154,2
DA:155,2
DA:157,2
DA:158,1
DA:159,1
DA:160,0
DA:163,2
DA:164,2
DA:168,2
DA:169,0
DA:173,2
DA:174,1
DA:177,2
DA:178,1
DA:181,2
LF:58
LH:38
BRDA:23,0,0,1
BRDA:23,0,1,24
BRDA:29,1,0,1
BRDA:29,1,1,1
BRDA:29,2,0,2
BRDA:29,2,1,2
BRDA:44,3,0,1
BRDA:44,3,1,24
BRDA:50,4,0,0
BRDA:50,4,1,0
BRDA:50,5,0,0
BRDA:50,5,1,0
BRDA:122,6,0,1
BRDA:122,6,1,0
BRDA:122,7,0,1
BRDA:122,7,1,1
BRDA:122,7,2,1
BRDA:122,7,3,1
BRDA:144,8,0,0
BRDA:144,8,1,0
BRDA:157,9,0,1
BRDA:157,9,1,1
BRDA:159,10,0,0
BRDA:159,10,1,1
BRF:24
BRH:16
end_of_record
TN:
SF:src/services/payment-service/src/models/Transaction.js
FN:26,(anonymous_0)
FN:30,(anonymous_1)
FN:42,(anonymous_2)
FN:46,(anonymous_3)
FN:89,(anonymous_4)
FN:93,(anonymous_5)
FN:120,(anonymous_6)
FN:129,(anonymous_7)
FN:145,(anonymous_8)
FN:151,(anonymous_9)
FN:162,(anonymous_10)
FN:192,(anonymous_11)
FN:197,(anonymous_12)
FN:213,(anonymous_13)
FN:222,(anonymous_14)
FNF:15
FNH:13
FNDA:7,(anonymous_0)
FNDA:32,(anonymous_1)
FNDA:4,(anonymous_2)
FNDA:32,(anonymous_3)
FNDA:2,(anonymous_4)
FNDA:20,(anonymous_5)
FNDA:0,(anonymous_6)
FNDA:0,(anonymous_7)
FNDA:1,(anonymous_8)
FNDA:1,(anonymous_9)
FNDA:3,(anonymous_10)
FNDA:28,(anonymous_11)
FNDA:4,(anonymous_12)
FNDA:2,(anonymous_13)
FNDA:1,(anonymous_14)
DA:4,2
DA:27,7
DA:28,7
DA:31,32
DA:43,4
DA:44,4
DA:47,32
DA:90,2
DA:91,2
DA:94,20
DA:122,0
DA:123,0
DA:125,0
DA:126,0
DA:128,0
DA:129,0
DA:130,0
DA:131,0
DA:135,0
DA:141,2
DA:142,2
DA:145,2
DA:146,1
DA:147,1
DA:148,1
DA:151,2
DA:152,1
DA:153,1
DA:158,1
DA:159,1
DA:162,2
DA:163,3
DA:164,1
DA:167,2
DA:168,2
DA:171,2
DA:192,2
DA:193,28
DA:197,2
DA:198,4
DA:200,4
DA:201,1
DA:203,4
DA:204,1
DA:207,4
DA:213,2
DA:214,2
DA:218,2
DA:222,2
DA:223,1
DA:224,1
DA:225,1
DA:228,2
DA:231,2
DA:232,0
LF:55
LH:45
BRDA:27,0,0,7
BRDA:27,0,1,0
BRDA:43,1,0,4
BRDA:43,1,1,0
BRDA:90,2,0,2
BRDA:90,2,1,0
BRDA:122,3,0,0
BRDA:122,3,1,0
BRDA:125,4,0,0
BRDA:125,4,1,0
BRDA:128,5,0,0
BRDA:128,5,1,0
BRDA:128,6,0,0
BRDA:128,6,1,0
BRDA:130,7,0,0
BRDA:130,7,1,0
BRDA:163,8,0,1
BRDA:163,8,1,2
BRDA:173,9,0,2
BRDA:173,9,1,0
BRDA:197,10,0,1
BRDA:200,11,0,1
BRDA:200,11,1,3
BRDA:203,12,0,1
BRDA:203,12,1,3
BRDA:209,13,0,4
BRDA:209,13,1,3
BRDA:210,14,0,4
BRDA:210,14,1,4
BRDA:218,15,0,1
BRDA:218,15,1,1
BRDA:231,16,0,0
BRDA:231,16,1,2
BRF:33
BRH:18
end_of_record
TN:
SF:src/services/payment-service/src/models/Wallet.js
FN:40,(anonymous_0)
FN:43,(anonymous_1)
FN:108,(anonymous_2)
FN:128,(anonymous_3)
FN:158,(anonymous_4)
FN:196,(anonymous_5)
FN:208,(anonymous_6)
FN:221,(anonymous_7)
FN:225,(anonymous_8)
FNF:9
FNH:9
FNDA:39,(anonymous_0)
FNDA:59,(anonymous_1)
FNDA:5,(anonymous_2)
FNDA:8,(anonymous_3)
FNDA:7,(anonymous_4)
FNDA:2,(anonymous_5)
FNDA:1,(anonymous_6)
FNDA:1,(anonymous_7)
FNDA:1,(anonymous_8)
DA:5,1
DA:26,1
DA:29,1
DA:41,39
DA:44,59
DA:103,1
DA:104,1
DA:105,1
DA:108,1
DA:109,5
DA:110,5
DA:111,5
DA:114,5
DA:125,5
DA:128,1
DA:129,8
DA:130,8
DA:132,8
DA:133,1
DA:137,7
DA:139,5
DA:140,5
DA:141,5
DA:144,5
DA:155,5
DA:158,1
DA:159,7
DA:162,7
DA:163,1
DA:170,7
DA:171,0
DA:178,7
DA:179,7
DA:182,7
DA:183,1
DA:187,6
DA:188,1
DA:192,5
DA:193,5
DA:196,1
DA:197,2
DA:198,2
DA:201,2
DA:208,1
DA:209,1
DA:210,1
DA:213,1
DA:221,1
DA:222,1
DA:225,1
DA:226,1
DA:233,1
LF:52
LH:51
BRDA:41,0,0,39
BRDA:41,0,1,0
BRDA:108,1,0,0
BRDA:128,2,0,0
BRDA:132,3,0,1
BRDA:132,3,1,7
BRDA:162,4,0,1
BRDA:162,4,1,6
BRDA:170,5,0,0
BRDA:170,5,1,7
BRDA:182,6,0,1
BRDA:182,6,1,6
BRDA:187,7,0,1
BRDA:187,7,1,5
BRDA:196,8,0,0
BRDA:208,9,0,0
BRDA:225,10,0,1
BRF:17
BRH:11
end_of_record
TN:
SF:src/services/settlement-service/jest.config.js
FNF:0
FNH:0
LF:0
LH:0
BRF:0
BRH:0
end_of_record
TN:
SF:src/services/settlement-service/scripts/serve-docs.js
FN:34,(anonymous_0)
FNF:1
FNH:0
FNDA:0,(anonymous_0)
DA:7,0
DA:8,0
DA:9,0
DA:10,0
DA:13,0
DA:14,0
DA:17,0
DA:18,0
DA:19,0
DA:20,0
DA:24,0
DA:27,0
DA:34,0
DA:35,0
LF:14
LH:0
BRDA:14,0,0,0
BRDA:14,0,1,0
BRDA:18,1,0,0
BRDA:18,1,1,0
BRF:4
BRH:0
end_of_record
TN:
SF:src/services/settlement-service/scripts/test-versioning.js
FN:30,makeRequest
FN:31,(anonymous_1)
FN:49,(anonymous_2)
FN:52,(anonymous_3)
FN:56,(anonymous_4)
FN:70,(anonymous_5)
FN:81,runTests
FNF:7
FNH:0
FNDA:0,makeRequest
FNDA:0,(anonymous_1)
FNDA:0,(anonymous_2)
FNDA:0,(anonymous_3)
FNDA:0,(anonymous_4)
FNDA:0,(anonymous_5)
FNDA:0,runTests
DA:8,0
DA:9,0
DA:12,0
DA:31,0
DA:32,0
DA:43,0
DA:44,0
DA:45,0
DA:46,0
DA:49,0
DA:50,0
DA:52,0
DA:53,0
DA:56,0
DA:57,0
DA:58,0
DA:63,0
DA:65,0
DA:70,0
DA:71,0
DA:74,0
DA:82,0
DA:83,0
DA:85,0
DA:87,0
DA:88,0
DA:89,0
DA:90,0
DA:93,0
DA:94,0
DA:95,0
DA:96,0
DA:99,0
DA:100,0
DA:101,0
DA:102,0
DA:105,0
DA:106,0
DA:107,0
DA:108,0
DA:111,0
DA:112,0
DA:113,0
DA:114,0
DA:115,0
DA:117,0
DA:120,0
DA:121,0
DA:124,0
DA:129,0
LF:50
LH:0
BRDA:30,0,0,0
BRDA:43,1,0,0
BRDA:43,1,1,0
BRDA:45,2,0,0
BRDA:45,2,1,0
BRDA:61,3,0,0
BRDA:61,3,1,0
BRF:7
BRH:0
end_of_record
TN:
SF:src/services/settlement-service/src/index.js
FN:23,(anonymous_0)
FN:51,(anonymous_1)
FN:64,(anonymous_2)
FN:89,(anonymous_3)
FN:103,(anonymous_4)
FN:112,(anonymous_5)
FN:131,(anonymous_6)
FN:151,initializeJobProcessors
FN:161,(anonymous_8)
FN:178,gracefulShutdown
FNF:10
FNH:0
FNDA:0,(anonymous_0)
FNDA:0,(anonymous_1)
FNDA:0,(anonymous_2)
FNDA:0,(anonymous_3)
FNDA:0,(anonymous_4)
FNDA:0,(anonymous_5)
FNDA:0,(anonymous_6)
FNDA:0,initializeJobProcessors
FNDA:0,(anonymous_8)
FNDA:0,gracefulShutdown
DA:8,0
DA:9,0
DA:10,0
DA:11,0
DA:12,0
DA:15,0
DA:16,0
DA:19,0
DA:20,0
DA:23,0
DA:24,0
DA:48,0
DA:51,0
DA:52,0
DA:53,0
DA:57,0
DA:64,0
DA:65,0
DA:89,0
DA:90,0
DA:91,0
DA:103,0
DA:104,0
DA:112,0
DA:113,0
DA:114,0
DA:121,0
DA:131,0
DA:132,0
DA:133,0
DA:135,0
DA:141,0
DA:142,0
DA:152,0
DA:153,0
DA:155,0
DA:160,0
DA:161,0
DA:162,0
DA:163,0
DA:164,0
DA:167,0
DA:172,0
DA:173,0
DA:179,0
DA:180,0
DA:183,0
LF:47
LH:0
BRDA:16,0,0,0
BRDA:16,0,1,0
BRDA:113,1,0,0
BRDA:113,1,1,0
BRDA:160,2,0,0
BRDA:160,2,1,0
BRF:6
BRH:0
end_of_record
TN:
SF:src/services/settlement-service/src/index.ts
FN:76,(anonymous_1)
FN:82,(anonymous_2)
FN:112,(anonymous_3)
FN:131,(anonymous_4)
FN:137,(anonymous_5)
FN:161,(anonymous_6)
FN:173,(anonymous_7)
FN:178,(anonymous_8)
FN:180,(anonymous_9)
FNF:9
FNH:0
FNDA:0,(anonymous_1)
FNDA:0,(anonymous_2)
FNDA:0,(anonymous_3)
FNDA:0,(anonymous_4)
FNDA:0,(anonymous_5)
FNDA:0,(anonymous_6)
FNDA:0,(anonymous_7)
FNDA:0,(anonymous_8)
FNDA:0,(anonymous_9)
DA:11,0
DA:12,0
DA:13,0
DA:14,0
DA:15,0
DA:16,0
DA:17,0
DA:18,0
DA:19,0
DA:20,0
DA:21,0
DA:22,0
DA:28,0
DA:33,0
DA:35,0
DA:37,0
DA:40,0
DA:42,0
DA:45,0
DA:48,0
DA:59,0
DA:62,0
DA:65,0
DA:66,0
DA:69,0
DA:70,0
DA:73,0
DA:76,0
DA:77,0
DA:78,0
DA:82,0
DA:83,0
DA:91,0
DA:97,0
DA:100,0
DA:103,0
DA:109,0
DA:112,0
DA:113,0
DA:114,0
DA:121,0
DA:131,0
DA:132,0
DA:133,0
DA:136,0
DA:137,0
DA:140,0
DA:142,0
DA:148,0
DA:149,0
DA:158,0
DA:161,0
DA:162,0
DA:171,0
DA:173,0
DA:174,0
DA:178,0
DA:179,0
DA:180,0
DA:181,0
DA:182,0
DA:186,0
LF:62
LH:0
BRDA:113,0,0,0
BRDA:113,0,1,0
BRDA:137,1,0,0
BRDA:137,1,1,0
BRDA:140,2,0,0
BRDA:140,2,1,0
BRF:6
BRH:0
end_of_record
TN:
SF:src/services/settlement-service/src/algorithms/friend-preference.algorithm.js
FNF:0
FNH:0
DA:7,0
LF:1
LH:0
BRF:0
BRH:0
end_of_record
TN:
SF:src/services/settlement-service/src/algorithms/friend-preference.algorithm.ts
FN:27,optimizeSettlements
FN:104,(anonymous_1)
FN:108,(anonymous_2)
FN:109,(anonymous_3)
FN:128,(anonymous_4)
FN:129,(anonymous_5)
FN:132,(anonymous_6)
FN:133,(anonymous_7)
FN:175,getName
FN:183,getDescription
FNF:10
FNH:0
FNDA:0,optimizeSettlements
FNDA:0,(anonymous_1)
FNDA:0,(anonymous_2)
FNDA:0,(anonymous_3)
FNDA:0,(anonymous_4)
FNDA:0,(anonymous_5)
FNDA:0,(anonymous_6)
FNDA:0,(anonymous_7)
FNDA:0,getName
FNDA:0,getDescription
DA:32,0
DA:35,0
DA:36,0
DA:37,0
DA:39,0
DA:40,0
DA:43,0
DA:44,0
DA:48,0
DA:50,0
DA:51,0
DA:52,0
DA:53,0
DA:54,0
DA:64,0
DA:66,0
DA:67,0
DA:68,0
DA:72,0
DA:75,0
DA:76,0
DA:78,0
DA:79,0
DA:80,0
DA:81,0
DA:82,0
DA:83,0
DA:88,0
DA:90,0
DA:91,0
DA:92,0
DA:93,0
DA:94,0
DA:104,0
DA:107,0
DA:108,0
DA:109,0
DA:111,0
DA:112,0
DA:114,0
DA:115,0
DA:121,0
DA:122,0
DA:128,0
DA:129,0
DA:132,0
DA:133,0
DA:136,0
DA:137,0
DA:139,0
DA:143,0
DA:144,0
DA:146,0
DA:148,0
DA:149,0
DA:156,0
DA:157,0
DA:159,0
DA:160,0
DA:163,0
DA:164,0
DA:168,0
DA:176,0
DA:184,0
DA:188,0
DA:189,0
DA:190,0
LF:67
LH:0
BRDA:29,0,0,0
BRDA:36,1,0,0
BRDA:39,2,0,0
BRDA:53,3,0,0
BRDA:67,4,0,0
BRDA:67,4,1,0
BRDA:68,5,0,0
BRDA:68,5,1,0
BRDA:80,6,0,0
BRDA:80,6,1,0
BRDA:82,7,0,0
BRDA:92,8,0,0
BRDA:92,8,1,0
BRDA:92,9,0,0
BRDA:92,9,1,0
BRDA:92,10,0,0
BRDA:92,10,1,0
BRDA:93,11,0,0
BRDA:111,12,0,0
BRDA:111,13,0,0
BRDA:111,13,1,0
BRDA:111,13,2,0
BRDA:111,13,3,0
BRDA:114,14,0,0
BRDA:140,15,0,0
BRDA:140,15,1,0
BRDA:148,16,0,0
BRDA:159,17,0,0
BRDA:163,18,0,0
BRF:29
BRH:0
end_of_record
TN:
SF:src/services/settlement-service/src/algorithms/greedy.algorithm.js
FNF:0
FNH:0
DA:7,0
LF:1
LH:0
BRF:0
BRH:0
end_of_record
TN:
SF:src/services/settlement-service/src/algorithms/greedy.algorithm.ts
FN:20,optimizeSettlements
FN:38,(anonymous_1)
FN:65,(anonymous_2)
FN:66,(anonymous_3)
FN:105,getName
FN:113,getDescription
FNF:6
FNH:6
FNDA:4,optimizeSettlements
FNDA:25,(anonymous_1)
FNDA:5,(anonymous_2)
FNDA:7,(anonymous_3)
FNDA:1,getName
FNDA:1,getDescription
DA:22,4
DA:24,4
DA:25,7
DA:26,14
DA:27,14
DA:28,14
DA:38,25
DA:41,4
DA:43,4
DA:44,14
DA:45,14
DA:49,4
DA:52,4
DA:53,4
DA:55,4
DA:56,13
DA:57,13
DA:58,6
DA:59,7
DA:60,7
DA:65,5
DA:66,7
DA:68,4
DA:69,4
DA:72,4
DA:73,10
DA:74,10
DA:76,10
DA:78,10
DA:79,10
DA:86,10
DA:87,10
DA:89,10
DA:90,6
DA:93,10
DA:94,7
DA:98,4
DA:106,1
DA:114,1
DA:118,1
DA:119,1
DA:120,1
LF:42
LH:42
BRDA:27,0,0,14
BRDA:44,1,0,14
BRDA:44,1,1,6
BRDA:45,2,0,14
BRDA:45,2,1,7
BRDA:57,3,0,6
BRDA:57,3,1,7
BRDA:59,4,0,7
BRDA:72,5,0,14
BRDA:72,5,1,10
BRDA:78,6,0,10
BRDA:89,7,0,6
BRDA:93,8,0,7
BRF:13
BRH:13
end_of_record
TN:
SF:src/services/settlement-service/src/algorithms/min-cash-flow.algorithm.js
FN:67,minimumCashFlow
FN:80,calculateNetBalances
FN:102,minCashFlowFromBalances
FN:105,(anonymous_3)
FN:118,minCashFlowRecursive
FN:156,findMaxIndex
FN:171,findMinIndex
FN:186,simplifyCircularDebts
FN:209,(anonymous_8)
FN:219,findCycles
FN:254,dfsForCycles
FN:282,findMinimumDebtInCycle
FN:308,reduceDebt
FN:324,handleMultipleCurrencies
FN:365,convertCurrency
FN:391,optimizeSettlementCurrencies
FN:393,(anonymous_16)
FN:398,(anonymous_17)
FNF:18
FNH:18
FNDA:6,minimumCashFlow
FNDA:20,calculateNetBalances
FNDA:6,minCashFlowFromBalances
FNDA:20,(anonymous_3)
FNDA:17,minCashFlowRecursive
FNDA:17,findMaxIndex
FNDA:17,findMinIndex
FNDA:6,simplifyCircularDebts
FNDA:15,(anonymous_8)
FNDA:6,findCycles
FNDA:18,dfsForCycles
FNDA:2,findMinimumDebtInCycle
FNDA:6,reduceDebt
FNDA:3,handleMultipleCurrencies
FNDA:3,convertCurrency
FNDA:3,optimizeSettlementCurrencies
FNDA:6,(anonymous_16)
FNDA:14,(anonymous_17)
DA:69,6
DA:72,6
DA:81,20
DA:84,20
DA:85,70
DA:89,20
DA:90,50
DA:91,50
DA:94,20
DA:104,6
DA:105,20
DA:108,6
DA:120,17
DA:121,17
DA:125,17
DA:127,6
DA:131,11
DA:137,11
DA:138,11
DA:141,11
DA:148,11
DA:157,17
DA:158,17
DA:159,42
DA:160,15
DA:163,17
DA:172,17
DA:173,17
DA:174,42
DA:175,3
DA:178,17
DA:188,6
DA:194,6
DA:196,6
DA:198,2
DA:201,2
DA:202,6
DA:203,6
DA:204,6
DA:209,15
DA:211,6
DA:221,6
DA:223,6
DA:224,18
DA:227,6
DA:228,15
DA:232,6
DA:233,6
DA:234,6
DA:236,6
DA:237,18
DA:238,6
DA:242,6
DA:255,18
DA:256,18
DA:257,18
DA:260,18
DA:261,15
DA:262,12
DA:263,3
DA:265,2
DA:266,2
DA:267,2
DA:273,18
DA:283,2
DA:285,2
DA:286,6
DA:287,6
DA:290,6
DA:291,12
DA:292,6
DA:293,6
DA:298,2
DA:309,6
DA:310,12
DA:311,6
DA:312,6
DA:326,3
DA:333,3
DA:334,7
DA:336,7
DA:337,3
DA:343,3
DA:346,7
DA:350,3
DA:351,3
DA:354,3
DA:366,3
DA:367,0
DA:370,3
DA:371,3
DA:373,3
DA:374,3
DA:375,0
DA:376,0
DA:379,0
DA:393,3
DA:394,6
DA:397,6
DA:398,14
DA:403,6
DA:404,3
DA:406,3
DA:407,3
DA:411,3
DA:412,3
DA:414,3
DA:415,3
DA:416,3
DA:417,3
DA:422,3
DA:423,0
DA:430,0
DA:439,6
DA:447,3
LF:115
LH:109
BRDA:125,0,0,6
BRDA:125,0,1,11
BRDA:125,1,0,17
BRDA:125,1,1,6
BRDA:159,2,0,15
BRDA:159,2,1,27
BRDA:174,3,0,3
BRDA:174,3,1,39
BRDA:237,4,0,6
BRDA:237,4,1,12
BRDA:261,5,0,12
BRDA:261,5,1,3
BRDA:263,6,0,2
BRDA:263,6,1,1
BRDA:266,7,0,2
BRDA:266,7,1,0
BRDA:291,8,0,6
BRDA:291,8,1,6
BRDA:291,9,0,12
BRDA:291,9,1,6
BRDA:310,10,0,6
BRDA:310,10,1,6
BRDA:310,11,0,12
BRDA:310,11,1,6
BRDA:336,12,0,3
BRDA:336,12,1,4
BRDA:366,13,0,0
BRDA:366,13,1,3
BRDA:373,14,0,3
BRDA:373,14,1,0
BRDA:375,15,0,0
BRDA:375,15,1,0
BRDA:398,16,0,14
BRDA:398,16,1,7
BRDA:398,16,2,11
BRDA:398,16,3,2
BRDA:403,17,0,3
BRDA:403,17,1,3
BRDA:407,18,0,3
BRDA:407,18,1,3
BRDA:415,19,0,3
BRDA:415,19,1,0
BRDA:422,20,0,0
BRDA:422,20,1,3
BRF:44
BRH:37
end_of_record
TN:
SF:src/services/settlement-service/src/config/monitoring.js
FN:10,(anonymous_0)
FN:14,(anonymous_1)
FN:23,(anonymous_2)
FN:26,(anonymous_3)
FN:29,(anonymous_4)
FN:32,(anonymous_5)
FN:35,(anonymous_6)
FN:38,(anonymous_7)
FN:41,(anonymous_8)
FN:47,(anonymous_9)
FN:49,(anonymous_10)
FN:51,(anonymous_11)
FN:53,(anonymous_12)
FNF:13
FNH:0
FNDA:0,(anonymous_0)
FNDA:0,(anonymous_1)
FNDA:0,(anonymous_2)
FNDA:0,(anonymous_3)
FNDA:0,(anonymous_4)
FNDA:0,(anonymous_5)
FNDA:0,(anonymous_6)
FNDA:0,(anonymous_7)
FNDA:0,(anonymous_8)
FNDA:0,(anonymous_9)
FNDA:0,(anonymous_10)
FNDA:0,(anonymous_11)
FNDA:0,(anonymous_12)
DA:8,0
DA:10,0
DA:14,0
DA:16,0
DA:20,0
DA:23,0
DA:26,0
DA:29,0
DA:32,0
DA:35,0
DA:38,0
DA:41,0
DA:46,0
DA:48,0
DA:49,0
DA:52,0
DA:53,0
DA:57,0
LF:18
LH:0
BRF:0
BRH:0
end_of_record
TN:
SF:src/services/settlement-service/src/config/monitoring.ts
FN:112,(anonymous_1)
FN:116,(anonymous_2)
FN:121,(anonymous_3)
FNF:3
FNH:0
FNDA:0,(anonymous_1)
FNDA:0,(anonymous_2)
FNDA:0,(anonymous_3)
DA:7,0
DA:9,0
DA:12,0
DA:15,0
DA:22,0
DA:29,0
DA:36,0
DA:44,0
DA:53,0
DA:60,0
DA:69,0
DA:76,0
DA:82,0
DA:89,0
DA:95,0
DA:104,0
DA:112,0
DA:116,0
DA:117,0
DA:121,0
DA:122,0
DA:126,0
DA:141,0
DA:147,0
DA:148,0
DA:149,0
DA:150,0
LF:27
LH:0
BRDA:111,0,0,0
BRDA:111,0,1,0
BRF:2
BRH:0
end_of_record
TN:
SF:src/services/settlement-service/src/config/swagger.js
FN:9,(anonymous_0)
FN:10,(anonymous_1)
FN:10,(anonymous_2)
FNF:3
FNH:0
FNDA:0,(anonymous_0)
FNDA:0,(anonymous_1)
FNDA:0,(anonymous_2)
DA:8,0
DA:9,0
DA:10,0
DA:11,0
DA:16,0
DA:37,0
LF:6
LH:0
BRF:0
BRH:0
end_of_record
TN:
SF:src/services/settlement-service/src/controllers/export.controller.js
FN:18,exportUserSettlements
FN:181,(anonymous_1)
FN:188,(anonymous_2)
FN:189,(anonymous_3)
FN:215,(anonymous_4)
FN:216,(anonymous_5)
FN:234,(anonymous_6)
FN:235,(anonymous_7)
FN:244,(anonymous_8)
FN:246,(anonymous_9)
FN:263,exportGroupSettlements
FNF:11
FNH:0
FNDA:0,exportUserSettlements
FNDA:0,(anonymous_1)
FNDA:0,(anonymous_2)
FNDA:0,(anonymous_3)
FNDA:0,(anonymous_4)
FNDA:0,(anonymous_5)
FNDA:0,(anonymous_6)
FNDA:0,(anonymous_7)
FNDA:0,(anonymous_8)
FNDA:0,(anonymous_9)
FNDA:0,exportGroupSettlements
DA:7,0
DA:8,0
DA:9,0
DA:10,0
DA:19,0
DA:20,0
DA:31,0
DA:34,0
DA:35,0
DA:38,0
DA:39,0
DA:42,0
DA:43,0
DA:46,0
DA:47,0
DA:51,0
DA:62,0
DA:64,0
DA:69,0
DA:70,0
DA:73,0
DA:74,0
DA:77,0
DA:83,0
DA:84,0
DA:86,0
DA:88,0
DA:89,0
DA:90,0
DA:92,0
DA:93,0
DA:94,0
DA:95,0
DA:97,0
DA:98,0
DA:100,0
DA:101,0
DA:102,0
DA:103,0
DA:104,0
DA:105,0
DA:107,0
DA:109,0
DA:110,0
DA:112,0
DA:115,0
DA:118,0
DA:131,0
DA:134,0
DA:136,0
DA:140,0
DA:141,0
DA:150,0
DA:151,0
DA:164,0
DA:181,0
DA:182,0
DA:188,0
DA:189,0
DA:190,0
DA:193,0
DA:194,0
DA:198,0
DA:200,0
DA:206,0
DA:209,0
DA:210,0
DA:211,0
DA:214,0
DA:215,0
DA:216,0
DA:217,0
DA:218,0
DA:219,0
DA:220,0
DA:225,0
DA:228,0
DA:229,0
DA:230,0
DA:233,0
DA:234,0
DA:235,0
DA:236,0
DA:237,0
DA:238,0
DA:239,0
DA:244,0
DA:245,0
DA:247,0
DA:253,0
DA:264,0
DA:265,0
DA:266,0
DA:275,0
DA:278,0
DA:279,0
DA:282,0
DA:283,0
DA:287,0
DA:290,0
DA:291,0
DA:292,0
DA:293,0
DA:295,0
DA:296,0
DA:301,0
DA:302,0
DA:306,0
DA:309,0
DA:310,0
DA:312,0
DA:313,0
DA:314,0
DA:315,0
DA:316,0
DA:318,0
DA:319,0
DA:320,0
DA:321,0
DA:322,0
DA:324,0
DA:334,0
DA:338,0
LF:123
LH:0
BRDA:24,0,0,0
BRDA:25,1,0,0
BRDA:26,2,0,0
BRDA:30,3,0,0
BRDA:34,4,0,0
BRDA:34,4,1,0
BRDA:38,5,0,0
BRDA:38,5,1,0
BRDA:42,6,0,0
BRDA:42,6,1,0
BRDA:46,7,0,0
BRDA:46,7,1,0
BRDA:46,8,0,0
BRDA:46,8,1,0
BRDA:62,9,0,0
BRDA:62,9,1,0
BRDA:69,10,0,0
BRDA:69,10,1,0
BRDA:69,11,0,0
BRDA:69,11,1,0
BRDA:73,12,0,0
BRDA:73,12,1,0
BRDA:73,13,0,0
BRDA:73,13,1,0
BRDA:86,14,0,0
BRDA:86,14,1,0
BRDA:88,15,0,0
BRDA:88,15,1,0
BRDA:90,16,0,0
BRDA:90,16,1,0
BRDA:98,17,0,0
BRDA:98,17,1,0
BRDA:109,18,0,0
BRDA:109,18,1,0
BRDA:110,19,0,0
BRDA:110,19,1,0
BRDA:131,20,0,0
BRDA:131,20,1,0
BRDA:140,21,0,0
BRDA:140,21,1,0
BRDA:150,22,0,0
BRDA:150,22,1,0
BRDA:193,23,0,0
BRDA:193,23,1,0
BRDA:193,24,0,0
BRDA:193,24,1,0
BRDA:193,24,2,0
BRDA:194,25,0,0
BRDA:194,25,1,0
BRDA:198,26,0,0
BRDA:198,26,1,0
BRDA:198,27,0,0
BRDA:198,27,1,0
BRDA:270,28,0,0
BRDA:271,29,0,0
BRDA:278,30,0,0
BRDA:278,30,1,0
BRDA:282,31,0,0
BRDA:282,31,1,0
BRDA:290,32,0,0
BRDA:290,32,1,0
BRDA:290,33,0,0
BRDA:290,33,1,0
BRDA:292,34,0,0
BRDA:292,34,1,0
BRDA:295,35,0,0
BRDA:295,35,1,0
BRDA:301,36,0,0
BRDA:301,36,1,0
BRDA:309,37,0,0
BRDA:309,37,1,0
BRDA:315,38,0,0
BRDA:315,38,1,0
BRDA:321,39,0,0
BRDA:321,39,1,0
BRF:75
BRH:0
end_of_record
TN:
SF:src/services/settlement-service/src/controllers/payment.controller.js
FN:18,createPaymentIntent
FN:87,processPayment
FN:181,checkPaymentStatus
FN:253,handleWebhook
FNF:4
FNH:0
FNDA:0,createPaymentIntent
FNDA:0,processPayment
FNDA:0,checkPaymentStatus
FNDA:0,handleWebhook
DA:7,0
DA:8,0
DA:9,0
DA:10,0
DA:19,0
DA:20,0
DA:21,0
DA:22,0
DA:25,0
DA:26,0
DA:27,0
DA:29,0
DA:30,0
DA:34,0
DA:35,0
DA:39,0
DA:40,0
DA:44,0
DA:54,0
DA:57,0
DA:66,0
DA:77,0
DA:88,0
DA:89,0
DA:90,0
DA:91,0
DA:94,0
DA:96,0
DA:97,0
DA:101,0
DA:102,0
DA:106,0
DA:107,0
DA:111,0
DA:121,0
DA:130,0
DA:131,0
DA:132,0
DA:138,0
DA:139,0
DA:144,0
DA:154,0
DA:159,0
DA:171,0
DA:182,0
DA:183,0
DA:186,0
DA:188,0
DA:189,0
DA:193,0
DA:194,0
DA:205,0
DA:208,0
DA:209,0
DA:215,0
DA:216,0
DA:217,0
DA:218,0
DA:219,0
DA:220,0
DA:221,0
DA:224,0
DA:227,0
DA:243,0
DA:254,0
DA:258,0
DA:259,0
DA:261,0
DA:262,0
DA:268,0
DA:272,0
DA:276,0
DA:278,0
DA:280,0
DA:284,0
LF:75
LH:0
BRDA:29,0,0,0
BRDA:29,0,1,0
BRDA:34,1,0,0
BRDA:34,1,1,0
BRDA:39,2,0,0
BRDA:39,2,1,0
BRDA:61,3,0,0
BRDA:61,3,1,0
BRDA:96,4,0,0
BRDA:96,4,1,0
BRDA:101,5,0,0
BRDA:101,5,1,0
BRDA:106,6,0,0
BRDA:106,6,1,0
BRDA:131,7,0,0
BRDA:131,7,1,0
BRDA:138,8,0,0
BRDA:138,8,1,0
BRDA:147,9,0,0
BRDA:147,9,1,0
BRDA:167,10,0,0
BRDA:167,10,1,0
BRDA:188,11,0,0
BRDA:188,11,1,0
BRDA:193,12,0,0
BRDA:193,12,1,0
BRDA:199,13,0,0
BRDA:199,13,1,0
BRDA:208,14,0,0
BRDA:208,14,1,0
BRDA:215,15,0,0
BRDA:215,15,1,0
BRDA:215,16,0,0
BRDA:215,16,1,0
BRDA:218,17,0,0
BRDA:218,17,1,0
BRDA:218,18,0,0
BRDA:218,18,1,0
BRDA:220,19,0,0
BRDA:220,19,1,0
BRDA:237,20,0,0
BRDA:237,20,1,0
BRDA:258,21,0,0
BRDA:258,21,1,0
BRF:44
BRH:0
end_of_record
TN:
SF:src/services/settlement-service/src/controllers/settlement.controller.js
FN:20,getSettlementSuggestions
FN:39,(anonymous_1)
FN:82,(anonymous_2)
FN:136,createSettlement
FN:180,getGroupSettlements
FN:209,getSettlementById
FN:233,updateSettlementStatus
FN:290,getUserSettlements
FN:334,compareAlgorithms
FN:342,(anonymous_9)
FN:371,(anonymous_10)
FN:374,(anonymous_11)
FN:377,(anonymous_12)
FN:422,calculateFriendshipUtilization
FN:446,getSettlementCalculationDetails
FN:465,(anonymous_15)
FNF:16
FNH:0
FNDA:0,getSettlementSuggestions
FNDA:0,(anonymous_1)
FNDA:0,(anonymous_2)
FNDA:0,createSettlement
FNDA:0,getGroupSettlements
FNDA:0,getSettlementById
FNDA:0,updateSettlementStatus
FNDA:0,getUserSettlements
FNDA:0,compareAlgorithms
FNDA:0,(anonymous_9)
FNDA:0,(anonymous_10)
FNDA:0,(anonymous_11)
FNDA:0,(anonymous_12)
FNDA:0,calculateFriendshipUtilization
FNDA:0,getSettlementCalculationDetails
FNDA:0,(anonymous_15)
DA:8,0
DA:9,0
DA:10,0
DA:11,0
DA:12,0
DA:21,0
DA:22,0
DA:23,0
DA:26,0
DA:29,0
DA:30,0
DA:33,0
DA:36,0
DA:39,0
DA:42,0
DA:43,0
DA:47,0
DA:48,0
DA:49,0
DA:53,0
DA:54,0
DA:55,0
DA:60,0
DA:62,0
DA:63,0
DA:65,0
DA:66,0
DA:68,0
DA:73,0
DA:76,0
DA:77,0
DA:81,0
DA:82,0
DA:84,0
DA:85,0
DA:86,0
DA:95,0
DA:100,0
DA:106,0
DA:107,0
DA:108,0
DA:115,0
DA:126,0
DA:137,0
DA:138,0
DA:139,0
DA:142,0
DA:143,0
DA:147,0
DA:150,0
DA:163,0
DA:165,0
DA:170,0
DA:181,0
DA:182,0
DA:183,0
DA:185,0
DA:194,0
DA:199,0
DA:210,0
DA:211,0
DA:212,0
DA:214,0
DA:215,0
DA:218,0
DA:223,0
DA:234,0
DA:235,0
DA:236,0
DA:237,0
DA:240,0
DA:241,0
DA:245,0
DA:246,0
DA:247,0
DA:251,0
DA:252,0
DA:256,0
DA:258,0
DA:259,0
DA:261,0
DA:263,0
DA:264,0
DA:269,0
DA:275,0
DA:280,0
DA:291,0
DA:292,0
DA:293,0
DA:296,0
DA:297,0
DA:298,0
DA:299,0
DA:300,0
DA:303,0
DA:309,0
DA:310,0
DA:313,0
DA:319,0
DA:324,0
DA:335,0
DA:336,0
DA:339,0
DA:342,0
DA:343,0
DA:344,0
DA:345,0
DA:349,0
DA:352,0
DA:363,0
DA:371,0
DA:374,0
DA:377,0
DA:388,0
DA:403,0
DA:412,0
DA:423,0
DA:425,0
DA:426,0
DA:428,0
DA:429,0
DA:430,0
DA:432,0
DA:433,0
DA:434,0
DA:437,0
DA:447,0
DA:448,0
DA:449,0
DA:450,0
DA:453,0
DA:456,0
DA:459,0
DA:462,0
DA:465,0
DA:468,0
DA:469,0
DA:473,0
DA:474,0
DA:475,0
DA:479,0
DA:480,0
DA:481,0
DA:486,0
DA:488,0
DA:489,0
DA:491,0
DA:496,0
DA:499,0
DA:500,0
DA:504,0
DA:507,0
DA:514,0
DA:526,0
DA:530,0
LF:155
LH:0
BRDA:29,0,0,0
BRDA:29,0,1,0
BRDA:29,0,2,0
BRDA:30,1,0,0
BRDA:30,1,1,0
BRDA:42,2,0,0
BRDA:42,2,1,0
BRDA:42,3,0,0
BRDA:42,3,1,0
BRDA:48,4,0,0
BRDA:48,4,1,0
BRDA:54,5,0,0
BRDA:54,5,1,0
BRDA:54,6,0,0
BRDA:54,6,1,0
BRDA:60,7,0,0
BRDA:60,7,1,0
BRDA:60,7,2,0
BRDA:60,7,3,0
BRDA:65,8,0,0
BRDA:65,8,1,0
BRDA:81,9,0,0
BRDA:81,9,1,0
BRDA:81,10,0,0
BRDA:81,10,1,0
BRDA:84,11,0,0
BRDA:84,11,1,0
BRDA:84,12,0,0
BRDA:84,12,1,0
BRDA:84,12,2,0
BRDA:107,13,0,0
BRDA:107,13,1,0
BRDA:122,14,0,0
BRDA:122,14,1,0
BRDA:142,15,0,0
BRDA:142,15,1,0
BRDA:142,16,0,0
BRDA:142,16,1,0
BRDA:142,16,2,0
BRDA:142,16,3,0
BRDA:155,17,0,0
BRDA:155,17,1,0
BRDA:155,17,2,0
BRDA:183,18,0,0
BRDA:183,19,0,0
BRDA:183,20,0,0
BRDA:183,21,0,0
BRDA:214,22,0,0
BRDA:214,22,1,0
BRDA:240,23,0,0
BRDA:240,23,1,0
BRDA:240,24,0,0
BRDA:240,24,1,0
BRDA:246,25,0,0
BRDA:246,25,1,0
BRDA:251,26,0,0
BRDA:251,26,1,0
BRDA:251,27,0,0
BRDA:251,27,1,0
BRDA:256,28,0,0
BRDA:256,28,1,0
BRDA:258,29,0,0
BRDA:258,29,1,0
BRDA:261,30,0,0
BRDA:261,30,1,0
BRDA:263,31,0,0
BRDA:263,31,1,0
BRDA:272,32,0,0
BRDA:272,32,1,0
BRDA:293,33,0,0
BRDA:293,34,0,0
BRDA:297,35,0,0
BRDA:297,35,1,0
BRDA:299,36,0,0
BRDA:299,36,1,0
BRDA:309,37,0,0
BRDA:309,37,1,0
BRDA:344,38,0,0
BRDA:344,38,1,0
BRDA:370,39,0,0
BRDA:370,39,1,0
BRDA:373,40,0,0
BRDA:373,40,1,0
BRDA:376,41,0,0
BRDA:376,41,1,0
BRDA:423,42,0,0
BRDA:423,42,1,0
BRDA:423,43,0,0
BRDA:423,43,1,0
BRDA:432,44,0,0
BRDA:432,44,1,0
BRDA:432,44,2,0
BRDA:437,45,0,0
BRDA:437,45,1,0
BRDA:456,46,0,0
BRDA:456,46,1,0
BRDA:456,46,2,0
BRDA:468,47,0,0
BRDA:468,47,1,0
BRDA:468,48,0,0
BRDA:468,48,1,0
BRDA:474,49,0,0
BRDA:474,49,1,0
BRDA:480,50,0,0
BRDA:480,50,1,0
BRDA:486,51,0,0
BRDA:486,51,1,0
BRDA:486,51,2,0
BRDA:486,51,3,0
BRF:109
BRH:0
end_of_record
TN:
SF:src/services/settlement-service/src/controllers/settlement.controller.v2.js
FN:21,getSettlementSuggestions
FNF:1
FNH:0
FNDA:0,getSettlementSuggestions
DA:11,0
DA:22,0
DA:30,0
DA:39,0
DA:45,0
LF:5
LH:0
BRF:0
BRH:0
end_of_record
TN:
SF:src/services/settlement-service/src/controllers/user-preference.controller.js
FN:17,getUserPreferences
FN:40,updateUserPreferences
FN:70,updatePreferenceSection
FN:107,resetUserPreferences
FN:130,getNotificationSettings
FN:152,setDefaultCurrency
FN:188,setSettlementAlgorithm
FNF:7
FNH:6
FNDA:2,getUserPreferences
FNDA:2,updateUserPreferences
FNDA:2,updatePreferenceSection
FNDA:1,resetUserPreferences
FNDA:0,getNotificationSettings
FNDA:1,setDefaultCurrency
FNDA:1,setSettlementAlgorithm
DA:7,1
DA:8,1
DA:18,2
DA:20,2
DA:22,2
DA:24,1
DA:29,1
DA:41,2
DA:42,2
DA:43,2
DA:45,2
DA:46,1
DA:49,1
DA:54,1
DA:59,1
DA:71,2
DA:72,2
DA:73,2
DA:74,2
DA:76,2
DA:77,0
DA:80,2
DA:81,2
DA:82,1
DA:85,1
DA:91,1
DA:96,1
DA:108,1
DA:109,1
DA:111,1
DA:113,1
DA:119,0
DA:131,0
DA:132,0
DA:134,0
DA:136,0
DA:141,0
DA:153,1
DA:154,1
DA:155,1
DA:157,1
DA:158,0
DA:162,1
DA:163,0
DA:166,1
DA:171,1
DA:177,0
DA:189,1
DA:190,1
DA:191,1
DA:193,1
DA:194,0
DA:197,1
DA:198,1
DA:199,0
DA:202,1
DA:207,1
DA:213,0
DA:217,1
LF:59
LH:46
BRDA:45,0,0,1
BRDA:45,0,1,1
BRDA:45,1,0,2
BRDA:45,1,1,2
BRDA:76,2,0,0
BRDA:76,2,1,2
BRDA:76,3,0,2
BRDA:76,3,1,2
BRDA:81,4,0,1
BRDA:81,4,1,1
BRDA:157,5,0,0
BRDA:157,5,1,1
BRDA:162,6,0,0
BRDA:162,6,1,1
BRDA:193,7,0,0
BRDA:193,7,1,1
BRDA:198,8,0,0
BRDA:198,8,1,1
BRF:18
BRH:13
end_of_record
TN:
SF:src/services/settlement-service/src/middleware/cache.middleware.js
FN:15,cacheResponse
FN:16,(anonymous_1)
FN:38,(anonymous_2)
FN:64,generateGroupCacheKey
FN:84,generateSuggestionsCacheKey
FN:106,clearGroupCache
FN:121,clearSettlementCache
FNF:7
FNH:0
FNDA:0,cacheResponse
FNDA:0,(anonymous_1)
FNDA:0,(anonymous_2)
FNDA:0,generateGroupCacheKey
FNDA:0,generateSuggestionsCacheKey
FNDA:0,clearGroupCache
FNDA:0,clearSettlementCache
DA:7,0
DA:16,0
DA:18,0
DA:19,0
DA:22,0
DA:24,0
DA:29,0
DA:31,0
DA:32,0
DA:36,0
DA:38,0
DA:40,0
DA:43,0
DA:44,0
DA:48,0
DA:51,0
DA:53,0
DA:54,0
DA:65,0
DA:66,0
DA:67,0
DA:69,0
DA:85,0
DA:86,0
DA:87,0
DA:91,0
DA:93,0
DA:107,0
DA:108,0
DA:110,0
DA:111,0
DA:113,0
DA:122,0
DA:123,0
DA:126,0
LF:35
LH:0
BRDA:15,0,0,0
BRDA:15,1,0,0
BRDA:18,2,0,0
BRDA:18,2,1,0
BRDA:24,3,0,0
BRDA:24,3,1,0
BRDA:26,4,0,0
BRDA:26,4,1,0
BRDA:26,5,0,0
BRDA:26,5,1,0
BRDA:31,6,0,0
BRDA:31,6,1,0
BRDA:43,7,0,0
BRDA:43,7,1,0
BRDA:43,8,0,0
BRDA:43,8,1,0
BRDA:66,9,0,0
BRDA:66,10,0,0
BRDA:66,11,0,0
BRDA:66,12,0,0
BRDA:67,13,0,0
BRDA:67,13,1,0
BRDA:86,14,0,0
BRDA:87,15,0,0
BRDA:87,15,1,0
BRDA:94,16,0,0
BRDA:94,16,1,0
BRF:27
BRH:0
end_of_record
TN:
SF:src/services/settlement-service/src/middleware/versioning.middleware.js
FN:28,extractVersion
FN:75,versionRoute
FN:76,(anonymous_2)
FNF:3
FNH:0
FNDA:0,extractVersion
FNDA:0,versionRoute
FNDA:0,(anonymous_2)
DA:7,0
DA:12,0
DA:13,0
DA:32,0
DA:33,0
DA:34,0
DA:35,0
DA:36,0
DA:41,0
DA:42,0
DA:46,0
DA:47,0
DA:51,0
DA:52,0
DA:56,0
DA:57,0
DA:61,0
DA:64,0
DA:66,0
DA:76,0
DA:77,0
DA:80,0
DA:82,0
DA:83,0
DA:87,0
DA:91,0
LF:26
LH:0
BRDA:33,0,0,0
BRDA:33,0,1,0
BRDA:33,1,0,0
BRDA:33,1,1,0
BRDA:35,2,0,0
BRDA:35,2,1,0
BRDA:41,3,0,0
BRDA:41,3,1,0
BRDA:46,4,0,0
BRDA:46,4,1,0
BRDA:46,5,0,0
BRDA:46,5,1,0
BRDA:51,6,0,0
BRDA:51,6,1,0
BRDA:56,7,0,0
BRDA:56,7,1,0
BRDA:77,8,0,0
BRDA:77,8,1,0
BRDA:80,9,0,0
BRDA:80,9,1,0
BRDA:82,10,0,0
BRDA:82,10,1,0
BRF:22
BRH:0
end_of_record
TN:
SF:src/services/settlement-service/src/middleware/versioning.middleware.ts
FN:27,(anonymous_0)
FN:74,(anonymous_1)
FN:75,(anonymous_2)
FNF:3
FNH:0
FNDA:0,(anonymous_0)
FNDA:0,(anonymous_1)
FNDA:0,(anonymous_2)
DA:9,0
DA:15,0
DA:16,0
DA:27,0
DA:31,0
DA:32,0
DA:33,0
DA:34,0
DA:35,0
DA:40,0
DA:41,0
DA:45,0
DA:46,0
DA:50,0
DA:51,0
DA:55,0
DA:56,0
DA:60,0
DA:63,0
DA:65,0
DA:74,0
DA:75,0
DA:76,0
DA:79,0
DA:81,0
DA:82,0
DA:86,0
DA:90,0
LF:28
LH:0
BRDA:32,0,0,0
BRDA:32,1,0,0
BRDA:32,1,1,0
BRDA:34,2,0,0
BRDA:40,3,0,0
BRDA:45,4,0,0
BRDA:45,5,0,0
BRDA:45,5,1,0
BRDA:50,6,0,0
BRDA:55,7,0,0
BRDA:76,8,0,0
BRDA:76,8,1,0
BRDA:79,9,0,0
BRDA:79,9,1,0
BRDA:81,10,0,0
BRF:15
BRH:0
end_of_record
TN:
SF:src/services/settlement-service/src/middleware/security/cors.middleware.js
FN:16,(anonymous_0)
FNF:1
FNH:0
FNDA:0,(anonymous_0)
DA:7,0
DA:10,0
DA:15,0
DA:18,0
DA:19,0
DA:23,0
DA:26,0
DA:28,0
DA:40,0
DA:42,0
LF:10
LH:0
BRDA:10,0,0,0
BRDA:10,0,1,0
BRDA:18,1,0,0
BRDA:18,1,1,0
BRDA:23,2,0,0
BRDA:23,2,1,0
BRDA:23,3,0,0
BRDA:23,3,1,0
BRDA:23,3,2,0
BRF:9
BRH:0
end_of_record
TN:
SF:src/services/settlement-service/src/middleware/security/csrf.middleware.js
FN:24,(anonymous_0)
FN:35,(anonymous_1)
FN:47,(anonymous_2)
FNF:3
FNH:0
FNDA:0,(anonymous_0)
FNDA:0,(anonymous_1)
FNDA:0,(anonymous_2)
DA:7,0
DA:8,0
DA:11,0
DA:21,0
DA:24,0
DA:25,0
DA:27,0
DA:30,0
DA:35,0
DA:38,0
DA:39,0
DA:47,0
DA:49,0
DA:50,0
DA:54,0
DA:55,0
DA:56,0
DA:60,0
DA:63,0
LF:19
LH:0
BRDA:25,0,0,0
BRDA:25,0,1,0
BRDA:49,1,0,0
BRDA:49,1,1,0
BRDA:49,2,0,0
BRDA:49,2,1,0
BRDA:55,3,0,0
BRDA:55,3,1,0
BRF:8
BRH:0
end_of_record
TN:
SF:src/services/settlement-service/src/middleware/security/hpp.middleware.js
FNF:0
FNH:0
DA:7,0
DA:13,0
DA:24,0
DA:28,0
LF:4
LH:0
BRF:0
BRH:0
end_of_record
TN:
SF:src/services/settlement-service/src/middleware/security/index.js
FNF:0
FNH:0
DA:7,0
DA:13,0
DA:19,0
DA:24,0
DA:25,0
DA:26,0
DA:29,0
DA:38,0
DA:43,0
LF:9
LH:0
BRF:0
BRH:0
end_of_record
TN:
SF:src/services/settlement-service/src/middleware/security/input-validation.middleware.js
FN:17,(anonymous_0)
FN:18,(anonymous_1)
FN:21,(anonymous_2)
FN:28,(anonymous_3)
FN:78,(anonymous_4)
FN:88,(anonymous_5)
FN:89,(anonymous_6)
FNF:7
FNH:0
FNDA:0,(anonymous_0)
FNDA:0,(anonymous_1)
FNDA:0,(anonymous_2)
FNDA:0,(anonymous_3)
FNDA:0,(anonymous_4)
FNDA:0,(anonymous_5)
FNDA:0,(anonymous_6)
DA:8,0
DA:9,0
DA:10,0
DA:17,0
DA:18,0
DA:19,0
DA:21,0
DA:24,0
DA:26,0
DA:28,0
DA:30,0
DA:31,0
DA:32,0
DA:36,0
DA:41,0
DA:42,0
DA:43,0
DA:46,0
DA:48,0
DA:57,0
DA:78,0
DA:80,0
DA:88,0
DA:89,0
DA:90,0
DA:92,0
DA:93,0
DA:95,0
DA:96,0
DA:102,0
DA:106,0
LF:31
LH:0
BRDA:26,0,0,0
BRDA:26,0,1,0
BRDA:42,1,0,0
BRDA:42,1,1,0
BRDA:90,2,0,0
BRDA:90,2,1,0
BRDA:95,3,0,0
BRDA:95,3,1,0
BRDA:95,4,0,0
BRDA:95,4,1,0
BRF:10
BRH:0
end_of_record
TN:
SF:src/services/settlement-service/src/middleware/security/rate-limiter.middleware.js
FN:13,(anonymous_0)
FN:26,(anonymous_1)
FN:40,(anonymous_2)
FNF:3
FNH:0
FNDA:0,(anonymous_0)
FNDA:0,(anonymous_1)
FNDA:0,(anonymous_2)
DA:8,0
DA:9,0
DA:10,0
DA:13,0
DA:15,0
DA:16,0
DA:19,0
DA:26,0
DA:28,0
DA:29,0
DA:32,0
DA:36,0
DA:41,0
DA:54,0
DA:63,0
DA:72,0
DA:81,0
DA:88,0
LF:18
LH:0
BRDA:16,0,0,0
BRDA:16,0,1,0
BRDA:19,1,0,0
BRDA:19,1,1,0
BRDA:19,1,2,0
BRDA:19,1,3,0
BRDA:20,2,0,0
BRDA:20,2,1,0
BRDA:29,3,0,0
BRDA:29,3,1,0
BRF:10
BRH:0
end_of_record
TN:
SF:src/services/settlement-service/src/middleware/security/security-headers.middleware.js
FNF:0
FNH:0
DA:7,0
DA:12,0
DA:90,0
LF:3
LH:0
BRDA:51,0,0,0
BRDA:51,0,1,0
BRF:2
BRH:0
end_of_record
TN:
SF:src/services/settlement-service/src/models/settlement.model.js
FN:159,(anonymous_0)
FNF:1
FNH:0
FNDA:0,(anonymous_0)
DA:84,0
DA:86,0
DA:150,0
DA:151,0
DA:152,0
DA:153,0
DA:154,0
DA:155,0
DA:156,0
DA:159,0
DA:160,0
DA:163,0
DA:164,0
DA:165,0
DA:167,0
DA:170,0
DA:172,0
LF:17
LH:0
BRF:0
BRH:0
end_of_record
TN:
SF:src/services/settlement-service/src/models/user-preference.model.js
FN:183,(anonymous_0)
FNF:1
FNH:0
FNDA:0,(anonymous_0)
DA:100,0
DA:102,0
DA:183,0
DA:184,0
DA:187,0
DA:188,0
DA:189,0
DA:191,0
DA:194,0
DA:196,0
LF:10
LH:0
BRF:0
BRH:0
end_of_record
TN:
SF:src/services/settlement-service/src/processors/email.processor.js
FN:13,(anonymous_0)
FN:23,processEmailNotification
FN:51,simulateEmailSending
FN:53,(anonymous_3)
FN:76,(anonymous_4)
FN:81,(anonymous_5)
FNF:6
FNH:0
FNDA:0,(anonymous_0)
FNDA:0,processEmailNotification
FNDA:0,simulateEmailSending
FNDA:0,(anonymous_3)
FNDA:0,(anonymous_4)
FNDA:0,(anonymous_5)
DA:7,0
DA:8,0
DA:12,0
DA:14,0
DA:24,0
DA:26,0
DA:27,0
DA:31,0
DA:34,0
DA:36,0
DA:37,0
DA:40,0
DA:42,0
DA:43,0
DA:53,0
DA:56,0
DA:57,0
DA:61,0
DA:69,0
DA:73,0
DA:76,0
DA:77,0
DA:81,0
DA:82,0
DA:85,0
LF:25
LH:0
BRDA:56,0,0,0
BRDA:56,0,1,0
BRF:2
BRH:0
end_of_record
TN:
SF:src/services/settlement-service/src/processors/reminder.processor.js
FN:13,(anonymous_0)
FN:23,processSettlementReminder
FN:76,getUserEmail
FN:78,(anonymous_3)
FN:90,sendReminderEmail
FN:116,getEmailSubject
FN:134,scheduleFollowupReminder
FN:183,(anonymous_7)
FN:188,(anonymous_8)
FNF:9
FNH:0
FNDA:0,(anonymous_0)
FNDA:0,processSettlementReminder
FNDA:0,getUserEmail
FNDA:0,(anonymous_3)
FNDA:0,sendReminderEmail
FNDA:0,getEmailSubject
FNDA:0,scheduleFollowupReminder
FNDA:0,(anonymous_7)
FNDA:0,(anonymous_8)
DA:7,0
DA:8,0
DA:9,0
DA:12,0
DA:14,0
DA:24,0
DA:26,0
DA:27,0
DA:30,0
DA:32,0
DA:33,0
DA:34,0
DA:38,0
DA:39,0
DA:40,0
DA:44,0
DA:47,0
DA:50,0
DA:53,0
DA:55,0
DA:64,0
DA:66,0
DA:67,0
DA:78,0
DA:79,0
DA:92,0
DA:107,0
DA:117,0
DA:124,0
DA:136,0
DA:137,0
DA:140,0
DA:142,0
DA:143,0
DA:146,0
DA:147,0
DA:158,0
DA:166,0
DA:168,0
DA:180,0
DA:183,0
DA:184,0
DA:188,0
DA:189,0
DA:192,0
LF:45
LH:0
BRDA:32,0,0,0
BRDA:32,0,1,0
BRDA:38,1,0,0
BRDA:38,1,1,0
BRDA:124,2,0,0
BRDA:124,2,1,0
BRDA:136,3,0,0
BRDA:136,3,1,0
BRDA:140,4,0,0
BRDA:140,4,1,0
BRDA:146,5,0,0
BRDA:146,5,1,0
BRDA:166,6,0,0
BRDA:166,6,1,0
BRDA:166,7,0,0
BRDA:166,7,1,0
BRF:16
BRH:0
end_of_record
TN:
SF:src/services/settlement-service/src/processors/settlement.processor.js
FN:14,(anonymous_0)
FN:24,processSettlementJob
FN:76,autoCompleteSettlement
FN:130,checkPaymentStatus
FN:203,sendSettlementNotification
FN:218,(anonymous_5)
FN:233,schedulePeriodicReminders
FN:281,notifyUser
FN:324,(anonymous_8)
FN:329,(anonymous_9)
FNF:10
FNH:0
FNDA:0,(anonymous_0)
FNDA:0,processSettlementJob
FNDA:0,autoCompleteSettlement
FNDA:0,checkPaymentStatus
FNDA:0,sendSettlementNotification
FNDA:0,(anonymous_5)
FNDA:0,schedulePeriodicReminders
FNDA:0,notifyUser
FNDA:0,(anonymous_8)
FNDA:0,(anonymous_9)
DA:7,0
DA:8,0
DA:9,0
DA:10,0
DA:13,0
DA:15,0
DA:25,0
DA:27,0
DA:28,0
DA:31,0
DA:36,0
DA:38,0
DA:39,0
DA:41,0
DA:42,0
DA:44,0
DA:45,0
DA:47,0
DA:48,0
DA:50,0
DA:54,0
DA:56,0
DA:64,0
DA:66,0
DA:67,0
DA:78,0
DA:80,0
DA:81,0
DA:85,0
DA:86,0
DA:94,0
DA:95,0
DA:97,0
DA:98,0
DA:107,0
DA:114,0
DA:119,0
DA:132,0
DA:134,0
DA:135,0
DA:142,0
DA:143,0
DA:150,0
DA:153,0
DA:154,0
DA:161,0
DA:166,0
DA:174,0
DA:175,0
DA:180,0
DA:182,0
DA:190,0
DA:204,0
DA:207,0
DA:209,0
DA:210,0
DA:214,0
DA:217,0
DA:218,0
DA:221,0
DA:235,0
DA:237,0
DA:238,0
DA:242,0
DA:243,0
DA:250,0
DA:255,0
DA:264,0
DA:283,0
DA:286,0
DA:295,0
DA:298,0
DA:313,0
DA:321,0
DA:324,0
DA:325,0
DA:329,0
DA:330,0
DA:333,0
LF:79
LH:0
BRDA:36,0,0,0
BRDA:36,0,1,0
BRDA:36,0,2,0
BRDA:36,0,3,0
BRDA:36,0,4,0
BRDA:80,1,0,0
BRDA:80,1,1,0
BRDA:85,2,0,0
BRDA:85,2,1,0
BRDA:94,3,0,0
BRDA:94,3,1,0
BRDA:97,4,0,0
BRDA:97,4,1,0
BRDA:134,5,0,0
BRDA:134,5,1,0
BRDA:134,6,0,0
BRDA:134,6,1,0
BRDA:137,7,0,0
BRDA:137,7,1,0
BRDA:142,8,0,0
BRDA:142,8,1,0
BRDA:153,9,0,0
BRDA:153,9,1,0
BRDA:174,10,0,0
BRDA:174,10,1,0
BRDA:209,11,0,0
BRDA:209,11,1,0
BRDA:214,12,0,0
BRDA:214,12,1,0
BRDA:237,13,0,0
BRDA:237,13,1,0
BRDA:242,14,0,0
BRDA:242,14,1,0
BRDA:250,15,0,0
BRDA:250,15,1,0
BRDA:295,16,0,0
BRDA:295,16,1,0
BRF:37
BRH:0
end_of_record
TN:
SF:src/services/settlement-service/src/routes/api.routes.js
FNF:0
FNH:0
DA:7,0
DA:8,0
DA:9,0
DA:12,0
DA:13,0
DA:14,0
DA:15,0
DA:18,0
DA:25,0
DA:26,0
DA:27,0
DA:28,0
DA:32,0
DA:33,0
DA:34,0
DA:35,0
DA:43,0
LF:17
LH:0
BRF:0
BRH:0
end_of_record
TN:
SF:src/services/settlement-service/src/routes/export.routes.js
FN:11,(anonymous_0)
FN:18,(anonymous_1)
FNF:2
FNH:0
FNDA:0,(anonymous_0)
FNDA:0,(anonymous_1)
DA:7,0
DA:8,0
DA:11,0
DA:12,0
DA:18,0
DA:19,0
DA:26,0
LF:7
LH:0
BRF:0
BRH:0
end_of_record
TN:
SF:src/services/settlement-service/src/routes/payment.routes.js
FNF:0
FNH:0
DA:7,0
DA:8,0
DA:9,0
DA:10,0
DA:76,0
DA:133,0
DA:173,0
DA:202,0
DA:204,0
LF:9
LH:0
BRF:0
BRH:0
end_of_record
TN:
SF:src/services/settlement-service/src/routes/render.routes.js
FN:18,renderCalculationDetails
FN:34,(anonymous_1)
FNF:2
FNH:0
FNDA:0,renderCalculationDetails
FNDA:0,(anonymous_1)
DA:7,0
DA:8,0
DA:9,0
DA:10,0
DA:19,0
DA:20,0
DA:21,0
DA:24,0
DA:27,0
DA:34,0
DA:39,0
DA:40,0
DA:44,0
DA:54,0
DA:61,0
DA:63,0
LF:16
LH:0
BRDA:24,0,0,0
BRDA:24,0,1,0
BRDA:39,1,0,0
BRDA:39,1,1,0
BRDA:39,2,0,0
BRDA:39,2,1,0
BRF:6
BRH:0
end_of_record
TN:
SF:src/services/settlement-service/src/routes/settlement.routes.js
FNF:0
FNH:0
DA:7,0
DA:8,0
DA:9,0
DA:10,0
DA:11,0
DA:12,0
DA:13,0
DA:16,0
DA:26,0
DA:145,0
DA:199,0
DA:263,0
DA:299,0
DA:347,0
DA:399,0
DA:442,0
DA:500,0
DA:507,0
LF:18
LH:0
BRF:0
BRH:0
end_of_record
TN:
SF:src/services/settlement-service/src/routes/user-preference.routes.js
FNF:0
FNH:0
DA:7,0
DA:8,0
DA:9,0
DA:10,0
DA:11,0
DA:14,0
DA:104,0
DA:151,0
DA:193,0
DA:223,0
DA:266,0
DA:309,0
DA:352,0
DA:358,0
LF:14
LH:0
BRF:0
BRH:0
end_of_record
TN:
SF:src/services/settlement-service/src/services/cache.service.js
FN:15,(anonymous_0)
FN:28,generateCacheKey
FN:32,(anonymous_2)
FN:46,get
FN:50,(anonymous_4)
FN:51,(anonymous_5)
FN:86,set
FN:90,(anonymous_7)
FN:91,(anonymous_8)
FN:116,del
FN:120,(anonymous_10)
FN:121,(anonymous_11)
FN:152,cacheResult
FN:180,clearByPattern
FN:184,(anonymous_14)
FN:185,(anonymous_15)
FN:193,(anonymous_16)
FNF:17
FNH:16
FNDA:0,(anonymous_0)
FNDA:3,generateCacheKey
FNDA:4,(anonymous_2)
FNDA:4,get
FNDA:4,(anonymous_4)
FNDA:4,(anonymous_5)
FNDA:3,set
FNDA:3,(anonymous_7)
FNDA:3,(anonymous_8)
FNDA:2,del
FNDA:2,(anonymous_10)
FNDA:2,(anonymous_11)
[...]
DA:41,0
DA:56,0
DA:78,0
DA:79,0
DA:81,0
DA:89,0
LF:12
LH:0
BRDA:38,0,0,0
BRDA:38,0,1,0
BRDA:38,1,0,0
BRDA:38,1,1,0
BRDA:78,2,0,0
BRDA:78,2,1,0
BRDA:78,3,0,0
BRDA:78,3,1,0
BRF:8
BRH:0
end_of_record
TN:
SF:src/services/settlement-service/src/validations/settlement.validation.js
FN:11,(anonymous_0)
FN:12,(anonymous_1)
FN:13,(anonymous_2)
FN:14,(anonymous_3)
FN:27,(anonymous_4)
FNF:5
FNH:0
FNDA:0,(anonymous_0)
FNDA:0,(anonymous_1)
FNDA:0,(anonymous_2)
FNDA:0,(anonymous_3)
FNDA:0,(anonymous_4)
DA:7,0
DA:8,0
DA:11,0
DA:12,0
DA:13,0
DA:14,0
DA:19,0
DA:29,0
DA:55,0
DA:68,0
DA:91,0
DA:122,0
DA:145,0
DA:151,0
LF:14
LH:0
BRF:0
BRH:0
end_of_record
TN:
SF:src/services/settlement-service/tests/run-algorithm-tests.js
FN:36,(anonymous_0)
FNF:1
FNH:0
FNDA:0,(anonymous_0)
DA:7,0
DA:8,0
DA:11,0
DA:20,0
DA:21,0
DA:22,0
DA:25,0
DA:32,0
DA:33,0
DA:36,0
DA:37,0
DA:38,0
DA:40,0
DA:42,0
DA:43,0
DA:44,0
DA:46,0
DA:47,0
DA:52,0
DA:53,0
DA:54,0
DA:55,0
DA:56,0
DA:59,0
LF:24
LH:0
BRDA:59,0,0,0
BRDA:59,0,1,0
BRF:2
BRH:0
end_of_record
TN:
SF:src/services/settlement-service/tests/integration/jest.config.integration.js
FNF:0
FNH:0
DA:1,0
LF:1
LH:0
BRF:0
BRH:0
end_of_record
TN:
SF:src/services/settlement-service/tests/integration/setup.integration.js
FN:1,(anonymous_0)
FN:1,(anonymous_1)
FNF:2
FNH:0
FNDA:0,(anonymous_0)
FNDA:0,(anonymous_1)
DA:1,0
LF:1
LH:0
BRF:0
BRH:0
end_of_record
TN:
SF:src/services/settlement-service/tests/integration/setup.js
FNF:0
FNH:0
LF:0
LH:0
BRF:0
BRH:0
end_of_record
TN:
SF:src/services/user-service/src/index.js
FN:23,(anonymous_0)
FN:48,(anonymous_1)
FN:57,(anonymous_2)
FN:66,(anonymous_3)
FN:77,(anonymous_4)
FN:86,(anonymous_5)
FN:98,(anonymous_6)
FNF:7
FNH:0
FNDA:0,(anonymous_0)
FNDA:0,(anonymous_1)
FNDA:0,(anonymous_2)
FNDA:0,(anonymous_3)
FNDA:0,(anonymous_4)
FNDA:0,(anonymous_5)
FNDA:0,(anonymous_6)
DA:7,0
DA:8,0
DA:9,0
DA:10,0
DA:13,0
DA:14,0
DA:17,0
DA:18,0
DA:19,0
DA:20,0
DA:23,0
DA:24,0
DA:48,0
DA:49,0
DA:57,0
DA:58,0
DA:66,0
DA:67,0
DA:68,0
DA:77,0
DA:78,0
DA:86,0
DA:87,0
DA:88,0
DA:97,0
DA:98,0
DA:99,0
DA:100,0
DA:104,0
LF:29
LH:0
BRDA:14,0,0,0
BRDA:14,0,1,0
BRDA:97,1,0,0
BRDA:97,1,1,0
BRF:4
BRH:0
end_of_record
TN:
SF:src/services/user-service/src/controllers/user.controller.js
FN:19,register
FN:83,login
FN:125,refreshToken
FN:170,logout
FN:194,getProfile
FN:226,updateProfile
FN:262,changePassword
FN:310,getFriends
FN:332,inviteFriend
FN:384,acceptFriendInvitation
FN:417,rejectFriendInvitation
FN:450,removeFriend
FN:479,blockUser
FN:529,unblockUser
FNF:14
FNH:0
FNDA:0,register
FNDA:0,login
FNDA:0,refreshToken
FNDA:0,logout
FNDA:0,getProfile
FNDA:0,updateProfile
FNDA:0,changePassword
FNDA:0,getFriends
FNDA:0,inviteFriend
FNDA:0,acceptFriendInvitation
FNDA:0,rejectFriendInvitation
FNDA:0,removeFriend
FNDA:0,blockUser
FNDA:0,unblockUser
DA:8,0
DA:9,0
DA:10,0
DA:11,0
DA:20,0
DA:21,0
DA:24,0
DA:25,0
DA:29,0
DA:30,0
DA:31,0
DA:35,0
DA:51,0
DA:54,0
DA:57,0
DA:59,0
DA:73,0
DA:84,0
DA:85,0
DA:88,0
DA:89,0
DA:93,0
DA:96,0
DA:99,0
DA:101,0
DA:115,0
DA:126,0
DA:127,0
DA:129,0
DA:130,0
DA:134,0
DA:137,0
DA:138,0
DA:139,0
DA:143,0
DA:146,0
DA:148,0
DA:157,0
DA:158,0
DA:160,0
DA:171,0
DA:172,0
DA:174,0
DA:176,0
DA:179,0
DA:184,0
DA:195,0
DA:196,0
DA:198,0
DA:199,0
DA:200,0
DA:203,0
DA:216,0
DA:227,0
DA:228,0
DA:229,0
DA:232,0
DA:233,0
DA:234,0
DA:237,0
DA:239,0
DA:252,0
DA:263,0
DA:264,0
DA:265,0
DA:267,0
DA:268,0
DA:272,0
DA:273,0
DA:275,0
DA:276,0
DA:280,0
DA:283,0
DA:286,0
DA:289,0
DA:291,0
DA:300,0
DA:311,0
DA:312,0
DA:313,0
DA:315,0
DA:317,0
DA:322,0
DA:333,0
DA:334,0
DA:335,0
DA:337,0
DA:338,0
DA:342,0
DA:343,0
DA:344,0
DA:348,0
DA:349,0
DA:353,0
DA:354,0
DA:355,0
DA:356,0
DA:357,0
DA:358,0
DA:359,0
DA:360,0
DA:361,0
DA:362,0
DA:367,0
DA:369,0
DA:374,0
DA:385,0
DA:386,0
DA:387,0
DA:390,0
DA:391,0
DA:392,0
DA:395,0
DA:396,0
DA:400,0
DA:402,0
DA:407,0
DA:418,0
DA:419,0
DA:420,0
DA:423,0
DA:424,0
DA:425,0
DA:428,0
DA:429,0
DA:433,0
DA:435,0
DA:440,0
DA:451,0
DA:452,0
DA:453,0
DA:456,0
DA:457,0
DA:458,0
DA:462,0
DA:464,0
DA:469,0
DA:480,0
DA:481,0
DA:482,0
DA:484,0
DA:485,0
DA:489,0
DA:490,0
DA:494,0
DA:495,0
DA:496,0
DA:500,0
DA:501,0
DA:502,0
DA:506,0
DA:507,0
DA:508,0
DA:512,0
DA:514,0
DA:519,0
DA:530,0
DA:531,0
DA:532,0
DA:535,0
DA:536,0
DA:537,0
DA:541,0
DA:543,0
DA:548,0
DA:552,0
LF:166
LH:0
BRDA:24,0,0,0
BRDA:24,0,1,0
BRDA:24,1,0,0
BRDA:24,1,1,0
BRDA:24,1,2,0
BRDA:30,2,0,0
BRDA:30,2,1,0
BRDA:45,3,0,0
BRDA:45,3,1,0
BRDA:88,4,0,0
BRDA:88,4,1,0
BRDA:88,5,0,0
BRDA:88,5,1,0
BRDA:129,6,0,0
BRDA:129,6,1,0
BRDA:138,7,0,0
BRDA:138,7,1,0
BRDA:157,8,0,0
BRDA:157,8,1,0
BRDA:157,9,0,0
BRDA:157,9,1,0
BRDA:174,10,0,0
BRDA:174,10,1,0
BRDA:199,11,0,0
BRDA:199,11,1,0
BRDA:267,12,0,0
BRDA:267,12,1,0
BRDA:267,13,0,0
BRDA:267,13,1,0
BRDA:275,14,0,0
BRDA:275,14,1,0
BRDA:337,15,0,0
BRDA:337,15,1,0
BRDA:343,16,0,0
BRDA:343,16,1,0
BRDA:348,17,0,0
BRDA:348,17,1,0
BRDA:354,18,0,0
BRDA:354,18,1,0
BRDA:355,19,0,0
BRDA:355,19,1,0
BRDA:357,20,0,0
BRDA:357,20,1,0
BRDA:357,21,0,0
BRDA:357,21,1,0
BRDA:359,22,0,0
BRDA:359,22,1,0
BRDA:359,23,0,0
BRDA:359,23,1,0
BRDA:361,24,0,0
BRDA:361,24,1,0
BRDA:391,25,0,0
BRDA:391,25,1,0
BRDA:395,26,0,0
BRDA:395,26,1,0
BRDA:424,27,0,0
BRDA:424,27,1,0
BRDA:428,28,0,0
BRDA:428,28,1,0
BRDA:457,29,0,0
BRDA:457,29,1,0
BRDA:484,30,0,0
BRDA:484,30,1,0
BRDA:489,31,0,0
BRDA:489,31,1,0
BRDA:495,32,0,0
BRDA:495,32,1,0
BRDA:501,33,0,0
BRDA:501,33,1,0
BRDA:507,34,0,0
BRDA:507,34,1,0
BRDA:536,35,0,0
BRDA:536,35,1,0
BRF:73
BRH:0
end_of_record
TN:
SF:src/services/user-service/src/models/user.model.js
FNF:0
FNH:0
LF:0
LH:0
BRF:0
BRH:0
end_of_record
TN:
SF:src/services/user-service/src/repositories/user.repository.js
FN:11,(anonymous_0)
FN:20,(anonymous_1)
FN:31,(anonymous_2)
FN:58,(anonymous_3)
FN:74,(anonymous_4)
FN:80,(anonymous_5)
FN:91,(anonymous_6)
FNF:7
FNH:0
FNDA:0,(anonymous_0)
FNDA:0,(anonymous_1)
FNDA:0,(anonymous_2)
FNDA:0,(anonymous_3)
FNDA:0,(anonymous_4)
FNDA:0,(anonymous_5)
FNDA:0,(anonymous_6)
DA:6,0
DA:7,0
DA:8,0
DA:12,0
DA:21,0
DA:22,0
DA:33,0
DA:34,0
DA:35,0
DA:39,0
DA:42,0
DA:49,0
DA:59,0
DA:61,0
DA:66,0
DA:75,0
DA:76,0
DA:80,0
DA:82,0
DA:92,0
DA:94,0
DA:95,0
DA:98,0
DA:105,0
DA:109,0
LF:25
LH:0
BRDA:22,0,0,0
BRDA:22,0,1,0
BRDA:34,1,0,0
BRDA:34,1,1,0
BRDA:75,2,0,0
BRDA:75,2,1,0
BRDA:75,3,0,0
BRDA:75,3,1,0
BRDA:91,4,0,0
BRDA:92,5,0,0
BRDA:92,6,0,0
BRDA:94,7,0,0
BRDA:94,7,1,0
BRDA:94,8,0,0
BRDA:94,8,1,0
BRF:15
BRH:0
end_of_record
TN:
SF:src/services/user-service/src/services/user.service.js
FN:9,createUser
FN:27,getUser
FN:46,updateUser
FN:64,deleteUser
FN:82,getUsersByGroup
FNF:5
FNH:5
FNDA:2,createUser
FNDA:2,getUser
FNDA:4,updateUser
FNDA:3,deleteUser
FNDA:2,getUsersByGroup
DA:1,1
DA:2,1
DA:10,2
DA:11,0
DA:14,2
DA:15,2
DA:16,1
DA:19,1
DA:28,2
DA:29,0
DA:32,2
DA:33,2
DA:34,1
DA:37,1
DA:47,4
DA:48,2
DA:51,2
DA:52,2
DA:53,1
DA:56,1
DA:65,3
DA:66,1
DA:69,2
DA:70,2
DA:71,1
DA:74,1
DA:83,2
DA:84,1
DA:87,1
DA:90,1
LF:30
LH:28
BRDA:10,0,0,0
BRDA:10,0,1,2
BRDA:10,1,0,2
BRDA:10,1,1,2
BRDA:15,2,0,1
BRDA:15,2,1,1
BRDA:28,3,0,0
BRDA:28,3,1,2
BRDA:33,4,0,1
BRDA:33,4,1,1
BRDA:47,5,0,2
BRDA:47,5,1,2
BRDA:47,6,0,4
BRDA:47,6,1,3
BRDA:52,7,0,1
BRDA:52,7,1,1
BRDA:65,8,0,1
BRDA:65,8,1,2
BRDA:70,9,0,1
BRDA:70,9,1,1
BRDA:83,10,0,1
BRDA:83,10,1,1
BRF:22
BRH:20
end_of_record
TN:
SF:src/shared/database/config.js
FNF:0
FNH:0
DA:6,0
DA:9,0
DA:40,0
LF:3
LH:0
BRDA:6,0,0,0
BRDA:6,0,1,0
BRDA:11,1,0,0
BRDA:11,1,1,0
BRDA:12,2,0,0
BRDA:12,2,1,0
BRDA:19,3,0,0
BRDA:19,3,1,0
BRDA:20,4,0,0
BRDA:20,4,1,0
BRDA:28,5,0,0
BRDA:28,5,1,0
BRF:12
BRH:0
end_of_record
TN:
SF:src/shared/database/connection.js
FN:11,(anonymous_0)
FN:23,(anonymous_1)
FN:52,(anonymous_2)
FN:74,(anonymous_3)
FN:85,(anonymous_4)
FN:97,(anonymous_5)
FNF:6
FNH:0
FNDA:0,(anonymous_0)
FNDA:0,(anonymous_1)
FNDA:0,(anonymous_2)
FNDA:0,(anonymous_3)
FNDA:0,(anonymous_4)
FNDA:0,(anonymous_5)
DA:7,0
DA:8,0
DA:12,0
DA:13,0
DA:14,0
DA:24,0
DA:25,0
DA:26,0
DA:30,0
DA:36,0
DA:39,0
DA:40,0
DA:42,0
DA:44,0
DA:53,0
DA:54,0
DA:55,0
DA:58,0
DA:59,0
DA:60,0
DA:61,0
DA:63,0
DA:65,0
DA:75,0
DA:76,0
DA:78,0
DA:86,0
DA:87,0
DA:89,0
DA:98,0
DA:99,0
DA:102,0
DA:103,0
DA:105,0
DA:108,0
DA:111,0
DA:113,0
DA:116,0
DA:117,0
DA:120,0
DA:126,0
DA:127,0
LF:42
LH:0
BRDA:25,0,0,0
BRDA:25,0,1,0
BRDA:54,1,0,0
BRDA:54,1,1,0
BRDA:75,2,0,0
BRDA:75,2,1,0
BRDA:86,3,0,0
BRDA:86,3,1,0
BRDA:98,4,0,0
BRDA:98,4,1,0
BRF:10
BRH:0
end_of_record
TN:
SF:src/shared/database/index.js
FN:15,(anonymous_0)
FN:29,(anonymous_1)
FNF:2
FNH:0
FNDA:0,(anonymous_0)
FNDA:0,(anonymous_1)
DA:6,0
DA:7,0
DA:8,0
DA:9,0
DA:15,0
DA:16,0
DA:17,0
DA:18,0
DA:20,0
DA:21,0
DA:29,0
DA:30,0
DA:31,0
DA:32,0
DA:34,0
DA:35,0
DA:39,0
LF:17
LH:0
BRF:0
BRH:0
end_of_record
TN:
SF:src/shared/database/models/base.model.js
FN:13,(anonymous_0)
FN:21,(anonymous_1)
FN:30,(anonymous_2)
FNF:3
FNH:0
FNDA:0,(anonymous_0)
FNDA:0,(anonymous_1)
FNDA:0,(anonymous_2)
DA:6,0
DA:14,0
DA:22,0
DA:32,0
DA:36,0
LF:5
LH:0
BRF:0
BRH:0
end_of_record
TN:
SF:src/shared/database/repositories/base.repository.js
FN:15,(anonymous_0)
FN:23,(anonymous_1)
FN:32,(anonymous_2)
FN:48,(anonymous_3)
FN:62,(anonymous_4)
FN:96,(anonymous_5)
FN:110,(anonymous_6)
FN:132,(anonymous_7)
FN:160,(anonymous_8)
FN:173,(anonymous_9)
FN:191,(anonymous_10)
FN:204,(anonymous_11)
FNF:12
FNH:0
FNDA:0,(anonymous_0)
FNDA:0,(anonymous_1)
FNDA:0,(anonymous_2)
FNDA:0,(anonymous_3)
FNDA:0,(anonymous_4)
FNDA:0,(anonymous_5)
FNDA:0,(anonymous_6)
FNDA:0,(anonymous_7)
FNDA:0,(anonymous_8)
FNDA:0,(anonymous_9)
FNDA:0,(anonymous_10)
FNDA:0,(anonymous_11)
DA:6,0
DA:7,0
DA:8,0
DA:16,0
DA:24,0
DA:33,0
DA:34,0
DA:35,0
DA:36,0
DA:38,0
DA:49,0
DA:50,0
DA:51,0
DA:53,0
DA:63,0
DA:64,0
DA:65,0
DA:67,0
DA:69,0
DA:70,0
DA:73,0
DA:74,0
DA:77,0
DA:78,0
DA:81,0
DA:82,0
DA:85,0
DA:87,0
DA:97,0
DA:98,0
DA:99,0
DA:101,0
DA:111,0
DA:112,0
DA:113,0
DA:115,0
DA:116,0
DA:119,0
DA:121,0
DA:133,0
DA:134,0
DA:135,0
DA:138,0
DA:139,0
DA:141,0
DA:147,0
DA:149,0
DA:161,0
DA:162,0
DA:163,0
DA:165,0
DA:174,0
DA:175,0
DA:176,0
DA:178,0
DA:179,0
DA:181,0
DA:192,0
DA:193,0
DA:194,0
DA:205,0
DA:207,0
DA:208,0
DA:211,0
DA:213,0
DA:218,0
LF:66
LH:0
BRDA:50,0,0,0
BRDA:50,0,1,0
BRDA:62,1,0,0
BRDA:62,2,0,0
BRDA:69,3,0,0
BRDA:69,3,1,0
BRDA:73,4,0,0
BRDA:73,4,1,0
BRDA:77,5,0,0
BRDA:77,5,1,0
BRDA:81,6,0,0
BRDA:81,6,1,0
BRDA:96,7,0,0
BRDA:115,8,0,0
BRDA:115,8,1,0
BRDA:132,9,0,0
BRDA:162,10,0,0
BRDA:162,10,1,0
BRDA:193,11,0,0
BRDA:193,11,1,0
BRDA:207,12,0,0
BRDA:207,12,1,0
BRF:22
BRH:0
end_of_record
TN:
SF:src/shared/errors/index.js
FN:20,(anonymous_0)
FN:35,(anonymous_1)
FN:58,(anonymous_2)
FN:74,(anonymous_3)
FN:90,(anonymous_4)
FN:106,(anonymous_5)
FN:123,(anonymous_6)
FN:132,(anonymous_7)
FN:149,(anonymous_8)
FN:165,(anonymous_9)
FN:182,(anonymous_10)
FN:199,(anonymous_11)
FN:208,(anonymous_12)
FNF:13
FNH:4
FNDA:25,(anonymous_0)
FNDA:0,(anonymous_1)
FNDA:7,(anonymous_2)
FNDA:17,(anonymous_3)
FNDA:0,(anonymous_4)
FNDA:0,(anonymous_5)
FNDA:0,(anonymous_6)
FNDA:0,(anonymous_7)
FNDA:0,(anonymous_8)
FNDA:1,(anonymous_9)
FNDA:0,(anonymous_10)
FNDA:0,(anonymous_11)
FNDA:0,(anonymous_12)
DA:21,25
DA:22,25
DA:23,25
DA:24,25
DA:25,25
DA:28,25
DA:36,0
DA:59,7
DA:60,7
DA:75,17
DA:76,17
DA:91,0
DA:92,0
DA:107,0
DA:108,0
DA:124,0
DA:125,0
DA:126,0
DA:133,0
DA:134,0
DA:135,0
DA:150,0
DA:151,0
DA:166,1
DA:167,1
DA:183,0
DA:184,0
DA:200,0
DA:201,0
DA:202,0
DA:209,0
DA:210,0
DA:211,0
DA:213,0
DA:217,9
LF:35
LH:13
BRDA:20,0,0,0
BRDA:20,1,0,0
BRDA:25,2,0,25
BRDA:25,2,1,0
BRDA:42,3,0,0
BRDA:42,3,1,0
BRDA:58,4,0,0
BRDA:58,5,0,7
BRDA:74,6,0,0
BRDA:74,7,0,17
BRDA:90,8,0,0
BRDA:90,9,0,0
BRDA:106,10,0,0
BRDA:106,11,0,0
BRDA:123,12,0,0
BRDA:123,13,0,0
BRDA:123,14,0,0
BRDA:149,15,0,0
BRDA:149,16,0,0
BRDA:165,17,0,0
BRDA:165,18,0,1
BRDA:182,19,0,0
BRDA:182,20,0,0
BRDA:182,21,0,0
BRDA:199,22,0,0
BRDA:199,23,0,0
BRDA:199,24,0,0
BRDA:210,25,0,0
BRDA:210,25,1,0
BRDA:210,26,0,0
BRDA:210,26,1,0
BRF:31
BRH:4
end_of_record
TN:
SF:src/shared/middleware/async.middleware.js
FN:12,(anonymous_0)
FN:12,(anonymous_1)
FNF:2
FNH:2
FNDA:20,(anonymous_0)
FNDA:12,(anonymous_1)
DA:12,20
DA:13,12
DA:16,2
LF:3
LH:3
BRF:0
BRH:0
end_of_record
TN:
SF:src/shared/middleware/auth.middleware.js
FN:15,(anonymous_0)
FN:16,(anonymous_1)
FN:56,(anonymous_2)
FN:57,(anonymous_3)
FN:65,(anonymous_4)
FN:80,(anonymous_5)
FN:81,(anonymous_6)
FNF:7
FNH:0
FNDA:0,(anonymous_0)
FNDA:0,(anonymous_1)
FNDA:0,(anonymous_2)
FNDA:0,(anonymous_3)
FNDA:0,(anonymous_4)
FNDA:0,(anonymous_5)
FNDA:0,(anonymous_6)
DA:8,2
DA:15,2
DA:16,0
DA:17,0
DA:18,0
DA:20,0
DA:21,0
DA:24,0
DA:26,0
DA:27,0
DA:31,0
DA:34,0
DA:36,0
DA:38,0
DA:39,0
DA:42,0
DA:43,0
DA:46,0
DA:56,2
DA:57,0
DA:58,0
DA:59,0
DA:62,0
DA:63,0
DA:65,0
DA:67,0
DA:68,0
DA:71,0
DA:80,2
DA:81,0
DA:82,0
DA:83,0
DA:87,0
DA:88,0
DA:89,0
DA:92,0
DA:94,0
DA:96,0
DA:97,0
DA:101,0
DA:102,0
DA:105,0
DA:107,0
DA:112,2
LF:44
LH:5
BRDA:20,0,0,0
BRDA:20,0,1,0
BRDA:20,1,0,0
BRDA:20,1,1,0
BRDA:26,2,0,0
BRDA:26,2,1,0
BRDA:38,3,0,0
BRDA:38,3,1,0
BRDA:42,4,0,0
BRDA:42,4,1,0
BRDA:58,5,0,0
BRDA:58,5,1,0
BRDA:62,6,0,0
BRDA:62,6,1,0
BRDA:63,7,0,0
BRDA:63,7,1,0
BRDA:67,8,0,0
BRDA:67,8,1,0
BRDA:82,9,0,0
BRDA:82,9,1,0
BRDA:87,10,0,0
BRDA:87,10,1,0
BRDA:88,11,0,0
BRDA:88,11,1,0
BRDA:96,12,0,0
BRDA:96,12,1,0
BRDA:101,13,0,0
BRDA:101,13,1,0
BRF:28
BRH:0
end_of_record
TN:
SF:src/shared/middleware/error.middleware.js
FN:15,(anonymous_0)
FN:37,(anonymous_1)
FN:84,(anonymous_2)
FNF:3
FNH:0
FNDA:0,(anonymous_0)
FNDA:0,(anonymous_1)
FNDA:0,(anonymous_2)
DA:8,2
DA:15,2
DA:17,0
DA:18,0
DA:26,0
DA:37,2
DA:38,0
DA:41,0
DA:42,0
DA:46,0
DA:48,0
DA:52,0
DA:55,0
DA:57,0
DA:58,0
DA:61,0
DA:63,0
DA:64,0
DA:68,0
DA:74,0
DA:84,2
DA:85,0
DA:86,0
DA:89,2
LF:24
LH:5
BRDA:17,0,0,0
BRDA:17,0,1,0
BRDA:21,1,0,0
BRDA:21,1,1,0
BRDA:41,2,0,0
BRDA:41,2,1,0
BRDA:46,3,0,0
BRDA:46,3,1,0
BRDA:46,4,0,0
BRDA:46,4,1,0
BRDA:55,5,0,0
BRDA:55,5,1,0
BRDA:55,6,0,0
BRDA:55,6,1,0
BRDA:61,7,0,0
BRDA:61,7,1,0
BRDA:61,8,0,0
BRDA:61,8,1,0
BRDA:69,9,0,0
BRDA:69,9,1,0
BRDA:71,10,0,0
BRDA:71,10,1,0
BRF:22
BRH:0
end_of_record
TN:
SF:src/shared/middleware/index.js
FNF:0
FNH:0
DA:7,2
DA:8,2
DA:9,2
DA:10,2
DA:11,2
DA:13,2
LF:6
LH:6
BRF:0
BRH:0
end_of_record
TN:
SF:src/shared/middleware/service-auth.middleware.js
FN:14,(anonymous_0)
FN:15,(anonymous_1)
FN:41,(anonymous_2)
FN:42,(anonymous_3)
FN:55,(anonymous_4)
FN:56,(anonymous_5)
FN:64,(anonymous_6)
FN:79,(anonymous_7)
FN:80,(anonymous_8)
FNF:9
FNH:0
FNDA:0,(anonymous_0)
FNDA:0,(anonymous_1)
FNDA:0,(anonymous_2)
FNDA:0,(anonymous_3)
FNDA:0,(anonymous_4)
FNDA:0,(anonymous_5)
FNDA:0,(anonymous_6)
FNDA:0,(anonymous_7)
FNDA:0,(anonymous_8)
DA:8,2
DA:14,2
DA:15,0
DA:17,0
DA:19,0
DA:21,0
DA:22,0
DA:27,0
DA:33,0
DA:41,2
DA:42,0
DA:43,0
DA:44,0
DA:46,0
DA:55,2
DA:56,0
DA:57,0
DA:58,0
DA:61,0
DA:62,0
DA:64,0
DA:66,0
DA:67,0
DA:70,0
DA:79,2
DA:80,0
DA:81,0
DA:82,0
DA:86,0
DA:87,0
DA:88,0
DA:91,0
DA:93,0
DA:95,0
DA:96,0
DA:100,0
DA:101,0
DA:104,0
DA:106,0
DA:111,2
LF:40
LH:6
BRDA:19,0,0,0
BRDA:19,0,1,0
BRDA:22,1,0,0
BRDA:22,1,1,0
BRDA:43,2,0,0
BRDA:43,2,1,0
BRDA:57,3,0,0
BRDA:57,3,1,0
BRDA:61,4,0,0
BRDA:61,4,1,0
BRDA:62,5,0,0
BRDA:62,5,1,0
BRDA:66,6,0,0
BRDA:66,6,1,0
BRDA:81,7,0,0
BRDA:81,7,1,0
BRDA:86,8,0,0
BRDA:86,8,1,0
BRDA:87,9,0,0
BRDA:87,9,1,0
BRDA:95,10,0,0
BRDA:95,10,1,0
BRDA:100,11,0,0
BRDA:100,11,1,0
BRF:24
BRH:0
end_of_record
TN:
SF:src/shared/middleware/validation.middleware.js
FN:15,(anonymous_0)
FN:16,(anonymous_1)
FN:28,(anonymous_2)
FN:46,(anonymous_3)
FN:64,(anonymous_4)
FNF:5
FNH:0
FNDA:0,(anonymous_0)
FNDA:0,(anonymous_1)
FNDA:0,(anonymous_2)
FNDA:0,(anonymous_3)
FNDA:0,(anonymous_4)
DA:8,2
DA:15,2
DA:16,0
DA:17,0
DA:24,0
DA:25,0
DA:27,0
DA:28,0
DA:29,0
DA:30,0
DA:31,0
DA:34,0
DA:38,0
DA:42,0
DA:43,0
DA:45,0
DA:46,0
DA:47,0
DA:48,0
DA:49,0
DA:52,0
DA:56,0
DA:60,0
DA:61,0
DA:63,0
DA:64,0
DA:65,0
DA:66,0
DA:67,0
DA:70,0
DA:74,0
DA:77,0
DA:81,2
LF:33
LH:3
BRDA:24,0,0,0
BRDA:24,0,1,0
BRDA:27,1,0,0
BRDA:27,1,1,0
BRDA:42,2,0,0
BRDA:42,2,1,0
BRDA:45,3,0,0
BRDA:45,3,1,0
BRDA:60,4,0,0
BRDA:60,4,1,0
BRDA:63,5,0,0
BRDA:63,5,1,0
BRF:12
BRH:0
end_of_record
TN:
SF:src/shared/models/base.model.js
FNF:0
FNH:0
LF:0
LH:0
BRF:0
BRH:0
end_of_record
TN:
SF:src/shared/services/auth.service.js
FN:19,(anonymous_0)
FN:30,(anonymous_1)
FN:41,(anonymous_2)
FN:52,(anonymous_3)
FN:73,(anonymous_4)
FN:89,(anonymous_5)
FN:99,(anonymous_6)
FNF:7
FNH:0
FNDA:0,(anonymous_0)
FNDA:0,(anonymous_1)
FNDA:0,(anonymous_2)
FNDA:0,(anonymous_3)
FNDA:0,(anonymous_4)
FNDA:0,(anonymous_5)
FNDA:0,(anonymous_6)
DA:7,0
DA:8,0
DA:9,0
DA:20,0
DA:21,0
DA:22,0
DA:31,0
DA:42,0
DA:54,0
DA:61,0
DA:74,0
DA:75,0
DA:77,0
DA:78,0
DA:80,0
DA:90,0
DA:101,0
DA:108,0
DA:109,0
DA:111,0
DA:119,0
LF:21
LH:0
BRDA:19,0,0,0
BRDA:20,1,0,0
BRDA:20,1,1,0
BRDA:21,2,0,0
BRDA:21,2,1,0
BRDA:22,3,0,0
BRDA:22,3,1,0
BRDA:58,4,0,0
BRDA:58,4,1,0
BRDA:77,5,0,0
BRDA:77,5,1,0
BRF:11
BRH:0
end_of_record
TN:
SF:src/shared/utils/index.js
FNF:0
FNH:0
DA:7,0
DA:8,0
DA:10,0
LF:3
LH:0
BRF:0
BRH:0
end_of_record
TN:
SF:src/shared/utils/pagination.utils.js
FN:13,(anonymous_0)
FN:48,(anonymous_1)
FN:73,(anonymous_2)
FN:84,(anonymous_3)
FNF:4
FNH:0
FNDA:0,(anonymous_0)
FNDA:0,(anonymous_1)
FNDA:0,(anonymous_2)
FNDA:0,(anonymous_3)
DA:13,0
DA:18,0
DA:20,0
DA:21,0
DA:24,0
DA:27,0
DA:30,0
DA:32,0
DA:48,0
DA:49,0
DA:51,0
DA:52,0
DA:53,0
DA:55,0
DA:73,0
DA:74,0
DA:75,0
DA:84,0
DA:85,0
DA:91,0
LF:20
LH:0
BRDA:13,0,0,0
BRDA:15,1,0,0
BRDA:16,2,0,0
BRDA:17,3,0,0
BRDA:20,4,0,0
BRDA:20,4,1,0
BRDA:21,5,0,0
BRDA:21,5,1,0
BRDA:62,6,0,0
BRDA:62,6,1,0
BRDA:63,7,0,0
BRDA:63,7,1,0
BRF:12
BRH:0
end_of_record
TN:
SF:src/shared/utils/response.utils.js
FN:14,(anonymous_0)
FN:36,(anonymous_1)
FN:44,(anonymous_2)
FN:54,(anonymous_3)
FNF:4
FNH:0
FNDA:0,(anonymous_0)
FNDA:0,(anonymous_1)
FNDA:0,(anonymous_2)
FNDA:0,(anonymous_3)
DA:14,0
DA:15,0
DA:19,0
DA:20,0
DA:23,0
DA:24,0
DA:27,0
DA:36,0
DA:37,0
DA:44,0
DA:45,0
DA:54,0
DA:55,0
DA:61,0
LF:14
LH:0
BRDA:14,0,0,0
BRDA:14,1,0,0
BRDA:14,2,0,0
BRDA:19,3,0,0
BRDA:19,3,1,0
BRDA:23,4,0,0
BRDA:23,4,1,0
BRDA:36,5,0,0
BRDA:36,6,0,0
BRF:9
BRH:0
end_of_record
TN:
SF:src/utils/check-test-types.js
FNF:0
FNH:0
DA:16,0
DA:17,0
DA:19,0
DA:20,0
DA:22,0
DA:24,0
DA:29,0
DA:30,0
DA:31,0
DA:35,0
DA:36,0
DA:38,0
DA:39,0
DA:41,0
DA:42,0
DA:43,0
DA:45,0
DA:46,0
LF:18
LH:0
BRDA:29,0,0,0
BRDA:29,0,1,0
BRDA:41,1,0,0
BRDA:41,1,1,0
BRDA:41,2,0,0
BRDA:41,2,1,0
BRF:6
BRH:0
end_of_record
TN:
SF:src/utils/generate-declaration-files.js
FN:43,scanTypeScriptFiles
FN:57,extractTypeDefinitions
FN:84,extractInterfaces
FN:88,(anonymous_3)
FN:97,extractTypeAliases
FN:101,(anonymous_5)
FN:110,generateServiceDeclarationFiles
FN:161,generateIndexDeclarationFile
FN:179,(anonymous_8)
FN:180,(anonymous_9)
FN:195,generateMiddlewareDeclarationFile
FN:262,generateDeclarationFile
FN:276,(anonymous_12)
FN:277,(anonymous_13)
FN:295,capitalizeFirstLetter
FN:302,main
FNF:16
FNH:0
FNDA:0,scanTypeScriptFiles
FNDA:0,extractTypeDefinitions
FNDA:0,extractInterfaces
FNDA:0,(anonymous_3)
FNDA:0,extractTypeAliases
FNDA:0,(anonymous_5)
FNDA:0,generateServiceDeclarationFiles
FNDA:0,generateIndexDeclarationFile
FNDA:0,(anonymous_8)
FNDA:0,(anonymous_9)
FNDA:0,generateMiddlewareDeclarationFile
FNDA:0,generateDeclarationFile
FNDA:0,(anonymous_12)
FNDA:0,(anonymous_13)
FNDA:0,capitalizeFirstLetter
FNDA:0,main
DA:17,0
DA:18,0
DA:19,0
DA:22,0
DA:44,0
DA:45,0
DA:46,0
DA:47,0
DA:49,0
DA:50,0
DA:58,0
DA:60,0
DA:61,0
DA:62,0
DA:63,0
DA:64,0
DA:66,0
DA:67,0
DA:74,0
DA:78,0
DA:85,0
DA:86,0
DA:88,0
DA:98,0
DA:99,0
DA:101,0
DA:112,0
DA:114,0
DA:116,0
DA:117,0
DA:119,0
DA:120,0
DA:122,0
DA:123,0
DA:126,0
DA:131,0
DA:132,0
DA:142,0
DA:143,0
DA:147,0
DA:148,0
DA:151,0
DA:152,0
DA:154,0
DA:162,0
DA:174,0
DA:175,0
DA:178,0
DA:179,0
DA:180,0
DA:183,0
DA:196,0
DA:263,0
DA:271,0
DA:272,0
DA:275,0
DA:276,0
DA:277,0
DA:280,0
DA:288,0
DA:289,0
DA:296,0
DA:303,0
DA:304,0
DA:306,0
DA:307,0
DA:310,0
DA:311,0
DA:315,0
DA:316,0
DA:317,0
DA:320,0
DA:321,0
DA:322,0
DA:325,0
DA:326,0
DA:327,0
DA:329,0
DA:334,0
LF:79
LH:0
BRDA:66,0,0,0
BRDA:66,0,1,0
BRDA:66,1,0,0
BRDA:66,1,1,0
BRDA:119,2,0,0
BRDA:119,2,1,0
BRDA:119,3,0,0
BRDA:119,3,1,0
BRDA:122,4,0,0
BRDA:122,4,1,0
BRDA:142,5,0,0
BRDA:142,5,1,0
BRDA:310,6,0,0
BRDA:310,6,1,0
BRDA:325,7,0,0
BRDA:325,7,1,0
BRF:16
BRH:0
end_of_record
