TN:
SF:jest.setup.js
FN:2,(anonymous_0)
FN:18,(anonymous_1)
FN:22,(anonymous_2)
FN:51,(anonymous_3)
FN:52,(anonymous_4)
FN:52,(anonymous_5)
FN:56,(anonymous_6)
FN:57,(anonymous_7)
FN:71,(anonymous_8)
FN:72,(anonymous_9)
FNF:10
FNH:0
FNDA:0,(anonymous_0)
FNDA:0,(anonymous_1)
FNDA:0,(anonymous_2)
FNDA:0,(anonymous_3)
FNDA:0,(anonymous_4)
FNDA:0,(anonymous_5)
FNDA:0,(anonymous_6)
FNDA:0,(anonymous_7)
FNDA:0,(anonymous_8)
FNDA:0,(anonymous_9)
DA:2,1
DA:3,0
DA:18,0
DA:22,1
DA:23,0
DA:47,0
DA:51,1
DA:52,0
DA:56,1
DA:57,0
DA:71,1
DA:72,0
DA:78,0
LF:13
LH:5
BRF:0
BRH:0
end_of_record
TN:
SF:src/index.js
FN:25,(anonymous_0)
FN:41,(anonymous_1)
FN:54,(anonymous_2)
FNF:3
FNH:0
FNDA:0,(anonymous_0)
FNDA:0,(anonymous_1)
FNDA:0,(anonymous_2)
DA:18,0
DA:19,0
DA:22,0
DA:25,0
DA:26,0
DA:27,0
DA:31,0
DA:38,0
DA:41,0
DA:42,0
DA:50,0
DA:53,0
DA:54,0
DA:55,0
DA:56,0
DA:57,0
DA:61,0
LF:17
LH:0
BRDA:15,0,0,0
BRDA:15,0,1,0
BRDA:53,1,0,0
BRDA:53,1,1,0
BRF:4
BRH:0
end_of_record
TN:
SF:src/index.ts
FN:48,(anonymous_0)
FN:67,(anonymous_1)
FN:82,(anonymous_2)
FN:88,(anonymous_3)
FN:102,(anonymous_4)
FN:103,(anonymous_5)
FN:105,(anonymous_6)
FN:121,(anonymous_7)
FN:122,(anonymous_8)
FNF:9
FNH:0
FNDA:0,(anonymous_0)
FNDA:0,(anonymous_1)
FNDA:0,(anonymous_2)
FNDA:0,(anonymous_3)
FNDA:0,(anonymous_4)
FNDA:0,(anonymous_5)
FNDA:0,(anonymous_6)
FNDA:0,(anonymous_7)
FNDA:0,(anonymous_8)
DA:19,0
DA:22,0
DA:23,0
DA:26,0
DA:29,0
DA:32,0
DA:33,0
DA:36,0
DA:39,0
DA:40,0
DA:41,0
DA:42,0
DA:45,0
DA:48,0
DA:49,0
DA:58,0
DA:61,0
DA:64,0
DA:67,0
DA:68,0
DA:69,0
DA:70,0
DA:74,0
DA:75,0
DA:77,0
DA:78,0
DA:79,0
DA:80,0
DA:82,0
DA:88,0
DA:89,0
DA:92,0
DA:93,0
DA:94,0
DA:96,0
DA:100,0
DA:101,0
DA:102,0
DA:103,0
DA:105,0
DA:106,0
DA:108,0
DA:112,0
DA:116,0
DA:117,0
DA:120,0
DA:121,0
DA:122,0
DA:123,0
DA:124,0
DA:125,0
DA:126,0
LF:52
LH:0
BRDA:23,0,0,0
BRDA:23,0,1,0
BRDA:67,1,0,0
BRDA:67,2,0,0
BRDA:70,3,0,0
BRDA:70,3,1,0
BRDA:78,4,0,0
BRDA:120,5,0,0
BRF:8
BRH:0
end_of_record
TN:
SF:src/test-features.ts
FN:14,(anonymous_2)
FN:19,(anonymous_3)
FN:26,(anonymous_4)
FN:39,logger
FN:41,(anonymous_6)
FN:49,memoize
FN:53,(anonymous_8)
FNF:7
FNH:0
FNDA:0,(anonymous_2)
FNDA:0,(anonymous_3)
FNDA:0,(anonymous_4)
FNDA:0,logger
FNDA:0,(anonymous_6)
FNDA:0,memoize
FNDA:0,(anonymous_8)
DA:11,0
DA:15,0
DA:19,0
DA:21,0
DA:22,0
DA:27,0
DA:28,0
DA:32,0
DA:40,0
DA:42,0
DA:43,0
DA:50,0
DA:51,0
DA:53,0
DA:54,0
DA:55,0
DA:56,0
DA:58,0
DA:59,0
DA:60,0
DA:63,0
LF:21
LH:0
BRDA:21,0,0,0
BRDA:21,0,1,0
BRDA:22,1,0,0
BRDA:22,1,1,0
BRDA:19,2,0,0
BRDA:19,2,1,0
BRDA:19,3,0,0
BRDA:19,3,1,0
BRDA:55,4,0,0
BRF:9
BRH:0
end_of_record
TN:
SF:src/api-gateway/config.js
FN:24,validateEnvVars
FN:25,(anonymous_1)
FN:124,(anonymous_2)
FNF:3
FNH:0
FNDA:0,validateEnvVars
FNDA:0,(anonymous_1)
FNDA:0,(anonymous_2)
DA:25,0
DA:26,0
DA:27,0
DA:32,0
DA:125,0
DA:173,0
LF:6
LH:0
BRDA:7,0,0,0
BRDA:7,0,1,0
BRDA:25,1,0,0
BRDA:25,1,1,0
BRDA:26,2,0,0
BRDA:26,2,1,0
BRDA:37,3,0,0
BRDA:37,3,1,0
BRDA:38,4,0,0
BRDA:38,4,1,0
BRDA:39,5,0,0
BRDA:39,5,1,0
BRDA:40,6,0,0
BRDA:40,6,1,0
BRDA:41,7,0,0
BRDA:41,7,1,0
BRDA:42,8,0,0
BRDA:42,8,1,0
BRDA:45,9,0,0
BRDA:45,9,1,0
BRDA:46,10,0,0
BRDA:46,10,1,0
BRDA:47,11,0,0
BRDA:47,11,1,0
BRDA:48,12,0,0
BRDA:48,12,1,0
BRDA:49,13,0,0
BRDA:49,13,1,0
BRDA:50,14,0,0
BRDA:50,14,1,0
BRDA:66,15,0,0
BRDA:66,15,1,0
BRDA:67,16,0,0
BRDA:67,16,1,0
BRDA:68,17,0,0
BRDA:68,17,1,0
BRDA:71,18,0,0
BRDA:71,18,1,0
BRDA:72,19,0,0
BRDA:72,19,1,0
BRDA:73,20,0,0
BRDA:73,20,1,0
BRDA:76,21,0,0
BRDA:76,21,1,0
BRDA:77,22,0,0
BRDA:77,22,1,0
BRDA:78,23,0,0
BRDA:78,23,1,0
BRDA:81,24,0,0
BRDA:81,24,1,0
BRDA:82,25,0,0
BRDA:82,25,1,0
BRDA:83,26,0,0
BRDA:83,26,1,0
BRDA:86,27,0,0
BRDA:86,27,1,0
BRDA:87,28,0,0
BRDA:87,28,1,0
BRDA:88,29,0,0
BRDA:88,29,1,0
BRDA:91,30,0,0
BRDA:91,30,1,0
BRDA:92,31,0,0
BRDA:92,31,1,0
BRDA:93,32,0,0
BRDA:93,32,1,0
BRDA:101,33,0,0
BRDA:101,33,1,0
BRDA:102,34,0,0
BRDA:102,34,1,0
BRDA:105,35,0,0
BRDA:105,35,1,0
BRDA:105,36,0,0
BRDA:105,36,1,0
BRDA:120,37,0,0
BRDA:120,37,1,0
BRDA:125,38,0,0
BRDA:125,38,1,0
BRDA:133,39,0,0
BRDA:133,39,1,0
BRDA:134,40,0,0
BRDA:134,40,1,0
BRDA:149,41,0,0
BRDA:149,41,1,0
BRDA:154,42,0,0
BRDA:154,42,1,0
BRDA:156,43,0,0
BRDA:156,43,1,0
BRDA:156,44,0,0
BRDA:156,44,1,0
BRDA:157,45,0,0
BRDA:157,45,1,0
BRDA:164,46,0,0
BRDA:164,46,1,0
BRF:94
BRH:0
end_of_record
TN:
SF:src/api-gateway/index.js
FN:59,(anonymous_0)
FN:78,(anonymous_1)
FN:91,(anonymous_2)
FN:99,(anonymous_3)
FN:178,(anonymous_4)
FNF:5
FNH:0
FNDA:0,(anonymous_0)
FNDA:0,(anonymous_1)
FNDA:0,(anonymous_2)
FNDA:0,(anonymous_3)
FNDA:0,(anonymous_4)
DA:24,0
DA:25,0
DA:26,0
DA:28,0
DA:31,0
DA:38,0
DA:50,0
DA:53,0
DA:56,0
DA:59,0
DA:60,0
DA:61,0
DA:62,0
DA:67,0
DA:68,0
DA:71,0
DA:72,0
DA:75,0
DA:78,0
DA:80,0
DA:82,0
DA:85,0
DA:88,0
DA:91,0
DA:92,0
DA:99,0
DA:100,0
DA:167,0
DA:170,0
DA:173,0
DA:174,0
DA:177,0
DA:178,0
DA:179,0
DA:180,0
DA:181,0
DA:182,0
DA:183,0
DA:187,0
LF:39
LH:0
BRDA:25,0,0,0
BRDA:25,0,1,0
BRDA:53,1,0,0
BRDA:53,1,1,0
BRDA:60,2,0,0
BRDA:60,2,1,0
BRDA:177,3,0,0
BRDA:177,3,1,0
BRF:8
BRH:0
end_of_record
TN:
SF:src/api-gateway/controllers/auth.controller.js
FN:14,(anonymous_0)
FN:32,(anonymous_1)
FN:52,(anonymous_2)
FN:74,(anonymous_3)
FN:86,(anonymous_4)
FNF:5
FNH:0
FNDA:0,(anonymous_0)
FNDA:0,(anonymous_1)
FNDA:0,(anonymous_2)
FNDA:0,(anonymous_3)
FNDA:0,(anonymous_4)
DA:14,0
DA:16,0
DA:32,0
DA:38,0
DA:52,0
DA:63,0
DA:74,0
DA:75,0
DA:86,0
DA:88,0
DA:94,0
LF:11
LH:0
BRDA:21,0,0,0
BRDA:21,0,1,0
BRDA:22,1,0,0
BRDA:22,1,1,0
BRDA:36,2,0,0
BRDA:36,2,1,0
BRDA:36,3,0,0
BRDA:36,3,1,0
BRF:8
BRH:0
end_of_record
TN:
SF:src/api-gateway/health/index.js
FN:4,(anonymous_0)
FNF:1
FNH:0
FNDA:0,(anonymous_0)
DA:4,0
DA:5,0
DA:13,0
LF:3
LH:0
BRF:0
BRH:0
end_of_record
TN:
SF:src/api-gateway/middleware/auth.middleware.js
FN:23,verifyToken
FN:43,generateAccessToken
FN:56,generateRefreshToken
FN:69,extractToken
FN:83,hasRequiredRoles
FN:88,(anonymous_5)
FN:98,authenticate
FN:101,(anonymous_7)
FN:143,refreshToken
FN:144,(anonymous_9)
FNF:10
FNH:0
FNDA:0,verifyToken
FNDA:0,generateAccessToken
FNDA:0,generateRefreshToken
FNDA:0,extractToken
FNDA:0,hasRequiredRoles
FNDA:0,(anonymous_5)
FNDA:0,authenticate
FNDA:0,(anonymous_7)
FNDA:0,refreshToken
FNDA:0,(anonymous_9)
DA:24,0
DA:29,0
DA:31,0
DA:32,0
DA:34,0
DA:44,0
DA:57,0
DA:71,0
DA:74,0
DA:84,0
DA:85,0
DA:88,0
DA:101,0
DA:102,0
DA:105,0
DA:106,0
DA:107,0
DA:109,0
DA:116,0
DA:117,0
DA:121,0
DA:122,0
DA:126,0
DA:132,0
DA:134,0
DA:144,0
DA:145,0
DA:147,0
DA:148,0
DA:155,0
DA:156,0
DA:173,0
DA:179,0
DA:184,0
LF:34
LH:0
BRDA:23,0,0,0
BRDA:25,1,0,0
BRDA:25,1,1,0
BRDA:31,2,0,0
BRDA:31,2,1,0
BRDA:71,3,0,0
BRDA:71,3,1,0
BRDA:74,4,0,0
BRDA:74,4,1,0
BRDA:84,5,0,0
BRDA:84,5,1,0
BRDA:85,6,0,0
BRDA:85,6,1,0
BRDA:87,7,0,0
BRDA:87,7,1,0
BRDA:98,8,0,0
BRDA:99,9,0,0
BRDA:105,10,0,0
BRDA:105,10,1,0
BRDA:106,11,0,0
BRDA:106,11,1,0
BRDA:116,12,0,0
BRDA:116,12,1,0
BRDA:121,13,0,0
BRDA:121,13,1,0
BRDA:121,14,0,0
BRDA:121,14,1,0
BRDA:129,15,0,0
BRDA:129,15,1,0
BRDA:147,16,0,0
BRDA:147,16,1,0
BRDA:155,17,0,0
BRDA:155,17,1,0
BRF:33
BRH:0
end_of_record
TN:
SF:src/api-gateway/middleware/index.js
FNF:0
FNH:0
DA:10,0
LF:1
LH:0
BRF:0
BRH:0
end_of_record
TN:
SF:src/api-gateway/middleware/rbac.middleware.js
FN:34,checkRouteAccess
FN:41,(anonymous_1)
FN:65,checkRoles
FN:66,(anonymous_3)
FN:94,extractResourceId
FN:105,checkOwnership
FN:106,(anonymous_6)
FNF:7
FNH:0
FNDA:0,checkRouteAccess
FNDA:0,(anonymous_1)
FNDA:0,checkRoles
FNDA:0,(anonymous_3)
FNDA:0,extractResourceId
FNDA:0,checkOwnership
FNDA:0,(anonymous_6)
DA:35,0
DA:39,0
DA:41,0
DA:43,0
DA:44,0
DA:48,0
DA:49,0
DA:53,0
DA:58,0
DA:66,0
DA:68,0
DA:69,0
DA:75,0
DA:76,0
DA:80,0
DA:81,0
DA:84,0
DA:98,0
DA:106,0
DA:108,0
DA:109,0
DA:113,0
DA:114,0
DA:121,0
DA:122,0
DA:124,0
DA:125,0
DA:127,0
DA:131,0
DA:132,0
DA:136,0
DA:140,0
DA:144,0
LF:33
LH:0
BRDA:34,0,0,0
BRDA:39,1,0,0
BRDA:39,1,1,0
BRDA:39,2,0,0
BRDA:39,2,1,0
BRDA:39,2,2,0
BRDA:43,3,0,0
BRDA:43,3,1,0
BRDA:48,4,0,0
BRDA:48,4,1,0
BRDA:48,5,0,0
BRDA:48,5,1,0
BRDA:68,6,0,0
BRDA:68,6,1,0
BRDA:72,7,0,0
BRDA:72,7,1,0
BRDA:75,8,0,0
BRDA:75,8,1,0
BRDA:80,9,0,0
BRDA:80,9,1,0
BRDA:98,10,0,0
BRDA:98,10,1,0
BRDA:108,11,0,0
BRDA:108,11,1,0
BRDA:113,12,0,0
BRDA:113,12,1,0
BRDA:113,13,0,0
BRDA:113,13,1,0
BRDA:121,14,0,0
BRDA:121,14,1,0
BRDA:124,15,0,0
BRDA:124,15,1,0
BRDA:127,16,0,0
BRDA:127,16,1,0
BRDA:132,17,0,0
BRDA:132,17,1,0
BRF:36
BRH:0
end_of_record
TN:
SF:src/api-gateway/routes/api-key.routes.js
FN:11,(anonymous_0)
FN:29,(anonymous_1)
FN:59,(anonymous_2)
FN:106,(anonymous_3)
FN:143,(anonymous_4)
FNF:5
FNH:0
FNDA:0,(anonymous_0)
FNDA:0,(anonymous_1)
FNDA:0,(anonymous_2)
FNDA:0,(anonymous_3)
FNDA:0,(anonymous_4)
DA:11,0
DA:15,0
DA:20,0
DA:30,0
DA:36,0
DA:41,0
DA:52,0
DA:60,0
DA:84,0
DA:89,0
DA:100,0
DA:107,0
DA:110,0
DA:118,0
DA:119,0
DA:125,0
DA:136,0
DA:144,0
DA:145,0
DA:147,0
DA:151,0
DA:152,0
DA:158,0
DA:166,0
DA:169,0
LF:25
LH:0
BRDA:61,0,0,0
BRDA:61,1,0,0
BRDA:118,2,0,0
BRDA:118,2,1,0
BRDA:151,3,0,0
BRDA:151,3,1,0
BRF:6
BRH:0
end_of_record
TN:
SF:src/api-gateway/routes/auth.routes.js
FNF:0
FNH:0
DA:19,0
DA:26,0
DA:33,0
DA:40,0
DA:47,0
DA:49,0
LF:6
LH:0
BRF:0
BRH:0
end_of_record
TN:
SF:src/api-gateway/routes/dashboard.routes.js
FN:18,(anonymous_0)
FN:28,(anonymous_1)
FN:39,(anonymous_2)
FN:49,(anonymous_3)
FN:64,(anonymous_4)
FNF:5
FNH:0
FNDA:0,(anonymous_0)
FNDA:0,(anonymous_1)
FNDA:0,(anonymous_2)
FNDA:0,(anonymous_3)
FNDA:0,(anonymous_4)
DA:18,0
DA:20,0
DA:28,0
DA:31,0
DA:39,0
DA:41,0
DA:49,0
DA:52,0
DA:64,0
DA:65,0
DA:451,0
LF:11
LH:0
BRDA:55,0,0,0
BRDA:55,0,1,0
BRF:2
BRH:0
end_of_record
TN:
SF:src/api-gateway/routes/index.js
FN:22,(anonymous_0)
FN:27,(anonymous_1)
FN:32,(anonymous_2)
FN:37,(anonymous_3)
FN:42,(anonymous_4)
FN:47,(anonymous_5)
FNF:6
FNH:0
FNDA:0,(anonymous_0)
FNDA:0,(anonymous_1)
FNDA:0,(anonymous_2)
FNDA:0,(anonymous_3)
FNDA:0,(anonymous_4)
FNDA:0,(anonymous_5)
DA:16,0
DA:19,0
DA:22,0
DA:23,0
DA:27,0
DA:28,0
DA:32,0
DA:33,0
DA:37,0
DA:38,0
DA:42,0
DA:43,0
DA:47,0
DA:48,0
DA:51,0
LF:15
LH:0
BRF:0
BRH:0
end_of_record
TN:
SF:src/api-gateway/utils/service-proxy.js
FN:33,(anonymous_0)
FN:33,(anonymous_1)
FN:41,getServiceUrl
FN:63,makeServiceRequest
FN:154,extractResourcePath
FN:167,forwardRequest
FNF:6
FNH:0
FNDA:0,(anonymous_0)
FNDA:0,(anonymous_1)
FNDA:0,getServiceUrl
FNDA:0,makeServiceRequest
FNDA:0,extractResourcePath
FNDA:0,forwardRequest
DA:33,0
DA:45,0
DA:46,0
DA:47,0
DA:50,0
DA:66,0
DA:67,0
DA:83,0
DA:86,0
DA:88,0
DA:93,0
DA:101,0
DA:104,0
DA:105,0
DA:113,0
DA:114,0
DA:115,0
DA:116,0
DA:120,0
DA:121,0
DA:125,0
DA:130,0
DA:131,0
DA:145,0
DA:157,0
DA:170,0
DA:172,0
DA:173,0
DA:193,0
DA:196,0
DA:197,0
DA:198,0
DA:199,0
DA:204,0
DA:206,0
DA:217,0
DA:219,0
DA:221,0
DA:226,0
DA:228,0
DA:236,0
DA:237,0
DA:240,0
DA:242,0
DA:249,0
DA:258,0
DA:265,0
DA:275,0
LF:48
LH:0
BRDA:15,0,0,0
BRDA:15,0,1,0
BRDA:45,1,0,0
BRDA:45,1,1,0
BRDA:63,2,0,0
BRDA:63,3,0,0
BRDA:63,4,0,0
BRDA:69,5,0,0
BRDA:69,5,1,0
BRDA:78,6,0,0
BRDA:78,6,1,0
BRDA:83,7,0,0
BRDA:83,7,1,0
BRDA:86,8,0,0
BRDA:86,8,1,0
BRDA:104,9,0,0
BRDA:104,9,1,0
BRDA:109,10,0,0
BRDA:109,10,1,0
BRDA:109,10,2,0
BRDA:113,11,0,0
BRDA:113,11,1,0
BRDA:120,12,0,0
BRDA:120,12,1,0
BRDA:130,13,0,0
BRDA:130,13,1,0
BRDA:137,14,0,0
BRDA:137,14,1,0
BRDA:138,15,0,0
BRDA:138,15,1,0
BRDA:157,16,0,0
BRDA:157,16,1,0
BRDA:157,17,0,0
BRDA:157,17,1,0
BRDA:167,18,0,0
BRDA:168,19,0,0
BRDA:168,19,1,0
BRDA:172,20,0,0
BRDA:172,20,1,0
BRDA:183,21,0,0
BRDA:183,21,1,0
BRDA:196,22,0,0
BRDA:196,22,1,0
BRDA:198,23,0,0
BRDA:198,23,1,0
BRDA:217,24,0,0
BRDA:217,24,1,0
BRDA:219,25,0,0
BRDA:219,25,1,0
BRDA:226,26,0,0
BRDA:226,26,1,0
BRDA:236,27,0,0
BRDA:236,27,1,0
BRDA:240,28,0,0
BRDA:240,28,1,0
BRF:55
BRH:0
end_of_record
TN:
SF:src/config/index.js
FNF:0
FNH:0
DA:67,0
LF:1
LH:0
BRDA:8,0,0,0
BRDA:8,0,1,0
BRDA:9,1,0,0
BRDA:9,1,1,0
BRDA:14,2,0,0
BRDA:14,2,1,0
BRDA:28,3,0,0
BRDA:28,3,1,0
BRDA:33,4,0,0
BRDA:33,4,1,0
BRDA:39,5,0,0
BRDA:39,5,1,0
BRDA:40,6,0,0
BRDA:40,6,1,0
BRDA:41,7,0,0
BRDA:41,7,1,0
BRDA:42,8,0,0
BRDA:42,8,1,0
BRDA:47,9,0,0
BRDA:47,9,1,0
BRDA:56,10,0,0
BRDA:56,10,1,0
BRDA:57,11,0,0
BRDA:57,11,1,0
BRDA:60,12,0,0
BRDA:60,12,1,0
BRDA:61,13,0,0
BRDA:61,13,1,0
BRDA:63,14,0,0
BRDA:63,14,1,0
BRF:30
BRH:0
end_of_record
TN:
SF:src/config/monitoring.config.js
FN:7,(anonymous_0)
FN:16,(anonymous_1)
FN:22,(anonymous_2)
FNF:3
FNH:0
FNDA:0,(anonymous_0)
FNDA:0,(anonymous_1)
FNDA:0,(anonymous_2)
DA:7,0
DA:15,0
DA:16,0
DA:17,0
DA:21,0
DA:22,0
DA:23,0
DA:27,0
DA:28,0
DA:32,0
DA:34,0
LF:11
LH:0
BRDA:15,0,0,0
BRDA:15,0,1,0
BRDA:17,1,0,0
BRDA:17,1,1,0
BRDA:21,2,0,0
BRDA:21,2,1,0
BRDA:23,3,0,0
BRDA:23,3,1,0
BRDA:27,4,0,0
BRDA:27,4,1,0
BRDA:39,5,0,0
BRDA:39,5,1,0
BRDA:40,6,0,0
BRDA:40,6,1,0
BRDA:44,7,0,0
BRDA:44,7,1,0
BRDA:45,8,0,0
BRDA:45,8,1,0
BRDA:49,9,0,0
BRDA:49,9,1,0
BRDA:50,10,0,0
BRDA:50,10,1,0
BRDA:101,11,0,0
BRDA:101,11,1,0
BRDA:102,12,0,0
BRDA:102,12,1,0
BRDA:108,13,0,0
BRDA:108,13,1,0
BRF:28
BRH:0
end_of_record
TN:
SF:src/config/monitoring.js
FN:62,(anonymous_0)
FN:66,(anonymous_1)
FN:71,(anonymous_2)
FNF:3
FNH:0
FNDA:0,(anonymous_0)
FNDA:0,(anonymous_1)
FNDA:0,(anonymous_2)
DA:14,0
DA:48,0
DA:49,0
DA:50,0
DA:51,0
DA:62,0
DA:66,0
DA:67,0
DA:71,0
DA:72,0
DA:75,0
LF:11
LH:0
BRDA:61,0,0,0
BRDA:61,0,1,0
BRF:2
BRH:0
end_of_record
TN:
SF:src/controllers/settlement.controller.js
FN:20,getSettlementSuggestions
FN:34,(anonymous_1)
FN:109,createSettlement
FN:161,getGroupSettlements
FN:196,getSettlementById
FN:227,updateSettlementStatus
FNF:6
FNH:0
FNDA:0,getSettlementSuggestions
FNDA:0,(anonymous_1)
FNDA:0,createSettlement
FNDA:0,getGroupSettlements
FNDA:0,getSettlementById
FNDA:0,updateSettlementStatus
DA:21,0
DA:31,0
DA:34,0
DA:36,0
DA:37,0
DA:42,0
DA:44,0
DA:45,0
DA:50,0
DA:52,0
DA:53,0
DA:55,0
DA:56,0
DA:58,0
DA:63,0
DA:66,0
DA:67,0
DA:71,0
DA:81,0
DA:82,0
DA:89,0
DA:99,0
DA:110,0
DA:115,0
DA:116,0
DA:138,0
DA:141,0
DA:146,0
DA:151,0
DA:162,0
DA:179,0
DA:181,0
DA:186,0
DA:197,0
DA:206,0
DA:208,0
DA:209,0
DA:212,0
DA:217,0
DA:228,0
DA:234,0
DA:235,0
DA:241,0
DA:243,0
DA:244,0
DA:248,0
DA:249,0
DA:253,0
DA:255,0
DA:256,0
DA:258,0
DA:260,0
DA:261,0
DA:266,0
DA:278,0
DA:280,0
DA:285,0
LF:57
LH:0
BRDA:23,0,0,0
BRDA:23,1,0,0
BRDA:36,2,0,0
BRDA:36,2,1,0
BRDA:42,3,0,0
BRDA:42,3,1,0
BRDA:50,4,0,0
BRDA:50,4,1,0
BRDA:50,4,2,0
BRDA:50,4,3,0
BRDA:55,5,0,0
BRDA:55,5,1,0
BRDA:81,6,0,0
BRDA:81,6,1,0
BRDA:115,7,0,0
BRDA:115,7,1,0
BRDA:115,8,0,0
BRDA:115,8,1,0
BRDA:115,8,2,0
BRDA:115,8,3,0
BRDA:124,9,0,0
BRDA:124,9,1,0
BRDA:164,10,0,0
BRDA:164,11,0,0
BRDA:164,12,0,0
BRDA:164,13,0,0
BRDA:208,14,0,0
BRDA:208,14,1,0
BRDA:234,15,0,0
BRDA:234,15,1,0
BRDA:234,16,0,0
BRDA:234,16,1,0
BRDA:243,17,0,0
BRDA:243,17,1,0
BRDA:248,18,0,0
BRDA:248,18,1,0
BRDA:248,19,0,0
BRDA:248,19,1,0
BRDA:253,20,0,0
BRDA:253,20,1,0
BRDA:255,21,0,0
BRDA:255,21,1,0
BRDA:258,22,0,0
BRDA:258,22,1,0
BRDA:260,23,0,0
BRDA:260,23,1,0
BRDA:276,24,0,0
BRDA:276,24,1,0
BRF:48
BRH:0
end_of_record
TN:
SF:src/database/schemas/expense-splits.schema.js
FN:16,(anonymous_0)
FN:147,(anonymous_1)
FN:171,(anonymous_2)
FNF:3
FNH:0
FNDA:0,(anonymous_0)
FNDA:0,(anonymous_1)
FNDA:0,(anonymous_2)
DA:16,0
DA:147,0
DA:149,0
DA:155,0
DA:161,0
DA:171,0
DA:176,0
DA:177,0
DA:178,0
DA:180,0
DA:181,0
DA:183,0
DA:184,0
DA:186,0
DA:187,0
DA:188,0
DA:193,0
LF:17
LH:0
BRDA:176,0,0,0
BRDA:176,0,1,0
BRDA:180,1,0,0
BRDA:180,1,1,0
BRDA:183,2,0,0
BRDA:183,2,1,0
BRDA:186,3,0,0
BRDA:186,3,1,0
BRF:8
BRH:0
end_of_record
TN:
SF:src/middleware/rateLimit.ts
FN:20,(anonymous_0)
FN:28,(anonymous_1)
FN:33,(anonymous_2)
FN:34,(anonymous_3)
FN:64,(anonymous_4)
FN:70,(anonymous_5)
FN:80,(anonymous_6)
FN:86,(anonymous_7)
FNF:8
FNH:0
FNDA:0,(anonymous_0)
FNDA:0,(anonymous_1)
FNDA:0,(anonymous_2)
FNDA:0,(anonymous_3)
FNDA:0,(anonymous_4)
FNDA:0,(anonymous_5)
FNDA:0,(anonymous_6)
FNDA:0,(anonymous_7)
DA:21,0
DA:22,0
DA:23,0
DA:24,0
DA:25,0
DA:28,0
DA:29,0
DA:34,0
DA:35,0
DA:36,0
DA:37,0
DA:40,0
DA:41,0
DA:42,0
DA:44,0
DA:45,0
DA:46,0
DA:48,0
DA:51,0
DA:53,0
DA:54,0
DA:57,0
DA:58,0
DA:66,0
DA:67,0
DA:71,0
DA:73,0
DA:74,0
DA:76,0
DA:77,0
DA:81,0
DA:82,0
DA:87,0
LF:33
LH:0
BRDA:20,0,0,0
BRDA:21,1,0,0
BRDA:21,1,1,0
BRDA:22,2,0,0
BRDA:22,2,1,0
BRDA:23,3,0,0
BRDA:23,3,1,0
BRDA:24,4,0,0
BRDA:24,4,1,0
BRDA:44,5,0,0
BRDA:45,6,0,0
BRDA:53,7,0,0
BRDA:53,7,1,0
BRDA:66,8,0,0
BRDA:66,8,1,0
BRDA:66,8,2,0
BRDA:77,9,0,0
BRDA:77,9,1,0
BRDA:82,10,0,0
BRDA:82,10,1,0
BRF:20
BRH:0
end_of_record
TN:
SF:src/middleware/validation.ts
FN:19,(anonymous_0)
FN:20,(anonymous_1)
FN:60,(anonymous_2)
FN:61,(anonymous_3)
FN:78,parseSize
FN:105,(anonymous_5)
FN:132,(anonymous_6)
FN:133,(anonymous_7)
FN:151,isValidAggregationOperator
FNF:9
FNH:0
FNDA:0,(anonymous_0)
FNDA:0,(anonymous_1)
FNDA:0,(anonymous_2)
FNDA:0,(anonymous_3)
FNDA:0,parseSize
FNDA:0,(anonymous_5)
FNDA:0,(anonymous_6)
FNDA:0,(anonymous_7)
FNDA:0,isValidAggregationOperator
DA:19,0
DA:20,0
DA:21,0
DA:22,0
DA:24,0
DA:25,0
DA:27,0
DA:28,0
DA:30,0
DA:31,0
DA:33,0
DA:34,0
DA:37,0
DA:43,0
DA:45,0
DA:47,0
DA:48,0
DA:50,0
DA:60,0
DA:61,0
DA:62,0
DA:63,0
DA:67,0
DA:68,0
DA:70,0
DA:79,0
DA:86,0
DA:87,0
DA:88,0
DA:91,0
DA:92,0
DA:94,0
DA:95,0
DA:98,0
DA:105,0
DA:106,0
DA:107,0
DA:110,0
DA:111,0
DA:114,0
DA:115,0
DA:117,0
DA:118,0
DA:122,0
DA:125,0
DA:132,0
DA:133,0
DA:134,0
DA:136,0
DA:138,0
DA:139,0
DA:143,0
DA:152,0
DA:156,0
LF:54
LH:0
BRDA:24,0,0,0
BRDA:27,1,0,0
BRDA:30,2,0,0
BRDA:33,3,0,0
BRDA:47,4,0,0
BRDA:47,4,1,0
BRDA:62,5,0,0
BRDA:62,5,1,0
BRDA:63,6,0,0
BRDA:63,6,1,0
BRDA:67,7,0,0
BRDA:87,8,0,0
BRDA:94,9,0,0
BRDA:106,10,0,0
BRDA:106,11,0,0
BRDA:106,11,1,0
BRDA:110,12,0,0
BRDA:117,13,0,0
BRDA:138,14,0,0
BRDA:138,15,0,0
BRDA:138,15,1,0
BRF:21
BRH:0
end_of_record
TN:
SF:src/models/settlement.model.js
FN:114,(anonymous_0)
FNF:1
FNH:0
FNDA:0,(anonymous_0)
DA:107,0
DA:108,0
DA:109,0
DA:110,0
DA:111,0
DA:114,0
DA:118,0
DA:119,0
DA:120,0
DA:122,0
DA:127,0
LF:11
LH:0
BRF:0
BRH:0
end_of_record
TN:
SF:src/services/analytics-service/__tests__/setup.js
FN:16,(anonymous_0)
FN:23,(anonymous_1)
FN:29,(anonymous_2)
FN:49,(anonymous_3)
FN:57,(anonymous_4)
FN:96,(anonymous_5)
FN:112,(anonymous_6)
FN:116,(anonymous_7)
FN:117,(anonymous_8)
FN:135,(anonymous_9)
FN:136,(anonymous_10)
FN:140,(anonymous_11)
FN:143,(anonymous_12)
FN:152,(anonymous_13)
FN:165,(anonymous_14)
FN:177,(anonymous_15)
FNF:16
FNH:0
FNDA:0,(anonymous_0)
FNDA:0,(anonymous_1)
FNDA:0,(anonymous_2)
FNDA:0,(anonymous_3)
FNDA:0,(anonymous_4)
FNDA:0,(anonymous_5)
FNDA:0,(anonymous_6)
FNDA:0,(anonymous_7)
FNDA:0,(anonymous_8)
FNDA:0,(anonymous_9)
FNDA:0,(anonymous_10)
FNDA:0,(anonymous_11)
FNDA:0,(anonymous_12)
FNDA:0,(anonymous_13)
FNDA:0,(anonymous_14)
FNDA:0,(anonymous_15)
DA:8,0
DA:16,0
DA:17,0
DA:18,0
DA:19,0
DA:23,0
DA:24,0
DA:25,0
DA:29,0
DA:30,0
DA:31,0
DA:32,0
DA:33,0
DA:35,0
DA:36,0
DA:45,0
DA:49,0
DA:50,0
DA:51,0
DA:52,0
DA:53,0
DA:57,0
DA:58,0
DA:59,0
DA:60,0
DA:61,0
DA:65,0
DA:89,0
DA:96,0
DA:97,0
DA:107,0
DA:112,0
DA:116,0
DA:117,0
DA:135,0
DA:136,0
DA:140,0
DA:143,0
DA:152,0
DA:154,0
DA:155,0
DA:158,0
DA:165,0
DA:167,0
DA:168,0
DA:169,0
DA:173,0
DA:177,0
DA:179,0
DA:182,0
DA:183,0
DA:188,0
LF:52
LH:0
BRDA:29,0,0,0
BRDA:182,1,0,0
BRDA:182,1,1,0
BRF:3
BRH:0
end_of_record
TN:
SF:src/services/analytics-service/src/index.js
FN:47,(anonymous_0)
FN:67,(anonymous_1)
FN:72,(anonymous_2)
FN:75,(anonymous_3)
FN:81,(anonymous_4)
FN:110,(anonymous_5)
FN:142,(anonymous_6)
FN:179,(anonymous_7)
FN:230,(anonymous_8)
FN:238,(anonymous_9)
FN:243,(anonymous_10)
FNF:11
FNH:0
FNDA:0,(anonymous_0)
FNDA:0,(anonymous_1)
FNDA:0,(anonymous_2)
FNDA:0,(anonymous_3)
FNDA:0,(anonymous_4)
FNDA:0,(anonymous_5)
FNDA:0,(anonymous_6)
FNDA:0,(anonymous_7)
FNDA:0,(anonymous_8)
FNDA:0,(anonymous_9)
FNDA:0,(anonymous_10)
DA:24,0
DA:25,0
DA:28,0
DA:40,0
DA:41,0
DA:42,0
DA:43,0
DA:44,0
DA:47,0
DA:48,0
DA:49,0
DA:53,0
DA:56,0
DA:65,0
DA:66,0
DA:68,0
DA:70,0
DA:73,0
DA:76,0
DA:77,0
DA:81,0
DA:82,0
DA:110,0
DA:111,0
DA:113,0
DA:114,0
DA:115,0
DA:116,0
DA:118,0
DA:121,0
DA:130,0
DA:131,0
DA:139,0
DA:143,0
DA:145,0
DA:146,0
DA:152,0
DA:154,0
DA:160,0
DA:166,0
DA:172,0
DA:179,0
DA:180,0
DA:189,0
DA:190,0
DA:197,0
DA:198,0
DA:205,0
DA:206,0
DA:213,0
DA:214,0
DA:221,0
DA:229,0
DA:230,0
DA:231,0
DA:232,0
DA:233,0
DA:238,0
DA:239,0
DA:242,0
DA:243,0
DA:244,0
DA:249,0
DA:250,0
DA:251,0
DA:253,0
DA:254,0
DA:256,0
DA:258,0
DA:259,0
LF:70
LH:0
BRDA:25,0,0,0
BRDA:25,0,1,0
BRDA:48,1,0,0
BRDA:48,1,1,0
BRDA:65,2,0,0
BRDA:65,2,1,0
BRDA:122,3,0,0
BRDA:122,3,1,0
BRDA:127,4,0,0
BRDA:127,4,1,0
BRDA:145,5,0,0
BRDA:145,5,1,0
BRDA:147,6,0,0
BRDA:147,6,1,0
BRDA:148,7,0,0
BRDA:148,7,1,0
BRDA:149,8,0,0
BRDA:149,8,1,0
BRDA:182,9,0,0
BRDA:182,9,1,0
BRDA:189,10,0,0
BRDA:189,10,1,0
BRDA:197,11,0,0
BRDA:197,11,1,0
BRDA:205,12,0,0
BRDA:205,12,1,0
BRDA:205,13,0,0
BRDA:205,13,1,0
BRDA:213,14,0,0
BRDA:213,14,1,0
BRDA:223,15,0,0
BRDA:223,15,1,0
BRDA:229,16,0,0
BRDA:229,16,1,0
BRDA:242,17,0,0
BRDA:242,17,1,0
BRF:36
BRH:0
end_of_record
TN:
SF:src/services/analytics-service/src/middleware/limits/payloadLimiter.js
FN:5,(anonymous_0)
FN:17,(anonymous_1)
FN:24,(anonymous_2)
FN:31,(anonymous_3)
FN:32,(anonymous_4)
FNF:5
FNH:0
FNDA:0,(anonymous_0)
FNDA:0,(anonymous_1)
FNDA:0,(anonymous_2)
FNDA:0,(anonymous_3)
FNDA:0,(anonymous_4)
DA:6,0
DA:7,0
DA:8,0
DA:17,0
DA:18,0
DA:21,0
DA:26,0
DA:31,0
DA:32,0
DA:33,0
DA:34,0
DA:35,0
DA:37,0
DA:40,0
DA:49,0
LF:15
LH:0
BRDA:17,0,0,0
BRDA:18,1,0,0
BRDA:18,1,1,0
BRDA:33,2,0,0
BRDA:33,2,1,0
BRDA:34,3,0,0
BRDA:34,3,1,0
BRF:7
BRH:0
end_of_record
TN:
SF:src/services/analytics-service/src/middleware/sanitization/mongoSanitizer.js
FN:8,(anonymous_0)
FN:14,(anonymous_1)
FN:37,(anonymous_2)
FN:38,(anonymous_3)
FN:67,(anonymous_4)
FN:68,(anonymous_5)
FN:91,(anonymous_6)
FNF:7
FNH:0
FNDA:0,(anonymous_0)
FNDA:0,(anonymous_1)
FNDA:0,(anonymous_2)
FNDA:0,(anonymous_3)
FNDA:0,(anonymous_4)
FNDA:0,(anonymous_5)
FNDA:0,(anonymous_6)
DA:8,0
DA:9,0
DA:10,0
DA:13,0
DA:14,0
DA:17,0
DA:18,0
DA:20,0
DA:21,0
DA:22,0
DA:25,0
DA:26,0
DA:28,0
DA:31,0
DA:37,0
DA:38,0
DA:39,0
DA:41,0
DA:42,0
DA:46,0
DA:47,0
DA:51,0
DA:52,0
DA:55,0
DA:57,0
DA:67,0
DA:68,0
DA:69,0
DA:70,0
DA:72,0
DA:73,0
DA:74,0
DA:76,0
DA:79,0
DA:82,0
DA:91,0
DA:92,0
LF:37
LH:0
BRDA:9,0,0,0
BRDA:9,0,1,0
BRDA:9,1,0,0
BRDA:9,1,1,0
BRDA:13,2,0,0
BRDA:13,2,1,0
BRDA:20,3,0,0
BRDA:20,3,1,0
BRDA:25,4,0,0
BRDA:25,4,1,0
BRDA:41,5,0,0
BRDA:41,5,1,0
BRDA:46,6,0,0
BRDA:46,6,1,0
BRDA:51,7,0,0
BRDA:51,7,1,0
BRDA:72,8,0,0
BRDA:72,8,1,0
BRDA:73,9,0,0
BRDA:73,9,1,0
BRF:20
BRH:0
end_of_record
TN:
SF:src/services/analytics-service/src/middleware/validation/schemas.js
FNF:0
FNH:0
DA:4,0
DA:10,0
DA:21,0
DA:28,0
LF:4
LH:0
BRF:0
BRH:0
end_of_record
TN:
SF:src/services/analytics-service/src/middleware/validation/validator.js
FN:4,(anonymous_0)
FN:12,(anonymous_1)
FN:13,(anonymous_2)
FN:39,(anonymous_3)
FNF:4
FNH:0
FNDA:0,(anonymous_0)
FNDA:0,(anonymous_1)
FNDA:0,(anonymous_2)
FNDA:0,(anonymous_3)
DA:5,0
DA:6,0
DA:7,0
DA:8,0
DA:12,0
DA:13,0
DA:14,0
DA:15,0
DA:16,0
DA:17,0
DA:20,0
DA:21,0
DA:22,0
DA:25,0
DA:31,0
DA:34,0
DA:36,0
DA:38,0
DA:39,0
DA:45,0
DA:47,0
LF:21
LH:0
BRDA:12,0,0,0
BRDA:16,1,0,0
BRDA:16,1,1,0
BRDA:21,2,0,0
BRDA:21,2,1,0
BRDA:38,3,0,0
BRDA:38,3,1,0
BRF:7
BRH:0
end_of_record
TN:
SF:src/services/analytics-service/src/models/AnalyticsEvent.js
FN:51,(anonymous_0)
FN:74,(anonymous_1)
FN:104,(anonymous_2)
FN:132,(anonymous_3)
FN:133,(anonymous_4)
FN:138,(anonymous_5)
FNF:6
FNH:0
FNDA:0,(anonymous_0)
FNDA:0,(anonymous_1)
FNDA:0,(anonymous_2)
FNDA:0,(anonymous_3)
FNDA:0,(anonymous_4)
FNDA:0,(anonymous_5)
DA:3,0
DA:46,0
DA:47,0
DA:48,0
DA:51,0
DA:52,0
DA:74,0
DA:75,0
DA:76,0
DA:78,0
DA:104,0
DA:105,0
DA:106,0
DA:108,0
DA:132,0
DA:133,0
DA:134,0
DA:138,0
DA:144,0
LF:19
LH:0
BRDA:74,0,0,0
BRDA:74,1,0,0
BRDA:91,2,0,0
BRDA:91,2,1,0
BRDA:98,3,0,0
BRDA:98,3,1,0
BRDA:104,4,0,0
BRDA:134,5,0,0
BRDA:134,5,1,0
BRF:9
BRH:0
end_of_record
TN:
SF:src/services/analytics-service/src/models/SpendingReport.js
FN:79,(anonymous_0)
FN:87,(anonymous_1)
FN:102,(anonymous_2)
FN:119,(anonymous_3)
FN:120,(anonymous_4)
FNF:5
FNH:0
FNDA:0,(anonymous_0)
FNDA:0,(anonymous_1)
FNDA:0,(anonymous_2)
FNDA:0,(anonymous_3)
FNDA:0,(anonymous_4)
DA:3,0
DA:75,0
DA:76,0
DA:79,0
DA:80,0
DA:87,0
DA:88,0
DA:91,0
DA:92,0
DA:102,0
DA:103,0
DA:104,0
DA:118,0
DA:119,0
DA:120,0
DA:125,0
DA:126,0
DA:133,0
DA:136,0
LF:19
LH:0
BRDA:91,0,0,0
BRDA:91,0,1,0
BRDA:94,1,0,0
BRDA:94,1,1,0
BRDA:97,2,0,0
BRDA:97,2,1,0
BRDA:103,3,0,0
BRDA:103,3,1,0
BRDA:107,4,0,0
BRDA:107,4,1,0
BRDA:125,5,0,0
BRDA:125,5,1,0
BRF:12
BRH:0
end_of_record
TN:
SF:src/services/analytics-service/src/routes/budget.js
FN:22,(anonymous_0)
FN:32,(anonymous_1)
FN:89,(anonymous_2)
FN:109,(anonymous_3)
FN:110,(anonymous_4)
FN:133,(anonymous_5)
FN:177,(anonymous_6)
FN:208,generateBudgetRecommendations
FN:211,(anonymous_8)
FNF:9
FNH:0
FNDA:0,(anonymous_0)
FNDA:0,(anonymous_1)
FNDA:0,(anonymous_2)
FNDA:0,(anonymous_3)
FNDA:0,(anonymous_4)
FNDA:0,(anonymous_5)
FNDA:0,(anonymous_6)
FNDA:0,generateBudgetRecommendations
FNDA:0,(anonymous_8)
DA:6,0
DA:9,0
DA:23,0
DA:24,0
DA:25,0
DA:27,0
DA:32,0
DA:33,0
DA:34,0
DA:35,0
DA:36,0
DA:39,0
DA:43,0
DA:45,0
DA:46,0
DA:47,0
DA:49,0
DA:50,0
DA:51,0
DA:53,0
DA:54,0
DA:55,0
DA:57,0
DA:58,0
DA:62,0
DA:81,0
DA:89,0
DA:90,0
DA:91,0
DA:92,0
DA:93,0
DA:95,0
DA:109,0
DA:110,0
DA:112,0
DA:128,0
DA:133,0
DA:134,0
DA:135,0
DA:136,0
DA:137,0
DA:141,0
DA:142,0
DA:144,0
DA:168,0
DA:176,0
DA:177,0
DA:178,0
DA:179,0
DA:180,0
DA:186,0
DA:187,0
DA:195,0
DA:203,0
DA:209,0
DA:211,0
DA:212,0
DA:214,0
DA:215,0
DA:222,0
DA:223,0
DA:230,0
DA:231,0
DA:241,0
LF:64
LH:0
BRDA:24,0,0,0
BRDA:24,0,1,0
BRDA:35,1,0,0
BRDA:35,1,1,0
BRDA:39,2,0,0
BRDA:39,2,1,0
BRDA:43,3,0,0
BRDA:43,3,1,0
BRDA:43,3,2,0
BRDA:43,3,3,0
BRDA:90,4,0,0
BRDA:90,4,1,0
BRDA:93,5,0,0
BRDA:93,5,1,0
BRDA:101,6,0,0
BRDA:101,6,1,0
BRDA:102,7,0,0
BRDA:102,7,1,0
BRDA:136,8,0,0
BRDA:136,8,1,0
BRDA:179,9,0,0
BRDA:179,9,1,0
BRDA:186,10,0,0
BRDA:186,10,1,0
BRDA:191,11,0,0
BRDA:191,11,1,0
BRDA:214,12,0,0
BRDA:214,12,1,0
BRDA:222,13,0,0
BRDA:222,13,1,0
BRDA:230,14,0,0
BRDA:230,14,1,0
BRDA:230,15,0,0
BRDA:230,15,1,0
BRF:34
BRH:0
end_of_record
TN:
SF:src/services/analytics-service/src/routes/insights.js
FN:11,(anonymous_0)
FN:29,(anonymous_1)
FN:30,(anonymous_2)
FN:52,(anonymous_3)
FN:53,(anonymous_4)
FN:56,(anonymous_5)
FN:71,(anonymous_6)
FN:83,(anonymous_7)
FN:94,(anonymous_8)
FN:99,(anonymous_9)
FN:112,(anonymous_10)
FN:145,(anonymous_11)
FN:161,(anonymous_12)
FN:163,(anonymous_13)
FN:193,(anonymous_14)
FNF:15
FNH:0
FNDA:0,(anonymous_0)
FNDA:0,(anonymous_1)
FNDA:0,(anonymous_2)
FNDA:0,(anonymous_3)
FNDA:0,(anonymous_4)
FNDA:0,(anonymous_5)
FNDA:0,(anonymous_6)
FNDA:0,(anonymous_7)
FNDA:0,(anonymous_8)
FNDA:0,(anonymous_9)
FNDA:0,(anonymous_10)
FNDA:0,(anonymous_11)
FNDA:0,(anonymous_12)
FNDA:0,(anonymous_13)
FNDA:0,(anonymous_14)
DA:8,0
DA:11,0
DA:12,0
DA:13,0
DA:14,0
DA:15,0
DA:19,0
DA:20,0
DA:23,0
DA:26,0
DA:29,0
DA:30,0
DA:31,0
DA:32,0
DA:36,0
DA:39,0
DA:40,0
DA:41,0
DA:51,0
DA:52,0
DA:53,0
DA:56,0
DA:57,0
DA:70,0
DA:71,0
DA:74,0
DA:76,0
DA:83,0
DA:89,0
DA:94,0
DA:99,0
DA:107,0
DA:112,0
DA:113,0
DA:114,0
DA:115,0
DA:116,0
DA:120,0
DA:121,0
DA:123,0
DA:144,0
DA:145,0
DA:146,0
DA:147,0
DA:153,0
DA:154,0
DA:155,0
DA:158,0
DA:161,0
DA:162,0
DA:163,0
DA:166,0
DA:167,0
DA:177,0
DA:178,0
DA:188,0
DA:194,0
DA:198,0
LF:58
LH:0
BRDA:14,0,0,0
BRDA:14,0,1,0
BRDA:31,1,0,0
BRDA:31,1,1,0
BRDA:40,2,0,0
BRDA:40,2,1,0
BRDA:43,3,0,0
BRDA:43,3,1,0
BRDA:46,4,0,0
BRDA:46,4,1,0
BRDA:115,5,0,0
BRDA:115,5,1,0
BRDA:146,6,0,0
BRDA:146,6,1,0
BRDA:166,7,0,0
BRDA:166,7,1,0
BRDA:166,8,0,0
BRDA:166,8,1,0
BRDA:177,9,0,0
BRDA:177,9,1,0
BRDA:177,10,0,0
BRDA:177,10,1,0
BRDA:194,11,0,0
BRDA:194,11,1,0
BRF:24
BRH:0
end_of_record
TN:
SF:src/services/analytics-service/src/routes/predictions.js
FN:20,(anonymous_0)
FN:30,(anonymous_1)
FN:67,(anonymous_2)
FN:68,(anonymous_3)
FN:76,(anonymous_4)
FN:77,(anonymous_5)
FN:87,(anonymous_6)
FN:122,(anonymous_7)
FN:167,(anonymous_8)
FN:169,(anonymous_9)
FN:171,(anonymous_10)
FN:172,(anonymous_11)
FN:175,(anonymous_12)
FN:209,(anonymous_13)
FN:247,(anonymous_14)
FN:254,(anonymous_15)
FN:260,(anonymous_16)
FN:263,(anonymous_17)
FN:271,(anonymous_18)
FN:272,(anonymous_19)
FN:274,(anonymous_20)
FN:275,(anonymous_21)
FNF:22
FNH:0
FNDA:0,(anonymous_0)
FNDA:0,(anonymous_1)
FNDA:0,(anonymous_2)
FNDA:0,(anonymous_3)
FNDA:0,(anonymous_4)
FNDA:0,(anonymous_5)
FNDA:0,(anonymous_6)
FNDA:0,(anonymous_7)
FNDA:0,(anonymous_8)
FNDA:0,(anonymous_9)
FNDA:0,(anonymous_10)
FNDA:0,(anonymous_11)
FNDA:0,(anonymous_12)
FNDA:0,(anonymous_13)
FNDA:0,(anonymous_14)
FNDA:0,(anonymous_15)
FNDA:0,(anonymous_16)
FNDA:0,(anonymous_17)
FNDA:0,(anonymous_18)
FNDA:0,(anonymous_19)
FNDA:0,(anonymous_20)
FNDA:0,(anonymous_21)
DA:8,0
DA:11,0
DA:21,0
DA:22,0
DA:23,0
DA:25,0
DA:30,0
DA:31,0
DA:32,0
DA:33,0
DA:34,0
DA:37,0
DA:40,0
DA:41,0
DA:43,0
DA:67,0
DA:68,0
DA:71,0
DA:74,0
DA:75,0
DA:76,0
DA:77,0
DA:80,0
DA:81,0
DA:82,0
DA:83,0
DA:86,0
DA:87,0
DA:88,0
DA:90,0
DA:92,0
DA:105,0
DA:117,0
DA:122,0
DA:123,0
DA:124,0
DA:125,0
DA:126,0
DA:129,0
DA:130,0
DA:133,0
DA:134,0
DA:136,0
DA:141,0
DA:142,0
DA:145,0
DA:166,0
DA:167,0
DA:169,0
DA:170,0
DA:171,0
DA:172,0
DA:174,0
DA:175,0
DA:176,0
DA:178,0
DA:179,0
DA:180,0
DA:181,0
DA:187,0
DA:195,0
DA:204,0
DA:209,0
DA:210,0
DA:211,0
DA:212,0
DA:213,0
DA:217,0
DA:218,0
DA:220,0
DA:244,0
DA:245,0
DA:247,0
DA:248,0
DA:249,0
DA:250,0
DA:254,0
DA:260,0
DA:263,0
DA:268,0
DA:271,0
DA:272,0
DA:274,0
DA:275,0
DA:282,0
LF:85
LH:0
BRDA:22,0,0,0
BRDA:22,0,1,0
BRDA:33,1,0,0
BRDA:33,1,1,0
BRDA:37,2,0,0
BRDA:37,2,1,0
BRDA:100,3,0,0
BRDA:100,3,1,0
BRDA:125,4,0,0
BRDA:125,4,1,0
BRDA:129,5,0,0
BRDA:129,5,1,0
BRDA:141,6,0,0
BRDA:141,6,1,0
BRDA:174,7,0,0
BRDA:174,7,1,0
BRDA:190,8,0,0
BRDA:190,8,1,0
BRDA:212,9,0,0
BRDA:212,9,1,0
BRDA:256,10,0,0
BRDA:256,10,1,0
BRF:22
BRH:0
end_of_record
TN:
SF:src/services/analytics-service/src/routes/spending.js
FN:19,(anonymous_0)
FN:29,(anonymous_1)
FN:42,(anonymous_2)
FN:43,(anonymous_3)
FN:64,(anonymous_4)
FN:77,(anonymous_5)
FN:96,(anonymous_6)
FN:123,(anonymous_7)
FN:155,(anonymous_8)
FN:168,(anonymous_9)
FN:169,(anonymous_10)
FN:171,(anonymous_11)
FN:174,(anonymous_12)
FN:192,(anonymous_13)
FNF:14
FNH:0
FNDA:0,(anonymous_0)
FNDA:0,(anonymous_1)
FNDA:0,(anonymous_2)
FNDA:0,(anonymous_3)
FNDA:0,(anonymous_4)
FNDA:0,(anonymous_5)
FNDA:0,(anonymous_6)
FNDA:0,(anonymous_7)
FNDA:0,(anonymous_8)
FNDA:0,(anonymous_9)
FNDA:0,(anonymous_10)
FNDA:0,(anonymous_11)
FNDA:0,(anonymous_12)
FNDA:0,(anonymous_13)
DA:7,0
DA:10,0
DA:20,0
DA:21,0
DA:22,0
DA:24,0
DA:29,0
DA:30,0
DA:31,0
DA:32,0
DA:33,0
DA:36,0
DA:37,0
DA:39,0
DA:42,0
DA:43,0
DA:50,0
DA:59,0
DA:64,0
DA:65,0
DA:66,0
DA:67,0
DA:68,0
DA:71,0
DA:72,0
DA:74,0
DA:77,0
DA:85,0
DA:91,0
DA:96,0
DA:97,0
DA:98,0
DA:99,0
DA:100,0
DA:103,0
DA:104,0
DA:106,0
DA:107,0
DA:111,0
DA:113,0
DA:118,0
DA:123,0
DA:124,0
DA:125,0
DA:126,0
DA:127,0
DA:130,0
DA:131,0
DA:134,0
DA:154,0
DA:155,0
DA:156,0
DA:157,0
DA:162,0
DA:163,0
DA:167,0
DA:168,0
DA:169,0
DA:170,0
DA:171,0
DA:174,0
DA:175,0
DA:176,0
DA:177,0
DA:187,0
DA:192,0
DA:195,0
LF:67
LH:0
BRDA:21,0,0,0
BRDA:21,0,1,0
BRDA:32,1,0,0
BRDA:32,1,1,0
BRDA:36,2,0,0
BRDA:36,2,1,0
BRDA:37,3,0,0
BRDA:37,3,1,0
BRDA:67,4,0,0
BRDA:67,4,1,0
BRDA:71,5,0,0
BRDA:71,5,1,0
BRDA:72,6,0,0
BRDA:72,6,1,0
BRDA:78,7,0,0
BRDA:78,7,1,0
BRDA:99,8,0,0
BRDA:99,8,1,0
BRDA:103,9,0,0
BRDA:103,9,1,0
BRDA:106,10,0,0
BRDA:106,10,1,0
BRDA:126,11,0,0
BRDA:126,11,1,0
BRDA:130,12,0,0
BRDA:130,12,1,0
BRDA:131,13,0,0
BRDA:131,13,1,0
BRDA:156,14,0,0
BRDA:156,14,1,0
BRDA:176,15,0,0
BRDA:176,15,1,0
BRF:32
BRH:0
end_of_record
TN:
SF:src/services/analytics-service/src/utils/cache.js
FN:6,(anonymous_0)
FN:11,(anonymous_1)
FN:21,(anonymous_2)
FN:33,(anonymous_3)
FN:44,(anonymous_4)
FN:47,(anonymous_5)
FN:54,(anonymous_6)
FN:60,(anonymous_7)
FN:72,(anonymous_8)
FN:76,(anonymous_9)
FN:112,(anonymous_10)
FN:113,(anonymous_11)
FN:116,(anonymous_12)
FN:147,(anonymous_13)
FN:150,(anonymous_14)
FN:155,(anonymous_15)
FN:167,(anonymous_16)
FNF:17
FNH:0
FNDA:0,(anonymous_0)
FNDA:0,(anonymous_1)
FNDA:0,(anonymous_2)
FNDA:0,(anonymous_3)
FNDA:0,(anonymous_4)
FNDA:0,(anonymous_5)
FNDA:0,(anonymous_6)
FNDA:0,(anonymous_7)
FNDA:0,(anonymous_8)
FNDA:0,(anonymous_9)
FNDA:0,(anonymous_10)
FNDA:0,(anonymous_11)
FNDA:0,(anonymous_12)
FNDA:0,(anonymous_13)
FNDA:0,(anonymous_14)
FNDA:0,(anonymous_15)
FNDA:0,(anonymous_16)
DA:7,0
DA:8,0
DA:12,0
DA:13,0
DA:14,0
DA:16,0
DA:17,0
DA:22,0
DA:23,0
DA:24,0
DA:27,0
DA:28,0
DA:32,0
DA:33,0
DA:34,0
DA:35,0
DA:37,0
DA:40,0
DA:45,0
DA:46,0
DA:47,0
DA:49,0
DA:50,0
DA:55,0
DA:56,0
DA:57,0
DA:60,0
DA:61,0
DA:62,0
DA:63,0
DA:64,0
DA:68,0
DA:73,0
DA:78,0
DA:79,0
DA:81,0
DA:82,0
DA:87,0
DA:88,0
DA:92,0
DA:100,0
DA:112,0
DA:113,0
DA:114,0
DA:116,0
DA:117,0
DA:118,0
DA:120,0
DA:122,0
DA:123,0
DA:124,0
DA:125,0
DA:129,0
DA:130,0
DA:131,0
DA:132,0
DA:134,0
DA:135,0
DA:139,0
DA:147,0
DA:148,0
DA:150,0
DA:151,0
DA:154,0
DA:155,0
DA:156,0
DA:158,0
DA:159,0
DA:167,0
DA:168,0
DA:169,0
DA:170,0
DA:171,0
DA:172,0
DA:175,0
DA:176,0
LF:76
LH:0
BRDA:14,0,0,0
BRDA:14,0,1,0
BRDA:27,1,0,0
BRDA:27,1,1,0
BRDA:32,2,0,0
BRDA:32,2,1,0
BRDA:56,3,0,0
BRDA:56,3,1,0
BRDA:62,4,0,0
BRDA:62,4,1,0
BRDA:123,5,0,0
BRDA:123,5,1,0
BRDA:170,6,0,0
BRDA:170,6,1,0
BRF:14
BRH:0
end_of_record
TN:
SF:src/services/analytics-service/src/utils/dataProcessor.js
FN:20,(anonymous_0)
FN:41,(anonymous_1)
FN:42,(anonymous_2)
FN:60,(anonymous_3)
FN:76,(anonymous_4)
FN:111,(anonymous_5)
FN:120,(anonymous_6)
FN:121,(anonymous_7)
FN:133,(anonymous_8)
FN:168,(anonymous_9)
FN:181,(anonymous_10)
FN:195,(anonymous_11)
FN:202,(anonymous_12)
FN:223,(anonymous_13)
FN:224,(anonymous_14)
FNF:15
FNH:0
FNDA:0,(anonymous_0)
FNDA:0,(anonymous_1)
FNDA:0,(anonymous_2)
FNDA:0,(anonymous_3)
FNDA:0,(anonymous_4)
FNDA:0,(anonymous_5)
FNDA:0,(anonymous_6)
FNDA:0,(anonymous_7)
FNDA:0,(anonymous_8)
FNDA:0,(anonymous_9)
FNDA:0,(anonymous_10)
FNDA:0,(anonymous_11)
FNDA:0,(anonymous_12)
FNDA:0,(anonymous_13)
FNDA:0,(anonymous_14)
DA:5,0
DA:10,0
DA:11,0
DA:12,0
DA:20,0
DA:25,0
DA:27,0
DA:28,0
DA:29,0
DA:32,0
DA:33,0
DA:36,0
DA:37,0
DA:38,0
DA:40,0
DA:42,0
DA:43,0
DA:45,0
DA:46,0
DA:53,0
DA:57,0
DA:58,0
DA:60,0
DA:64,0
DA:67,0
DA:76,0
DA:80,0
DA:82,0
DA:83,0
DA:84,0
DA:85,0
DA:86,0
DA:87,0
DA:90,0
DA:94,0
DA:96,0
DA:97,0
DA:98,0
DA:100,0
DA:103,0
DA:111,0
DA:116,0
DA:118,0
DA:120,0
DA:121,0
DA:122,0
DA:125,0
DA:133,0
DA:134,0
DA:136,0
DA:137,0
DA:138,0
DA:139,0
DA:141,0
DA:142,0
DA:150,0
DA:152,0
DA:153,0
DA:155,0
DA:156,0
DA:157,0
DA:159,0
DA:160,0
DA:162,0
DA:163,0
DA:167,0
DA:168,0
DA:169,0
DA:170,0
DA:174,0
DA:181,0
DA:182,0
DA:184,0
DA:185,0
DA:186,0
DA:187,0
DA:188,0
DA:190,0
DA:195,0
DA:202,0
DA:203,0
DA:204,0
DA:206,0
DA:208,0
DA:210,0
DA:211,0
DA:213,0
DA:215,0
DA:223,0
DA:224,0
LF:90
LH:0
BRDA:20,0,0,0
BRDA:22,1,0,0
BRDA:23,2,0,0
BRDA:45,3,0,0
BRDA:45,3,1,0
BRDA:76,4,0,0
BRDA:78,5,0,0
BRDA:79,6,0,0
BRDA:82,7,0,0
BRDA:82,7,1,0
BRDA:85,8,0,0
BRDA:85,8,1,0
BRDA:111,9,0,0
BRDA:113,10,0,0
BRDA:114,11,0,0
BRDA:115,12,0,0
BRDA:141,13,0,0
BRDA:141,13,1,0
BRDA:150,14,0,0
BRDA:150,14,1,0
BRDA:150,14,2,0
BRDA:150,14,3,0
BRDA:167,15,0,0
BRDA:167,15,1,0
BRDA:187,16,0,0
BRDA:187,16,1,0
BRDA:204,17,0,0
BRDA:204,17,1,0
BRDA:204,17,2,0
BRDA:204,17,3,0
BRDA:204,17,4,0
BRDA:224,18,0,0
BRDA:224,18,1,0
BRF:33
BRH:0
end_of_record
TN:
SF:src/services/analytics-service/src/utils/metrics.js
FN:77,(anonymous_0)
FN:98,(anonymous_1)
FN:121,(anonymous_2)
FN:135,(anonymous_3)
FNF:4
FNH:0
FNDA:0,(anonymous_0)
FNDA:0,(anonymous_1)
FNDA:0,(anonymous_2)
FNDA:0,(anonymous_3)
DA:4,0
DA:9,0
DA:12,0
DA:19,0
DA:26,0
DA:32,0
DA:39,0
DA:45,0
DA:53,0
DA:59,0
DA:66,0
DA:77,0
DA:78,0
DA:79,0
DA:80,0
DA:81,0
DA:82,0
DA:83,0
DA:85,0
DA:86,0
DA:87,0
DA:88,0
DA:98,0
DA:99,0
DA:100,0
DA:102,0
DA:103,0
DA:105,0
DA:106,0
DA:108,0
DA:111,0
DA:112,0
DA:121,0
DA:122,0
DA:123,0
DA:125,0
DA:135,0
DA:136,0
DA:137,0
DA:141,0
LF:40
LH:0
BRDA:100,0,0,0
BRDA:100,0,1,0
BRDA:100,0,2,0
BRDA:122,1,0,0
BRDA:122,1,1,0
BRF:5
BRH:0
end_of_record
TN:
SF:src/services/expense-service/src/index.js
FN:23,(anonymous_0)
FN:47,(anonymous_1)
FN:56,(anonymous_2)
FN:83,(anonymous_3)
FN:99,(anonymous_4)
FN:129,(anonymous_5)
FNF:6
FNH:0
FNDA:0,(anonymous_0)
FNDA:0,(anonymous_1)
FNDA:0,(anonymous_2)
FNDA:0,(anonymous_3)
FNDA:0,(anonymous_4)
FNDA:0,(anonymous_5)
DA:7,0
DA:8,0
DA:9,0
DA:10,0
DA:13,0
DA:14,0
DA:17,0
DA:18,0
DA:19,0
DA:20,0
DA:23,0
DA:24,0
DA:47,0
DA:48,0
DA:56,0
DA:57,0
DA:83,0
DA:84,0
DA:85,0
DA:99,0
DA:100,0
DA:101,0
DA:128,0
DA:129,0
DA:130,0
DA:131,0
DA:135,0
LF:27
LH:0
BRDA:14,0,0,0
BRDA:14,0,1,0
BRDA:128,1,0,0
BRDA:128,1,1,0
BRF:4
BRH:0
end_of_record
TN:
SF:src/services/expense-service/src/commands/create-expense.command.js
FN:7,(anonymous_0)
FN:11,(anonymous_1)
FNF:2
FNH:0
FNDA:0,(anonymous_0)
FNDA:0,(anonymous_1)
DA:1,0
DA:2,0
DA:3,0
DA:4,0
DA:8,0
DA:12,0
DA:13,0
DA:15,0
DA:17,0
DA:20,0
DA:39,0
DA:52,0
DA:55,0
DA:56,0
DA:58,0
DA:60,0
DA:65,0
LF:17
LH:0
BRF:0
BRH:0
end_of_record
TN:
SF:src/services/expense-service/src/controllers/expense.controller.js
FN:19,createExpense
FN:74,getGroupExpenses
FN:102,getExpenseById
FN:138,updateExpense
FN:199,deleteExpense
FN:233,getGroupBalances
FN:274,getUserGroupBalance
FN:306,getUserBalanceSummary
FNF:8
FNH:0
FNDA:0,createExpense
FNDA:0,getGroupExpenses
FNDA:0,getExpenseById
FNDA:0,updateExpense
FNDA:0,deleteExpense
FNDA:0,getGroupBalances
FNDA:0,getUserGroupBalance
FNDA:0,getUserBalanceSummary
DA:8,0
DA:9,0
DA:10,0
DA:11,0
DA:20,0
DA:21,0
DA:22,0
DA:25,0
DA:26,0
DA:30,0
DA:42,0
DA:48,0
DA:51,0
DA:56,0
DA:64,0
DA:75,0
DA:76,0
DA:77,0
DA:79,0
DA:87,0
DA:92,0
DA:103,0
DA:104,0
DA:105,0
DA:107,0
DA:108,0
DA:112,0
DA:113,0
DA:114,0
DA:120,0
DA:128,0
DA:139,0
DA:140,0
DA:141,0
DA:142,0
DA:145,0
DA:146,0
DA:147,0
DA:151,0
DA:152,0
DA:156,0
DA:157,0
DA:158,0
DA:159,0
DA:166,0
DA:173,0
DA:181,0
DA:189,0
DA:200,0
DA:201,0
DA:202,0
DA:205,0
DA:206,0
DA:207,0
DA:211,0
DA:212,0
DA:216,0
DA:218,0
DA:223,0
DA:234,0
DA:235,0
DA:238,0
DA:239,0
DA:240,0
DA:243,0
DA:251,0
DA:252,0
DA:253,0
DA:256,0
DA:264,0
DA:275,0
DA:276,0
DA:277,0
DA:280,0
DA:281,0
DA:284,0
DA:291,0
DA:296,0
DA:307,0
DA:308,0
DA:311,0
DA:314,0
DA:315,0
DA:316,0
DA:317,0
DA:319,0
DA:327,0
DA:328,0
DA:332,0
DA:334,0
DA:339,0
DA:343,0
LF:92
LH:0
BRDA:25,0,0,0
BRDA:25,0,1,0
BRDA:25,1,0,0
BRDA:25,1,1,0
BRDA:25,1,2,0
BRDA:25,1,3,0
BRDA:34,2,0,0
BRDA:34,2,1,0
BRDA:35,3,0,0
BRDA:35,3,1,0
BRDA:77,4,0,0
BRDA:77,5,0,0
BRDA:77,6,0,0
BRDA:77,7,0,0
BRDA:107,8,0,0
BRDA:107,8,1,0
BRDA:113,9,0,0
BRDA:113,9,1,0
BRDA:146,10,0,0
BRDA:146,10,1,0
BRDA:151,11,0,0
BRDA:151,11,1,0
BRDA:151,12,0,0
BRDA:151,12,1,0
BRDA:157,13,0,0
BRDA:157,13,1,0
BRDA:158,14,0,0
BRDA:158,14,1,0
BRDA:206,15,0,0
BRDA:206,15,1,0
BRDA:211,16,0,0
BRDA:211,16,1,0
BRDA:211,17,0,0
BRDA:211,17,1,0
BRDA:252,18,0,0
BRDA:252,18,1,0
BRF:36
BRH:0
end_of_record
TN:
SF:src/services/expense-service/src/models/expense.model.js
FNF:0
FNH:0
LF:0
LH:0
BRF:0
BRH:0
end_of_record
TN:
SF:src/services/expense-service/src/queries/get-expense.query.js
FN:6,(anonymous_0)
FN:11,(anonymous_1)
FN:54,(anonymous_2)
FNF:3
FNH:0
FNDA:0,(anonymous_0)
FNDA:0,(anonymous_1)
FNDA:0,(anonymous_2)
DA:1,0
DA:2,0
DA:3,0
DA:7,0
DA:8,0
DA:12,0
DA:14,0
DA:16,0
DA:17,0
DA:18,0
DA:22,0
DA:33,0
DA:34,0
DA:38,0
DA:40,0
DA:42,0
DA:43,0
DA:45,0
DA:55,0
DA:57,0
DA:59,0
DA:60,0
DA:61,0
DA:65,0
DA:73,0
DA:74,0
DA:75,0
DA:76,0
DA:77,0
DA:78,0
DA:80,0
DA:83,0
DA:85,0
DA:87,0
DA:92,0
LF:35
LH:0
BRDA:17,0,0,0
BRDA:17,0,1,0
BRDA:33,1,0,0
BRDA:33,1,1,0
BRDA:42,2,0,0
BRDA:42,2,1,0
BRDA:60,3,0,0
BRDA:60,3,1,0
BRDA:73,4,0,0
BRDA:73,4,1,0
BRDA:74,5,0,0
BRDA:74,5,1,0
BRDA:75,6,0,0
BRDA:75,6,1,0
BRDA:76,7,0,0
BRDA:76,7,1,0
BRDA:77,8,0,0
BRDA:77,8,1,0
BRDA:78,9,0,0
BRDA:78,9,1,0
BRF:20
BRH:0
end_of_record
TN:
SF:src/services/expense-service/src/repositories/expense.repository.js
FN:12,(anonymous_0)
FN:22,(anonymous_1)
FN:27,(anonymous_2)
FN:35,(anonymous_3)
FN:67,(anonymous_4)
FN:99,(anonymous_5)
FN:113,(anonymous_6)
FN:126,(anonymous_7)
FN:135,(anonymous_8)
FN:151,(anonymous_9)
FN:165,(anonymous_10)
FN:180,(anonymous_11)
FN:219,(anonymous_12)
FNF:13
FNH:0
FNDA:0,(anonymous_0)
FNDA:0,(anonymous_1)
FNDA:0,(anonymous_2)
FNDA:0,(anonymous_3)
FNDA:0,(anonymous_4)
FNDA:0,(anonymous_5)
FNDA:0,(anonymous_6)
FNDA:0,(anonymous_7)
FNDA:0,(anonymous_8)
FNDA:0,(anonymous_9)
FNDA:0,(anonymous_10)
FNDA:0,(anonymous_11)
FNDA:0,(anonymous_12)
DA:6,0
DA:7,0
DA:8,0
DA:9,0
DA:13,0
DA:23,0
DA:24,0
DA:27,0
DA:28,0
DA:35,0
DA:37,0
DA:38,0
DA:39,0
DA:43,0
DA:44,0
DA:45,0
DA:47,0
DA:48,0
DA:52,0
DA:58,0
DA:68,0
DA:69,0
DA:71,0
DA:72,0
DA:76,0
DA:77,0
DA:81,0
DA:86,0
DA:100,0
DA:101,0
DA:106,0
DA:110,0
DA:113,0
DA:115,0
DA:116,0
DA:120,0
DA:121,0
DA:126,0
DA:127,0
DA:128,0
DA:130,0
DA:131,0
DA:135,0
DA:140,0
DA:152,0
DA:153,0
DA:155,0
DA:156,0
DA:160,0
DA:165,0
DA:167,0
DA:170,0
DA:171,0
DA:174,0
DA:180,0
DA:181,0
DA:188,0
DA:189,0
DA:192,0
DA:199,0
DA:204,0
DA:210,0
DA:220,0
DA:221,0
DA:223,0
DA:224,0
DA:228,0
DA:233,0
DA:235,0
DA:241,0
DA:242,0
LF:71
LH:0
BRDA:38,0,0,0
BRDA:38,0,1,0
BRDA:43,1,0,0
BRDA:43,1,1,0
BRDA:47,2,0,0
BRDA:47,2,1,0
BRDA:71,3,0,0
BRDA:71,3,1,0
BRDA:99,4,0,0
BRDA:99,5,0,0
BRDA:99,6,0,0
BRDA:99,7,0,0
BRDA:107,8,0,0
BRDA:107,8,1,0
BRDA:115,9,0,0
BRDA:115,9,1,0
BRDA:127,10,0,0
BRDA:127,10,1,0
BRDA:137,11,0,0
BRDA:137,11,1,0
BRDA:155,12,0,0
BRDA:155,12,1,0
BRDA:170,13,0,0
BRDA:170,13,1,0
BRDA:188,14,0,0
BRDA:188,14,1,0
BRDA:223,15,0,0
BRDA:223,15,1,0
BRF:28
BRH:0
end_of_record
TN:
SF:src/services/expense-service/src/routes/expense.routes.js
FNF:0
FNH:0
DA:1,0
DA:2,0
DA:9,0
DA:10,0
DA:11,0
DA:13,0
DA:20,0
DA:32,0
DA:44,0
DA:56,0
DA:68,0
DA:75,0
LF:12
LH:0
BRF:0
BRH:0
end_of_record
TN:
SF:src/services/expense-service/src/services/balance.service.js
FN:19,(anonymous_0)
FN:22,(anonymous_1)
FN:82,(anonymous_2)
FN:118,(anonymous_3)
FN:138,(anonymous_4)
FN:242,(anonymous_5)
FN:256,(anonymous_6)
FN:273,(anonymous_7)
FN:289,(anonymous_8)
FN:311,(anonymous_9)
FN:333,(anonymous_10)
FN:360,(anonymous_11)
FN:385,(anonymous_12)
FN:424,(anonymous_13)
FNF:14
FNH:0
FNDA:0,(anonymous_0)
FNDA:0,(anonymous_1)
FNDA:0,(anonymous_2)
FNDA:0,(anonymous_3)
FNDA:0,(anonymous_4)
FNDA:0,(anonymous_5)
FNDA:0,(anonymous_6)
FNDA:0,(anonymous_7)
FNDA:0,(anonymous_8)
FNDA:0,(anonymous_9)
FNDA:0,(anonymous_10)
FNDA:0,(anonymous_11)
FNDA:0,(anonymous_12)
FNDA:0,(anonymous_13)
DA:8,0
DA:21,0
DA:22,0
DA:23,0
DA:35,0
DA:37,0
DA:40,0
DA:43,0
DA:44,0
DA:45,0
DA:48,0
DA:51,0
DA:56,0
DA:58,0
DA:60,0
DA:61,0
DA:62,0
DA:65,0
DA:69,0
DA:70,0
DA:71,0
DA:74,0
DA:84,0
DA:85,0
DA:91,0
DA:92,0
DA:95,0
DA:96,0
DA:98,0
DA:107,0
DA:119,0
DA:131,0
DA:133,0
DA:135,0
DA:138,0
DA:140,0
DA:142,0
DA:143,0
DA:145,0
DA:147,0
DA:151,0
DA:165,0
DA:166,0
DA:168,0
DA:169,0
DA:171,0
DA:173,0
DA:175,0
DA:178,0
DA:192,0
DA:197,0
DA:199,0
DA:201,0
DA:202,0
DA:203,0
DA:205,0
DA:207,0
DA:219,0
DA:220,0
DA:222,0
DA:234,0
DA:239,0
DA:242,0
DA:244,0
DA:258,0
DA:261,0
DA:275,0
DA:278,0
DA:290,0
DA:291,0
DA:297,0
DA:300,0
DA:312,0
DA:313,0
DA:319,0
DA:322,0
DA:334,0
DA:335,0
DA:338,0
DA:339,0
DA:341,0
DA:343,0
DA:344,0
DA:347,0
DA:348,0
DA:361,0
DA:362,0
DA:365,0
DA:366,0
DA:368,0
DA:370,0
DA:371,0
DA:374,0
DA:375,0
DA:386,0
DA:396,0
DA:397,0
DA:398,0
DA:400,0
DA:409,0
DA:413,0
DA:415,0
DA:426,0
DA:427,0
DA:429,0
DA:430,0
DA:440,0
DA:441,0
DA:447,0
DA:448,0
DA:450,0
DA:451,0
DA:461,0
DA:462,0
DA:469,0
LF:115
LH:0
BRDA:37,0,0,0
BRDA:37,0,1,0
BRDA:48,1,0,0
BRDA:48,1,1,0
BRDA:58,2,0,0
BRDA:58,2,1,0
BRDA:133,3,0,0
BRDA:133,3,1,0
BRDA:140,4,0,0
BRDA:140,4,1,0
BRDA:145,5,0,0
BRDA:145,5,1,0
BRDA:159,6,0,0
BRDA:159,6,1,0
BRDA:166,7,0,0
BRDA:166,7,1,0
BRDA:173,8,0,0
BRDA:173,8,1,0
BRDA:199,9,0,0
BRDA:199,9,1,0
BRDA:205,10,0,0
BRDA:205,10,1,0
BRDA:210,11,0,0
BRDA:210,11,1,0
BRDA:211,12,0,0
BRDA:211,12,1,0
BRDA:220,13,0,0
BRDA:220,13,1,0
BRDA:225,14,0,0
BRDA:225,14,1,0
BRDA:226,15,0,0
BRDA:226,15,1,0
BRDA:290,16,0,0
BRDA:290,16,1,0
BRDA:312,17,0,0
BRDA:312,17,1,0
BRDA:334,18,0,0
BRDA:334,18,1,0
BRDA:347,19,0,0
BRDA:347,19,1,0
BRDA:361,20,0,0
BRDA:361,20,1,0
BRDA:374,21,0,0
BRDA:374,21,1,0
BRDA:402,22,0,0
BRDA:402,22,1,0
BRDA:429,23,0,0
BRDA:429,23,1,0
BRDA:432,24,0,0
BRDA:432,24,1,0
BRDA:450,25,0,0
BRDA:450,25,1,0
BRDA:453,26,0,0
BRDA:453,26,1,0
BRF:54
BRH:0
end_of_record
TN:
SF:src/services/expense-service/src/services/expense.service.js
FN:9,createExpense
FN:22,getExpense
FN:41,updateExpense
FN:59,deleteExpense
FN:77,getExpensesByGroup
FNF:5
FNH:0
FNDA:0,createExpense
FNDA:0,getExpense
FNDA:0,updateExpense
FNDA:0,deleteExpense
FNDA:0,getExpensesByGroup
DA:1,0
DA:2,0
DA:10,0
DA:11,0
DA:14,0
DA:23,0
DA:24,0
DA:27,0
DA:28,0
DA:29,0
DA:32,0
DA:42,0
DA:43,0
DA:46,0
DA:47,0
DA:48,0
DA:51,0
DA:60,0
DA:61,0
DA:64,0
DA:65,0
DA:66,0
DA:69,0
DA:78,0
DA:79,0
DA:82,0
DA:85,0
LF:27
LH:0
BRDA:10,0,0,0
BRDA:10,0,1,0
BRDA:10,1,0,0
BRDA:10,1,1,0
BRDA:10,1,2,0
BRDA:23,2,0,0
BRDA:23,2,1,0
BRDA:28,3,0,0
BRDA:28,3,1,0
BRDA:42,4,0,0
BRDA:42,4,1,0
BRDA:42,5,0,0
BRDA:42,5,1,0
BRDA:47,6,0,0
BRDA:47,6,1,0
BRDA:60,7,0,0
BRDA:60,7,1,0
BRDA:65,8,0,0
BRDA:65,8,1,0
BRDA:78,9,0,0
BRDA:78,9,1,0
BRF:21
BRH:0
end_of_record
TN:
SF:src/services/expense-service/src/services/split.service.js
FN:18,(anonymous_0)
FN:35,(anonymous_1)
FN:53,(anonymous_2)
FN:71,(anonymous_3)
FN:85,(anonymous_4)
FN:104,(anonymous_5)
FN:114,(anonymous_6)
FN:127,(anonymous_7)
FN:130,(anonymous_8)
FN:148,(anonymous_9)
FN:149,(anonymous_10)
FN:169,(anonymous_11)
FN:171,(anonymous_12)
FN:177,(anonymous_13)
FN:199,(anonymous_14)
FN:200,(anonymous_15)
FN:206,(anonymous_16)
FN:220,(anonymous_17)
FN:226,(anonymous_18)
FN:231,(anonymous_19)
FN:250,(anonymous_20)
FN:254,(anonymous_21)
FN:260,(anonymous_22)
FN:278,(anonymous_23)
FN:279,(anonymous_24)
FN:289,(anonymous_25)
FN:299,(anonymous_26)
FNF:27
FNH:0
FNDA:0,(anonymous_0)
FNDA:0,(anonymous_1)
FNDA:0,(anonymous_2)
FNDA:0,(anonymous_3)
FNDA:0,(anonymous_4)
FNDA:0,(anonymous_5)
FNDA:0,(anonymous_6)
FNDA:0,(anonymous_7)
FNDA:0,(anonymous_8)
FNDA:0,(anonymous_9)
FNDA:0,(anonymous_10)
FNDA:0,(anonymous_11)
FNDA:0,(anonymous_12)
FNDA:0,(anonymous_13)
FNDA:0,(anonymous_14)
FNDA:0,(anonymous_15)
FNDA:0,(anonymous_16)
FNDA:0,(anonymous_17)
FNDA:0,(anonymous_18)
FNDA:0,(anonymous_19)
FNDA:0,(anonymous_20)
FNDA:0,(anonymous_21)
FNDA:0,(anonymous_22)
FNDA:0,(anonymous_23)
FNDA:0,(anonymous_24)
FNDA:0,(anonymous_25)
FNDA:0,(anonymous_26)
DA:8,0
DA:9,0
DA:20,0
DA:23,0
DA:26,0
DA:27,0
DA:30,0
DA:31,0
DA:32,0
DA:35,0
DA:36,0
DA:38,0
DA:39,0
DA:44,0
DA:45,0
DA:50,0
DA:53,0
DA:54,0
DA:56,0
DA:57,0
DA:62,0
DA:63,0
DA:68,0
DA:71,0
DA:72,0
DA:76,0
DA:77,0
DA:82,0
DA:85,0
DA:86,0
DA:90,0
DA:91,0
DA:95,0
DA:105,0
DA:106,0
DA:109,0
DA:110,0
DA:114,0
DA:115,0
DA:116,0
DA:117,0
DA:128,0
DA:130,0
DA:131,0
DA:132,0
DA:135,0
DA:138,0
DA:149,0
DA:150,0
DA:151,0
DA:154,0
DA:171,0
DA:173,0
DA:174,0
DA:177,0
DA:178,0
DA:179,0
DA:182,0
DA:184,0
DA:200,0
DA:202,0
DA:203,0
DA:206,0
DA:207,0
DA:208,0
DA:211,0
DA:213,0
DA:220,0
DA:221,0
DA:223,0
DA:225,0
DA:226,0
DA:230,0
DA:231,0
DA:234,0
DA:239,0
DA:251,0
DA:252,0
DA:254,0
DA:260,0
DA:261,0
DA:263,0
DA:264,0
DA:269,0
DA:279,0
DA:280,0
DA:291,0
DA:299,0
DA:300,0
DA:301,0
DA:308,0
DA:309,0
DA:310,0
DA:318,0
DA:325,0
DA:329,0
LF:96
LH:0
BRDA:30,0,0,0
BRDA:30,0,1,0
BRDA:30,1,0,0
BRDA:30,1,1,0
BRDA:38,2,0,0
BRDA:38,2,1,0
BRDA:44,3,0,0
BRDA:44,3,1,0
BRDA:44,4,0,0
BRDA:44,4,1,0
BRDA:56,5,0,0
BRDA:56,5,1,0
BRDA:62,6,0,0
BRDA:62,6,1,0
BRDA:62,7,0,0
BRDA:62,7,1,0
BRDA:76,8,0,0
BRDA:76,8,1,0
BRDA:76,9,0,0
BRDA:76,9,1,0
BRDA:90,10,0,0
BRDA:90,10,1,0
BRDA:90,11,0,0
BRDA:90,11,1,0
BRDA:105,12,0,0
BRDA:105,12,1,0
BRDA:105,13,0,0
BRDA:105,13,1,0
BRDA:105,13,2,0
BRDA:109,14,0,0
BRDA:109,14,1,0
BRDA:109,15,0,0
BRDA:109,15,1,0
BRDA:109,15,2,0
BRDA:116,16,0,0
BRDA:116,16,1,0
BRDA:131,17,0,0
BRDA:131,17,1,0
BRDA:150,18,0,0
BRDA:150,18,1,0
BRDA:150,19,0,0
BRDA:150,19,1,0
BRDA:171,20,0,0
BRDA:171,20,1,0
BRDA:173,21,0,0
BRDA:173,21,1,0
BRDA:178,22,0,0
BRDA:178,22,1,0
BRDA:178,23,0,0
BRDA:178,23,1,0
BRDA:200,24,0,0
BRDA:200,24,1,0
BRDA:202,25,0,0
BRDA:202,25,1,0
BRDA:207,26,0,0
BRDA:207,26,1,0
BRDA:207,27,0,0
BRDA:207,27,1,0
BRDA:223,28,0,0
BRDA:223,28,1,0
BRDA:226,29,0,0
BRDA:226,29,1,0
BRDA:263,30,0,0
BRDA:263,30,1,0
BRDA:300,31,0,0
BRDA:300,31,1,0
BRF:66
BRH:0
end_of_record
TN:
SF:src/services/expense-service/src/utils/math.utils.js
FN:14,roundToDecimalPlaces
FN:28,roundToTwoDecimals
FN:39,formatCurrency
FN:51,sum
FN:56,(anonymous_4)
FN:69,average
FN:85,distributeRemainder
FN:113,(anonymous_7)
FN:114,(anonymous_8)
FN:115,(anonymous_9)
FN:133,isApproximatelyEqual
FNF:11
FNH:0
FNDA:0,roundToDecimalPlaces
FNDA:0,roundToTwoDecimals
FNDA:0,formatCurrency
FNDA:0,sum
FNDA:0,(anonymous_4)
FNDA:0,average
FNDA:0,distributeRemainder
FNDA:0,(anonymous_7)
FNDA:0,(anonymous_8)
FNDA:0,(anonymous_9)
FNDA:0,isApproximatelyEqual
DA:15,0
DA:16,0
DA:19,0
DA:20,0
DA:29,0
DA:40,0
DA:52,0
DA:53,0
DA:56,0
DA:57,0
DA:58,0
DA:60,0
DA:70,0
DA:71,0
DA:74,0
DA:86,0
DA:87,0
DA:90,0
DA:91,0
DA:95,0
DA:98,0
DA:99,0
DA:103,0
DA:106,0
DA:109,0
DA:112,0
DA:113,0
DA:114,0
DA:115,0
DA:118,0
DA:119,0
DA:120,0
DA:123,0
DA:134,0
DA:137,0
LF:35
LH:0
BRDA:14,0,0,0
BRDA:15,1,0,0
BRDA:15,1,1,0
BRDA:15,2,0,0
BRDA:15,2,1,0
BRDA:39,3,0,0
BRDA:52,4,0,0
BRDA:52,4,1,0
BRDA:57,5,0,0
BRDA:57,5,1,0
BRDA:57,6,0,0
BRDA:57,6,1,0
BRDA:70,7,0,0
BRDA:70,7,1,0
BRDA:85,8,0,0
BRDA:86,9,0,0
BRDA:86,9,1,0
BRDA:86,10,0,0
BRDA:86,10,1,0
BRDA:90,11,0,0
BRDA:90,11,1,0
BRDA:90,12,0,0
BRDA:90,12,1,0
BRDA:98,13,0,0
BRDA:98,13,1,0
BRDA:114,14,0,0
BRDA:114,14,1,0
BRDA:118,15,0,0
BRDA:118,15,1,0
BRDA:133,16,0,0
BRF:30
BRH:0
end_of_record
TN:
SF:src/services/expense-service/src/validations/expense.validation.js
FN:17,(anonymous_0)
FN:22,(anonymous_1)
FN:28,(anonymous_2)
FN:36,(anonymous_3)
FN:55,(anonymous_4)
FNF:5
FNH:0
FNDA:0,(anonymous_0)
FNDA:0,(anonymous_1)
FNDA:0,(anonymous_2)
FNDA:0,(anonymous_3)
FNDA:0,(anonymous_4)
DA:1,0
DA:7,0
DA:12,0
DA:19,0
DA:22,0
DA:23,0
DA:27,0
DA:28,0
DA:29,0
DA:30,0
DA:35,0
DA:36,0
DA:37,0
DA:38,0
DA:39,0
DA:43,0
DA:50,0
DA:56,0
DA:59,0
DA:64,0
DA:65,0
DA:67,0
DA:74,0
DA:90,0
DA:97,0
DA:101,0
LF:26
LH:0
BRDA:22,0,0,0
BRDA:22,0,1,0
BRDA:27,1,0,0
BRDA:27,1,1,0
BRDA:29,2,0,0
BRDA:29,2,1,0
BRDA:35,3,0,0
BRDA:35,3,1,0
BRDA:38,4,0,0
BRDA:38,4,1,0
BRDA:56,5,0,0
BRDA:56,5,1,0
BRDA:64,6,0,0
BRDA:64,6,1,0
BRF:14
BRH:0
end_of_record
TN:
SF:src/services/group-service/src/routes/group.routes.js
FNF:0
FNH:0
DA:24,0
DA:36,0
DA:48,0
DA:60,0
DA:72,0
DA:84,0
DA:96,0
DA:108,0
DA:120,0
DA:127,0
LF:10
LH:0
BRF:0
BRH:0
end_of_record
TN:
SF:src/services/group-service/src/validations/group.validation.js
FNF:0
FNH:0
DA:103,0
LF:1
LH:0
BRF:0
BRH:0
end_of_record
TN:
SF:src/services/notification-service/src/index.js
FN:23,(anonymous_0)
FN:48,(anonymous_1)
FN:57,(anonymous_2)
FN:82,(anonymous_3)
FN:95,(anonymous_4)
FN:122,(anonymous_5)
FN:144,(anonymous_6)
FNF:7
FNH:0
FNDA:0,(anonymous_0)
FNDA:0,(anonymous_1)
FNDA:0,(anonymous_2)
FNDA:0,(anonymous_3)
FNDA:0,(anonymous_4)
FNDA:0,(anonymous_5)
FNDA:0,(anonymous_6)
DA:7,0
DA:8,0
DA:9,0
DA:10,0
DA:13,0
DA:14,0
DA:17,0
DA:18,0
DA:19,0
DA:20,0
DA:23,0
DA:24,0
DA:48,0
DA:49,0
DA:57,0
DA:58,0
DA:82,0
DA:83,0
DA:84,0
DA:95,0
DA:96,0
DA:97,0
DA:122,0
DA:123,0
DA:125,0
DA:126,0
DA:131,0
DA:143,0
DA:144,0
DA:145,0
DA:146,0
DA:150,0
LF:32
LH:0
BRDA:14,0,0,0
BRDA:14,0,1,0
BRDA:125,1,0,0
BRDA:125,1,1,0
BRDA:125,2,0,0
BRDA:125,2,1,0
BRDA:125,2,2,0
BRDA:136,3,0,0
BRDA:136,3,1,0
BRDA:143,4,0,0
BRDA:143,4,1,0
BRF:11
BRH:0
end_of_record
TN:
SF:src/services/notification-service/src/controllers/notification.controller.js
FN:15,getUserNotifications
FN:42,markAsRead
FN:73,markAllAsRead
FN:94,getNotificationPreferences
FN:115,updateNotificationPreferences
FNF:5
FNH:0
FNDA:0,getUserNotifications
FNDA:0,markAsRead
FNDA:0,markAllAsRead
FNDA:0,getNotificationPreferences
FNDA:0,updateNotificationPreferences
DA:6,0
DA:7,0
DA:16,0
DA:17,0
DA:18,0
DA:19,0
DA:20,0
DA:22,0
DA:27,0
DA:32,0
DA:43,0
DA:44,0
DA:45,0
DA:47,0
DA:48,0
DA:51,0
DA:53,0
DA:54,0
DA:57,0
DA:63,0
DA:74,0
DA:75,0
DA:77,0
DA:79,0
DA:84,0
DA:95,0
DA:96,0
DA:98,0
DA:100,0
DA:105,0
DA:116,0
DA:117,0
DA:118,0
DA:120,0
DA:121,0
DA:124,0
DA:129,0
DA:135,0
DA:139,0
LF:39
LH:0
BRDA:18,0,0,0
BRDA:18,0,1,0
BRDA:19,1,0,0
BRDA:19,1,1,0
BRDA:47,2,0,0
BRDA:47,2,1,0
BRDA:53,3,0,0
BRDA:53,3,1,0
BRDA:120,4,0,0
BRDA:120,4,1,0
BRDA:120,5,0,0
BRDA:120,5,1,0
BRF:12
BRH:0
end_of_record
TN:
SF:src/services/notification-service/src/models/notification-preference.model.js
FN:13,(anonymous_0)
FN:35,(anonymous_1)
FN:59,(anonymous_2)
FNF:3
FNH:0
FNDA:0,(anonymous_0)
FNDA:0,(anonymous_1)
FNDA:0,(anonymous_2)
DA:6,0
DA:14,0
DA:36,0
DA:37,0
DA:39,0
DA:60,0
DA:62,0
DA:73,0
LF:8
LH:0
BRDA:40,0,0,0
BRDA:40,0,1,0
BRDA:42,1,0,0
BRDA:42,1,1,0
BRDA:43,2,0,0
BRDA:43,2,1,0
BRDA:44,3,0,0
BRDA:44,3,1,0
BRDA:47,4,0,0
BRDA:47,4,1,0
BRDA:49,5,0,0
BRDA:49,5,1,0
BRDA:50,6,0,0
BRDA:50,6,1,0
BRDA:60,7,0,0
BRDA:60,7,1,0
BRF:16
BRH:0
end_of_record
TN:
SF:src/services/notification-service/src/models/notification.model.js
FN:14,(anonymous_0)
FN:37,(anonymous_1)
FNF:2
FNH:0
FNDA:0,(anonymous_0)
FNDA:0,(anonymous_1)
DA:6,0
DA:15,0
DA:17,0
DA:38,0
DA:40,0
DA:56,0
LF:6
LH:0
BRDA:18,0,0,0
BRDA:18,0,1,0
BRDA:23,1,0,0
BRDA:23,1,1,0
BRDA:24,2,0,0
BRDA:24,2,1,0
BRDA:25,3,0,0
BRDA:25,3,1,0
BRDA:27,4,0,0
BRDA:27,4,1,0
BRDA:28,5,0,0
BRDA:28,5,1,0
BRDA:38,6,0,0
BRDA:38,6,1,0
BRF:14
BRH:0
end_of_record
TN:
SF:src/services/notification-service/src/repositories/notification-preference.repository.js
FN:11,(anonymous_0)
FN:20,(anonymous_1)
FN:41,(anonymous_2)
FN:59,(anonymous_3)
FN:81,(anonymous_4)
FN:86,(anonymous_5)
FNF:6
FNH:0
FNDA:0,(anonymous_0)
FNDA:0,(anonymous_1)
FNDA:0,(anonymous_2)
FNDA:0,(anonymous_3)
FNDA:0,(anonymous_4)
FNDA:0,(anonymous_5)
DA:6,0
DA:7,0
DA:8,0
DA:12,0
DA:21,0
DA:22,0
DA:23,0
DA:25,0
DA:26,0
DA:30,0
DA:32,0
DA:42,0
DA:43,0
DA:45,0
DA:47,0
DA:49,0
DA:60,0
DA:62,0
DA:65,0
DA:70,0
DA:72,0
DA:76,0
DA:78,0
DA:81,0
DA:82,0
DA:83,0
DA:86,0
DA:87,0
DA:92,0
DA:94,0
DA:101,0
DA:104,0
DA:107,0
DA:108,0
DA:112,0
DA:117,0
DA:119,0
DA:121,0
DA:127,0
LF:39
LH:0
BRDA:25,0,0,0
BRDA:25,0,1,0
BRDA:70,1,0,0
BRDA:70,1,1,0
BRDA:76,2,0,0
BRDA:76,2,1,0
BRDA:82,3,0,0
BRDA:82,3,1,0
BRF:8
BRH:0
end_of_record
TN:
SF:src/services/notification-service/src/repositories/notification.repository.js
FN:13,(anonymous_0)
FN:23,(anonymous_1)
FN:49,(anonymous_2)
FN:67,(anonymous_3)
FN:94,(anonymous_4)
FN:100,(anonymous_5)
FN:121,(anonymous_6)
FN:135,(anonymous_7)
FN:162,(anonymous_8)
FNF:9
FNH:0
FNDA:0,(anonymous_0)
FNDA:0,(anonymous_1)
FNDA:0,(anonymous_2)
FNDA:0,(anonymous_3)
FNDA:0,(anonymous_4)
FNDA:0,(anonymous_5)
FNDA:0,(anonymous_6)
FNDA:0,(anonymous_7)
FNDA:0,(anonymous_8)
DA:6,0
DA:7,0
DA:8,0
DA:9,0
DA:10,0
DA:14,0
DA:24,0
DA:25,0
DA:28,0
DA:30,0
DA:31,0
DA:35,0
DA:38,0
DA:41,0
DA:48,0
DA:50,0
DA:58,0
DA:68,0
DA:70,0
DA:71,0
DA:72,0
DA:73,0
DA:78,0
DA:81,0
DA:83,0
DA:85,0
DA:95,0
DA:96,0
DA:97,0
DA:100,0
DA:102,0
DA:103,0
DA:104,0
DA:105,0
DA:110,0
DA:114,0
DA:116,0
DA:117,0
DA:121,0
DA:122,0
DA:125,0
DA:136,0
DA:137,0
DA:142,0
DA:149,0
DA:151,0
DA:153,0
DA:163,0
DA:164,0
DA:169,0
DA:176,0
DA:178,0
DA:180,0
DA:185,0
LF:54
LH:0
BRDA:23,0,0,0
BRDA:25,1,0,0
BRDA:25,2,0,0
BRDA:25,3,0,0
BRDA:30,4,0,0
BRDA:30,4,1,0
BRDA:72,5,0,0
BRDA:72,5,1,0
BRDA:96,6,0,0
BRDA:96,6,1,0
BRDA:96,7,0,0
BRDA:96,7,1,0
BRDA:104,8,0,0
BRDA:104,8,1,0
BRDA:116,9,0,0
BRDA:116,9,1,0
BRF:16
BRH:0
end_of_record
TN:
SF:src/services/notification-service/src/services/notification.service.js
FN:69,(anonymous_0)
FN:76,(anonymous_1)
FN:83,(anonymous_2)
FN:97,getUserNotifications
FN:103,(anonymous_4)
FN:109,(anonymous_5)
FN:115,(anonymous_6)
FN:141,createNotification
FN:157,createBatchNotifications
FN:201,markAsRead
FN:219,markAllNotificationsAsRead
FN:224,(anonymous_11)
FN:242,getUserPreferences
FN:267,updateUserPreferences
FN:290,deliverNotification
FN:308,(anonymous_15)
FN:319,(anonymous_16)
FN:330,(anonymous_17)
FN:342,(anonymous_18)
FN:363,getNotifications
FNF:20
FNH:0
FNDA:0,(anonymous_0)
FNDA:0,(anonymous_1)
FNDA:0,(anonymous_2)
FNDA:0,getUserNotifications
FNDA:0,(anonymous_4)
FNDA:0,(anonymous_5)
FNDA:0,(anonymous_6)
FNDA:0,createNotification
FNDA:0,createBatchNotifications
FNDA:0,markAsRead
FNDA:0,markAllNotificationsAsRead
FNDA:0,(anonymous_11)
FNDA:0,getUserPreferences
FNDA:0,updateUserPreferences
FNDA:0,deliverNotification
FNDA:0,(anonymous_15)
FNDA:0,(anonymous_16)
FNDA:0,(anonymous_17)
FNDA:0,(anonymous_18)
FNDA:0,getNotifications
DA:6,0
DA:7,0
DA:8,0
DA:9,0
DA:10,0
DA:17,0
DA:42,0
DA:67,0
DA:71,0
DA:72,0
DA:78,0
DA:79,0
DA:85,0
DA:86,0
DA:98,0
DA:99,0
DA:103,0
DA:104,0
DA:108,0
DA:109,0
DA:110,0
DA:115,0
DA:116,0
DA:120,0
DA:121,0
DA:122,0
DA:124,0
DA:132,0
DA:142,0
DA:143,0
DA:146,0
DA:158,0
DA:159,0
DA:160,0
DA:162,0
DA:164,0
DA:165,0
DA:166,0
DA:167,0
DA:172,0
DA:180,0
DA:181,0
DA:184,0
DA:188,0
DA:190,0
DA:192,0
DA:202,0
DA:203,0
DA:206,0
DA:207,0
DA:208,0
DA:211,0
DA:220,0
DA:221,0
DA:224,0
DA:225,0
DA:226,0
DA:227,0
DA:231,0
DA:233,0
DA:243,0
DA:244,0
DA:247,0
DA:248,0
DA:250,0
DA:258,0
DA:268,0
DA:269,0
DA:272,0
DA:273,0
DA:274,0
DA:279,0
DA:282,0
DA:291,0
DA:293,0
DA:296,0
DA:302,0
DA:305,0
DA:306,0
DA:308,0
DA:316,0
DA:317,0
DA:319,0
DA:327,0
DA:328,0
DA:330,0
DA:339,0
DA:342,0
DA:343,0
DA:344,0
DA:347,0
DA:349,0
DA:351,0
DA:364,0
DA:365,0
DA:368,0
DA:371,0
LF:97
LH:0
BRDA:97,0,0,0
BRDA:99,1,0,0
BRDA:99,2,0,0
BRDA:99,3,0,0
BRDA:108,4,0,0
BRDA:108,4,1,0
BRDA:142,5,0,0
BRDA:142,5,1,0
BRDA:142,6,0,0
BRDA:142,6,1,0
BRDA:142,6,2,0
BRDA:166,7,0,0
BRDA:166,7,1,0
BRDA:202,8,0,0
BRDA:202,8,1,0
BRDA:207,9,0,0
BRDA:207,9,1,0
BRDA:225,10,0,0
BRDA:225,10,1,0
BRDA:225,11,0,0
BRDA:225,11,1,0
BRDA:243,12,0,0
BRDA:243,12,1,0
BRDA:248,13,0,0
BRDA:248,13,1,0
BRDA:268,14,0,0
BRDA:268,14,1,0
BRDA:268,15,0,0
BRDA:268,15,1,0
BRDA:273,16,0,0
BRDA:273,16,1,0
BRDA:296,17,0,0
BRDA:296,17,1,0
BRDA:305,18,0,0
BRDA:305,18,1,0
BRDA:316,19,0,0
BRDA:316,19,1,0
BRDA:327,20,0,0
BRDA:327,20,1,0
BRDA:343,21,0,0
BRDA:343,21,1,0
BRDA:353,22,0,0
BRDA:353,22,1,0
BRDA:364,23,0,0
BRDA:364,23,1,0
BRF:45
BRH:0
end_of_record
TN:
SF:src/services/notification-service/src/utils/notification.generator.js
FN:47,(anonymous_0)
FN:68,(anonymous_1)
FN:107,(anonymous_2)
FN:146,(anonymous_3)
FN:188,(anonymous_4)
FN:221,(anonymous_5)
FNF:6
FNH:0
FNDA:0,(anonymous_0)
FNDA:0,(anonymous_1)
FNDA:0,(anonymous_2)
FNDA:0,(anonymous_3)
FNDA:0,(anonymous_4)
FNDA:0,(anonymous_5)
DA:12,0
DA:47,0
DA:48,0
DA:68,0
DA:71,0
DA:73,0
DA:74,0
DA:75,0
DA:76,0
DA:78,0
DA:79,0
DA:80,0
DA:81,0
DA:83,0
DA:84,0
DA:85,0
DA:86,0
DA:88,0
DA:91,0
DA:107,0
DA:110,0
DA:112,0
DA:113,0
DA:114,0
DA:115,0
DA:117,0
DA:118,0
DA:119,0
DA:120,0
DA:122,0
DA:123,0
DA:124,0
DA:125,0
DA:127,0
DA:130,0
DA:146,0
DA:149,0
DA:151,0
DA:152,0
DA:153,0
DA:154,0
DA:156,0
DA:157,0
DA:158,0
DA:159,0
DA:161,0
DA:162,0
DA:163,0
DA:164,0
DA:166,0
DA:167,0
DA:168,0
DA:169,0
DA:171,0
DA:174,0
DA:188,0
DA:191,0
DA:193,0
DA:194,0
DA:195,0
DA:196,0
DA:198,0
DA:199,0
DA:200,0
DA:201,0
DA:203,0
DA:206,0
DA:221,0
DA:222,0
DA:227,0
LF:70
LH:0
BRDA:47,0,0,0
BRDA:71,1,0,0
BRDA:71,1,1,0
BRDA:71,1,2,0
BRDA:71,1,3,0
BRDA:110,2,0,0
BRDA:110,2,1,0
BRDA:110,2,2,0
BRDA:110,2,3,0
BRDA:149,3,0,0
BRDA:149,3,1,0
BRDA:149,3,2,0
BRDA:149,3,3,0
BRDA:149,3,4,0
BRDA:191,4,0,0
BRDA:191,4,1,0
BRDA:191,4,2,0
BRDA:221,5,0,0
BRF:18
BRH:0
end_of_record
TN:
SF:src/services/payment-service/src/index.js
FN:31,(anonymous_0)
FN:45,(anonymous_1)
FN:60,(anonymous_2)
FN:65,(anonymous_3)
FN:68,(anonymous_4)
FN:72,(anonymous_5)
FN:75,(anonymous_6)
FNF:7
FNH:0
FNDA:0,(anonymous_0)
FNDA:0,(anonymous_1)
FNDA:0,(anonymous_2)
FNDA:0,(anonymous_3)
FNDA:0,(anonymous_4)
FNDA:0,(anonymous_5)
FNDA:0,(anonymous_6)
DA:15,0
DA:18,0
DA:21,0
DA:24,0
DA:25,0
DA:26,0
DA:27,0
DA:28,0
DA:31,0
DA:32,0
DA:40,0
DA:41,0
DA:42,0
DA:45,0
DA:46,0
DA:53,0
DA:60,0
DA:61,0
DA:65,0
DA:66,0
DA:68,0
DA:72,0
DA:73,0
DA:75,0
LF:24
LH:0
BRDA:53,0,0,0
BRDA:53,0,1,0
BRDA:54,1,0,0
BRDA:54,1,1,0
BRDA:55,2,0,0
BRDA:55,2,1,0
BRF:6
BRH:0
end_of_record
TN:
SF:src/services/payment-service/src/config/index.js
FN:58,(anonymous_0)
FN:59,(anonymous_1)
FNF:2
FNH:0
FNDA:0,(anonymous_0)
FNDA:0,(anonymous_1)
DA:4,0
DA:6,0
DA:52,0
DA:58,0
DA:59,0
DA:60,0
DA:61,0
DA:62,0
DA:63,0
DA:64,0
DA:66,0
DA:69,0
DA:70,0
DA:75,0
DA:76,0
LF:15
LH:0
BRDA:9,0,0,0
BRDA:9,0,1,0
BRDA:10,1,0,0
BRDA:10,1,1,0
BRDA:13,2,0,0
BRDA:13,2,1,0
BRDA:27,3,0,0
BRDA:27,3,1,0
BRDA:34,4,0,0
BRDA:34,4,1,0
BRDA:43,5,0,0
BRDA:43,5,1,0
BRDA:63,6,0,0
BRDA:63,6,1,0
BRDA:69,7,0,0
BRDA:69,7,1,0
BRDA:75,8,0,0
BRDA:75,8,1,0
BRF:18
BRH:0
end_of_record
TN:
SF:src/services/payment-service/src/controllers/bank.controller.js
FN:3,(anonymous_0)
FN:16,(anonymous_1)
FN:25,(anonymous_2)
FN:34,(anonymous_3)
FN:46,(anonymous_4)
FNF:5
FNH:0
FNDA:0,(anonymous_0)
FNDA:0,(anonymous_1)
FNDA:0,(anonymous_2)
FNDA:0,(anonymous_3)
FNDA:0,(anonymous_4)
DA:3,0
DA:4,0
DA:5,0
DA:10,0
DA:12,0
DA:16,0
DA:17,0
DA:18,0
DA:19,0
DA:21,0
DA:25,0
DA:26,0
DA:27,0
DA:28,0
DA:30,0
DA:34,0
DA:35,0
DA:36,0
DA:40,0
DA:42,0
DA:46,0
DA:47,0
DA:48,0
DA:54,0
DA:56,0
LF:25
LH:0
BRF:0
BRH:0
end_of_record
TN:
SF:src/services/payment-service/src/controllers/payment.controller.js
FN:6,(anonymous_0)
FN:15,(anonymous_1)
FN:27,(anonymous_2)
FN:39,(anonymous_3)
FN:54,(anonymous_4)
FN:66,(anonymous_5)
FN:103,(anonymous_6)
FN:131,(anonymous_7)
FN:168,(anonymous_8)
FNF:9
FNH:0
FNDA:0,(anonymous_0)
FNDA:0,(anonymous_1)
FNDA:0,(anonymous_2)
FNDA:0,(anonymous_3)
FNDA:0,(anonymous_4)
FNDA:0,(anonymous_5)
FNDA:0,(anonymous_6)
FNDA:0,(anonymous_7)
FNDA:0,(anonymous_8)
DA:6,0
DA:7,0
DA:8,0
DA:9,0
DA:11,0
DA:15,0
DA:16,0
DA:17,0
DA:21,0
DA:23,0
DA:27,0
DA:28,0
DA:29,0
DA:30,0
DA:31,0
DA:33,0
DA:35,0
DA:39,0
DA:40,0
DA:41,0
DA:45,0
DA:46,0
DA:48,0
DA:50,0
DA:54,0
DA:55,0
DA:56,0
DA:57,0
DA:58,0
DA:60,0
DA:62,0
DA:66,0
DA:67,0
DA:69,0
DA:70,0
DA:71,0
DA:72,0
DA:75,0
DA:77,0
DA:78,0
DA:79,0
DA:85,0
DA:87,0
DA:95,0
DA:96,0
DA:103,0
DA:104,0
DA:106,0
DA:107,0
DA:108,0
DA:109,0
DA:112,0
DA:123,0
DA:124,0
DA:131,0
DA:132,0
DA:133,0
DA:135,0
DA:136,0
DA:137,0
DA:138,0
DA:141,0
DA:142,0
DA:145,0
DA:147,0
DA:148,0
DA:149,0
DA:150,0
DA:152,0
DA:160,0
DA:161,0
DA:168,0
DA:169,0
DA:171,0
DA:172,0
DA:173,0
DA:175,0
DA:176,0
LF:78
LH:0
BRDA:30,0,0,0
BRDA:30,0,1,0
BRDA:45,1,0,0
BRDA:45,1,1,0
BRDA:57,2,0,0
BRDA:57,2,1,0
BRDA:71,3,0,0
BRDA:71,3,1,0
BRDA:77,4,0,0
BRDA:77,4,1,0
BRDA:78,5,0,0
BRDA:78,5,1,0
BRDA:108,6,0,0
BRDA:108,6,1,0
BRDA:137,7,0,0
BRDA:137,7,1,0
BRDA:141,8,0,0
BRDA:141,8,1,0
BRDA:149,9,0,0
BRDA:149,9,1,0
BRF:20
BRH:0
end_of_record
TN:
SF:src/services/payment-service/src/controllers/wallet.controller.js
FN:3,(anonymous_0)
FN:12,(anonymous_1)
FN:26,(anonymous_2)
FN:43,(anonymous_3)
FNF:4
FNH:0
FNDA:0,(anonymous_0)
FNDA:0,(anonymous_1)
FNDA:0,(anonymous_2)
FNDA:0,(anonymous_3)
DA:3,0
DA:4,0
DA:5,0
DA:6,0
DA:8,0
DA:12,0
DA:13,0
DA:14,0
DA:20,0
DA:22,0
DA:26,0
DA:27,0
DA:28,0
DA:34,0
DA:36,0
DA:37,0
DA:39,0
DA:43,0
DA:44,0
DA:45,0
DA:46,0
DA:48,0
LF:22
LH:0
BRDA:36,0,0,0
BRDA:36,0,1,0
BRF:2
BRH:0
end_of_record
TN:
SF:src/services/payment-service/src/integrations/PlaidService.js
FN:5,(anonymous_0)
FN:11,(anonymous_1)
FN:32,(anonymous_2)
FN:52,(anonymous_3)
FN:69,(anonymous_4)
FN:89,(anonymous_5)
FN:109,(anonymous_6)
FN:114,(anonymous_7)
FN:123,(anonymous_8)
FN:152,(anonymous_9)
FN:165,(anonymous_10)
FN:173,(anonymous_11)
FN:186,(anonymous_12)
FNF:13
FNH:0
FNDA:0,(anonymous_0)
FNDA:0,(anonymous_1)
FNDA:0,(anonymous_2)
FNDA:0,(anonymous_3)
FNDA:0,(anonymous_4)
FNDA:0,(anonymous_5)
FNDA:0,(anonymous_6)
FNDA:0,(anonymous_7)
FNDA:0,(anonymous_8)
FNDA:0,(anonymous_9)
FNDA:0,(anonymous_10)
FNDA:0,(anonymous_11)
FNDA:0,(anonymous_12)
DA:6,0
DA:9,0
DA:10,0
DA:13,0
DA:18,0
DA:19,0
DA:20,0
DA:21,0
DA:22,0
DA:23,0
DA:26,0
DA:27,0
DA:28,0
DA:29,0
DA:33,0
DA:34,0
DA:44,0
DA:45,0
DA:47,0
DA:48,0
DA:53,0
DA:54,0
DA:58,0
DA:59,0
DA:62,0
DA:64,0
DA:65,0
DA:70,0
DA:71,0
DA:81,0
DA:82,0
DA:84,0
DA:85,0
DA:90,0
DA:91,0
DA:98,0
DA:99,0
DA:102,0
DA:104,0
DA:105,0
DA:110,0
DA:111,0
DA:114,0
DA:116,0
DA:118,0
DA:119,0
DA:124,0
DA:125,0
DA:128,0
DA:130,0
DA:131,0
DA:134,0
DA:136,0
DA:138,0
DA:140,0
DA:142,0
DA:143,0
DA:146,0
DA:147,0
DA:153,0
DA:155,0
DA:157,0
DA:159,0
DA:161,0
DA:166,0
DA:167,0
DA:168,0
DA:170,0
DA:174,0
DA:176,0
DA:177,0
DA:178,0
DA:180,0
DA:182,0
DA:187,0
DA:188,0
DA:189,0
DA:190,0
DA:191,0
DA:193,0
DA:194,0
DA:197,0
LF:82
LH:0
BRDA:9,0,0,0
BRDA:9,0,1,0
BRDA:10,1,0,0
BRDA:10,1,1,0
BRDA:32,2,0,0
BRDA:58,3,0,0
BRDA:58,3,1,0
BRDA:58,4,0,0
BRDA:58,4,1,0
BRDA:69,5,0,0
BRDA:76,6,0,0
BRDA:76,6,1,0
BRDA:77,7,0,0
BRDA:77,7,1,0
BRDA:98,8,0,0
BRDA:98,8,1,0
BRDA:98,9,0,0
BRDA:98,9,1,0
BRDA:98,9,2,0
BRDA:130,10,0,0
BRDA:130,10,1,0
BRDA:130,11,0,0
BRDA:130,11,1,0
BRDA:134,12,0,0
BRDA:134,12,1,0
BRDA:134,12,2,0
BRDA:134,12,3,0
BRDA:153,13,0,0
BRDA:153,13,1,0
BRDA:153,13,2,0
BRDA:153,13,3,0
BRDA:166,14,0,0
BRDA:166,14,1,0
BRDA:174,15,0,0
BRDA:174,15,1,0
BRDA:174,15,2,0
BRDA:187,16,0,0
BRDA:187,16,1,0
BRDA:188,17,0,0
BRDA:188,17,1,0
BRDA:190,18,0,0
BRDA:190,18,1,0
BRDA:193,19,0,0
BRDA:193,19,1,0
BRF:44
BRH:0
end_of_record
TN:
SF:src/services/payment-service/src/integrations/stripe.service.js
FN:9,(anonymous_0)
FN:21,(anonymous_1)
FN:33,(anonymous_2)
FN:48,(anonymous_3)
FN:56,(anonymous_4)
FN:64,(anonymous_5)
FN:80,(anonymous_6)
FNF:7
FNH:0
FNDA:0,(anonymous_0)
FNDA:0,(anonymous_1)
FNDA:0,(anonymous_2)
FNDA:0,(anonymous_3)
FNDA:0,(anonymous_4)
FNDA:0,(anonymous_5)
FNDA:0,(anonymous_6)
DA:4,0
DA:10,0
DA:11,0
DA:15,0
DA:17,0
DA:22,0
DA:23,0
DA:29,0
DA:34,0
DA:35,0
DA:44,0
DA:49,0
DA:50,0
DA:52,0
DA:57,0
DA:58,0
DA:60,0
DA:65,0
DA:66,0
DA:70,0
DA:71,0
DA:74,0
DA:76,0
DA:81,0
DA:82,0
DA:88,0
LF:26
LH:0
BRDA:21,0,0,0
BRDA:64,1,0,0
BRDA:70,2,0,0
BRDA:70,2,1,0
BRF:4
BRH:0
end_of_record
TN:
SF:src/services/payment-service/src/middleware/auth.middleware.js
FN:3,(anonymous_0)
FNF:1
FNH:0
FNDA:0,(anonymous_0)
DA:3,0
DA:4,0
DA:5,0
DA:6,0
DA:7,0
DA:10,0
DA:11,0
DA:12,0
DA:15,0
DA:16,0
DA:17,0
DA:19,0
DA:20,0
DA:22,0
LF:14
LH:0
BRDA:6,0,0,0
BRDA:6,0,1,0
BRDA:11,1,0,0
BRDA:11,1,1,0
BRDA:19,2,0,0
BRDA:19,2,1,0
BRF:6
BRH:0
end_of_record
TN:
SF:src/services/payment-service/src/middleware/validation.middleware.js
FN:3,(anonymous_0)
FNF:1
FNH:0
FNDA:0,(anonymous_0)
DA:3,0
DA:4,0
DA:5,0
DA:6,0
DA:8,0
LF:5
LH:0
BRDA:5,0,0,0
BRDA:5,0,1,0
BRF:2
BRH:0
end_of_record
TN:
SF:src/services/payment-service/src/models/BankAccount.js
FN:22,(anonymous_0)
FN:28,(anonymous_1)
FN:43,(anonymous_2)
FN:49,(anonymous_3)
FN:108,(anonymous_4)
FN:120,(anonymous_5)
FN:140,(anonymous_6)
FN:153,(anonymous_7)
FN:168,(anonymous_8)
FN:173,(anonymous_9)
FN:177,(anonymous_10)
FNF:11
FNH:0
FNDA:0,(anonymous_0)
FNDA:0,(anonymous_1)
FNDA:0,(anonymous_2)
FNDA:0,(anonymous_3)
FNDA:0,(anonymous_4)
FNDA:0,(anonymous_5)
FNDA:0,(anonymous_6)
FNDA:0,(anonymous_7)
FNDA:0,(anonymous_8)
FNDA:0,(anonymous_9)
FNDA:0,(anonymous_10)
DA:4,0
DA:23,0
DA:24,0
DA:26,0
DA:29,0
DA:30,0
DA:32,0
DA:33,0
DA:34,0
DA:36,0
DA:44,0
DA:45,0
DA:47,0
DA:50,0
DA:51,0
DA:53,0
DA:54,0
DA:55,0
DA:57,0
DA:109,0
DA:110,0
DA:111,0
DA:117,0
DA:120,0
DA:122,0
DA:123,0
DA:124,0
DA:125,0
DA:128,0
DA:129,0
DA:131,0
DA:132,0
DA:133,0
DA:136,0
DA:137,0
DA:140,0
DA:141,0
DA:142,0
DA:144,0
DA:145,0
DA:148,0
DA:149,0
DA:153,0
DA:154,0
DA:155,0
DA:157,0
DA:158,0
DA:159,0
DA:160,0
DA:163,0
DA:164,0
DA:168,0
DA:169,0
DA:173,0
DA:174,0
DA:177,0
DA:178,0
DA:181,0
LF:58
LH:0
BRDA:23,0,0,0
BRDA:23,0,1,0
BRDA:29,1,0,0
BRDA:29,1,1,0
BRDA:29,2,0,0
BRDA:29,2,1,0
BRDA:44,3,0,0
BRDA:44,3,1,0
BRDA:50,4,0,0
BRDA:50,4,1,0
BRDA:50,5,0,0
BRDA:50,5,1,0
BRDA:122,6,0,0
BRDA:122,6,1,0
BRDA:122,7,0,0
BRDA:122,7,1,0
BRDA:122,7,2,0
BRDA:122,7,3,0
BRDA:144,8,0,0
BRDA:144,8,1,0
BRDA:157,9,0,0
BRDA:157,9,1,0
BRDA:159,10,0,0
BRDA:159,10,1,0
BRF:24
BRH:0
end_of_record
TN:
SF:src/services/payment-service/src/models/Payment.js
FN:83,(anonymous_0)
FN:95,(anonymous_1)
FN:107,(anonymous_2)
FN:111,(anonymous_3)
FNF:4
FNH:0
FNDA:0,(anonymous_0)
FNDA:0,(anonymous_1)
FNDA:0,(anonymous_2)
FNDA:0,(anonymous_3)
DA:3,0
DA:77,0
DA:78,0
DA:79,0
DA:80,0
DA:83,0
DA:84,0
DA:85,0
DA:86,0
DA:92,0
DA:95,0
DA:96,0
DA:102,0
DA:103,0
DA:107,0
DA:108,0
DA:111,0
DA:112,0
DA:115,0
LF:19
LH:0
BRDA:83,0,0,0
BRDA:85,1,0,0
BRDA:85,1,1,0
BRF:3
BRH:0
end_of_record
TN:
SF:src/services/payment-service/src/models/Transaction.js
FN:26,(anonymous_0)
FN:30,(anonymous_1)
FN:42,(anonymous_2)
FN:46,(anonymous_3)
FN:89,(anonymous_4)
FN:93,(anonymous_5)
FN:120,(anonymous_6)
FN:129,(anonymous_7)
FN:145,(anonymous_8)
FN:151,(anonymous_9)
FN:162,(anonymous_10)
FN:192,(anonymous_11)
FN:197,(anonymous_12)
FN:213,(anonymous_13)
FN:222,(anonymous_14)
FNF:15
FNH:0
FNDA:0,(anonymous_0)
FNDA:0,(anonymous_1)
FNDA:0,(anonymous_2)
FNDA:0,(anonymous_3)
FNDA:0,(anonymous_4)
FNDA:0,(anonymous_5)
FNDA:0,(anonymous_6)
FNDA:0,(anonymous_7)
FNDA:0,(anonymous_8)
FNDA:0,(anonymous_9)
FNDA:0,(anonymous_10)
FNDA:0,(anonymous_11)
FNDA:0,(anonymous_12)
FNDA:0,(anonymous_13)
FNDA:0,(anonymous_14)
DA:4,0
DA:27,0
DA:28,0
DA:31,0
DA:43,0
DA:44,0
DA:47,0
DA:90,0
DA:91,0
DA:94,0
DA:122,0
DA:123,0
DA:125,0
DA:126,0
DA:128,0
DA:129,0
DA:130,0
DA:131,0
DA:135,0
DA:141,0
DA:142,0
DA:145,0
DA:146,0
DA:147,0
DA:148,0
DA:151,0
DA:152,0
DA:153,0
DA:158,0
DA:159,0
DA:162,0
DA:163,0
DA:164,0
DA:167,0
DA:168,0
DA:171,0
DA:192,0
DA:193,0
DA:197,0
DA:198,0
DA:200,0
DA:201,0
DA:203,0
DA:204,0
DA:207,0
DA:213,0
DA:214,0
DA:218,0
DA:222,0
DA:223,0
DA:224,0
DA:225,0
DA:228,0
DA:231,0
DA:232,0
LF:55
LH:0
BRDA:27,0,0,0
BRDA:27,0,1,0
BRDA:43,1,0,0
BRDA:43,1,1,0
BRDA:90,2,0,0
BRDA:90,2,1,0
BRDA:122,3,0,0
BRDA:122,3,1,0
BRDA:125,4,0,0
BRDA:125,4,1,0
BRDA:128,5,0,0
BRDA:128,5,1,0
BRDA:128,6,0,0
BRDA:128,6,1,0
BRDA:130,7,0,0
BRDA:130,7,1,0
BRDA:163,8,0,0
BRDA:163,8,1,0
BRDA:173,9,0,0
BRDA:173,9,1,0
BRDA:197,10,0,0
BRDA:200,11,0,0
BRDA:200,11,1,0
BRDA:203,12,0,0
BRDA:203,12,1,0
BRDA:209,13,0,0
BRDA:209,13,1,0
BRDA:210,14,0,0
BRDA:210,14,1,0
BRDA:218,15,0,0
BRDA:218,15,1,0
BRDA:231,16,0,0
BRDA:231,16,1,0
BRF:33
BRH:0
end_of_record
TN:
SF:src/services/payment-service/src/models/Wallet.js
FN:40,(anonymous_0)
FN:43,(anonymous_1)
FN:108,(anonymous_2)
FN:128,(anonymous_3)
FN:158,(anonymous_4)
FN:196,(anonymous_5)
FN:208,(anonymous_6)
FN:221,(anonymous_7)
FN:225,(anonymous_8)
FNF:9
FNH:0
FNDA:0,(anonymous_0)
FNDA:0,(anonymous_1)
FNDA:0,(anonymous_2)
FNDA:0,(anonymous_3)
FNDA:0,(anonymous_4)
FNDA:0,(anonymous_5)
FNDA:0,(anonymous_6)
FNDA:0,(anonymous_7)
FNDA:0,(anonymous_8)
DA:5,0
DA:26,0
DA:29,0
DA:41,0
DA:44,0
DA:103,0
DA:104,0
DA:105,0
DA:108,0
DA:109,0
DA:110,0
DA:111,0
DA:114,0
DA:125,0
DA:128,0
DA:129,0
DA:130,0
DA:132,0
DA:133,0
DA:137,0
DA:139,0
DA:140,0
DA:141,0
DA:144,0
DA:155,0
DA:158,0
DA:159,0
DA:162,0
DA:163,0
DA:170,0
DA:171,0
DA:178,0
DA:179,0
DA:182,0
DA:183,0
DA:187,0
DA:188,0
DA:192,0
DA:193,0
DA:196,0
DA:197,0
DA:198,0
DA:201,0
DA:208,0
DA:209,0
DA:210,0
DA:213,0
DA:221,0
DA:222,0
DA:225,0
DA:226,0
DA:233,0
LF:52
LH:0
BRDA:41,0,0,0
BRDA:41,0,1,0
BRDA:108,1,0,0
BRDA:128,2,0,0
BRDA:132,3,0,0
BRDA:132,3,1,0
BRDA:162,4,0,0
BRDA:162,4,1,0
BRDA:170,5,0,0
BRDA:170,5,1,0
BRDA:182,6,0,0
BRDA:182,6,1,0
BRDA:187,7,0,0
BRDA:187,7,1,0
BRDA:196,8,0,0
BRDA:208,9,0,0
BRDA:225,10,0,0
BRF:17
BRH:0
end_of_record
TN:
SF:src/services/payment-service/src/models/bank-account.model.js
FNF:0
FNH:0
LF:0
LH:0
BRF:0
BRH:0
end_of_record
TN:
SF:src/services/payment-service/src/models/payment.model.js
FNF:0
FNH:0
DA:3,0
DA:57,0
DA:58,0
DA:59,0
DA:60,0
DA:62,0
LF:6
LH:0
BRF:0
BRH:0
end_of_record
TN:
SF:src/services/payment-service/src/models/transaction.model.js
FN:33,(anonymous_0)
FN:39,(anonymous_1)
FNF:2
FNH:0
FNDA:0,(anonymous_0)
FNDA:0,(anonymous_1)
DA:3,0
DA:34,0
DA:40,0
DA:61,0
DA:62,0
DA:63,0
DA:64,0
DA:66,0
LF:8
LH:0
BRF:0
BRH:0
end_of_record
TN:
SF:src/services/payment-service/src/models/wallet.model.js
FNF:0
FNH:0
DA:3,0
DA:38,0
DA:39,0
DA:41,0
LF:4
LH:0
BRF:0
BRH:0
end_of_record
TN:
SF:src/services/payment-service/src/routes/bank.routes.js
FNF:0
FNH:0
DA:7,0
DA:10,0
DA:21,0
DA:27,0
DA:33,0
DA:39,0
LF:6
LH:0
BRF:0
BRH:0
end_of_record
TN:
SF:src/services/payment-service/src/routes/index.js
FNF:0
FNH:0
DA:7,0
DA:10,0
DA:16,0
DA:29,0
DA:39,0
DA:50,0
LF:6
LH:0
BRF:0
BRH:0
end_of_record
TN:
SF:src/services/payment-service/src/routes/payment.routes.js
FNF:0
FNH:0
DA:12,0
DA:47,0
DA:76,0
DA:101,0
DA:140,0
DA:161,0
LF:6
LH:0
BRF:0
BRH:0
end_of_record
TN:
SF:src/services/payment-service/src/routes/wallet.routes.js
FNF:0
FNH:0
DA:7,0
DA:10,0
DA:16,0
DA:28,0
DA:40,0
LF:5
LH:0
BRF:0
BRH:0
end_of_record
TN:
SF:src/services/payment-service/src/services/bank.service.js
FN:17,(anonymous_0)
FN:33,(anonymous_1)
FN:65,(anonymous_2)
FN:67,(anonymous_3)
FN:76,(anonymous_4)
FN:101,(anonymous_5)
FN:118,(anonymous_6)
FN:136,(anonymous_7)
FN:157,(anonymous_8)
FNF:9
FNH:0
FNDA:0,(anonymous_0)
FNDA:0,(anonymous_1)
FNDA:0,(anonymous_2)
FNDA:0,(anonymous_3)
FNDA:0,(anonymous_4)
FNDA:0,(anonymous_5)
FNDA:0,(anonymous_6)
FNDA:0,(anonymous_7)
FNDA:0,(anonymous_8)
DA:5,0
DA:17,0
DA:18,0
DA:20,0
DA:24,0
DA:25,0
DA:28,0
DA:32,0
DA:33,0
DA:36,0
DA:37,0
DA:41,0
DA:53,0
DA:61,0
DA:65,0
DA:66,0
DA:67,0
DA:76,0
DA:77,0
DA:83,0
DA:84,0
DA:87,0
DA:89,0
DA:94,0
DA:95,0
DA:97,0
DA:101,0
DA:102,0
DA:108,0
DA:109,0
DA:112,0
DA:113,0
DA:117,0
DA:118,0
DA:121,0
DA:122,0
DA:125,0
DA:132,0
DA:136,0
DA:137,0
DA:143,0
DA:144,0
DA:147,0
DA:148,0
DA:157,0
DA:169,0
LF:46
LH:0
BRDA:7,0,0,0
BRDA:7,0,1,0
BRDA:36,1,0,0
BRDA:36,1,1,0
BRDA:83,2,0,0
BRDA:83,2,1,0
BRDA:108,3,0,0
BRDA:108,3,1,0
BRDA:121,4,0,0
BRDA:121,4,1,0
BRDA:143,5,0,0
BRDA:143,5,1,0
BRF:12
BRH:0
end_of_record
TN:
SF:src/services/payment-service/src/services/payment.service.js
FN:5,(anonymous_0)
FN:9,(anonymous_1)
FN:46,(anonymous_2)
FN:54,(anonymous_3)
FN:70,(anonymous_4)
FNF:5
FNH:0
FNDA:0,(anonymous_0)
FNDA:0,(anonymous_1)
FNDA:0,(anonymous_2)
FNDA:0,(anonymous_3)
FNDA:0,(anonymous_4)
DA:5,0
DA:6,0
DA:9,0
DA:11,0
DA:12,0
DA:13,0
DA:14,0
DA:18,0
DA:29,0
DA:36,0
DA:37,0
DA:39,0
DA:46,0
DA:47,0
DA:48,0
DA:49,0
DA:51,0
DA:54,0
DA:55,0
DA:56,0
DA:57,0
DA:60,0
DA:61,0
DA:64,0
DA:65,0
DA:67,0
DA:70,0
DA:71,0
DA:72,0
DA:73,0
DA:76,0
DA:77,0
DA:80,0
DA:81,0
DA:84,0
DA:85,0
DA:87,0
LF:37
LH:0
BRDA:12,0,0,0
BRDA:12,0,1,0
BRDA:48,1,0,0
BRDA:48,1,1,0
BRDA:56,2,0,0
BRDA:56,2,1,0
BRDA:60,3,0,0
BRDA:60,3,1,0
BRDA:72,4,0,0
BRDA:72,4,1,0
BRDA:76,5,0,0
BRDA:76,5,1,0
BRDA:80,6,0,0
BRDA:80,6,1,0
BRF:14
BRH:0
end_of_record
TN:
SF:src/services/payment-service/src/services/wallet.service.js
FN:6,(anonymous_0)
FN:14,(anonymous_1)
FN:60,(anonymous_2)
FN:110,(anonymous_3)
FNF:4
FNH:0
FNDA:0,(anonymous_0)
FNDA:0,(anonymous_1)
FNDA:0,(anonymous_2)
FNDA:0,(anonymous_3)
DA:6,0
DA:7,0
DA:8,0
DA:9,0
DA:11,0
DA:14,0
DA:15,0
DA:16,0
DA:19,0
DA:20,0
DA:21,0
DA:24,0
DA:33,0
DA:36,0
DA:38,0
DA:39,0
DA:40,0
DA:41,0
DA:43,0
DA:44,0
DA:46,0
DA:47,0
DA:48,0
DA:51,0
DA:53,0
DA:54,0
DA:55,0
DA:56,0
DA:60,0
DA:61,0
DA:62,0
DA:65,0
DA:66,0
DA:67,0
DA:70,0
DA:71,0
DA:74,0
DA:83,0
DA:86,0
DA:88,0
DA:89,0
DA:90,0
DA:91,0
DA:93,0
DA:94,0
DA:96,0
DA:97,0
DA:98,0
DA:101,0
DA:103,0
DA:104,0
DA:105,0
DA:106,0
DA:110,0
DA:111,0
LF:55
LH:0
BRDA:8,0,0,0
BRDA:8,0,1,0
BRDA:15,1,0,0
BRDA:15,1,1,0
BRDA:20,2,0,0
BRDA:20,2,1,0
BRDA:38,3,0,0
BRDA:38,3,1,0
BRDA:61,4,0,0
BRDA:61,4,1,0
BRDA:66,5,0,0
BRDA:66,5,1,0
BRDA:70,6,0,0
BRDA:70,6,1,0
BRDA:88,7,0,0
BRDA:88,7,1,0
BRF:16
BRH:0
end_of_record
TN:
SF:src/services/payment-service/src/utils/database.js
FN:7,(anonymous_0)
FN:13,(anonymous_1)
FN:17,(anonymous_2)
FN:21,(anonymous_3)
FN:26,(anonymous_4)
FNF:5
FNH:0
FNDA:0,(anonymous_0)
FNDA:0,(anonymous_1)
FNDA:0,(anonymous_2)
FNDA:0,(anonymous_3)
FNDA:0,(anonymous_4)
DA:5,0
DA:7,0
DA:8,0
DA:9,0
DA:10,0
DA:13,0
DA:14,0
DA:17,0
DA:18,0
DA:21,0
DA:22,0
DA:26,0
DA:27,0
DA:28,0
DA:29,0
DA:30,0
DA:32,0
DA:33,0
DA:37,0
DA:39,0
DA:40,0
LF:21
LH:0
BRF:0
BRH:0
end_of_record
TN:
SF:src/services/payment-service/src/utils/errors.js
FN:2,(anonymous_0)
FN:10,(anonymous_1)
FN:18,(anonymous_2)
FN:26,(anonymous_3)
FN:34,(anonymous_4)
FN:43,(anonymous_5)
FNF:6
FNH:0
FNDA:0,(anonymous_0)
FNDA:0,(anonymous_1)
FNDA:0,(anonymous_2)
FNDA:0,(anonymous_3)
FNDA:0,(anonymous_4)
FNDA:0,(anonymous_5)
DA:3,0
DA:4,0
DA:5,0
DA:11,0
DA:12,0
DA:13,0
DA:19,0
DA:20,0
DA:21,0
DA:27,0
DA:28,0
DA:29,0
DA:35,0
DA:36,0
DA:37,0
DA:38,0
DA:44,0
DA:45,0
DA:46,0
DA:47,0
LF:20
LH:0
BRF:0
BRH:0
end_of_record
TN:
SF:src/services/payment-service/src/utils/logger.js
FN:33,(anonymous_0)
FNF:1
FNH:0
FNDA:0,(anonymous_0)
DA:4,0
DA:22,0
DA:23,0
DA:32,0
DA:33,0
LF:5
LH:0
BRDA:22,0,0,0
BRDA:22,0,1,0
BRF:2
BRH:0
end_of_record
TN:
SF:src/services/settlement-service/jest.config.js
FNF:0
FNH:0
LF:0
LH:0
BRF:0
BRH:0
end_of_record
TN:
SF:src/services/settlement-service/scripts/serve-docs.js
FN:34,(anonymous_0)
FNF:1
FNH:0
FNDA:0,(anonymous_0)
DA:7,0
DA:8,0
DA:9,0
DA:10,0
DA:13,0
DA:14,0
DA:17,0
DA:18,0
DA:19,0
DA:20,0
DA:24,0
DA:27,0
DA:34,0
DA:35,0
LF:14
LH:0
BRDA:14,0,0,0
BRDA:14,0,1,0
BRDA:18,1,0,0
BRDA:18,1,1,0
BRF:4
BRH:0
end_of_record
TN:
SF:src/services/settlement-service/scripts/test-versioning.js
FN:30,makeRequest
FN:31,(anonymous_1)
FN:49,(anonymous_2)
FN:52,(anonymous_3)
FN:56,(anonymous_4)
FN:70,(anonymous_5)
FN:81,runTests
FNF:7
FNH:0
FNDA:0,makeRequest
FNDA:0,(anonymous_1)
FNDA:0,(anonymous_2)
FNDA:0,(anonymous_3)
FNDA:0,(anonymous_4)
FNDA:0,(anonymous_5)
FNDA:0,runTests
DA:8,0
DA:9,0
DA:12,0
DA:31,0
DA:32,0
DA:43,0
DA:44,0
DA:45,0
DA:46,0
DA:49,0
DA:50,0
DA:52,0
DA:53,0
DA:56,0
DA:57,0
DA:58,0
DA:63,0
DA:65,0
DA:70,0
DA:71,0
DA:74,0
DA:82,0
DA:83,0
DA:85,0
DA:87,0
DA:88,0
DA:89,0
DA:90,0
DA:93,0
DA:94,0
DA:95,0
DA:96,0
DA:99,0
DA:100,0
DA:101,0
DA:102,0
DA:105,0
DA:106,0
DA:107,0
DA:108,0
DA:111,0
DA:112,0
DA:113,0
DA:114,0
DA:115,0
DA:117,0
DA:120,0
DA:121,0
DA:124,0
DA:129,0
LF:50
LH:0
BRDA:30,0,0,0
BRDA:43,1,0,0
BRDA:43,1,1,0
BRDA:45,2,0,0
BRDA:45,2,1,0
BRDA:61,3,0,0
BRDA:61,3,1,0
BRF:7
BRH:0
end_of_record
TN:
SF:src/services/settlement-service/src/index.ts
FN:27,(anonymous_0)
FN:34,(anonymous_1)
FN:39,(anonymous_2)
FN:44,startServer
FN:53,(anonymous_4)
FN:57,(anonymous_5)
FN:67,(anonymous_6)
FNF:7
FNH:0
FNDA:0,(anonymous_0)
FNDA:0,(anonymous_1)
FNDA:0,(anonymous_2)
FNDA:0,startServer
FNDA:0,(anonymous_4)
FNDA:0,(anonymous_5)
FNDA:0,(anonymous_6)
DA:19,0
DA:22,0
DA:23,0
DA:24,0
DA:27,0
DA:28,0
DA:31,0
DA:34,0
DA:35,0
DA:36,0
DA:39,0
DA:40,0
DA:45,0
DA:46,0
DA:47,0
DA:48,0
DA:50,0
DA:53,0
DA:54,0
DA:57,0
DA:58,0
DA:59,0
DA:62,0
DA:63,0
DA:67,0
DA:68,0
DA:69,0
LF:27
LH:0
BRDA:46,0,0,0
BRDA:46,0,1,0
BRF:2
BRH:0
end_of_record
TN:
SF:src/services/settlement-service/src/algorithms/friend-preference.algorithm.ts
FN:17,(anonymous_0)
FN:45,(anonymous_1)
FN:70,(anonymous_2)
FN:77,(anonymous_3)
FN:78,(anonymous_4)
FN:98,(anonymous_5)
FN:99,(anonymous_6)
FN:102,(anonymous_7)
FN:103,(anonymous_8)
FNF:9
FNH:0
FNDA:0,(anonymous_0)
FNDA:0,(anonymous_1)
FNDA:0,(anonymous_2)
FNDA:0,(anonymous_3)
FNDA:0,(anonymous_4)
FNDA:0,(anonymous_5)
FNDA:0,(anonymous_6)
FNDA:0,(anonymous_7)
FNDA:0,(anonymous_8)
DA:14,0
DA:15,0
DA:19,0
DA:22,0
DA:23,0
DA:24,0
DA:26,0
DA:27,0
DA:30,0
DA:31,0
DA:35,0
DA:36,0
DA:37,0
DA:38,0
DA:42,0
DA:43,0
DA:45,0
DA:46,0
DA:47,0
DA:48,0
DA:49,0
DA:54,0
DA:56,0
DA:57,0
DA:58,0
DA:59,0
DA:60,0
DA:70,0
DA:72,0
DA:73,0
DA:76,0
DA:77,0
DA:78,0
DA:80,0
DA:81,0
DA:83,0
DA:84,0
DA:91,0
DA:92,0
DA:98,0
DA:99,0
DA:102,0
DA:103,0
DA:106,0
DA:107,0
DA:109,0
DA:113,0
DA:114,0
DA:116,0
DA:118,0
DA:119,0
DA:127,0
DA:128,0
DA:130,0
DA:131,0
DA:134,0
DA:135,0
DA:139,0
LF:58
LH:0
BRDA:17,0,0,0
BRDA:23,1,0,0
BRDA:26,2,0,0
BRDA:37,3,0,0
BRDA:37,3,1,0
BRDA:46,4,0,0
BRDA:46,4,1,0
BRDA:48,5,0,0
BRDA:58,6,0,0
BRDA:58,6,1,0
BRDA:59,7,0,0
BRDA:80,8,0,0
BRDA:80,9,0,0
BRDA:80,9,1,0
BRDA:80,9,2,0
BRDA:80,9,3,0
BRDA:83,10,0,0
BRDA:110,11,0,0
BRDA:110,11,1,0
BRDA:118,12,0,0
BRDA:130,13,0,0
BRDA:134,14,0,0
BRF:22
BRH:0
end_of_record
TN:
SF:src/services/settlement-service/src/algorithms/greedy.algorithm.ts
FN:19,(anonymous_0)
FN:31,(anonymous_1)
FN:40,(anonymous_2)
FN:41,(anonymous_3)
FNF:4
FNH:0
FNDA:0,(anonymous_0)
FNDA:0,(anonymous_1)
FNDA:0,(anonymous_2)
FNDA:0,(anonymous_3)
DA:16,0
DA:17,0
DA:21,0
DA:22,0
DA:23,0
DA:24,0
DA:28,0
DA:29,0
DA:31,0
DA:32,0
DA:33,0
DA:34,0
DA:35,0
DA:40,0
DA:41,0
DA:43,0
DA:44,0
DA:47,0
DA:48,0
DA:49,0
DA:50,0
DA:52,0
DA:59,0
DA:60,0
DA:62,0
DA:63,0
DA:66,0
LF:27
LH:0
BRDA:23,0,0,0
BRDA:23,0,1,0
BRDA:32,1,0,0
BRDA:32,1,1,0
BRDA:34,2,0,0
BRDA:47,3,0,0
BRDA:47,3,1,0
BRDA:62,4,0,0
BRDA:63,5,0,0
BRF:9
BRH:0
end_of_record
TN:
SF:src/services/settlement-service/src/algorithms/min-cash-flow.algorithm.js
FN:67,minimumCashFlow
FN:80,calculateNetBalances
FN:102,minCashFlowFromBalances
FN:105,(anonymous_3)
FN:118,minCashFlowRecursive
FN:156,findMaxIndex
FN:171,findMinIndex
FN:186,simplifyCircularDebts
FN:209,(anonymous_8)
FN:219,findCycles
FN:254,dfsForCycles
FN:282,findMinimumDebtInCycle
[...]
FN:64,(anonymous_6)
FN:79,(anonymous_7)
FN:80,(anonymous_8)
FNF:9
FNH:0
FNDA:0,(anonymous_0)
FNDA:0,(anonymous_1)
FNDA:0,(anonymous_2)
FNDA:0,(anonymous_3)
FNDA:0,(anonymous_4)
FNDA:0,(anonymous_5)
FNDA:0,(anonymous_6)
FNDA:0,(anonymous_7)
FNDA:0,(anonymous_8)
DA:14,0
DA:15,0
DA:19,0
DA:27,0
DA:33,0
DA:41,0
DA:42,0
DA:43,0
DA:44,0
DA:46,0
DA:55,0
DA:56,0
DA:57,0
DA:58,0
DA:64,0
DA:66,0
DA:67,0
DA:70,0
DA:79,0
DA:80,0
DA:81,0
DA:82,0
DA:87,0
DA:88,0
DA:91,0
DA:95,0
DA:96,0
DA:100,0
DA:101,0
DA:104,0
DA:106,0
DA:111,0
LF:32
LH:0
BRDA:19,0,0,0
BRDA:19,0,1,0
BRDA:22,1,0,0
BRDA:22,1,1,0
BRDA:43,2,0,0
BRDA:43,2,1,0
BRDA:57,3,0,0
BRDA:57,3,1,0
BRDA:61,4,0,0
BRDA:61,4,1,0
BRDA:62,5,0,0
BRDA:62,5,1,0
BRDA:66,6,0,0
BRDA:66,6,1,0
BRDA:81,7,0,0
BRDA:81,7,1,0
BRDA:86,8,0,0
BRDA:86,8,1,0
BRDA:87,9,0,0
BRDA:87,9,1,0
BRDA:95,10,0,0
BRDA:95,10,1,0
BRDA:100,11,0,0
BRDA:100,11,1,0
BRF:24
BRH:0
end_of_record
TN:
SF:src/shared/middleware/validate.middleware.js
FN:8,(anonymous_0)
FN:8,(anonymous_1)
FN:18,(anonymous_2)
FN:22,(anonymous_3)
FN:33,(anonymous_4)
FN:35,(anonymous_5)
FN:42,(anonymous_6)
FN:44,(anonymous_7)
FN:57,(anonymous_8)
FN:61,(anonymous_9)
FN:62,(anonymous_10)
FNF:11
FNH:0
FNDA:0,(anonymous_0)
FNDA:0,(anonymous_1)
FNDA:0,(anonymous_2)
FNDA:0,(anonymous_3)
FNDA:0,(anonymous_4)
FNDA:0,(anonymous_5)
FNDA:0,(anonymous_6)
FNDA:0,(anonymous_7)
FNDA:0,(anonymous_8)
FNDA:0,(anonymous_9)
FNDA:0,(anonymous_10)
DA:8,0
DA:18,0
DA:20,0
DA:23,0
DA:24,0
DA:29,0
DA:32,0
DA:35,0
DA:36,0
DA:37,0
DA:40,0
DA:44,0
DA:49,0
DA:53,0
DA:58,0
DA:59,0
DA:62,0
DA:67,0
DA:72,0
LF:19
LH:0
BRDA:20,0,0,0
BRDA:20,0,1,0
BRDA:23,1,0,0
BRDA:23,1,1,0
BRDA:23,2,0,0
BRDA:23,2,1,0
BRDA:36,3,0,0
BRDA:36,3,1,0
BRDA:44,4,0,0
BRDA:44,4,1,0
BRDA:62,5,0,0
BRDA:62,5,1,0
BRF:12
BRH:0
end_of_record
TN:
SF:src/shared/middleware/validation.middleware.js
FN:18,(anonymous_0)
FN:26,(anonymous_1)
FN:38,(anonymous_2)
FN:51,(anonymous_3)
FN:61,(anonymous_4)
FN:76,(anonymous_5)
FN:109,(anonymous_6)
FN:112,(anonymous_7)
FN:126,(anonymous_8)
FN:129,(anonymous_9)
FN:130,(anonymous_10)
FN:133,(anonymous_11)
FN:138,(anonymous_12)
FN:153,(anonymous_13)
FNF:14
FNH:0
FNDA:0,(anonymous_0)
FNDA:0,(anonymous_1)
FNDA:0,(anonymous_2)
FNDA:0,(anonymous_3)
FNDA:0,(anonymous_4)
FNDA:0,(anonymous_5)
FNDA:0,(anonymous_6)
FNDA:0,(anonymous_7)
FNDA:0,(anonymous_8)
FNDA:0,(anonymous_9)
FNDA:0,(anonymous_10)
FNDA:0,(anonymous_11)
FNDA:0,(anonymous_12)
FNDA:0,(anonymous_13)
DA:18,0
DA:26,0
DA:27,0
DA:38,0
DA:39,0
DA:40,0
DA:46,0
DA:47,0
DA:52,0
DA:53,0
DA:58,0
DA:61,0
DA:67,0
DA:70,0
DA:76,0
DA:77,0
DA:78,0
DA:83,0
DA:89,0
DA:92,0
DA:98,0
DA:109,0
DA:112,0
DA:113,0
DA:114,0
DA:116,0
DA:126,0
DA:129,0
DA:130,0
DA:131,0
DA:133,0
DA:134,0
DA:138,0
DA:139,0
DA:140,0
DA:143,0
DA:153,0
DA:154,0
DA:159,0
LF:39
LH:0
BRDA:18,0,0,0
BRDA:39,1,0,0
BRDA:39,1,1,0
BRDA:46,2,0,0
BRDA:46,2,1,0
BRDA:52,3,0,0
BRDA:52,3,1,0
BRDA:52,4,0,0
BRDA:52,4,1,0
BRDA:77,5,0,0
BRDA:77,5,1,0
BRDA:95,6,0,0
BRDA:95,6,1,0
BRDA:109,7,0,0
BRDA:113,8,0,0
BRDA:113,8,1,0
BRDA:126,9,0,0
BRDA:131,10,0,0
BRDA:131,10,1,0
BRDA:134,11,0,0
BRDA:134,11,1,0
BRDA:153,12,0,0
BRF:22
BRH:0
end_of_record
TN:
SF:src/shared/models/base.model.js
FNF:0
FNH:0
LF:0
LH:0
BRF:0
BRH:0
end_of_record
TN:
SF:src/shared/security/api-key.service.js
FN:6,(anonymous_0)
FN:17,(anonymous_1)
FN:52,(anonymous_2)
FN:99,(anonymous_3)
FN:126,(anonymous_4)
FN:149,(anonymous_5)
FN:173,(anonymous_6)
FN:184,(anonymous_7)
FNF:8
FNH:0
FNDA:0,(anonymous_0)
FNDA:0,(anonymous_1)
FNDA:0,(anonymous_2)
FNDA:0,(anonymous_3)
FNDA:0,(anonymous_4)
FNDA:0,(anonymous_5)
FNDA:0,(anonymous_6)
FNDA:0,(anonymous_7)
DA:7,0
DA:8,0
DA:18,0
DA:22,0
DA:33,0
DA:36,0
DA:38,0
DA:43,0
DA:54,0
DA:55,0
DA:58,0
DA:68,0
DA:80,0
DA:83,0
DA:85,0
DA:87,0
DA:88,0
DA:90,0
DA:100,0
DA:108,0
DA:109,0
DA:113,0
DA:115,0
DA:117,0
DA:127,0
DA:129,0
DA:140,0
DA:142,0
DA:150,0
DA:163,0
DA:165,0
DA:174,0
DA:185,0
DA:194,0
LF:34
LH:0
BRDA:17,0,0,0
BRDA:108,1,0,0
BRDA:108,1,1,0
BRDA:189,2,0,0
BRDA:189,2,1,0
BRF:5
BRH:0
end_of_record
TN:
SF:src/shared/service-discovery/consul.js
FN:6,(anonymous_0)
FN:20,(anonymous_1)
FN:40,(anonymous_2)
FN:41,(anonymous_3)
FN:52,(anonymous_4)
FN:68,(anonymous_5)
FN:75,(anonymous_6)
FNF:7
FNH:0
FNDA:0,(anonymous_0)
FNDA:0,(anonymous_1)
FNDA:0,(anonymous_2)
FNDA:0,(anonymous_3)
FNDA:0,(anonymous_4)
FNDA:0,(anonymous_5)
FNDA:0,(anonymous_6)
DA:7,0
DA:13,0
DA:21,0
DA:22,0
DA:24,0
DA:37,0
DA:40,0
DA:41,0
DA:44,0
DA:45,0
DA:53,0
DA:54,0
DA:55,0
DA:56,0
DA:58,0
DA:69,0
DA:75,0
DA:81,0
DA:82,0
DA:87,0
LF:20
LH:0
BRDA:30,0,0,0
BRDA:30,0,1,0
BRDA:53,1,0,0
BRDA:53,1,1,0
BRF:4
BRH:0
end_of_record
TN:
SF:src/shared/services/api-key.service.js
FN:6,(anonymous_0)
FN:16,(anonymous_1)
FN:40,(anonymous_2)
FN:93,(anonymous_3)
FN:125,(anonymous_4)
FN:181,(anonymous_5)
FN:219,(anonymous_6)
FN:251,(anonymous_7)
FN:260,(anonymous_8)
FN:271,(anonymous_9)
FNF:10
FNH:0
FNDA:0,(anonymous_0)
FNDA:0,(anonymous_1)
FNDA:0,(anonymous_2)
FNDA:0,(anonymous_3)
FNDA:0,(anonymous_4)
FNDA:0,(anonymous_5)
FNDA:0,(anonymous_6)
FNDA:0,(anonymous_7)
FNDA:0,(anonymous_8)
FNDA:0,(anonymous_9)
DA:7,0
DA:8,0
DA:9,0
DA:17,0
DA:18,0
DA:21,0
DA:28,0
DA:30,0
DA:31,0
DA:67,0
DA:68,0
DA:71,0
DA:78,0
DA:83,0
DA:84,0
DA:96,0
DA:103,0
DA:104,0
DA:108,0
DA:113,0
DA:115,0
DA:116,0
DA:128,0
DA:134,0
DA:135,0
DA:145,0
DA:159,0
DA:165,0
DA:171,0
DA:172,0
DA:184,0
DA:189,0
DA:190,0
DA:193,0
DA:205,0
DA:211,0
DA:212,0
DA:220,0
DA:224,0
DA:229,0
DA:240,0
DA:242,0
DA:243,0
DA:253,0
DA:261,0
DA:274,0
DA:278,0
LF:47
LH:0
BRDA:44,0,0,0
BRDA:45,1,0,0
BRDA:46,2,0,0
BRDA:103,3,0,0
BRDA:103,3,1,0
BRDA:134,4,0,0
BRDA:134,4,1,0
BRDA:181,5,0,0
BRDA:189,6,0,0
BRDA:189,6,1,0
BRF:10
BRH:0
end_of_record
TN:
SF:src/shared/services/auth.service.js
FN:19,(anonymous_0)
FN:30,(anonymous_1)
FN:41,(anonymous_2)
FN:52,(anonymous_3)
FN:73,(anonymous_4)
FN:89,(anonymous_5)
FN:99,(anonymous_6)
FNF:7
FNH:0
FNDA:0,(anonymous_0)
FNDA:0,(anonymous_1)
FNDA:0,(anonymous_2)
FNDA:0,(anonymous_3)
FNDA:0,(anonymous_4)
FNDA:0,(anonymous_5)
FNDA:0,(anonymous_6)
DA:20,0
DA:21,0
DA:22,0
DA:31,0
DA:42,0
DA:61,0
DA:74,0
DA:75,0
DA:77,0
DA:78,0
DA:80,0
DA:90,0
DA:111,0
DA:119,0
LF:14
LH:0
BRDA:19,0,0,0
BRDA:20,1,0,0
BRDA:20,1,1,0
BRDA:21,2,0,0
BRDA:21,2,1,0
BRDA:22,3,0,0
BRDA:22,3,1,0
BRDA:58,4,0,0
BRDA:58,4,1,0
BRDA:77,5,0,0
BRDA:77,5,1,0
BRF:11
BRH:0
end_of_record
TN:
SF:src/shared/services/monitoring.service.js
FN:15,(anonymous_0)
FN:56,(anonymous_1)
FN:57,(anonymous_2)
FN:69,(anonymous_3)
FN:99,(anonymous_4)
FN:129,(anonymous_5)
FN:136,(anonymous_6)
FN:152,(anonymous_7)
FN:159,(anonymous_8)
FN:170,(anonymous_9)
FN:192,(anonymous_10)
FN:198,(anonymous_11)
FN:221,(anonymous_12)
FN:242,(anonymous_13)
FN:268,(anonymous_14)
FN:286,(anonymous_15)
FN:292,(anonymous_16)
FN:311,(anonymous_17)
FN:319,(anonymous_18)
FN:329,(anonymous_19)
FN:330,(anonymous_20)
FN:371,(anonymous_21)
FN:376,(anonymous_22)
FN:386,(anonymous_23)
FN:394,(anonymous_24)
FNF:25
FNH:0
FNDA:0,(anonymous_0)
FNDA:0,(anonymous_1)
FNDA:0,(anonymous_2)
FNDA:0,(anonymous_3)
FNDA:0,(anonymous_4)
FNDA:0,(anonymous_5)
FNDA:0,(anonymous_6)
FNDA:0,(anonymous_7)
FNDA:0,(anonymous_8)
FNDA:0,(anonymous_9)
FNDA:0,(anonymous_10)
FNDA:0,(anonymous_11)
FNDA:0,(anonymous_12)
FNDA:0,(anonymous_13)
FNDA:0,(anonymous_14)
FNDA:0,(anonymous_15)
FNDA:0,(anonymous_16)
FNDA:0,(anonymous_17)
FNDA:0,(anonymous_18)
FNDA:0,(anonymous_19)
FNDA:0,(anonymous_20)
FNDA:0,(anonymous_21)
FNDA:0,(anonymous_22)
FNDA:0,(anonymous_23)
FNDA:0,(anonymous_24)
DA:16,0
DA:23,0
DA:24,0
DA:27,0
DA:28,0
DA:40,0
DA:41,0
DA:45,0
DA:46,0
DA:49,0
DA:57,0
DA:59,0
DA:60,0
DA:77,0
DA:111,0
DA:114,0
DA:115,0
DA:119,0
DA:120,0
DA:133,0
DA:134,0
DA:136,0
DA:140,0
DA:143,0
DA:156,0
DA:157,0
DA:159,0
DA:162,0
DA:172,0
DA:173,0
DA:174,0
DA:175,0
DA:179,0
DA:180,0
DA:181,0
DA:182,0
DA:198,0
DA:201,0
DA:202,0
DA:203,0
DA:204,0
DA:208,0
DA:210,0
DA:211,0
DA:222,0
DA:228,0
DA:229,0
DA:231,0
DA:250,0
DA:253,0
DA:254,0
DA:258,0
DA:259,0
DA:269,0
DA:270,0
DA:277,0
DA:287,0
DA:288,0
DA:292,0
DA:300,0
DA:316,0
DA:319,0
DA:322,0
DA:330,0
DA:346,0
DA:354,0
DA:355,0
DA:359,0
DA:360,0
DA:363,0
DA:373,0
DA:376,0
DA:377,0
DA:378,0
DA:394,0
DA:401,0
DA:402,0
DA:406,0
LF:78
LH:0
BRDA:27,0,0,0
BRDA:27,0,1,0
BRDA:40,1,0,0
BRDA:40,1,1,0
BRDA:114,2,0,0
BRDA:114,2,1,0
BRDA:119,3,0,0
BRDA:119,3,1,0
BRDA:133,4,0,0
BRDA:133,4,1,0
BRDA:140,5,0,0
BRDA:140,5,1,0
BRDA:156,6,0,0
BRDA:156,6,1,0
BRDA:172,7,0,0
BRDA:172,7,1,0
BRDA:174,8,0,0
BRDA:174,8,1,0
BRDA:179,9,0,0
BRDA:179,9,1,0
BRDA:181,10,0,0
BRDA:181,10,1,0
BRDA:196,11,0,0
BRDA:196,11,1,0
BRDA:201,12,0,0
BRDA:201,12,1,0
BRDA:203,13,0,0
BRDA:203,13,1,0
BRDA:208,14,0,0
BRDA:208,14,1,0
BRDA:209,15,0,0
BRDA:209,15,1,0
BRDA:210,16,0,0
BRDA:210,16,1,0
BRDA:228,17,0,0
BRDA:228,17,1,0
BRDA:253,18,0,0
BRDA:253,18,1,0
BRDA:258,19,0,0
BRDA:258,19,1,0
BRDA:291,20,0,0
BRDA:291,20,1,0
BRDA:318,21,0,0
BRDA:318,21,1,0
BRDA:319,22,0,0
BRDA:319,22,1,0
BRDA:354,23,0,0
BRDA:354,23,1,0
BRDA:359,24,0,0
BRDA:359,24,1,0
BRDA:373,25,0,0
BRDA:373,25,1,0
BRDA:377,26,0,0
BRDA:377,26,1,0
BRF:54
BRH:0
end_of_record
TN:
SF:src/shared/services/service-registry.js
FN:35,(anonymous_0)
FN:50,(anonymous_1)
FN:57,(anonymous_2)
FN:84,(anonymous_3)
FN:94,(anonymous_4)
FN:103,(anonymous_5)
FN:104,(anonymous_6)
FN:121,(anonymous_7)
FN:168,(anonymous_8)
FN:204,(anonymous_9)
FN:236,(anonymous_10)
FN:267,(anonymous_11)
FN:276,(anonymous_12)
FN:305,(anonymous_13)
FN:306,(anonymous_14)
FNF:15
FNH:0
FNDA:0,(anonymous_0)
FNDA:0,(anonymous_1)
FNDA:0,(anonymous_2)
FNDA:0,(anonymous_3)
FNDA:0,(anonymous_4)
FNDA:0,(anonymous_5)
FNDA:0,(anonymous_6)
FNDA:0,(anonymous_7)
FNDA:0,(anonymous_8)
FNDA:0,(anonymous_9)
FNDA:0,(anonymous_10)
FNDA:0,(anonymous_11)
FNDA:0,(anonymous_12)
FNDA:0,(anonymous_13)
FNDA:0,(anonymous_14)
DA:37,0
DA:40,0
DA:43,0
DA:51,0
DA:52,0
DA:53,0
DA:57,0
DA:58,0
DA:77,0
DA:85,0
DA:86,0
DA:87,0
DA:91,0
DA:94,0
DA:95,0
DA:105,0
DA:108,0
DA:109,0
DA:110,0
DA:112,0
DA:123,0
DA:124,0
DA:125,0
DA:129,0
DA:134,0
DA:138,0
DA:143,0
DA:144,0
DA:147,0
DA:153,0
DA:154,0
DA:156,0
DA:159,0
DA:173,0
DA:174,0
DA:177,0
DA:178,0
DA:180,0
DA:181,0
DA:182,0
DA:183,0
DA:184,0
DA:186,0
DA:188,0
DA:189,0
DA:193,0
DA:194,0
DA:209,0
DA:210,0
DA:211,0
DA:212,0
DA:215,0
DA:217,0
DA:218,0
DA:219,0
DA:220,0
DA:221,0
DA:222,0
DA:226,0
DA:227,0
DA:239,0
DA:240,0
DA:241,0
DA:245,0
DA:247,0
DA:248,0
DA:249,0
DA:250,0
DA:254,0
DA:255,0
DA:259,0
DA:268,0
DA:279,0
DA:280,0
DA:287,0
DA:306,0
DA:307,0
DA:315,0
LF:78
LH:0
BRDA:51,0,0,0
BRDA:51,0,1,0
BRDA:70,1,0,0
BRDA:70,1,1,0
BRDA:85,2,0,0
BRDA:85,2,1,0
BRDA:123,3,0,0
BRDA:123,3,1,0
BRDA:129,4,0,0
BRDA:129,4,1,0
BRDA:130,5,0,0
BRDA:130,5,1,0
BRDA:130,5,2,0
BRDA:138,6,0,0
BRDA:138,6,1,0
BRDA:139,7,0,0
BRDA:139,7,1,0
BRDA:139,7,2,0
BRDA:153,8,0,0
BRDA:153,8,1,0
BRDA:153,9,0,0
BRDA:153,9,1,0
BRDA:177,10,0,0
BRDA:177,10,1,0
BRDA:180,11,0,0
BRDA:180,11,1,0
BRDA:186,12,0,0
BRDA:186,12,1,0
BRDA:193,13,0,0
BRDA:193,13,1,0
BRDA:215,14,0,0
BRDA:215,14,1,0
BRDA:215,15,0,0
BRDA:215,15,1,0
BRDA:219,16,0,0
BRDA:219,16,1,0
BRDA:226,17,0,0
BRDA:226,17,1,0
BRDA:239,18,0,0
BRDA:239,18,1,0
BRDA:245,19,0,0
BRDA:245,19,1,0
BRDA:247,20,0,0
BRDA:247,20,1,0
BRDA:279,21,0,0
BRDA:279,21,1,0
BRF:46
BRH:0
end_of_record
TN:
SF:src/shared/utils/index.js
FNF:0
FNH:0
DA:12,0
LF:1
LH:0
BRF:0
BRH:0
end_of_record
TN:
SF:src/shared/utils/logger.js
FN:21,(anonymous_0)
FN:65,(anonymous_1)
FN:71,(anonymous_2)
FN:76,(anonymous_3)
FNF:4
FNH:0
FNDA:0,(anonymous_0)
FNDA:0,(anonymous_1)
FNDA:0,(anonymous_2)
FNDA:0,(anonymous_3)
DA:23,0
DA:24,0
DA:26,0
DA:44,0
DA:45,0
DA:54,0
DA:66,0
DA:71,0
DA:72,0
DA:76,0
DA:77,0
DA:78,0
DA:81,0
LF:13
LH:0
BRDA:23,0,0,0
BRDA:23,0,1,0
BRDA:33,1,0,0
BRDA:33,1,1,0
BRDA:38,2,0,0
BRDA:38,2,1,0
BRDA:44,3,0,0
BRDA:44,3,1,0
BRF:8
BRH:0
end_of_record
TN:
SF:src/shared/utils/pagination.utils.js
FN:13,(anonymous_0)
FN:48,(anonymous_1)
FN:73,(anonymous_2)
FN:84,(anonymous_3)
FNF:4
FNH:0
FNDA:0,(anonymous_0)
FNDA:0,(anonymous_1)
FNDA:0,(anonymous_2)
FNDA:0,(anonymous_3)
DA:13,0
DA:24,0
DA:27,0
DA:32,0
DA:48,0
DA:55,0
DA:73,0
DA:75,0
DA:84,0
DA:85,0
DA:91,0
LF:11
LH:0
BRDA:13,0,0,0
BRDA:15,1,0,0
BRDA:16,2,0,0
BRDA:17,3,0,0
BRDA:20,4,0,0
BRDA:20,4,1,0
BRDA:21,5,0,0
BRDA:21,5,1,0
BRDA:62,6,0,0
BRDA:62,6,1,0
BRDA:63,7,0,0
BRDA:63,7,1,0
BRF:12
BRH:0
end_of_record
TN:
SF:src/shared/utils/response.utils.js
FN:14,(anonymous_0)
FN:36,(anonymous_1)
FN:44,(anonymous_2)
FN:54,(anonymous_3)
FNF:4
FNH:0
FNDA:0,(anonymous_0)
FNDA:0,(anonymous_1)
FNDA:0,(anonymous_2)
FNDA:0,(anonymous_3)
DA:14,0
DA:19,0
DA:20,0
DA:23,0
DA:24,0
DA:27,0
DA:36,0
DA:37,0
DA:44,0
DA:45,0
DA:54,0
DA:55,0
DA:61,0
LF:13
LH:0
BRDA:14,0,0,0
BRDA:14,1,0,0
BRDA:14,2,0,0
BRDA:19,3,0,0
BRDA:19,3,1,0
BRDA:23,4,0,0
BRDA:23,4,1,0
BRDA:36,5,0,0
BRDA:36,6,0,0
BRF:9
BRH:0
end_of_record
TN:
SF:src/shared/utils/validation.utils.js
FN:22,(anonymous_0)
FN:29,(anonymous_1)
FN:45,(anonymous_2)
FN:46,(anonymous_3)
FNF:4
FNH:0
FNDA:0,(anonymous_0)
FNDA:0,(anonymous_1)
FNDA:0,(anonymous_2)
FNDA:0,(anonymous_3)
DA:22,0
DA:28,0
DA:29,0
DA:33,0
DA:36,0
DA:45,0
DA:46,0
DA:49,0
DA:50,0
DA:58,0
DA:59,0
DA:63,0
LF:12
LH:0
BRDA:28,0,0,0
BRDA:28,0,1,0
BRDA:45,1,0,0
BRDA:49,2,0,0
BRDA:49,2,1,0
BRF:5
BRH:0
end_of_record
TN:
SF:src/shared/validation/schemas/common.schemas.js
FNF:0
FNH:0
LF:0
LH:0
BRF:0
BRH:0
end_of_record
TN:
SF:src/shared/validation/schemas/expense.schemas.js
FNF:0
FNH:0
DA:135,0
LF:1
LH:0
BRF:0
BRH:0
end_of_record
TN:
SF:src/shared/validation/schemas/user.schemas.js
FNF:0
FNH:0
LF:0
LH:0
BRF:0
BRH:0
end_of_record
TN:
SF:src/shared/validations/common.validation.js
FNF:0
FNH:0
DA:81,0
LF:1
LH:0
BRF:0
BRH:0
end_of_record
TN:
SF:src/utils/cache.ts
FN:14,(anonymous_0)
FN:19,(anonymous_1)
FN:24,(anonymous_2)
FN:28,(anonymous_3)
FN:38,(anonymous_4)
FN:51,(anonymous_5)
FN:61,(anonymous_6)
FN:71,(anonymous_7)
FN:73,(anonymous_8)
FN:75,(anonymous_9)
FN:78,(anonymous_10)
FN:82,(anonymous_11)
FN:86,(anonymous_12)
FN:101,(anonymous_13)
FN:102,(anonymous_14)
FN:110,(anonymous_15)
FN:131,(anonymous_16)
FNF:17
FNH:0
FNDA:0,(anonymous_0)
FNDA:0,(anonymous_1)
FNDA:0,(anonymous_2)
FNDA:0,(anonymous_3)
FNDA:0,(anonymous_4)
FNDA:0,(anonymous_5)
FNDA:0,(anonymous_6)
FNDA:0,(anonymous_7)
FNDA:0,(anonymous_8)
FNDA:0,(anonymous_9)
FNDA:0,(anonymous_10)
FNDA:0,(anonymous_11)
FNDA:0,(anonymous_12)
FNDA:0,(anonymous_13)
FNDA:0,(anonymous_14)
FNDA:0,(anonymous_15)
FNDA:0,(anonymous_16)
DA:15,0
DA:16,0
DA:17,0
DA:19,0
DA:20,0
DA:25,0
DA:29,0
DA:30,0
DA:31,0
DA:33,0
DA:34,0
DA:39,0
DA:40,0
DA:41,0
DA:43,0
DA:44,0
DA:46,0
DA:47,0
DA:52,0
DA:53,0
DA:54,0
DA:56,0
DA:57,0
DA:62,0
DA:63,0
DA:65,0
DA:66,0
DA:72,0
DA:73,0
DA:74,0
DA:75,0
DA:77,0
DA:78,0
DA:83,0
DA:84,0
DA:86,0
DA:87,0
DA:88,0
DA:89,0
DA:92,0
DA:93,0
DA:95,0
DA:96,0
DA:102,0
DA:107,0
DA:108,0
DA:110,0
DA:111,0
DA:114,0
DA:115,0
DA:116,0
DA:120,0
DA:121,0
DA:123,0
DA:126,0
DA:132,0
LF:56
LH:0
BRDA:14,0,0,0
BRDA:15,1,0,0
BRDA:15,1,1,0
BRDA:16,2,0,0
BRDA:16,2,1,0
BRDA:17,3,0,0
BRDA:17,3,1,0
BRDA:31,4,0,0
BRDA:31,4,1,0
BRDA:41,5,0,0
BRDA:41,5,1,0
BRDA:75,6,0,0
BRDA:75,6,1,0
BRDA:88,7,0,0
BRDA:88,7,1,0
BRDA:115,8,0,0
BRF:16
BRH:0
end_of_record
TN:
SF:src/utils/check-test-types.js
FNF:0
FNH:0
DA:19,0
DA:20,0
DA:22,0
DA:29,0
DA:30,0
DA:31,0
DA:36,0
DA:38,0
DA:39,0
DA:41,0
DA:42,0
DA:43,0
DA:45,0
DA:46,0
LF:14
LH:0
BRDA:29,0,0,0
BRDA:29,0,1,0
BRDA:41,1,0,0
BRDA:41,1,1,0
BRDA:41,2,0,0
BRDA:41,2,1,0
BRF:6
BRH:0
end_of_record
TN:
SF:src/utils/circuitBreaker.ts
FN:3,(anonymous_0)
FN:25,(anonymous_1)
FN:31,(anonymous_2)
FN:60,(anonymous_3)
FN:70,(anonymous_4)
FN:75,(anonymous_5)
FN:83,(anonymous_6)
FN:87,(anonymous_7)
FNF:8
FNH:0
FNDA:0,(anonymous_0)
FNDA:0,(anonymous_1)
FNDA:0,(anonymous_2)
FNDA:0,(anonymous_3)
FNDA:0,(anonymous_4)
FNDA:0,(anonymous_5)
FNDA:0,(anonymous_6)
FNDA:0,(anonymous_7)
DA:3,0
DA:4,0
DA:5,0
DA:6,0
DA:16,0
DA:17,0
DA:19,0
DA:26,0
DA:27,0
DA:28,0
DA:35,0
DA:36,0
DA:37,0
DA:39,0
DA:43,0
DA:44,0
DA:46,0
DA:47,0
DA:48,0
DA:49,0
DA:53,0
DA:55,0
DA:56,0
DA:61,0
DA:62,0
DA:64,0
DA:65,0
DA:66,0
DA:71,0
DA:72,0
DA:76,0
DA:77,0
DA:78,0
DA:79,0
DA:84,0
DA:88,0
LF:36
LH:0
BRDA:3,0,0,0
BRDA:3,0,1,0
BRDA:25,1,0,0
BRDA:26,2,0,0
BRDA:26,2,1,0
BRDA:27,3,0,0
BRDA:27,3,1,0
BRDA:28,4,0,0
BRDA:28,4,1,0
BRDA:35,5,0,0
BRDA:36,6,0,0
BRDA:36,6,1,0
BRDA:46,7,0,0
BRDA:48,8,0,0
BRDA:64,9,0,0
BRDA:64,10,0,0
BRDA:64,10,1,0
BRDA:71,11,0,0
BRF:18
BRH:0
end_of_record
TN:
SF:src/utils/errors.ts
FN:32,(anonymous_0)
FN:52,(anonymous_1)
FN:71,(anonymous_2)
FN:77,(anonymous_3)
FN:83,(anonymous_4)
FN:89,(anonymous_5)
FN:95,(anonymous_6)
FN:101,(anonymous_7)
FN:107,(anonymous_8)
FN:113,(anonymous_9)
FN:120,(anonymous_10)
FN:131,(anonymous_11)
FN:185,(anonymous_12)
FN:197,(anonymous_13)
FNF:14
FNH:0
FNDA:0,(anonymous_0)
FNDA:0,(anonymous_1)
FNDA:0,(anonymous_2)
FNDA:0,(anonymous_3)
FNDA:0,(anonymous_4)
FNDA:0,(anonymous_5)
FNDA:0,(anonymous_6)
FNDA:0,(anonymous_7)
FNDA:0,(anonymous_8)
FNDA:0,(anonymous_9)
FNDA:0,(anonymous_10)
FNDA:0,(anonymous_11)
FNDA:0,(anonymous_12)
FNDA:0,(anonymous_13)
DA:4,0
DA:32,0
DA:33,0
DA:34,0
DA:35,0
DA:36,0
DA:37,0
DA:38,0
DA:39,0
DA:40,0
DA:41,0
DA:42,0
DA:59,0
DA:60,0
DA:61,0
DA:62,0
DA:63,0
DA:64,0
DA:65,0
DA:72,0
DA:78,0
DA:84,0
DA:90,0
DA:96,0
DA:102,0
DA:108,0
DA:114,0
DA:121,0
DA:131,0
DA:133,0
DA:154,0
DA:157,0
DA:168,0
DA:171,0
DA:172,0
DA:178,0
DA:179,0
DA:185,0
DA:186,0
DA:187,0
DA:194,0
DA:197,0
LF:42
LH:0
BRDA:32,0,0,0
BRDA:32,0,1,0
BRDA:56,1,0,0
BRDA:154,2,0,0
BRDA:154,2,1,0
BRDA:160,3,0,0
BRDA:160,3,1,0
BRDA:161,4,0,0
BRDA:161,4,1,0
BRDA:162,5,0,0
BRDA:162,5,1,0
BRDA:163,6,0,0
BRDA:163,6,1,0
BRDA:168,7,0,0
BRDA:168,7,1,0
BRDA:171,8,0,0
BRDA:178,9,0,0
BRDA:186,10,0,0
BRF:18
BRH:0
end_of_record
TN:
SF:src/utils/generate-declaration-files.js
FN:43,scanTypeScriptFiles
FN:57,extractTypeDefinitions
FN:84,extractInterfaces
FN:88,(anonymous_3)
FN:97,extractTypeAliases
FN:101,(anonymous_5)
FN:110,generateServiceDeclarationFiles
FN:161,generateIndexDeclarationFile
FN:179,(anonymous_8)
FN:180,(anonymous_9)
FN:195,generateMiddlewareDeclarationFile
FN:262,generateDeclarationFile
FN:276,(anonymous_12)
FN:277,(anonymous_13)
FN:295,capitalizeFirstLetter
FN:302,main
FNF:16
FNH:0
FNDA:0,scanTypeScriptFiles
FNDA:0,extractTypeDefinitions
FNDA:0,extractInterfaces
FNDA:0,(anonymous_3)
FNDA:0,extractTypeAliases
FNDA:0,(anonymous_5)
FNDA:0,generateServiceDeclarationFiles
FNDA:0,generateIndexDeclarationFile
FNDA:0,(anonymous_8)
FNDA:0,(anonymous_9)
FNDA:0,generateMiddlewareDeclarationFile
FNDA:0,generateDeclarationFile
FNDA:0,(anonymous_12)
FNDA:0,(anonymous_13)
FNDA:0,capitalizeFirstLetter
FNDA:0,main
DA:44,0
DA:47,0
DA:49,0
DA:50,0
DA:60,0
DA:61,0
DA:66,0
DA:67,0
DA:74,0
DA:78,0
DA:88,0
DA:101,0
DA:114,0
DA:119,0
DA:122,0
DA:123,0
DA:126,0
DA:131,0
DA:142,0
DA:143,0
DA:148,0
DA:152,0
DA:154,0
DA:178,0
DA:179,0
DA:180,0
DA:183,0
DA:196,0
DA:275,0
DA:276,0
DA:277,0
DA:288,0
DA:289,0
DA:296,0
DA:306,0
DA:307,0
DA:310,0
DA:311,0
DA:315,0
DA:317,0
DA:320,0
DA:322,0
DA:325,0
DA:326,0
DA:327,0
DA:329,0
DA:334,0
LF:47
LH:0
BRDA:66,0,0,0
BRDA:66,0,1,0
BRDA:66,1,0,0
BRDA:66,1,1,0
BRDA:119,2,0,0
BRDA:119,2,1,0
BRDA:119,3,0,0
BRDA:119,3,1,0
BRDA:122,4,0,0
BRDA:122,4,1,0
BRDA:142,5,0,0
BRDA:142,5,1,0
BRDA:310,6,0,0
BRDA:310,6,1,0
BRDA:325,7,0,0
BRDA:325,7,1,0
BRF:16
BRH:0
end_of_record
TN:
SF:src/utils/metrics.ts
FN:82,(anonymous_0)
FN:89,(anonymous_1)
FN:111,(anonymous_2)
FN:116,(anonymous_3)
FN:120,(anonymous_4)
FN:130,(anonymous_5)
FNF:6
FNH:0
FNDA:0,(anonymous_0)
FNDA:0,(anonymous_1)
FNDA:0,(anonymous_2)
FNDA:0,(anonymous_3)
FNDA:0,(anonymous_4)
FNDA:0,(anonymous_5)
DA:7,0
DA:13,0
DA:16,0
DA:22,0
DA:29,0
DA:35,0
DA:41,0
DA:48,0
DA:54,0
DA:60,0
DA:65,0
DA:72,0
DA:73,0
DA:74,0
DA:75,0
DA:76,0
DA:77,0
DA:78,0
DA:79,0
DA:82,0
DA:83,0
DA:86,0
DA:89,0
DA:90,0
DA:91,0
DA:94,0
DA:98,0
DA:103,0
DA:106,0
DA:110,0
DA:112,0
DA:113,0
DA:117,0
DA:121,0
DA:122,0
DA:124,0
DA:130,0
DA:131,0
DA:133,0
DA:135,0
DA:136,0
DA:137,0
DA:141,0
DA:144,0
DA:146,0
DA:147,0
DA:149,0
DA:150,0
DA:155,0
DA:175,0
LF:50
LH:0
BRDA:95,0,0,0
BRDA:95,0,1,0
BRDA:99,1,0,0
BRDA:99,1,1,0
BRDA:111,2,0,0
BRDA:121,3,0,0
BRDA:121,3,1,0
BRDA:135,4,0,0
BRF:8
BRH:0
end_of_record
